#-----------------------------------------------------------
# Vivado v2018.3 (64-bit)
# SW Build 2405991 on Thu Dec  6 23:38:27 MST 2018
# IP Build 2404404 on Fri Dec  7 01:43:56 MST 2018
# Start of session at: Thu Dec  4 14:44:47 2025
# Process ID: 25180
# Current directory: C:/Users/Admin/Desktop/VIVADO_Projects/PS/xadc
# Command line: vivado.exe -gui_launcher_event rodinguilauncherevent22436 C:\Users\Admin\Desktop\VIVADO_Projects\PS\xadc\xadc.xpr
# Log file: C:/Users/Admin/Desktop/VIVADO_Projects/PS/xadc/vivado.log
# Journal file: C:/Users/Admin/Desktop/VIVADO_Projects/PS/xadc\vivado.jou
#-----------------------------------------------------------
start_gui
open_project C:/Users/Admin/Desktop/VIVADO_Projects/PS/xadc/xadc.xpr
Scanning sources...
Finished scanning sources
INFO: [IP_Flow 19-234] Refreshing IP repositories
INFO: [IP_Flow 19-1704] No user IP repositories specified
INFO: [IP_Flow 19-2313] Loaded Vivado IP repository 'D:/Xilinx/Vivado/2018.3/data/ip'.
update_compile_order -fileset sources_1
open_bd_design {C:/Users/Admin/Desktop/VIVADO_Projects/PS/xadc/xadc.srcs/sources_1/bd/system/system.bd}
Adding cell -- xilinx.com:ip:processing_system7:5.5 - processing_system7_0
Successfully read diagram <system> from BD file <C:/Users/Admin/Desktop/VIVADO_Projects/PS/xadc/xadc.srcs/sources_1/bd/system/system.bd>
WARNING: [IP_Flow 19-474] Invalid Parameter 'Component_Name'
exit
INFO: [Common 17-206] Exiting Vivado at Thu Dec  4 14:49:57 2025...
