#-----------------------------------------------------------
# Vivado v2018.3 (64-bit)
# SW Build 2405991 on Thu Dec  6 23:38:27 MST 2018
# IP Build 2404404 on Fri Dec  7 01:43:56 MST 2018
# Start of session at: Thu Nov 20 12:56:17 2025
# Process ID: 10648
# Current directory: C:/Users/Admin/Desktop/VIVADO_Projects/PS/gpio_emio
# Command line: vivado.exe -gui_launcher_event rodinguilauncherevent276 C:\Users\Admin\Desktop\VIVADO_Projects\PS\gpio_emio\gpio_emio.xpr
# Log file: C:/Users/Admin/Desktop/VIVADO_Projects/PS/gpio_emio/vivado.log
# Journal file: C:/Users/Admin/Desktop/VIVADO_Projects/PS/gpio_emio\vivado.jou
#-----------------------------------------------------------
start_gui
open_project C:/Users/Admin/Desktop/VIVADO_Projects/PS/gpio_emio/gpio_emio.xpr
Scanning sources...
Finished scanning sources
INFO: [IP_Flow 19-234] Refreshing IP repositories
INFO: [IP_Flow 19-1704] No user IP repositories specified
INFO: [IP_Flow 19-2313] Loaded Vivado IP repository 'D:/Xilinx/Vivado/2018.3/data/ip'.
open_project: Time (s): cpu = 00:00:10 ; elapsed = 00:00:05 . Memory (MB): peak = 785.930 ; gain = 138.801
update_compile_order -fileset sources_1
open_bd_design {C:/Users/Admin/Desktop/VIVADO_Projects/PS/gpio_emio/gpio_emio.srcs/sources_1/bd/system/system.bd}
Adding cell -- xilinx.com:ip:processing_system7:5.5 - processing_system7_0
Successfully read diagram <system> from BD file <C:/Users/Admin/Desktop/VIVADO_Projects/PS/gpio_emio/gpio_emio.srcs/sources_1/bd/system/system.bd>
launch_sdk -workspace C:/Users/Admin/Desktop/VIVADO_Projects/PS/gpio_emio/gpio_emio.sdk -hwspec C:/Users/Admin/Desktop/VIVADO_Projects/PS/gpio_emio/gpio_emio.sdk/system_wrapper.hdf
INFO: [Vivado 12-393] Launching SDK...
INFO: [Vivado 12-417] Running xsdk -workspace C:/Users/Admin/Desktop/VIVADO_Projects/PS/gpio_emio/gpio_emio.sdk -hwspec C:/Users/Admin/Desktop/VIVADO_Projects/PS/gpio_emio/gpio_emio.sdk/system_wrapper.hdf
INFO: [Vivado 12-3157] SDK launch initiated. Please check console for any further messages.
WARNING: [IP_Flow 19-474] Invalid Parameter 'Component_Name'
startgroup
set_property -dict [list CONFIG.PCW_GPIO_EMIO_GPIO_ENABLE {1} CONFIG.PCW_GPIO_EMIO_GPIO_IO {1}] [get_bd_cells processing_system7_0]
endgroup
regenerate_bd_layout
regenerate_bd_layout
regenerate_bd_layout
save_bd_design
Wrote  : <C:\Users\Admin\Desktop\VIVADO_Projects\PS\gpio_emio\gpio_emio.srcs\sources_1\bd\system\system.bd> 
Wrote  : <C:/Users/Admin/Desktop/VIVADO_Projects/PS/gpio_emio/gpio_emio.srcs/sources_1/bd/system/ui/bd_c954508f.ui> 
exit
INFO: [Common 17-206] Exiting Vivado at Thu Nov 20 15:45:54 2025...
