19:14:05 INFO  : Registering command handlers for SDK TCF services
19:14:05 INFO  : Launching XSCT server: xsct.bat -interactive C:\Users\Admin\Desktop\VIVADO_Projects\PS\gpio_mio\gpio_mio.sdk\temp_xsdb_launch_script.tcl
19:14:07 INFO  : XSCT server has started successfully.
19:14:07 INFO  : Successfully done setting XSCT server connection channel  
19:14:07 INFO  : Successfully done setting SDK workspace  
19:14:07 INFO  : Processing command line option -hwspec C:/Users/Admin/Desktop/VIVADO_Projects/PS/gpio_mio/gpio_mio.sdk/system_wrapper.hdf.
19:19:42 INFO  : Connected to target on host '127.0.0.1' and port '3121'.
19:19:43 INFO  : Jtag cable 'Digilent JTAG-SMT3 210357A7D00EA' is selected.
19:19:43 INFO  : 'jtag frequency' command is executed.
19:19:43 INFO  : Sourcing of 'C:/Users/Admin/Desktop/VIVADO_Projects/PS/gpio_mio/gpio_mio.sdk/system_wrapper_hw_platform_0/ps7_init.tcl' is done.
19:19:43 INFO  : Context for 'APU' is selected.
19:19:43 INFO  : Hardware design information is loaded from 'C:/Users/Admin/Desktop/VIVADO_Projects/PS/gpio_mio/gpio_mio.sdk/system_wrapper_hw_platform_0/system.hdf'.
19:19:43 INFO  : 'configparams force-mem-access 1' command is executed.
19:19:43 INFO  : Context for 'APU' is selected.
19:19:43 INFO  : 'stop' command is executed.
19:19:43 INFO  : 'ps7_init' command is executed.
19:19:43 INFO  : 'ps7_post_config' command is executed.
19:19:43 INFO  : Context for processor 'ps7_cortexa9_0' is selected.
19:19:43 INFO  : Processor reset is completed for 'ps7_cortexa9_0'.
19:19:43 INFO  : Context for processor 'ps7_cortexa9_0' is selected.
19:19:43 INFO  : The application 'C:/Users/Admin/Desktop/VIVADO_Projects/PS/gpio_mio/gpio_mio.sdk/gpio_mio/Debug/gpio_mio.elf' is downloaded to processor 'ps7_cortexa9_0'.
19:19:43 INFO  : 'configparams force-mem-access 0' command is executed.
19:19:43 INFO  : ----------------XSDB Script----------------
connect -url tcp:127.0.0.1:3121
source C:/Users/Admin/Desktop/VIVADO_Projects/PS/gpio_mio/gpio_mio.sdk/system_wrapper_hw_platform_0/ps7_init.tcl
targets -set -nocase -filter {name =~"APU*" && jtag_cable_name =~ "Digilent JTAG-SMT3 210357A7D00EA"} -index 0
loadhw -hw C:/Users/Admin/Desktop/VIVADO_Projects/PS/gpio_mio/gpio_mio.sdk/system_wrapper_hw_platform_0/system.hdf -mem-ranges [list {0x40000000 0xbfffffff}]
configparams force-mem-access 1
targets -set -nocase -filter {name =~"APU*" && jtag_cable_name =~ "Digilent JTAG-SMT3 210357A7D00EA"} -index 0
stop
ps7_init
ps7_post_config
targets -set -nocase -filter {name =~ "ARM*#0" && jtag_cable_name =~ "Digilent JTAG-SMT3 210357A7D00EA"} -index 0
rst -processor
targets -set -nocase -filter {name =~ "ARM*#0" && jtag_cable_name =~ "Digilent JTAG-SMT3 210357A7D00EA"} -index 0
dow C:/Users/Admin/Desktop/VIVADO_Projects/PS/gpio_mio/gpio_mio.sdk/gpio_mio/Debug/gpio_mio.elf
configparams force-mem-access 0
----------------End of Script----------------

19:19:44 INFO  : Context for processor 'ps7_cortexa9_0' is selected.
19:19:44 INFO  : 'con' command is executed.
19:19:44 INFO  : ----------------XSDB Script (After Launch)----------------
targets -set -nocase -filter {name =~ "ARM*#0" && jtag_cable_name =~ "Digilent JTAG-SMT3 210357A7D00EA"} -index 0
con
----------------End of Script----------------

19:19:44 INFO  : Launch script is exported to file 'C:\Users\Admin\Desktop\VIVADO_Projects\PS\gpio_mio\gpio_mio.sdk\.sdk\launch_scripts\xilinx_c-c++_application_(system_debugger)\system_debugger_using_debug_gpio_mio.elf_on_local.tcl'
19:23:06 INFO  : Example project gpio_mio_bsp_xgpiops_polled_example_1 has been created successfully.
20:12:45 INFO  : Disconnected from the channel tcfchan#1.
20:12:46 INFO  : Connected to target on host '127.0.0.1' and port '3121'.
20:12:46 INFO  : Jtag cable 'Digilent JTAG-SMT3 210357A7D00EA' is selected.
20:12:46 INFO  : 'jtag frequency' command is executed.
20:12:46 INFO  : Sourcing of 'C:/Users/Admin/Desktop/VIVADO_Projects/PS/gpio_mio/gpio_mio.sdk/system_wrapper_hw_platform_0/ps7_init.tcl' is done.
20:12:46 INFO  : Context for 'APU' is selected.
20:12:47 INFO  : Hardware design information is loaded from 'C:/Users/Admin/Desktop/VIVADO_Projects/PS/gpio_mio/gpio_mio.sdk/system_wrapper_hw_platform_0/system.hdf'.
20:12:47 INFO  : 'configparams force-mem-access 1' command is executed.
20:12:47 INFO  : Context for 'APU' is selected.
20:12:47 INFO  : 'stop' command is executed.
20:12:47 INFO  : 'ps7_init' command is executed.
20:12:47 INFO  : 'ps7_post_config' command is executed.
20:12:47 INFO  : Context for processor 'ps7_cortexa9_0' is selected.
20:12:47 INFO  : Processor reset is completed for 'ps7_cortexa9_0'.
20:12:47 INFO  : Context for processor 'ps7_cortexa9_0' is selected.
20:12:48 INFO  : The application 'C:/Users/Admin/Desktop/VIVADO_Projects/PS/gpio_mio/gpio_mio.sdk/gpio_mio/Debug/gpio_mio.elf' is downloaded to processor 'ps7_cortexa9_0'.
20:12:48 INFO  : 'configparams force-mem-access 0' command is executed.
20:12:48 INFO  : ----------------XSDB Script----------------
connect -url tcp:127.0.0.1:3121
source C:/Users/Admin/Desktop/VIVADO_Projects/PS/gpio_mio/gpio_mio.sdk/system_wrapper_hw_platform_0/ps7_init.tcl
targets -set -nocase -filter {name =~"APU*" && jtag_cable_name =~ "Digilent JTAG-SMT3 210357A7D00EA"} -index 0
loadhw -hw C:/Users/Admin/Desktop/VIVADO_Projects/PS/gpio_mio/gpio_mio.sdk/system_wrapper_hw_platform_0/system.hdf -mem-ranges [list {0x40000000 0xbfffffff}]
configparams force-mem-access 1
targets -set -nocase -filter {name =~"APU*" && jtag_cable_name =~ "Digilent JTAG-SMT3 210357A7D00EA"} -index 0
stop
ps7_init
ps7_post_config
targets -set -nocase -filter {name =~ "ARM*#0" && jtag_cable_name =~ "Digilent JTAG-SMT3 210357A7D00EA"} -index 0
rst -processor
targets -set -nocase -filter {name =~ "ARM*#0" && jtag_cable_name =~ "Digilent JTAG-SMT3 210357A7D00EA"} -index 0
dow C:/Users/Admin/Desktop/VIVADO_Projects/PS/gpio_mio/gpio_mio.sdk/gpio_mio/Debug/gpio_mio.elf
configparams force-mem-access 0
----------------End of Script----------------

20:12:48 INFO  : Context for processor 'ps7_cortexa9_0' is selected.
20:12:48 INFO  : 'con' command is executed.
20:12:48 INFO  : ----------------XSDB Script (After Launch)----------------
targets -set -nocase -filter {name =~ "ARM*#0" && jtag_cable_name =~ "Digilent JTAG-SMT3 210357A7D00EA"} -index 0
con
----------------End of Script----------------

20:12:48 INFO  : Launch script is exported to file 'C:\Users\Admin\Desktop\VIVADO_Projects\PS\gpio_mio\gpio_mio.sdk\.sdk\launch_scripts\xilinx_c-c++_application_(system_debugger)\system_debugger_using_debug_gpio_mio.elf_on_local.tcl'
20:13:08 INFO  : Disconnected from the channel tcfchan#2.
20:13:09 INFO  : Connected to target on host '127.0.0.1' and port '3121'.
20:13:09 INFO  : Jtag cable 'Digilent JTAG-SMT3 210357A7D00EA' is selected.
20:13:09 INFO  : 'jtag frequency' command is executed.
20:13:09 INFO  : Sourcing of 'C:/Users/Admin/Desktop/VIVADO_Projects/PS/gpio_mio/gpio_mio.sdk/system_wrapper_hw_platform_0/ps7_init.tcl' is done.
20:13:09 INFO  : Context for 'APU' is selected.
20:13:09 INFO  : Hardware design information is loaded from 'C:/Users/Admin/Desktop/VIVADO_Projects/PS/gpio_mio/gpio_mio.sdk/system_wrapper_hw_platform_0/system.hdf'.
20:13:09 INFO  : 'configparams force-mem-access 1' command is executed.
20:13:09 INFO  : Context for 'APU' is selected.
20:13:09 INFO  : 'stop' command is executed.
20:13:10 INFO  : 'ps7_init' command is executed.
20:13:10 INFO  : 'ps7_post_config' command is executed.
20:13:10 INFO  : Context for processor 'ps7_cortexa9_0' is selected.
20:13:10 INFO  : Processor reset is completed for 'ps7_cortexa9_0'.
20:13:10 INFO  : Context for processor 'ps7_cortexa9_0' is selected.
20:13:10 INFO  : The application 'C:/Users/Admin/Desktop/VIVADO_Projects/PS/gpio_mio/gpio_mio.sdk/gpio_mio/Debug/gpio_mio.elf' is downloaded to processor 'ps7_cortexa9_0'.
20:13:10 INFO  : 'configparams force-mem-access 0' command is executed.
20:13:10 INFO  : ----------------XSDB Script----------------
connect -url tcp:127.0.0.1:3121
source C:/Users/Admin/Desktop/VIVADO_Projects/PS/gpio_mio/gpio_mio.sdk/system_wrapper_hw_platform_0/ps7_init.tcl
targets -set -nocase -filter {name =~"APU*" && jtag_cable_name =~ "Digilent JTAG-SMT3 210357A7D00EA"} -index 0
loadhw -hw C:/Users/Admin/Desktop/VIVADO_Projects/PS/gpio_mio/gpio_mio.sdk/system_wrapper_hw_platform_0/system.hdf -mem-ranges [list {0x40000000 0xbfffffff}]
configparams force-mem-access 1
targets -set -nocase -filter {name =~"APU*" && jtag_cable_name =~ "Digilent JTAG-SMT3 210357A7D00EA"} -index 0
stop
ps7_init
ps7_post_config
targets -set -nocase -filter {name =~ "ARM*#0" && jtag_cable_name =~ "Digilent JTAG-SMT3 210357A7D00EA"} -index 0
rst -processor
targets -set -nocase -filter {name =~ "ARM*#0" && jtag_cable_name =~ "Digilent JTAG-SMT3 210357A7D00EA"} -index 0
dow C:/Users/Admin/Desktop/VIVADO_Projects/PS/gpio_mio/gpio_mio.sdk/gpio_mio/Debug/gpio_mio.elf
configparams force-mem-access 0
----------------End of Script----------------

20:13:10 INFO  : Context for processor 'ps7_cortexa9_0' is selected.
20:13:10 INFO  : 'con' command is executed.
20:13:10 INFO  : ----------------XSDB Script (After Launch)----------------
targets -set -nocase -filter {name =~ "ARM*#0" && jtag_cable_name =~ "Digilent JTAG-SMT3 210357A7D00EA"} -index 0
con
----------------End of Script----------------

20:13:10 INFO  : Launch script is exported to file 'C:\Users\Admin\Desktop\VIVADO_Projects\PS\gpio_mio\gpio_mio.sdk\.sdk\launch_scripts\xilinx_c-c++_application_(system_debugger)\system_debugger_using_debug_gpio_mio.elf_on_local.tcl'
20:17:40 INFO  : Disconnected from the channel tcfchan#3.
20:17:41 INFO  : Connected to target on host '127.0.0.1' and port '3121'.
20:17:41 INFO  : Jtag cable 'Digilent JTAG-SMT3 210357A7D00EA' is selected.
20:17:41 INFO  : 'jtag frequency' command is executed.
20:17:41 INFO  : Sourcing of 'C:/Users/Admin/Desktop/VIVADO_Projects/PS/gpio_mio/gpio_mio.sdk/system_wrapper_hw_platform_0/ps7_init.tcl' is done.
20:17:41 INFO  : Context for 'APU' is selected.
20:17:41 INFO  : Hardware design information is loaded from 'C:/Users/Admin/Desktop/VIVADO_Projects/PS/gpio_mio/gpio_mio.sdk/system_wrapper_hw_platform_0/system.hdf'.
20:17:41 INFO  : 'configparams force-mem-access 1' command is executed.
20:17:41 INFO  : Context for 'APU' is selected.
20:17:41 INFO  : 'stop' command is executed.
20:17:42 INFO  : 'ps7_init' command is executed.
20:17:42 INFO  : 'ps7_post_config' command is executed.
20:17:42 INFO  : Context for processor 'ps7_cortexa9_0' is selected.
20:17:42 INFO  : Processor reset is completed for 'ps7_cortexa9_0'.
20:17:42 INFO  : Context for processor 'ps7_cortexa9_0' is selected.
20:17:42 INFO  : The application 'C:/Users/Admin/Desktop/VIVADO_Projects/PS/gpio_mio/gpio_mio.sdk/gpio_mio/Debug/gpio_mio.elf' is downloaded to processor 'ps7_cortexa9_0'.
20:17:42 INFO  : 'configparams force-mem-access 0' command is executed.
20:17:42 INFO  : ----------------XSDB Script----------------
connect -url tcp:127.0.0.1:3121
source C:/Users/Admin/Desktop/VIVADO_Projects/PS/gpio_mio/gpio_mio.sdk/system_wrapper_hw_platform_0/ps7_init.tcl
targets -set -nocase -filter {name =~"APU*" && jtag_cable_name =~ "Digilent JTAG-SMT3 210357A7D00EA"} -index 0
loadhw -hw C:/Users/Admin/Desktop/VIVADO_Projects/PS/gpio_mio/gpio_mio.sdk/system_wrapper_hw_platform_0/system.hdf -mem-ranges [list {0x40000000 0xbfffffff}]
configparams force-mem-access 1
targets -set -nocase -filter {name =~"APU*" && jtag_cable_name =~ "Digilent JTAG-SMT3 210357A7D00EA"} -index 0
stop
ps7_init
ps7_post_config
targets -set -nocase -filter {name =~ "ARM*#0" && jtag_cable_name =~ "Digilent JTAG-SMT3 210357A7D00EA"} -index 0
rst -processor
targets -set -nocase -filter {name =~ "ARM*#0" && jtag_cable_name =~ "Digilent JTAG-SMT3 210357A7D00EA"} -index 0
dow C:/Users/Admin/Desktop/VIVADO_Projects/PS/gpio_mio/gpio_mio.sdk/gpio_mio/Debug/gpio_mio.elf
configparams force-mem-access 0
----------------End of Script----------------

20:17:42 INFO  : Context for processor 'ps7_cortexa9_0' is selected.
20:17:42 INFO  : 'con' command is executed.
20:17:42 INFO  : ----------------XSDB Script (After Launch)----------------
targets -set -nocase -filter {name =~ "ARM*#0" && jtag_cable_name =~ "Digilent JTAG-SMT3 210357A7D00EA"} -index 0
con
----------------End of Script----------------

20:17:42 INFO  : Launch script is exported to file 'C:\Users\Admin\Desktop\VIVADO_Projects\PS\gpio_mio\gpio_mio.sdk\.sdk\launch_scripts\xilinx_c-c++_application_(system_debugger)\system_debugger_using_debug_gpio_mio.elf_on_local.tcl'
20:18:17 INFO  : Disconnected from the channel tcfchan#4.
20:18:18 INFO  : Connected to target on host '127.0.0.1' and port '3121'.
20:18:19 INFO  : Jtag cable 'Digilent JTAG-SMT3 210357A7D00EA' is selected.
20:18:19 INFO  : 'jtag frequency' command is executed.
20:18:19 INFO  : Sourcing of 'C:/Users/Admin/Desktop/VIVADO_Projects/PS/gpio_mio/gpio_mio.sdk/system_wrapper_hw_platform_0/ps7_init.tcl' is done.
20:18:19 INFO  : Context for 'APU' is selected.
20:18:19 INFO  : Hardware design information is loaded from 'C:/Users/Admin/Desktop/VIVADO_Projects/PS/gpio_mio/gpio_mio.sdk/system_wrapper_hw_platform_0/system.hdf'.
20:18:19 INFO  : 'configparams force-mem-access 1' command is executed.
20:18:19 INFO  : Context for 'APU' is selected.
20:18:20 INFO  : 'stop' command is executed.
20:18:20 INFO  : 'ps7_init' command is executed.
20:18:20 INFO  : 'ps7_post_config' command is executed.
20:18:20 INFO  : Context for processor 'ps7_cortexa9_0' is selected.
20:18:20 INFO  : Processor reset is completed for 'ps7_cortexa9_0'.
20:18:20 INFO  : Context for processor 'ps7_cortexa9_0' is selected.
20:18:20 INFO  : The application 'C:/Users/Admin/Desktop/VIVADO_Projects/PS/gpio_mio/gpio_mio.sdk/gpio_mio/Debug/gpio_mio.elf' is downloaded to processor 'ps7_cortexa9_0'.
20:18:20 INFO  : 'configparams force-mem-access 0' command is executed.
20:18:20 INFO  : ----------------XSDB Script----------------
connect -url tcp:127.0.0.1:3121
source C:/Users/Admin/Desktop/VIVADO_Projects/PS/gpio_mio/gpio_mio.sdk/system_wrapper_hw_platform_0/ps7_init.tcl
targets -set -nocase -filter {name =~"APU*" && jtag_cable_name =~ "Digilent JTAG-SMT3 210357A7D00EA"} -index 0
loadhw -hw C:/Users/Admin/Desktop/VIVADO_Projects/PS/gpio_mio/gpio_mio.sdk/system_wrapper_hw_platform_0/system.hdf -mem-ranges [list {0x40000000 0xbfffffff}]
configparams force-mem-access 1
targets -set -nocase -filter {name =~"APU*" && jtag_cable_name =~ "Digilent JTAG-SMT3 210357A7D00EA"} -index 0
stop
ps7_init
ps7_post_config
targets -set -nocase -filter {name =~ "ARM*#0" && jtag_cable_name =~ "Digilent JTAG-SMT3 210357A7D00EA"} -index 0
rst -processor
targets -set -nocase -filter {name =~ "ARM*#0" && jtag_cable_name =~ "Digilent JTAG-SMT3 210357A7D00EA"} -index 0
dow C:/Users/Admin/Desktop/VIVADO_Projects/PS/gpio_mio/gpio_mio.sdk/gpio_mio/Debug/gpio_mio.elf
configparams force-mem-access 0
----------------End of Script----------------

20:18:20 INFO  : Context for processor 'ps7_cortexa9_0' is selected.
20:18:20 INFO  : 'con' command is executed.
20:18:20 INFO  : ----------------XSDB Script (After Launch)----------------
targets -set -nocase -filter {name =~ "ARM*#0" && jtag_cable_name =~ "Digilent JTAG-SMT3 210357A7D00EA"} -index 0
con
----------------End of Script----------------

20:18:20 INFO  : Launch script is exported to file 'C:\Users\Admin\Desktop\VIVADO_Projects\PS\gpio_mio\gpio_mio.sdk\.sdk\launch_scripts\xilinx_c-c++_application_(system_debugger)\system_debugger_using_debug_gpio_mio.elf_on_local.tcl'
20:19:33 INFO  : Disconnected from the channel tcfchan#5.
20:19:34 INFO  : Connected to target on host '127.0.0.1' and port '3121'.
20:19:34 INFO  : Jtag cable 'Digilent JTAG-SMT3 210357A7D00EA' is selected.
20:19:34 INFO  : 'jtag frequency' command is executed.
20:19:34 INFO  : Sourcing of 'C:/Users/Admin/Desktop/VIVADO_Projects/PS/gpio_mio/gpio_mio.sdk/system_wrapper_hw_platform_0/ps7_init.tcl' is done.
20:19:34 INFO  : Context for 'APU' is selected.
20:19:35 INFO  : Hardware design information is loaded from 'C:/Users/Admin/Desktop/VIVADO_Projects/PS/gpio_mio/gpio_mio.sdk/system_wrapper_hw_platform_0/system.hdf'.
20:19:35 INFO  : 'configparams force-mem-access 1' command is executed.
20:19:35 INFO  : Context for 'APU' is selected.
20:19:35 INFO  : 'stop' command is executed.
20:19:35 INFO  : 'ps7_init' command is executed.
20:19:35 INFO  : 'ps7_post_config' command is executed.
20:19:35 INFO  : Context for processor 'ps7_cortexa9_0' is selected.
20:19:35 INFO  : Processor reset is completed for 'ps7_cortexa9_0'.
20:19:36 INFO  : Context for processor 'ps7_cortexa9_0' is selected.
20:19:36 INFO  : The application 'C:/Users/Admin/Desktop/VIVADO_Projects/PS/gpio_mio/gpio_mio.sdk/gpio_mio/Debug/gpio_mio.elf' is downloaded to processor 'ps7_cortexa9_0'.
20:19:36 INFO  : 'configparams force-mem-access 0' command is executed.
20:19:36 INFO  : ----------------XSDB Script----------------
connect -url tcp:127.0.0.1:3121
source C:/Users/Admin/Desktop/VIVADO_Projects/PS/gpio_mio/gpio_mio.sdk/system_wrapper_hw_platform_0/ps7_init.tcl
targets -set -nocase -filter {name =~"APU*" && jtag_cable_name =~ "Digilent JTAG-SMT3 210357A7D00EA"} -index 0
loadhw -hw C:/Users/Admin/Desktop/VIVADO_Projects/PS/gpio_mio/gpio_mio.sdk/system_wrapper_hw_platform_0/system.hdf -mem-ranges [list {0x40000000 0xbfffffff}]
configparams force-mem-access 1
targets -set -nocase -filter {name =~"APU*" && jtag_cable_name =~ "Digilent JTAG-SMT3 210357A7D00EA"} -index 0
stop
ps7_init
ps7_post_config
targets -set -nocase -filter {name =~ "ARM*#0" && jtag_cable_name =~ "Digilent JTAG-SMT3 210357A7D00EA"} -index 0
rst -processor
targets -set -nocase -filter {name =~ "ARM*#0" && jtag_cable_name =~ "Digilent JTAG-SMT3 210357A7D00EA"} -index 0
dow C:/Users/Admin/Desktop/VIVADO_Projects/PS/gpio_mio/gpio_mio.sdk/gpio_mio/Debug/gpio_mio.elf
configparams force-mem-access 0
----------------End of Script----------------

20:19:36 INFO  : Context for processor 'ps7_cortexa9_0' is selected.
20:19:36 INFO  : 'con' command is executed.
20:19:36 INFO  : ----------------XSDB Script (After Launch)----------------
targets -set -nocase -filter {name =~ "ARM*#0" && jtag_cable_name =~ "Digilent JTAG-SMT3 210357A7D00EA"} -index 0
con
----------------End of Script----------------

20:19:36 INFO  : Launch script is exported to file 'C:\Users\Admin\Desktop\VIVADO_Projects\PS\gpio_mio\gpio_mio.sdk\.sdk\launch_scripts\xilinx_c-c++_application_(system_debugger)\system_debugger_using_debug_gpio_mio.elf_on_local.tcl'
20:21:35 INFO  : Disconnected from the channel tcfchan#6.
20:21:36 INFO  : Connected to target on host '127.0.0.1' and port '3121'.
20:21:36 INFO  : Jtag cable 'Digilent JTAG-SMT3 210357A7D00EA' is selected.
20:21:36 INFO  : 'jtag frequency' command is executed.
20:21:36 INFO  : Sourcing of 'C:/Users/Admin/Desktop/VIVADO_Projects/PS/gpio_mio/gpio_mio.sdk/system_wrapper_hw_platform_0/ps7_init.tcl' is done.
20:21:36 INFO  : Context for 'APU' is selected.
20:21:37 INFO  : Hardware design information is loaded from 'C:/Users/Admin/Desktop/VIVADO_Projects/PS/gpio_mio/gpio_mio.sdk/system_wrapper_hw_platform_0/system.hdf'.
20:21:37 INFO  : 'configparams force-mem-access 1' command is executed.
20:21:37 INFO  : Context for 'APU' is selected.
20:21:37 INFO  : 'stop' command is executed.
20:21:37 INFO  : 'ps7_init' command is executed.
20:21:37 INFO  : 'ps7_post_config' command is executed.
20:21:37 INFO  : Context for processor 'ps7_cortexa9_0' is selected.
20:21:37 INFO  : Processor reset is completed for 'ps7_cortexa9_0'.
20:21:37 INFO  : Context for processor 'ps7_cortexa9_0' is selected.
20:21:37 INFO  : The application 'C:/Users/Admin/Desktop/VIVADO_Projects/PS/gpio_mio/gpio_mio.sdk/gpio_mio/Debug/gpio_mio.elf' is downloaded to processor 'ps7_cortexa9_0'.
20:21:37 INFO  : 'configparams force-mem-access 0' command is executed.
20:21:37 INFO  : ----------------XSDB Script----------------
connect -url tcp:127.0.0.1:3121
source C:/Users/Admin/Desktop/VIVADO_Projects/PS/gpio_mio/gpio_mio.sdk/system_wrapper_hw_platform_0/ps7_init.tcl
targets -set -nocase -filter {name =~"APU*" && jtag_cable_name =~ "Digilent JTAG-SMT3 210357A7D00EA"} -index 0
loadhw -hw C:/Users/Admin/Desktop/VIVADO_Projects/PS/gpio_mio/gpio_mio.sdk/system_wrapper_hw_platform_0/system.hdf -mem-ranges [list {0x40000000 0xbfffffff}]
configparams force-mem-access 1
targets -set -nocase -filter {name =~"APU*" && jtag_cable_name =~ "Digilent JTAG-SMT3 210357A7D00EA"} -index 0
stop
ps7_init
ps7_post_config
targets -set -nocase -filter {name =~ "ARM*#0" && jtag_cable_name =~ "Digilent JTAG-SMT3 210357A7D00EA"} -index 0
rst -processor
targets -set -nocase -filter {name =~ "ARM*#0" && jtag_cable_name =~ "Digilent JTAG-SMT3 210357A7D00EA"} -index 0
dow C:/Users/Admin/Desktop/VIVADO_Projects/PS/gpio_mio/gpio_mio.sdk/gpio_mio/Debug/gpio_mio.elf
configparams force-mem-access 0
----------------End of Script----------------

20:21:38 INFO  : Context for processor 'ps7_cortexa9_0' is selected.
20:21:38 INFO  : 'con' command is executed.
20:21:38 INFO  : ----------------XSDB Script (After Launch)----------------
targets -set -nocase -filter {name =~ "ARM*#0" && jtag_cable_name =~ "Digilent JTAG-SMT3 210357A7D00EA"} -index 0
con
----------------End of Script----------------

20:21:38 INFO  : Launch script is exported to file 'C:\Users\Admin\Desktop\VIVADO_Projects\PS\gpio_mio\gpio_mio.sdk\.sdk\launch_scripts\xilinx_c-c++_application_(system_debugger)\system_debugger_using_debug_gpio_mio.elf_on_local.tcl'
20:21:52 INFO  : Disconnected from the channel tcfchan#7.
20:21:53 INFO  : Connected to target on host '127.0.0.1' and port '3121'.
20:21:53 INFO  : Jtag cable 'Digilent JTAG-SMT3 210357A7D00EA' is selected.
20:21:53 INFO  : 'jtag frequency' command is executed.
20:21:53 INFO  : Sourcing of 'C:/Users/Admin/Desktop/VIVADO_Projects/PS/gpio_mio/gpio_mio.sdk/system_wrapper_hw_platform_0/ps7_init.tcl' is done.
20:21:53 INFO  : Context for 'APU' is selected.
20:21:54 INFO  : Hardware design information is loaded from 'C:/Users/Admin/Desktop/VIVADO_Projects/PS/gpio_mio/gpio_mio.sdk/system_wrapper_hw_platform_0/system.hdf'.
20:21:54 INFO  : 'configparams force-mem-access 1' command is executed.
20:21:54 INFO  : Context for 'APU' is selected.
20:21:54 INFO  : 'stop' command is executed.
20:21:54 INFO  : 'ps7_init' command is executed.
20:21:54 INFO  : 'ps7_post_config' command is executed.
20:21:54 INFO  : Context for processor 'ps7_cortexa9_0' is selected.
20:21:54 INFO  : Processor reset is completed for 'ps7_cortexa9_0'.
20:21:54 INFO  : Context for processor 'ps7_cortexa9_0' is selected.
20:21:54 INFO  : The application 'C:/Users/Admin/Desktop/VIVADO_Projects/PS/gpio_mio/gpio_mio.sdk/gpio_mio/Debug/gpio_mio.elf' is downloaded to processor 'ps7_cortexa9_0'.
20:21:54 INFO  : 'configparams force-mem-access 0' command is executed.
20:21:54 INFO  : ----------------XSDB Script----------------
connect -url tcp:127.0.0.1:3121
source C:/Users/Admin/Desktop/VIVADO_Projects/PS/gpio_mio/gpio_mio.sdk/system_wrapper_hw_platform_0/ps7_init.tcl
targets -set -nocase -filter {name =~"APU*" && jtag_cable_name =~ "Digilent JTAG-SMT3 210357A7D00EA"} -index 0
loadhw -hw C:/Users/Admin/Desktop/VIVADO_Projects/PS/gpio_mio/gpio_mio.sdk/system_wrapper_hw_platform_0/system.hdf -mem-ranges [list {0x40000000 0xbfffffff}]
configparams force-mem-access 1
targets -set -nocase -filter {name =~"APU*" && jtag_cable_name =~ "Digilent JTAG-SMT3 210357A7D00EA"} -index 0
stop
ps7_init
ps7_post_config
targets -set -nocase -filter {name =~ "ARM*#0" && jtag_cable_name =~ "Digilent JTAG-SMT3 210357A7D00EA"} -index 0
rst -processor
targets -set -nocase -filter {name =~ "ARM*#0" && jtag_cable_name =~ "Digilent JTAG-SMT3 210357A7D00EA"} -index 0
dow C:/Users/Admin/Desktop/VIVADO_Projects/PS/gpio_mio/gpio_mio.sdk/gpio_mio/Debug/gpio_mio.elf
configparams force-mem-access 0
----------------End of Script----------------

20:21:54 INFO  : Context for processor 'ps7_cortexa9_0' is selected.
20:21:54 INFO  : 'con' command is executed.
20:21:54 INFO  : ----------------XSDB Script (After Launch)----------------
targets -set -nocase -filter {name =~ "ARM*#0" && jtag_cable_name =~ "Digilent JTAG-SMT3 210357A7D00EA"} -index 0
con
----------------End of Script----------------

20:21:54 INFO  : Launch script is exported to file 'C:\Users\Admin\Desktop\VIVADO_Projects\PS\gpio_mio\gpio_mio.sdk\.sdk\launch_scripts\xilinx_c-c++_application_(system_debugger)\system_debugger_using_debug_gpio_mio.elf_on_local.tcl'
20:23:54 INFO  : Disconnected from the channel tcfchan#8.
20:23:55 INFO  : Connected to target on host '127.0.0.1' and port '3121'.
20:23:55 INFO  : Jtag cable 'Digilent JTAG-SMT3 210357A7D00EA' is selected.
20:23:55 INFO  : 'jtag frequency' command is executed.
20:23:55 INFO  : Sourcing of 'C:/Users/Admin/Desktop/VIVADO_Projects/PS/gpio_mio/gpio_mio.sdk/system_wrapper_hw_platform_0/ps7_init.tcl' is done.
20:23:56 INFO  : Context for 'APU' is selected.
20:23:56 INFO  : Hardware design information is loaded from 'C:/Users/Admin/Desktop/VIVADO_Projects/PS/gpio_mio/gpio_mio.sdk/system_wrapper_hw_platform_0/system.hdf'.
20:23:56 INFO  : 'configparams force-mem-access 1' command is executed.
20:23:56 INFO  : Context for 'APU' is selected.
20:23:56 INFO  : 'stop' command is executed.
20:23:57 INFO  : 'ps7_init' command is executed.
20:23:57 INFO  : 'ps7_post_config' command is executed.
20:23:57 INFO  : Context for processor 'ps7_cortexa9_0' is selected.
20:23:57 INFO  : Processor reset is completed for 'ps7_cortexa9_0'.
20:23:57 INFO  : Context for processor 'ps7_cortexa9_0' is selected.
20:23:57 INFO  : The application 'C:/Users/Admin/Desktop/VIVADO_Projects/PS/gpio_mio/gpio_mio.sdk/gpio_mio/Debug/gpio_mio.elf' is downloaded to processor 'ps7_cortexa9_0'.
20:23:57 INFO  : 'configparams force-mem-access 0' command is executed.
20:23:57 INFO  : ----------------XSDB Script----------------
connect -url tcp:127.0.0.1:3121
source C:/Users/Admin/Desktop/VIVADO_Projects/PS/gpio_mio/gpio_mio.sdk/system_wrapper_hw_platform_0/ps7_init.tcl
targets -set -nocase -filter {name =~"APU*" && jtag_cable_name =~ "Digilent JTAG-SMT3 210357A7D00EA"} -index 0
loadhw -hw C:/Users/Admin/Desktop/VIVADO_Projects/PS/gpio_mio/gpio_mio.sdk/system_wrapper_hw_platform_0/system.hdf -mem-ranges [list {0x40000000 0xbfffffff}]
configparams force-mem-access 1
targets -set -nocase -filter {name =~"APU*" && jtag_cable_name =~ "Digilent JTAG-SMT3 210357A7D00EA"} -index 0
stop
ps7_init
ps7_post_config
targets -set -nocase -filter {name =~ "ARM*#0" && jtag_cable_name =~ "Digilent JTAG-SMT3 210357A7D00EA"} -index 0
rst -processor
targets -set -nocase -filter {name =~ "ARM*#0" && jtag_cable_name =~ "Digilent JTAG-SMT3 210357A7D00EA"} -index 0
dow C:/Users/Admin/Desktop/VIVADO_Projects/PS/gpio_mio/gpio_mio.sdk/gpio_mio/Debug/gpio_mio.elf
configparams force-mem-access 0
----------------End of Script----------------

20:23:57 INFO  : Context for processor 'ps7_cortexa9_0' is selected.
20:23:57 INFO  : 'con' command is executed.
20:23:57 INFO  : ----------------XSDB Script (After Launch)----------------
targets -set -nocase -filter {name =~ "ARM*#0" && jtag_cable_name =~ "Digilent JTAG-SMT3 210357A7D00EA"} -index 0
con
----------------End of Script----------------

20:23:57 INFO  : Launch script is exported to file 'C:\Users\Admin\Desktop\VIVADO_Projects\PS\gpio_mio\gpio_mio.sdk\.sdk\launch_scripts\xilinx_c-c++_application_(system_debugger)\system_debugger_using_debug_gpio_mio.elf_on_local.tcl'
20:25:16 INFO  : Disconnected from the channel tcfchan#9.
20:25:17 INFO  : Connected to target on host '127.0.0.1' and port '3121'.
20:25:17 INFO  : Jtag cable 'Digilent JTAG-SMT3 210357A7D00EA' is selected.
20:25:17 INFO  : 'jtag frequency' command is executed.
20:25:17 INFO  : Sourcing of 'C:/Users/Admin/Desktop/VIVADO_Projects/PS/gpio_mio/gpio_mio.sdk/system_wrapper_hw_platform_0/ps7_init.tcl' is done.
20:25:17 INFO  : Context for 'APU' is selected.
20:25:18 INFO  : Hardware design information is loaded from 'C:/Users/Admin/Desktop/VIVADO_Projects/PS/gpio_mio/gpio_mio.sdk/system_wrapper_hw_platform_0/system.hdf'.
20:25:18 INFO  : 'configparams force-mem-access 1' command is executed.
20:25:18 INFO  : Context for 'APU' is selected.
20:25:18 INFO  : 'stop' command is executed.
20:25:18 INFO  : 'ps7_init' command is executed.
20:25:18 INFO  : 'ps7_post_config' command is executed.
20:25:18 INFO  : Context for processor 'ps7_cortexa9_0' is selected.
20:25:18 INFO  : Processor reset is completed for 'ps7_cortexa9_0'.
20:25:19 INFO  : Context for processor 'ps7_cortexa9_0' is selected.
20:25:19 INFO  : The application 'C:/Users/Admin/Desktop/VIVADO_Projects/PS/gpio_mio/gpio_mio.sdk/gpio_mio/Debug/gpio_mio.elf' is downloaded to processor 'ps7_cortexa9_0'.
20:25:19 INFO  : 'configparams force-mem-access 0' command is executed.
20:25:19 INFO  : ----------------XSDB Script----------------
connect -url tcp:127.0.0.1:3121
source C:/Users/Admin/Desktop/VIVADO_Projects/PS/gpio_mio/gpio_mio.sdk/system_wrapper_hw_platform_0/ps7_init.tcl
targets -set -nocase -filter {name =~"APU*" && jtag_cable_name =~ "Digilent JTAG-SMT3 210357A7D00EA"} -index 0
loadhw -hw C:/Users/Admin/Desktop/VIVADO_Projects/PS/gpio_mio/gpio_mio.sdk/system_wrapper_hw_platform_0/system.hdf -mem-ranges [list {0x40000000 0xbfffffff}]
configparams force-mem-access 1
targets -set -nocase -filter {name =~"APU*" && jtag_cable_name =~ "Digilent JTAG-SMT3 210357A7D00EA"} -index 0
stop
ps7_init
ps7_post_config
targets -set -nocase -filter {name =~ "ARM*#0" && jtag_cable_name =~ "Digilent JTAG-SMT3 210357A7D00EA"} -index 0
rst -processor
targets -set -nocase -filter {name =~ "ARM*#0" && jtag_cable_name =~ "Digilent JTAG-SMT3 210357A7D00EA"} -index 0
dow C:/Users/Admin/Desktop/VIVADO_Projects/PS/gpio_mio/gpio_mio.sdk/gpio_mio/Debug/gpio_mio.elf
configparams force-mem-access 0
----------------End of Script----------------

20:25:19 INFO  : Context for processor 'ps7_cortexa9_0' is selected.
20:25:19 INFO  : 'con' command is executed.
20:25:19 INFO  : ----------------XSDB Script (After Launch)----------------
targets -set -nocase -filter {name =~ "ARM*#0" && jtag_cable_name =~ "Digilent JTAG-SMT3 210357A7D00EA"} -index 0
con
----------------End of Script----------------

20:25:19 INFO  : Launch script is exported to file 'C:\Users\Admin\Desktop\VIVADO_Projects\PS\gpio_mio\gpio_mio.sdk\.sdk\launch_scripts\xilinx_c-c++_application_(system_debugger)\system_debugger_using_debug_gpio_mio.elf_on_local.tcl'
20:25:37 INFO  : Disconnected from the channel tcfchan#10.
20:25:38 INFO  : Connected to target on host '127.0.0.1' and port '3121'.
20:25:38 INFO  : Jtag cable 'Digilent JTAG-SMT3 210357A7D00EA' is selected.
20:25:38 INFO  : 'jtag frequency' command is executed.
20:25:38 INFO  : Sourcing of 'C:/Users/Admin/Desktop/VIVADO_Projects/PS/gpio_mio/gpio_mio.sdk/system_wrapper_hw_platform_0/ps7_init.tcl' is done.
20:25:38 INFO  : Context for 'APU' is selected.
20:25:39 INFO  : Hardware design information is loaded from 'C:/Users/Admin/Desktop/VIVADO_Projects/PS/gpio_mio/gpio_mio.sdk/system_wrapper_hw_platform_0/system.hdf'.
20:25:39 INFO  : 'configparams force-mem-access 1' command is executed.
20:25:39 INFO  : Context for 'APU' is selected.
20:25:39 INFO  : 'stop' command is executed.
20:25:39 INFO  : 'ps7_init' command is executed.
20:25:39 INFO  : 'ps7_post_config' command is executed.
20:25:39 INFO  : Context for processor 'ps7_cortexa9_0' is selected.
20:25:39 INFO  : Processor reset is completed for 'ps7_cortexa9_0'.
20:25:39 INFO  : Context for processor 'ps7_cortexa9_0' is selected.
20:25:39 INFO  : The application 'C:/Users/Admin/Desktop/VIVADO_Projects/PS/gpio_mio/gpio_mio.sdk/gpio_mio/Debug/gpio_mio.elf' is downloaded to processor 'ps7_cortexa9_0'.
20:25:39 INFO  : 'configparams force-mem-access 0' command is executed.
20:25:39 INFO  : ----------------XSDB Script----------------
connect -url tcp:127.0.0.1:3121
source C:/Users/Admin/Desktop/VIVADO_Projects/PS/gpio_mio/gpio_mio.sdk/system_wrapper_hw_platform_0/ps7_init.tcl
targets -set -nocase -filter {name =~"APU*" && jtag_cable_name =~ "Digilent JTAG-SMT3 210357A7D00EA"} -index 0
loadhw -hw C:/Users/Admin/Desktop/VIVADO_Projects/PS/gpio_mio/gpio_mio.sdk/system_wrapper_hw_platform_0/system.hdf -mem-ranges [list {0x40000000 0xbfffffff}]
configparams force-mem-access 1
targets -set -nocase -filter {name =~"APU*" && jtag_cable_name =~ "Digilent JTAG-SMT3 210357A7D00EA"} -index 0
stop
ps7_init
ps7_post_config
targets -set -nocase -filter {name =~ "ARM*#0" && jtag_cable_name =~ "Digilent JTAG-SMT3 210357A7D00EA"} -index 0
rst -processor
targets -set -nocase -filter {name =~ "ARM*#0" && jtag_cable_name =~ "Digilent JTAG-SMT3 210357A7D00EA"} -index 0
dow C:/Users/Admin/Desktop/VIVADO_Projects/PS/gpio_mio/gpio_mio.sdk/gpio_mio/Debug/gpio_mio.elf
configparams force-mem-access 0
----------------End of Script----------------

20:25:39 INFO  : Context for processor 'ps7_cortexa9_0' is selected.
20:25:39 INFO  : 'con' command is executed.
20:25:39 INFO  : ----------------XSDB Script (After Launch)----------------
targets -set -nocase -filter {name =~ "ARM*#0" && jtag_cable_name =~ "Digilent JTAG-SMT3 210357A7D00EA"} -index 0
con
----------------End of Script----------------

20:25:39 INFO  : Launch script is exported to file 'C:\Users\Admin\Desktop\VIVADO_Projects\PS\gpio_mio\gpio_mio.sdk\.sdk\launch_scripts\xilinx_c-c++_application_(system_debugger)\system_debugger_using_debug_gpio_mio.elf_on_local.tcl'
20:26:03 INFO  : Disconnected from the channel tcfchan#11.
20:26:04 INFO  : Connected to target on host '127.0.0.1' and port '3121'.
20:26:04 INFO  : Jtag cable 'Digilent JTAG-SMT3 210357A7D00EA' is selected.
20:26:04 INFO  : 'jtag frequency' command is executed.
20:26:04 INFO  : Sourcing of 'C:/Users/Admin/Desktop/VIVADO_Projects/PS/gpio_mio/gpio_mio.sdk/system_wrapper_hw_platform_0/ps7_init.tcl' is done.
20:26:04 INFO  : Context for 'APU' is selected.
20:26:05 INFO  : Hardware design information is loaded from 'C:/Users/Admin/Desktop/VIVADO_Projects/PS/gpio_mio/gpio_mio.sdk/system_wrapper_hw_platform_0/system.hdf'.
20:26:05 INFO  : 'configparams force-mem-access 1' command is executed.
20:26:05 INFO  : Context for 'APU' is selected.
20:26:05 INFO  : 'stop' command is executed.
20:26:05 INFO  : 'ps7_init' command is executed.
20:26:05 INFO  : 'ps7_post_config' command is executed.
20:26:05 INFO  : Context for processor 'ps7_cortexa9_0' is selected.
20:26:05 INFO  : Processor reset is completed for 'ps7_cortexa9_0'.
20:26:05 INFO  : Context for processor 'ps7_cortexa9_0' is selected.
20:26:05 INFO  : The application 'C:/Users/Admin/Desktop/VIVADO_Projects/PS/gpio_mio/gpio_mio.sdk/gpio_mio/Debug/gpio_mio.elf' is downloaded to processor 'ps7_cortexa9_0'.
20:26:05 INFO  : 'configparams force-mem-access 0' command is executed.
20:26:05 INFO  : ----------------XSDB Script----------------
connect -url tcp:127.0.0.1:3121
source C:/Users/Admin/Desktop/VIVADO_Projects/PS/gpio_mio/gpio_mio.sdk/system_wrapper_hw_platform_0/ps7_init.tcl
targets -set -nocase -filter {name =~"APU*" && jtag_cable_name =~ "Digilent JTAG-SMT3 210357A7D00EA"} -index 0
loadhw -hw C:/Users/Admin/Desktop/VIVADO_Projects/PS/gpio_mio/gpio_mio.sdk/system_wrapper_hw_platform_0/system.hdf -mem-ranges [list {0x40000000 0xbfffffff}]
configparams force-mem-access 1
targets -set -nocase -filter {name =~"APU*" && jtag_cable_name =~ "Digilent JTAG-SMT3 210357A7D00EA"} -index 0
stop
ps7_init
ps7_post_config
targets -set -nocase -filter {name =~ "ARM*#0" && jtag_cable_name =~ "Digilent JTAG-SMT3 210357A7D00EA"} -index 0
rst -processor
targets -set -nocase -filter {name =~ "ARM*#0" && jtag_cable_name =~ "Digilent JTAG-SMT3 210357A7D00EA"} -index 0
dow C:/Users/Admin/Desktop/VIVADO_Projects/PS/gpio_mio/gpio_mio.sdk/gpio_mio/Debug/gpio_mio.elf
configparams force-mem-access 0
----------------End of Script----------------

20:26:06 INFO  : Context for processor 'ps7_cortexa9_0' is selected.
20:26:06 INFO  : 'con' command is executed.
20:26:06 INFO  : ----------------XSDB Script (After Launch)----------------
targets -set -nocase -filter {name =~ "ARM*#0" && jtag_cable_name =~ "Digilent JTAG-SMT3 210357A7D00EA"} -index 0
con
----------------End of Script----------------

20:26:06 INFO  : Launch script is exported to file 'C:\Users\Admin\Desktop\VIVADO_Projects\PS\gpio_mio\gpio_mio.sdk\.sdk\launch_scripts\xilinx_c-c++_application_(system_debugger)\system_debugger_using_debug_gpio_mio.elf_on_local.tcl'
20:26:52 INFO  : Disconnected from the channel tcfchan#12.
20:26:53 INFO  : Connected to target on host '127.0.0.1' and port '3121'.
20:26:53 INFO  : Jtag cable 'Digilent JTAG-SMT3 210357A7D00EA' is selected.
20:26:53 INFO  : 'jtag frequency' command is executed.
20:26:53 INFO  : Sourcing of 'C:/Users/Admin/Desktop/VIVADO_Projects/PS/gpio_mio/gpio_mio.sdk/system_wrapper_hw_platform_0/ps7_init.tcl' is done.
20:26:53 INFO  : Context for 'APU' is selected.
20:26:54 INFO  : Hardware design information is loaded from 'C:/Users/Admin/Desktop/VIVADO_Projects/PS/gpio_mio/gpio_mio.sdk/system_wrapper_hw_platform_0/system.hdf'.
20:26:54 INFO  : 'configparams force-mem-access 1' command is executed.
20:26:54 INFO  : Context for 'APU' is selected.
20:26:54 INFO  : 'stop' command is executed.
20:26:54 INFO  : 'ps7_init' command is executed.
20:26:54 INFO  : 'ps7_post_config' command is executed.
20:26:54 INFO  : Context for processor 'ps7_cortexa9_0' is selected.
20:26:54 INFO  : Processor reset is completed for 'ps7_cortexa9_0'.
20:26:54 INFO  : Context for processor 'ps7_cortexa9_0' is selected.
20:26:54 INFO  : The application 'C:/Users/Admin/Desktop/VIVADO_Projects/PS/gpio_mio/gpio_mio.sdk/gpio_mio/Debug/gpio_mio.elf' is downloaded to processor 'ps7_cortexa9_0'.
20:26:54 INFO  : 'configparams force-mem-access 0' command is executed.
20:26:54 INFO  : ----------------XSDB Script----------------
connect -url tcp:127.0.0.1:3121
source C:/Users/Admin/Desktop/VIVADO_Projects/PS/gpio_mio/gpio_mio.sdk/system_wrapper_hw_platform_0/ps7_init.tcl
targets -set -nocase -filter {name =~"APU*" && jtag_cable_name =~ "Digilent JTAG-SMT3 210357A7D00EA"} -index 0
loadhw -hw C:/Users/Admin/Desktop/VIVADO_Projects/PS/gpio_mio/gpio_mio.sdk/system_wrapper_hw_platform_0/system.hdf -mem-ranges [list {0x40000000 0xbfffffff}]
configparams force-mem-access 1
targets -set -nocase -filter {name =~"APU*" && jtag_cable_name =~ "Digilent JTAG-SMT3 210357A7D00EA"} -index 0
stop
ps7_init
ps7_post_config
targets -set -nocase -filter {name =~ "ARM*#0" && jtag_cable_name =~ "Digilent JTAG-SMT3 210357A7D00EA"} -index 0
rst -processor
targets -set -nocase -filter {name =~ "ARM*#0" && jtag_cable_name =~ "Digilent JTAG-SMT3 210357A7D00EA"} -index 0
dow C:/Users/Admin/Desktop/VIVADO_Projects/PS/gpio_mio/gpio_mio.sdk/gpio_mio/Debug/gpio_mio.elf
configparams force-mem-access 0
----------------End of Script----------------

20:26:54 INFO  : Context for processor 'ps7_cortexa9_0' is selected.
20:26:54 INFO  : 'con' command is executed.
20:26:54 INFO  : ----------------XSDB Script (After Launch)----------------
targets -set -nocase -filter {name =~ "ARM*#0" && jtag_cable_name =~ "Digilent JTAG-SMT3 210357A7D00EA"} -index 0
con
----------------End of Script----------------

20:26:54 INFO  : Launch script is exported to file 'C:\Users\Admin\Desktop\VIVADO_Projects\PS\gpio_mio\gpio_mio.sdk\.sdk\launch_scripts\xilinx_c-c++_application_(system_debugger)\system_debugger_using_debug_gpio_mio.elf_on_local.tcl'
20:27:15 INFO  : Disconnected from the channel tcfchan#13.
20:27:16 INFO  : Connected to target on host '127.0.0.1' and port '3121'.
20:27:17 INFO  : Jtag cable 'Digilent JTAG-SMT3 210357A7D00EA' is selected.
20:27:17 INFO  : 'jtag frequency' command is executed.
20:27:17 INFO  : Sourcing of 'C:/Users/Admin/Desktop/VIVADO_Projects/PS/gpio_mio/gpio_mio.sdk/system_wrapper_hw_platform_0/ps7_init.tcl' is done.
20:27:17 INFO  : Context for 'APU' is selected.
20:27:17 INFO  : Hardware design information is loaded from 'C:/Users/Admin/Desktop/VIVADO_Projects/PS/gpio_mio/gpio_mio.sdk/system_wrapper_hw_platform_0/system.hdf'.
20:27:17 INFO  : 'configparams force-mem-access 1' command is executed.
20:27:17 INFO  : Context for 'APU' is selected.
20:27:17 INFO  : 'stop' command is executed.
20:27:18 INFO  : 'ps7_init' command is executed.
20:27:18 INFO  : 'ps7_post_config' command is executed.
20:27:18 INFO  : Context for processor 'ps7_cortexa9_0' is selected.
20:27:18 INFO  : Processor reset is completed for 'ps7_cortexa9_0'.
20:27:18 INFO  : Context for processor 'ps7_cortexa9_0' is selected.
20:27:18 INFO  : The application 'C:/Users/Admin/Desktop/VIVADO_Projects/PS/gpio_mio/gpio_mio.sdk/gpio_mio/Debug/gpio_mio.elf' is downloaded to processor 'ps7_cortexa9_0'.
20:27:18 INFO  : 'configparams force-mem-access 0' command is executed.
20:27:18 INFO  : ----------------XSDB Script----------------
connect -url tcp:127.0.0.1:3121
source C:/Users/Admin/Desktop/VIVADO_Projects/PS/gpio_mio/gpio_mio.sdk/system_wrapper_hw_platform_0/ps7_init.tcl
targets -set -nocase -filter {name =~"APU*" && jtag_cable_name =~ "Digilent JTAG-SMT3 210357A7D00EA"} -index 0
loadhw -hw C:/Users/Admin/Desktop/VIVADO_Projects/PS/gpio_mio/gpio_mio.sdk/system_wrapper_hw_platform_0/system.hdf -mem-ranges [list {0x40000000 0xbfffffff}]
configparams force-mem-access 1
targets -set -nocase -filter {name =~"APU*" && jtag_cable_name =~ "Digilent JTAG-SMT3 210357A7D00EA"} -index 0
stop
ps7_init
ps7_post_config
targets -set -nocase -filter {name =~ "ARM*#0" && jtag_cable_name =~ "Digilent JTAG-SMT3 210357A7D00EA"} -index 0
rst -processor
targets -set -nocase -filter {name =~ "ARM*#0" && jtag_cable_name =~ "Digilent JTAG-SMT3 210357A7D00EA"} -index 0
dow C:/Users/Admin/Desktop/VIVADO_Projects/PS/gpio_mio/gpio_mio.sdk/gpio_mio/Debug/gpio_mio.elf
configparams force-mem-access 0
----------------End of Script----------------

20:27:18 INFO  : Context for processor 'ps7_cortexa9_0' is selected.
20:27:18 INFO  : 'con' command is executed.
20:27:18 INFO  : ----------------XSDB Script (After Launch)----------------
targets -set -nocase -filter {name =~ "ARM*#0" && jtag_cable_name =~ "Digilent JTAG-SMT3 210357A7D00EA"} -index 0
con
----------------End of Script----------------

20:27:18 INFO  : Launch script is exported to file 'C:\Users\Admin\Desktop\VIVADO_Projects\PS\gpio_mio\gpio_mio.sdk\.sdk\launch_scripts\xilinx_c-c++_application_(system_debugger)\system_debugger_using_debug_gpio_mio.elf_on_local.tcl'
20:30:52 INFO  : Disconnected from the channel tcfchan#14.
