19:15:04 **** Build of project gpio_mio_bsp ****
make -k all 
"Running Make include in ps7_cortexa9_0/libsrc/coresightps_dcc_v1_4/src"
make -C ps7_cortexa9_0/libsrc/coresightps_dcc_v1_4/src -s include  "SHELL=CMD" "COMPILER=arm-none-eabi-gcc" "ARCHIVER=arm-none-eabi-ar" "COMPILER_FLAGS=  -O2 -c" "EXTRA_COMPILER_FLAGS=-mcpu=cortex-a9 -mfpu=vfpv3 -mfloat-abi=hard -nostartfiles -g -Wall -Wextra"
"Running Make include in ps7_cortexa9_0/libsrc/cpu_cortexa9_v2_7/src"
make -C ps7_cortexa9_0/libsrc/cpu_cortexa9_v2_7/src -s include  "SHELL=CMD" "COMPILER=arm-none-eabi-gcc" "ARCHIVER=arm-none-eabi-ar" "COMPILER_FLAGS=  -O2 -c" "EXTRA_COMPILER_FLAGS=-mcpu=cortex-a9 -mfpu=vfpv3 -mfloat-abi=hard -nostartfiles -g -Wall -Wextra"
"Running Make include in ps7_cortexa9_0/libsrc/ddrps_v1_0/src"
make -C ps7_cortexa9_0/libsrc/ddrps_v1_0/src -s include  "SHELL=CMD" "COMPILER=arm-none-eabi-gcc" "ARCHIVER=arm-none-eabi-ar" "COMPILER_FLAGS=  -O2 -c" "EXTRA_COMPILER_FLAGS=-mcpu=cortex-a9 -mfpu=vfpv3 -mfloat-abi=hard -nostartfiles -g -Wall -Wextra"
"Running Make include in ps7_cortexa9_0/libsrc/devcfg_v3_5/src"
make -C ps7_cortexa9_0/libsrc/devcfg_v3_5/src -s include  "SHELL=CMD" "COMPILER=arm-none-eabi-gcc" "ARCHIVER=arm-none-eabi-ar" "COMPILER_FLAGS=  -O2 -c" "EXTRA_COMPILER_FLAGS=-mcpu=cortex-a9 -mfpu=vfpv3 -mfloat-abi=hard -nostartfiles -g -Wall -Wextra"
"Running Make include in ps7_cortexa9_0/libsrc/dmaps_v2_4/src"
make -C ps7_cortexa9_0/libsrc/dmaps_v2_4/src -s include  "SHELL=CMD" "COMPILER=arm-none-eabi-gcc" "ARCHIVER=arm-none-eabi-ar" "COMPILER_FLAGS=  -O2 -c" "EXTRA_COMPILER_FLAGS=-mcpu=cortex-a9 -mfpu=vfpv3 -mfloat-abi=hard -nostartfiles -g -Wall -Wextra"
"Running Make include in ps7_cortexa9_0/libsrc/gpiops_v3_4/src"
make -C ps7_cortexa9_0/libsrc/gpiops_v3_4/src -s include  "SHELL=CMD" "COMPILER=arm-none-eabi-gcc" "ARCHIVER=arm-none-eabi-ar" "COMPILER_FLAGS=  -O2 -c" "EXTRA_COMPILER_FLAGS=-mcpu=cortex-a9 -mfpu=vfpv3 -mfloat-abi=hard -nostartfiles -g -Wall -Wextra"
"Running Make include in ps7_cortexa9_0/libsrc/scugic_v3_10/src"
make -C ps7_cortexa9_0/libsrc/scugic_v3_10/src -s include  "SHELL=CMD" "COMPILER=arm-none-eabi-gcc" "ARCHIVER=arm-none-eabi-ar" "COMPILER_FLAGS=  -O2 -c" "EXTRA_COMPILER_FLAGS=-mcpu=cortex-a9 -mfpu=vfpv3 -mfloat-abi=hard -nostartfiles -g -Wall -Wextra"
"Running Make include in ps7_cortexa9_0/libsrc/scutimer_v2_1/src"
make -C ps7_cortexa9_0/libsrc/scutimer_v2_1/src -s include  "SHELL=CMD" "COMPILER=arm-none-eabi-gcc" "ARCHIVER=arm-none-eabi-ar" "COMPILER_FLAGS=  -O2 -c" "EXTRA_COMPILER_FLAGS=-mcpu=cortex-a9 -mfpu=vfpv3 -mfloat-abi=hard -nostartfiles -g -Wall -Wextra"
"Running Make include in ps7_cortexa9_0/libsrc/scuwdt_v2_1/src"
make -C ps7_cortexa9_0/libsrc/scuwdt_v2_1/src -s include  "SHELL=CMD" "COMPILER=arm-none-eabi-gcc" "ARCHIVER=arm-none-eabi-ar" "COMPILER_FLAGS=  -O2 -c" "EXTRA_COMPILER_FLAGS=-mcpu=cortex-a9 -mfpu=vfpv3 -mfloat-abi=hard -nostartfiles -g -Wall -Wextra"
"Running Make include in ps7_cortexa9_0/libsrc/standalone_v6_8/src"
make -C ps7_cortexa9_0/libsrc/standalone_v6_8/src -s include  "SHELL=CMD" "COMPILER=arm-none-eabi-gcc" "ARCHIVER=arm-none-eabi-ar" "COMPILER_FLAGS=  -O2 -c" "EXTRA_COMPILER_FLAGS=-mcpu=cortex-a9 -mfpu=vfpv3 -mfloat-abi=hard -nostartfiles -g -Wall -Wextra"
"Running Make include in ps7_cortexa9_0/libsrc/uartps_v3_7/src"
make -C ps7_cortexa9_0/libsrc/uartps_v3_7/src -s include  "SHELL=CMD" "COMPILER=arm-none-eabi-gcc" "ARCHIVER=arm-none-eabi-ar" "COMPILER_FLAGS=  -O2 -c" "EXTRA_COMPILER_FLAGS=-mcpu=cortex-a9 -mfpu=vfpv3 -mfloat-abi=hard -nostartfiles -g -Wall -Wextra"
"Running Make include in ps7_cortexa9_0/libsrc/xadcps_v2_3/src"
make -C ps7_cortexa9_0/libsrc/xadcps_v2_3/src -s include  "SHELL=CMD" "COMPILER=arm-none-eabi-gcc" "ARCHIVER=arm-none-eabi-ar" "COMPILER_FLAGS=  -O2 -c" "EXTRA_COMPILER_FLAGS=-mcpu=cortex-a9 -mfpu=vfpv3 -mfloat-abi=hard -nostartfiles -g -Wall -Wextra"
"Running Make libs in ps7_cortexa9_0/libsrc/coresightps_dcc_v1_4/src"
make -C ps7_cortexa9_0/libsrc/coresightps_dcc_v1_4/src -s libs  "SHELL=CMD" "COMPILER=arm-none-eabi-gcc" "ARCHIVER=arm-none-eabi-ar" "COMPILER_FLAGS=  -O2 -c" "EXTRA_COMPILER_FLAGS=-mcpu=cortex-a9 -mfpu=vfpv3 -mfloat-abi=hard -nostartfiles -g -Wall -Wextra"
"Compiling coresightps_dcc"
arm-none-eabi-ar: creating ../../../lib/libxil.a
"Running Make libs in ps7_cortexa9_0/libsrc/cpu_cortexa9_v2_7/src"
make -C ps7_cortexa9_0/libsrc/cpu_cortexa9_v2_7/src -s libs  "SHELL=CMD" "COMPILER=arm-none-eabi-gcc" "ARCHIVER=arm-none-eabi-ar" "COMPILER_FLAGS=  -O2 -c" "EXTRA_COMPILER_FLAGS=-mcpu=cortex-a9 -mfpu=vfpv3 -mfloat-abi=hard -nostartfiles -g -Wall -Wextra"
"Compiling cpu_cortexa9"
"Running Make libs in ps7_cortexa9_0/libsrc/ddrps_v1_0/src"
make -C ps7_cortexa9_0/libsrc/ddrps_v1_0/src -s libs  "SHELL=CMD" "COMPILER=arm-none-eabi-gcc" "ARCHIVER=arm-none-eabi-ar" "COMPILER_FLAGS=  -O2 -c" "EXTRA_COMPILER_FLAGS=-mcpu=cortex-a9 -mfpu=vfpv3 -mfloat-abi=hard -nostartfiles -g -Wall -Wextra"
"Compiling ddrps"
"Running Make libs in ps7_cortexa9_0/libsrc/devcfg_v3_5/src"
make -C ps7_cortexa9_0/libsrc/devcfg_v3_5/src -s libs  "SHELL=CMD" "COMPILER=arm-none-eabi-gcc" "ARCHIVER=arm-none-eabi-ar" "COMPILER_FLAGS=  -O2 -c" "EXTRA_COMPILER_FLAGS=-mcpu=cortex-a9 -mfpu=vfpv3 -mfloat-abi=hard -nostartfiles -g -Wall -Wextra"
"Compiling devcfg"
"Running Make libs in ps7_cortexa9_0/libsrc/dmaps_v2_4/src"
make -C ps7_cortexa9_0/libsrc/dmaps_v2_4/src -s libs  "SHELL=CMD" "COMPILER=arm-none-eabi-gcc" "ARCHIVER=arm-none-eabi-ar" "COMPILER_FLAGS=  -O2 -c" "EXTRA_COMPILER_FLAGS=-mcpu=cortex-a9 -mfpu=vfpv3 -mfloat-abi=hard -nostartfiles -g -Wall -Wextra"
"Compiling dmaps"
"Running Make libs in ps7_cortexa9_0/libsrc/gpiops_v3_4/src"
make -C ps7_cortexa9_0/libsrc/gpiops_v3_4/src -s libs  "SHELL=CMD" "COMPILER=arm-none-eabi-gcc" "ARCHIVER=arm-none-eabi-ar" "COMPILER_FLAGS=  -O2 -c" "EXTRA_COMPILER_FLAGS=-mcpu=cortex-a9 -mfpu=vfpv3 -mfloat-abi=hard -nostartfiles -g -Wall -Wextra"
"Compiling gpiops"
"Running Make libs in ps7_cortexa9_0/libsrc/scugic_v3_10/src"
make -C ps7_cortexa9_0/libsrc/scugic_v3_10/src -s libs  "SHELL=CMD" "COMPILER=arm-none-eabi-gcc" "ARCHIVER=arm-none-eabi-ar" "COMPILER_FLAGS=  -O2 -c" "EXTRA_COMPILER_FLAGS=-mcpu=cortex-a9 -mfpu=vfpv3 -mfloat-abi=hard -nostartfiles -g -Wall -Wextra"
"Compiling scugic"
"Running Make libs in ps7_cortexa9_0/libsrc/scutimer_v2_1/src"
make -C ps7_cortexa9_0/libsrc/scutimer_v2_1/src -s libs  "SHELL=CMD" "COMPILER=arm-none-eabi-gcc" "ARCHIVER=arm-none-eabi-ar" "COMPILER_FLAGS=  -O2 -c" "EXTRA_COMPILER_FLAGS=-mcpu=cortex-a9 -mfpu=vfpv3 -mfloat-abi=hard -nostartfiles -g -Wall -Wextra"
"Compiling scutimer"
"Running Make libs in ps7_cortexa9_0/libsrc/scuwdt_v2_1/src"
make -C ps7_cortexa9_0/libsrc/scuwdt_v2_1/src -s libs  "SHELL=CMD" "COMPILER=arm-none-eabi-gcc" "ARCHIVER=arm-none-eabi-ar" "COMPILER_FLAGS=  -O2 -c" "EXTRA_COMPILER_FLAGS=-mcpu=cortex-a9 -mfpu=vfpv3 -mfloat-abi=hard -nostartfiles -g -Wall -Wextra"
"Compiling scuwdt"
"Running Make libs in ps7_cortexa9_0/libsrc/standalone_v6_8/src"
make -C ps7_cortexa9_0/libsrc/standalone_v6_8/src -s libs  "SHELL=CMD" "COMPILER=arm-none-eabi-gcc" "ARCHIVER=arm-none-eabi-ar" "COMPILER_FLAGS=  -O2 -c" "EXTRA_COMPILER_FLAGS=-mcpu=cortex-a9 -mfpu=vfpv3 -mfloat-abi=hard -nostartfiles -g -Wall -Wextra"
"Compiling standalone"
In file included from usleep.c:56:0:
xtime_l.h:87:9: note: #pragma message: For the sleep routines, Global timer is being used
 #pragma message ("For the sleep routines, Global timer is being used")
         ^~~~~~~
In file included from xil_sleeptimer.c:51:0:
xtime_l.h:87:9: note: #pragma message: For the sleep routines, Global timer is being used
 #pragma message ("For the sleep routines, Global timer is being used")
         ^~~~~~~
In file included from xtime_l.c:49:0:
xtime_l.h:87:9: note: #pragma message: For the sleep routines, Global timer is being used
 #pragma message ("For the sleep routines, Global timer is being used")
         ^~~~~~~
In file included from sleep.c:53:0:
xtime_l.h:87:9: note: #pragma message: For the sleep routines, Global timer is being used
 #pragma message ("For the sleep routines, Global timer is being used")
         ^~~~~~~
"Running Make libs in ps7_cortexa9_0/libsrc/uartps_v3_7/src"
make -C ps7_cortexa9_0/libsrc/uartps_v3_7/src -s libs  "SHELL=CMD" "COMPILER=arm-none-eabi-gcc" "ARCHIVER=arm-none-eabi-ar" "COMPILER_FLAGS=  -O2 -c" "EXTRA_COMPILER_FLAGS=-mcpu=cortex-a9 -mfpu=vfpv3 -mfloat-abi=hard -nostartfiles -g -Wall -Wextra"
"Compiling uartps"
"Running Make libs in ps7_cortexa9_0/libsrc/xadcps_v2_3/src"
make -C ps7_cortexa9_0/libsrc/xadcps_v2_3/src -s libs  "SHELL=CMD" "COMPILER=arm-none-eabi-gcc" "ARCHIVER=arm-none-eabi-ar" "COMPILER_FLAGS=  -O2 -c" "EXTRA_COMPILER_FLAGS=-mcpu=cortex-a9 -mfpu=vfpv3 -mfloat-abi=hard -nostartfiles -g -Wall -Wextra"
"Compiling xadcps"
'Finished building libraries'
19:15:58 **** Build of project gpio_mio_bsp ****
make -k all 
"Running Make include in ps7_cortexa9_0/libsrc/coresightps_dcc_v1_4/src"
make -C ps7_cortexa9_0/libsrc/coresightps_dcc_v1_4/src -s include  "SHELL=CMD" "COMPILER=arm-none-eabi-gcc" "ARCHIVER=arm-none-eabi-ar" "COMPILER_FLAGS=  -O2 -c" "EXTRA_COMPILER_FLAGS=-mcpu=cortex-a9 -mfpu=vfpv3 -mfloat-abi=hard -nostartfiles -g -Wall -Wextra"
"Running Make include in ps7_cortexa9_0/libsrc/cpu_cortexa9_v2_7/src"
make -C ps7_cortexa9_0/libsrc/cpu_cortexa9_v2_7/src -s include  "SHELL=CMD" "COMPILER=arm-none-eabi-gcc" "ARCHIVER=arm-none-eabi-ar" "COMPILER_FLAGS=  -O2 -c" "EXTRA_COMPILER_FLAGS=-mcpu=cortex-a9 -mfpu=vfpv3 -mfloat-abi=hard -nostartfiles -g -Wall -Wextra"
"Running Make include in ps7_cortexa9_0/libsrc/ddrps_v1_0/src"
make -C ps7_cortexa9_0/libsrc/ddrps_v1_0/src -s include  "SHELL=CMD" "COMPILER=arm-none-eabi-gcc" "ARCHIVER=arm-none-eabi-ar" "COMPILER_FLAGS=  -O2 -c" "EXTRA_COMPILER_FLAGS=-mcpu=cortex-a9 -mfpu=vfpv3 -mfloat-abi=hard -nostartfiles -g -Wall -Wextra"
"Running Make include in ps7_cortexa9_0/libsrc/devcfg_v3_5/src"
make -C ps7_cortexa9_0/libsrc/devcfg_v3_5/src -s include  "SHELL=CMD" "COMPILER=arm-none-eabi-gcc" "ARCHIVER=arm-none-eabi-ar" "COMPILER_FLAGS=  -O2 -c" "EXTRA_COMPILER_FLAGS=-mcpu=cortex-a9 -mfpu=vfpv3 -mfloat-abi=hard -nostartfiles -g -Wall -Wextra"
"Running Make include in ps7_cortexa9_0/libsrc/dmaps_v2_4/src"
make -C ps7_cortexa9_0/libsrc/dmaps_v2_4/src -s include  "SHELL=CMD" "COMPILER=arm-none-eabi-gcc" "ARCHIVER=arm-none-eabi-ar" "COMPILER_FLAGS=  -O2 -c" "EXTRA_COMPILER_FLAGS=-mcpu=cortex-a9 -mfpu=vfpv3 -mfloat-abi=hard -nostartfiles -g -Wall -Wextra"
"Running Make include in ps7_cortexa9_0/libsrc/gpiops_v3_4/src"
make -C ps7_cortexa9_0/libsrc/gpiops_v3_4/src -s include  "SHELL=CMD" "COMPILER=arm-none-eabi-gcc" "ARCHIVER=arm-none-eabi-ar" "COMPILER_FLAGS=  -O2 -c" "EXTRA_COMPILER_FLAGS=-mcpu=cortex-a9 -mfpu=vfpv3 -mfloat-abi=hard -nostartfiles -g -Wall -Wextra"
"Running Make include in ps7_cortexa9_0/libsrc/scugic_v3_10/src"
make -C ps7_cortexa9_0/libsrc/scugic_v3_10/src -s include  "SHELL=CMD" "COMPILER=arm-none-eabi-gcc" "ARCHIVER=arm-none-eabi-ar" "COMPILER_FLAGS=  -O2 -c" "EXTRA_COMPILER_FLAGS=-mcpu=cortex-a9 -mfpu=vfpv3 -mfloat-abi=hard -nostartfiles -g -Wall -Wextra"
"Running Make include in ps7_cortexa9_0/libsrc/scutimer_v2_1/src"
make -C ps7_cortexa9_0/libsrc/scutimer_v2_1/src -s include  "SHELL=CMD" "COMPILER=arm-none-eabi-gcc" "ARCHIVER=arm-none-eabi-ar" "COMPILER_FLAGS=  -O2 -c" "EXTRA_COMPILER_FLAGS=-mcpu=cortex-a9 -mfpu=vfpv3 -mfloat-abi=hard -nostartfiles -g -Wall -Wextra"
"Running Make include in ps7_cortexa9_0/libsrc/scuwdt_v2_1/src"
make -C ps7_cortexa9_0/libsrc/scuwdt_v2_1/src -s include  "SHELL=CMD" "COMPILER=arm-none-eabi-gcc" "ARCHIVER=arm-none-eabi-ar" "COMPILER_FLAGS=  -O2 -c" "EXTRA_COMPILER_FLAGS=-mcpu=cortex-a9 -mfpu=vfpv3 -mfloat-abi=hard -nostartfiles -g -Wall -Wextra"
"Running Make include in ps7_cortexa9_0/libsrc/standalone_v6_8/src"
make -C ps7_cortexa9_0/libsrc/standalone_v6_8/src -s include  "SHELL=CMD" "COMPILER=arm-none-eabi-gcc" "ARCHIVER=arm-none-eabi-ar" "COMPILER_FLAGS=  -O2 -c" "EXTRA_COMPILER_FLAGS=-mcpu=cortex-a9 -mfpu=vfpv3 -mfloat-abi=hard -nostartfiles -g -Wall -Wextra"
"Running Make include in ps7_cortexa9_0/libsrc/uartps_v3_7/src"
make -C ps7_cortexa9_0/libsrc/uartps_v3_7/src -s include  "SHELL=CMD" "COMPILER=arm-none-eabi-gcc" "ARCHIVER=arm-none-eabi-ar" "COMPILER_FLAGS=  -O2 -c" "EXTRA_COMPILER_FLAGS=-mcpu=cortex-a9 -mfpu=vfpv3 -mfloat-abi=hard -nostartfiles -g -Wall -Wextra"
"Running Make include in ps7_cortexa9_0/libsrc/xadcps_v2_3/src"
make -C ps7_cortexa9_0/libsrc/xadcps_v2_3/src -s include  "SHELL=CMD" "COMPILER=arm-none-eabi-gcc" "ARCHIVER=arm-none-eabi-ar" "COMPILER_FLAGS=  -O2 -c" "EXTRA_COMPILER_FLAGS=-mcpu=cortex-a9 -mfpu=vfpv3 -mfloat-abi=hard -nostartfiles -g -Wall -Wextra"
"Running Make libs in ps7_cortexa9_0/libsrc/coresightps_dcc_v1_4/src"
make -C ps7_cortexa9_0/libsrc/coresightps_dcc_v1_4/src -s libs  "SHELL=CMD" "COMPILER=arm-none-eabi-gcc" "ARCHIVER=arm-none-eabi-ar" "COMPILER_FLAGS=  -O2 -c" "EXTRA_COMPILER_FLAGS=-mcpu=cortex-a9 -mfpu=vfpv3 -mfloat-abi=hard -nostartfiles -g -Wall -Wextra"
"Compiling coresightps_dcc"
arm-none-eabi-ar: creating ../../../lib/libxil.a
"Running Make libs in ps7_cortexa9_0/libsrc/cpu_cortexa9_v2_7/src"
make -C ps7_cortexa9_0/libsrc/cpu_cortexa9_v2_7/src -s libs  "SHELL=CMD" "COMPILER=arm-none-eabi-gcc" "ARCHIVER=arm-none-eabi-ar" "COMPILER_FLAGS=  -O2 -c" "EXTRA_COMPILER_FLAGS=-mcpu=cortex-a9 -mfpu=vfpv3 -mfloat-abi=hard -nostartfiles -g -Wall -Wextra"
"Compiling cpu_cortexa9"
"Running Make libs in ps7_cortexa9_0/libsrc/ddrps_v1_0/src"
make -C ps7_cortexa9_0/libsrc/ddrps_v1_0/src -s libs  "SHELL=CMD" "COMPILER=arm-none-eabi-gcc" "ARCHIVER=arm-none-eabi-ar" "COMPILER_FLAGS=  -O2 -c" "EXTRA_COMPILER_FLAGS=-mcpu=cortex-a9 -mfpu=vfpv3 -mfloat-abi=hard -nostartfiles -g -Wall -Wextra"
"Compiling ddrps"
"Running Make libs in ps7_cortexa9_0/libsrc/devcfg_v3_5/src"
make -C ps7_cortexa9_0/libsrc/devcfg_v3_5/src -s libs  "SHELL=CMD" "COMPILER=arm-none-eabi-gcc" "ARCHIVER=arm-none-eabi-ar" "COMPILER_FLAGS=  -O2 -c" "EXTRA_COMPILER_FLAGS=-mcpu=cortex-a9 -mfpu=vfpv3 -mfloat-abi=hard -nostartfiles -g -Wall -Wextra"
"Compiling devcfg"
"Running Make libs in ps7_cortexa9_0/libsrc/dmaps_v2_4/src"
make -C ps7_cortexa9_0/libsrc/dmaps_v2_4/src -s libs  "SHELL=CMD" "COMPILER=arm-none-eabi-gcc" "ARCHIVER=arm-none-eabi-ar" "COMPILER_FLAGS=  -O2 -c" "EXTRA_COMPILER_FLAGS=-mcpu=cortex-a9 -mfpu=vfpv3 -mfloat-abi=hard -nostartfiles -g -Wall -Wextra"
"Compiling dmaps"
"Running Make libs in ps7_cortexa9_0/libsrc/gpiops_v3_4/src"
make -C ps7_cortexa9_0/libsrc/gpiops_v3_4/src -s libs  "SHELL=CMD" "COMPILER=arm-none-eabi-gcc" "ARCHIVER=arm-none-eabi-ar" "COMPILER_FLAGS=  -O2 -c" "EXTRA_COMPILER_FLAGS=-mcpu=cortex-a9 -mfpu=vfpv3 -mfloat-abi=hard -nostartfiles -g -Wall -Wextra"
"Compiling gpiops"
"Running Make libs in ps7_cortexa9_0/libsrc/scugic_v3_10/src"
make -C ps7_cortexa9_0/libsrc/scugic_v3_10/src -s libs  "SHELL=CMD" "COMPILER=arm-none-eabi-gcc" "ARCHIVER=arm-none-eabi-ar" "COMPILER_FLAGS=  -O2 -c" "EXTRA_COMPILER_FLAGS=-mcpu=cortex-a9 -mfpu=vfpv3 -mfloat-abi=hard -nostartfiles -g -Wall -Wextra"
"Compiling scugic"
"Running Make libs in ps7_cortexa9_0/libsrc/scutimer_v2_1/src"
make -C ps7_cortexa9_0/libsrc/scutimer_v2_1/src -s libs  "SHELL=CMD" "COMPILER=arm-none-eabi-gcc" "ARCHIVER=arm-none-eabi-ar" "COMPILER_FLAGS=  -O2 -c" "EXTRA_COMPILER_FLAGS=-mcpu=cortex-a9 -mfpu=vfpv3 -mfloat-abi=hard -nostartfiles -g -Wall -Wextra"
"Compiling scutimer"
"Running Make libs in ps7_cortexa9_0/libsrc/scuwdt_v2_1/src"
make -C ps7_cortexa9_0/libsrc/scuwdt_v2_1/src -s libs  "SHELL=CMD" "COMPILER=arm-none-eabi-gcc" "ARCHIVER=arm-none-eabi-ar" "COMPILER_FLAGS=  -O2 -c" "EXTRA_COMPILER_FLAGS=-mcpu=cortex-a9 -mfpu=vfpv3 -mfloat-abi=hard -nostartfiles -g -Wall -Wextra"
"Compiling scuwdt"
"Running Make libs in ps7_cortexa9_0/libsrc/standalone_v6_8/src"
make -C ps7_cortexa9_0/libsrc/standalone_v6_8/src -s libs  "SHELL=CMD" "COMPILER=arm-none-eabi-gcc" "ARCHIVER=arm-none-eabi-ar" "COMPILER_FLAGS=  -O2 -c" "EXTRA_COMPILER_FLAGS=-mcpu=cortex-a9 -mfpu=vfpv3 -mfloat-abi=hard -nostartfiles -g -Wall -Wextra"
"Compiling standalone"
In file included from usleep.c:56:0:
xtime_l.h:87:9: note: #pragma message: For the sleep routines, Global timer is being used
 #pragma message ("For the sleep routines, Global timer is being used")
         ^~~~~~~
In file included from xil_sleeptimer.c:51:0:
xtime_l.h:87:9: note: #pragma message: For the sleep routines, Global timer is being used
 #pragma message ("For the sleep routines, Global timer is being used")
         ^~~~~~~
In file included from xtime_l.c:49:0:
xtime_l.h:87:9: note: #pragma message: For the sleep routines, Global timer is being used
 #pragma message ("For the sleep routines, Global timer is being used")
         ^~~~~~~
In file included from sleep.c:53:0:
xtime_l.h:87:9: note: #pragma message: For the sleep routines, Global timer is being used
 #pragma message ("For the sleep routines, Global timer is being used")
         ^~~~~~~
"Running Make libs in ps7_cortexa9_0/libsrc/uartps_v3_7/src"
make -C ps7_cortexa9_0/libsrc/uartps_v3_7/src -s libs  "SHELL=CMD" "COMPILER=arm-none-eabi-gcc" "ARCHIVER=arm-none-eabi-ar" "COMPILER_FLAGS=  -O2 -c" "EXTRA_COMPILER_FLAGS=-mcpu=cortex-a9 -mfpu=vfpv3 -mfloat-abi=hard -nostartfiles -g -Wall -Wextra"
"Compiling uartps"
"Running Make libs in ps7_cortexa9_0/libsrc/xadcps_v2_3/src"
make -C ps7_cortexa9_0/libsrc/xadcps_v2_3/src -s libs  "SHELL=CMD" "COMPILER=arm-none-eabi-gcc" "ARCHIVER=arm-none-eabi-ar" "COMPILER_FLAGS=  -O2 -c" "EXTRA_COMPILER_FLAGS=-mcpu=cortex-a9 -mfpu=vfpv3 -mfloat-abi=hard -nostartfiles -g -Wall -Wextra"
"Compiling xadcps"
'Finished building libraries'

**** Build of configuration Debug for project gpio_mio ****

Nothing to build for project gpio_mio
19:16:33 **** Auto Build of configuration Debug for project gpio_mio ****
make pre-build main-build 
a9-linaro-pre-build-step
' '
'Building file: ../src/main.c'
'Invoking: ARM v7 gcc compiler'
arm-none-eabi-gcc -Wall -O0 -g3 -c -fmessage-length=0 -MT"src/main.o" -mcpu=cortex-a9 -mfpu=vfpv3 -mfloat-abi=hard -I../../gpio_mio_bsp/ps7_cortexa9_0/include -MMD -MP -MF"src/main.d" -MT"src/main.o" -o "src/main.o" "../src/main.c"
'Finished building: ../src/main.c'
' '
'Building target: gpio_mio.elf'
'Invoking: ARM v7 gcc linker'
arm-none-eabi-gcc -mcpu=cortex-a9 -mfpu=vfpv3 -mfloat-abi=hard -Wl,-build-id=none -specs=Xilinx.spec -Wl,-T -Wl,../src/lscript.ld -L../../gpio_mio_bsp/ps7_cortexa9_0/lib -o "gpio_mio.elf"  ./src/main.o   -Wl,--start-group,-lxil,-lgcc,-lc,--end-group
../../gpio_mio_bsp/ps7_cortexa9_0/lib\libxil.a(xil-crt0.o): In function `_start':
C:\Users\Admin\Desktop\VIVADO_Projects\PS\gpio_mio\gpio_mio.sdk\gpio_mio_bsp\ps7_cortexa9_0\libsrc\standalone_v6_8\src/xil-crt0.S:138: undefined reference to `main'
collect2.exe: error: ld returned 1 exit status
make: *** [makefile:41: gpio_mio.elf] Error 1
19:18:52 **** Auto Build of configuration Debug for project gpio_mio ****
make pre-build main-build 
a9-linaro-pre-build-step
' '
'Building file: ../src/main.c'
'Invoking: ARM v7 gcc compiler'
arm-none-eabi-gcc -Wall -O0 -g3 -c -fmessage-length=0 -MT"src/main.o" -mcpu=cortex-a9 -mfpu=vfpv3 -mfloat-abi=hard -I../../gpio_mio_bsp/ps7_cortexa9_0/include -MMD -MP -MF"src/main.d" -MT"src/main.o" -o "src/main.o" "../src/main.c"
../src/main.c:4:2: error: expected declaration specifiers or '...' before 'printf'
  printf("GPIO MIO TEST!\n\r");
  ^~~~~~
../src/main.c:6:5: error: expected declaration specifiers or '...' before 'return'
     return 0;
     ^~~~~~
../src/main.c: In function 'main':
../src/main.c:7:1: error: expected '{' at end of input
 )
 ^
make: *** [src/subdir.mk:23: src/main.o] Error 1
19:19:19 **** Auto Build of configuration Debug for project gpio_mio ****
make pre-build main-build 
a9-linaro-pre-build-step
' '
'Building file: ../src/main.c'
'Invoking: ARM v7 gcc compiler'
arm-none-eabi-gcc -Wall -O0 -g3 -c -fmessage-length=0 -MT"src/main.o" -mcpu=cortex-a9 -mfpu=vfpv3 -mfloat-abi=hard -I../../gpio_mio_bsp/ps7_cortexa9_0/include -MMD -MP -MF"src/main.d" -MT"src/main.o" -o "src/main.o" "../src/main.c"
'Finished building: ../src/main.c'
' '
'Building target: gpio_mio.elf'
'Invoking: ARM v7 gcc linker'
arm-none-eabi-gcc -mcpu=cortex-a9 -mfpu=vfpv3 -mfloat-abi=hard -Wl,-build-id=none -specs=Xilinx.spec -Wl,-T -Wl,../src/lscript.ld -L../../gpio_mio_bsp/ps7_cortexa9_0/lib -o "gpio_mio.elf"  ./src/main.o   -Wl,--start-group,-lxil,-lgcc,-lc,--end-group
'Finished building target: gpio_mio.elf'
' '
'Invoking: ARM v7 Print Size'
arm-none-eabi-size gpio_mio.elf  |tee "gpio_mio.elf.size"
   text	   data	    bss	    dec	    hex	filename
  70240	   2580	  23328	  96148	  17794	gpio_mio.elf
'Finished building: gpio_mio.elf.size'
' '
19:19:39 **** Incremental Build of configuration Debug for project gpio_mio ****
make pre-build main-build 
a9-linaro-pre-build-step
' '
make: Nothing to be done for 'main-build'.
19:23:06 **** Build of configuration Debug for project gpio_mio_bsp_xgpiops_polled_example_1 ****
make pre-build main-build 
a9-linaro-pre-build-step
' '
'Building file: ../src/xgpiops_polled_example.c'
'Invoking: ARM v7 gcc compiler'
arm-none-eabi-gcc -Wall -O0 -g3 -c -fmessage-length=0 -MT"src/xgpiops_polled_example.o" -mcpu=cortex-a9 -mfpu=vfpv3 -mfloat-abi=hard -I../../gpio_mio_bsp/ps7_cortexa9_0/include -MMD -MP -MF"src/xgpiops_polled_example.d" -MT"src/xgpiops_polled_example.o" -o "src/xgpiops_polled_example.o" "../src/xgpiops_polled_example.c"
'Finished building: ../src/xgpiops_polled_example.c'
' '
'Building target: gpio_mio_bsp_xgpiops_polled_example_1.elf'
'Invoking: ARM v7 gcc linker'
arm-none-eabi-gcc -mcpu=cortex-a9 -mfpu=vfpv3 -mfloat-abi=hard -Wl,-build-id=none -specs=Xilinx.spec -Wl,-T -Wl,../src/lscript.ld -L../../gpio_mio_bsp/ps7_cortexa9_0/lib -o "gpio_mio_bsp_xgpiops_polled_example_1.elf"  ./src/xgpiops_polled_example.o   -Wl,--start-group,-lxil,-lgcc,-lc,--end-group
'Finished building target: gpio_mio_bsp_xgpiops_polled_example_1.elf'
' '
'Invoking: ARM v7 Print Size'
arm-none-eabi-size gpio_mio_bsp_xgpiops_polled_example_1.elf  |tee "gpio_mio_bsp_xgpiops_polled_example_1.elf.size"
   text	   data	    bss	    dec	    hex	filename
  29916	   1160	  22616	  53692	   d1bc	gpio_mio_bsp_xgpiops_polled_example_1.elf
'Finished building: gpio_mio_bsp_xgpiops_polled_example_1.elf.size'
' '
19:25:45 **** Auto Build of configuration Debug for project gpio_mio ****
make pre-build main-build 
a9-linaro-pre-build-step
' '
'Building file: ../src/main.c'
'Invoking: ARM v7 gcc compiler'
arm-none-eabi-gcc -Wall -O0 -g3 -c -fmessage-length=0 -MT"src/main.o" -mcpu=cortex-a9 -mfpu=vfpv3 -mfloat-abi=hard -I../../gpio_mio_bsp/ps7_cortexa9_0/include -MMD -MP -MF"src/main.d" -MT"src/main.o" -o "src/main.o" "../src/main.c"
../src/main.c: In function 'main':
../src/main.c:8:2: error: 'ConfigPtr' undeclared (first use in this function)
  ConfigPtr = XGpioPs_LookupConfig(GPIO_DEVICE_ID);
  ^~~~~~~~~
../src/main.c:8:2: note: each undeclared identifier is reported only once for each function it appears in
../src/main.c:8:14: warning: implicit declaration of function 'XGpioPs_LookupConfig' [-Wimplicit-function-declaration]
  ConfigPtr = XGpioPs_LookupConfig(GPIO_DEVICE_ID);
              ^~~~~~~~~~~~~~~~~~~~
../src/main.c:3:26: error: 'XPAR_XGPIOPS_0_DEVICE_ID' undeclared (first use in this function); did you mean 'GPIO_DEVICE_ID'?
 #define GPIO_DEVICE_ID   XPAR_XGPIOPS_0_DEVICE_ID
                          ^
../src/main.c:8:35: note: in expansion of macro 'GPIO_DEVICE_ID'
  ConfigPtr = XGpioPs_LookupConfig(GPIO_DEVICE_ID);
                                   ^~~~~~~~~~~~~~
../src/main.c:9:2: error: 'Status' undeclared (first use in this function)
  Status = XGpioPs_CfgInitialize(&Gpio, ConfigPtr,
  ^~~~~~
../src/main.c:9:11: warning: implicit declaration of function 'XGpioPs_CfgInitialize' [-Wimplicit-function-declaration]
  Status = XGpioPs_CfgInitialize(&Gpio, ConfigPtr,
           ^~~~~~~~~~~~~~~~~~~~~
../src/main.c:9:34: error: 'Gpio' undeclared (first use in this function)
  Status = XGpioPs_CfgInitialize(&Gpio, ConfigPtr,
                                  ^~~~
make: *** [src/subdir.mk:23: src/main.o] Error 1
19:30:30 **** Auto Build of configuration Debug for project gpio_mio ****
make pre-build main-build 
a9-linaro-pre-build-step
' '
'Building file: ../src/main.c'
'Invoking: ARM v7 gcc compiler'
arm-none-eabi-gcc -Wall -O0 -g3 -c -fmessage-length=0 -MT"src/main.o" -mcpu=cortex-a9 -mfpu=vfpv3 -mfloat-abi=hard -I../../gpio_mio_bsp/ps7_cortexa9_0/include -MMD -MP -MF"src/main.d" -MT"src/main.o" -o "src/main.o" "../src/main.c"
../src/main.c:2:10: fatal error: xparameter.h: No such file or directory
 #include "xparameter.h"
          ^~~~~~~~~~~~~~
compilation terminated.
make: *** [src/subdir.mk:23: src/main.o] Error 1
19:53:59 **** Auto Build of configuration Debug for project gpio_mio ****
make pre-build main-build 
a9-linaro-pre-build-step
' '
'Building file: ../src/main.c'
'Invoking: ARM v7 gcc compiler'
arm-none-eabi-gcc -Wall -O0 -g3 -c -fmessage-length=0 -MT"src/main.o" -mcpu=cortex-a9 -mfpu=vfpv3 -mfloat-abi=hard -I../../gpio_mio_bsp/ps7_cortexa9_0/include -MMD -MP -MF"src/main.d" -MT"src/main.o" -o "src/main.o" "../src/main.c"
../src/main.c: In function 'main':
../src/main.c:9:2: error: 'ConfigPtr' undeclared (first use in this function)
  ConfigPtr = XGpioPs_LookupConfig(GPIO_DEVICE_ID);
  ^~~~~~~~~
../src/main.c:9:2: note: each undeclared identifier is reported only once for each function it appears in
../src/main.c:9:14: warning: implicit declaration of function 'XGpioPs_LookupConfig' [-Wimplicit-function-declaration]
  ConfigPtr = XGpioPs_LookupConfig(GPIO_DEVICE_ID);
              ^~~~~~~~~~~~~~~~~~~~
../src/main.c:10:2: error: 'Status' undeclared (first use in this function)
  Status = XGpioPs_CfgInitialize(&Gpio, ConfigPtr,
  ^~~~~~
../src/main.c:10:11: warning: implicit declaration of function 'XGpioPs_CfgInitialize' [-Wimplicit-function-declaration]
  Status = XGpioPs_CfgInitialize(&Gpio, ConfigPtr,
           ^~~~~~~~~~~~~~~~~~~~~
../src/main.c:10:34: error: 'Gpio' undeclared (first use in this function)
  Status = XGpioPs_CfgInitialize(&Gpio, ConfigPtr,
                                  ^~~~
make: *** [src/subdir.mk:23: src/main.o] Error 1
19:54:54 **** Auto Build of configuration Debug for project gpio_mio ****
make pre-build main-build 
a9-linaro-pre-build-step
' '
'Building file: ../src/main.c'
'Invoking: ARM v7 gcc compiler'
arm-none-eabi-gcc -Wall -O0 -g3 -c -fmessage-length=0 -MT"src/main.o" -mcpu=cortex-a9 -mfpu=vfpv3 -mfloat-abi=hard -I../../gpio_mio_bsp/ps7_cortexa9_0/include -MMD -MP -MF"src/main.d" -MT"src/main.o" -o "src/main.o" "../src/main.c"
../src/main.c: In function 'main':
../src/main.c:10:2: error: 'ConfigPtr' undeclared (first use in this function)
  ConfigPtr = XGpioPs_LookupConfig(GPIO_DEVICE_ID);
  ^~~~~~~~~
../src/main.c:10:2: note: each undeclared identifier is reported only once for each function it appears in
../src/main.c:11:2: error: 'Status' undeclared (first use in this function); did you mean 'XStatus'?
  Status = XGpioPs_CfgInitialize(&Gpio, ConfigPtr,
  ^~~~~~
  XStatus
../src/main.c:11:34: error: 'Gpio' undeclared (first use in this function)
  Status = XGpioPs_CfgInitialize(&Gpio, ConfigPtr,
                                  ^~~~
make: *** [src/subdir.mk:23: src/main.o] Error 1
19:55:39 **** Auto Build of configuration Debug for project gpio_mio ****
make pre-build main-build 
a9-linaro-pre-build-step
' '
'Building file: ../src/main.c'
'Invoking: ARM v7 gcc compiler'
arm-none-eabi-gcc -Wall -O0 -g3 -c -fmessage-length=0 -MT"src/main.o" -mcpu=cortex-a9 -mfpu=vfpv3 -mfloat-abi=hard -I../../gpio_mio_bsp/ps7_cortexa9_0/include -MMD -MP -MF"src/main.d" -MT"src/main.o" -o "src/main.o" "../src/main.c"
../src/main.c: In function 'main':
../src/main.c:13:2: error: 'Status' undeclared (first use in this function); did you mean 'XStatus'?
  Status = XGpioPs_CfgInitialize(&Gpio, ConfigPtr,
  ^~~~~~
  XStatus
../src/main.c:13:2: note: each undeclared identifier is reported only once for each function it appears in
../src/main.c:13:34: error: 'Gpio' undeclared (first use in this function)
  Status = XGpioPs_CfgInitialize(&Gpio, ConfigPtr,
                                  ^~~~
make: *** [src/subdir.mk:23: src/main.o] Error 1
19:59:18 **** Auto Build of configuration Debug for project gpio_mio ****
make pre-build main-build 
a9-linaro-pre-build-step
' '
'Building file: ../src/main.c'
'Invoking: ARM v7 gcc compiler'
arm-none-eabi-gcc -Wall -O0 -g3 -c -fmessage-length=0 -MT"src/main.o" -mcpu=cortex-a9 -mfpu=vfpv3 -mfloat-abi=hard -I../../gpio_mio_bsp/ps7_cortexa9_0/include -MMD -MP -MF"src/main.d" -MT"src/main.o" -o "src/main.o" "../src/main.c"
../src/main.c: In function 'main':
../src/main.c:15:2: error: 'Status' undeclared (first use in this function); did you mean 'XStatus'?
  Status = XGpioPs_CfgInitialize(&Gpio, ConfigPtr, ConfigPtr->BaseAddr);
  ^~~~~~
  XStatus
../src/main.c:15:2: note: each undeclared identifier is reported only once for each function it appears in
make: *** [src/subdir.mk:23: src/main.o] Error 1
19:59:46 **** Auto Build of configuration Debug for project gpio_mio ****
make pre-build main-build 
a9-linaro-pre-build-step
' '
'Building file: ../src/main.c'
'Invoking: ARM v7 gcc compiler'
arm-none-eabi-gcc -Wall -O0 -g3 -c -fmessage-length=0 -MT"src/main.o" -mcpu=cortex-a9 -mfpu=vfpv3 -mfloat-abi=hard -I../../gpio_mio_bsp/ps7_cortexa9_0/include -MMD -MP -MF"src/main.d" -MT"src/main.o" -o "src/main.o" "../src/main.c"
'Finished building: ../src/main.c'
' '
'Building target: gpio_mio.elf'
'Invoking: ARM v7 gcc linker'
arm-none-eabi-gcc -mcpu=cortex-a9 -mfpu=vfpv3 -mfloat-abi=hard -Wl,-build-id=none -specs=Xilinx.spec -Wl,-T -Wl,../src/lscript.ld -L../../gpio_mio_bsp/ps7_cortexa9_0/lib -o "gpio_mio.elf"  ./src/main.o   -Wl,--start-group,-lxil,-lgcc,-lc,--end-group
'Finished building target: gpio_mio.elf'
' '
'Invoking: ARM v7 Print Size'
arm-none-eabi-size gpio_mio.elf  |tee "gpio_mio.elf.size"
   text	   data	    bss	    dec	    hex	filename
  77292	   2588	  23376	 103256	  19358	gpio_mio.elf
'Finished building: gpio_mio.elf.size'
' '
20:12:27 **** Auto Build of configuration Debug for project gpio_mio ****
make pre-build main-build 
a9-linaro-pre-build-step
' '
'Building file: ../src/main.c'
'Invoking: ARM v7 gcc compiler'
arm-none-eabi-gcc -Wall -O0 -g3 -c -fmessage-length=0 -MT"src/main.o" -mcpu=cortex-a9 -mfpu=vfpv3 -mfloat-abi=hard -I../../gpio_mio_bsp/ps7_cortexa9_0/include -MMD -MP -MF"src/main.d" -MT"src/main.o" -o "src/main.o" "../src/main.c"
../src/main.c: In function 'main':
../src/main.c:27:2: warning: implicit declaration of function 'XGpioPs_Writepin'; did you mean 'XGpioPs_WritePin'? [-Wimplicit-function-declaration]
  XGpioPs_Writepin(&Gpio, MIO1_LED, 1);
  ^~~~~~~~~~~~~~~~
  XGpioPs_WritePin
'Finished building: ../src/main.c'
' '
'Building target: gpio_mio.elf'
'Invoking: ARM v7 gcc linker'
arm-none-eabi-gcc -mcpu=cortex-a9 -mfpu=vfpv3 -mfloat-abi=hard -Wl,-build-id=none -specs=Xilinx.spec -Wl,-T -Wl,../src/lscript.ld -L../../gpio_mio_bsp/ps7_cortexa9_0/lib -o "gpio_mio.elf"  ./src/main.o   -Wl,--start-group,-lxil,-lgcc,-lc,--end-group
./src/main.o: In function `main':
C:\Users\Admin\Desktop\VIVADO_Projects\PS\gpio_mio\gpio_mio.sdk\gpio_mio\Debug/../src/main.c:27: undefined reference to `XGpioPs_Writepin'
collect2.exe: error: ld returned 1 exit status
make: *** [makefile:41: gpio_mio.elf] Error 1
20:12:35 **** Auto Build of configuration Debug for project gpio_mio ****
make pre-build main-build 
a9-linaro-pre-build-step
' '
'Building file: ../src/main.c'
'Invoking: ARM v7 gcc compiler'
arm-none-eabi-gcc -Wall -O0 -g3 -c -fmessage-length=0 -MT"src/main.o" -mcpu=cortex-a9 -mfpu=vfpv3 -mfloat-abi=hard -I../../gpio_mio_bsp/ps7_cortexa9_0/include -MMD -MP -MF"src/main.d" -MT"src/main.o" -o "src/main.o" "../src/main.c"
'Finished building: ../src/main.c'
' '
'Building target: gpio_mio.elf'
'Invoking: ARM v7 gcc linker'
arm-none-eabi-gcc -mcpu=cortex-a9 -mfpu=vfpv3 -mfloat-abi=hard -Wl,-build-id=none -specs=Xilinx.spec -Wl,-T -Wl,../src/lscript.ld -L../../gpio_mio_bsp/ps7_cortexa9_0/lib -o "gpio_mio.elf"  ./src/main.o   -Wl,--start-group,-lxil,-lgcc,-lc,--end-group
'Finished building target: gpio_mio.elf'
' '
'Invoking: ARM v7 Print Size'
arm-none-eabi-size gpio_mio.elf  |tee "gpio_mio.elf.size"
   text	   data	    bss	    dec	    hex	filename
  77292	   2588	  23376	 103256	  19358	gpio_mio.elf
'Finished building: gpio_mio.elf.size'
' '
20:12:41 **** Incremental Build of configuration Debug for project gpio_mio ****
make pre-build main-build 
a9-linaro-pre-build-step
' '
make: Nothing to be done for 'main-build'.
20:13:06 **** Incremental Build of configuration Debug for project gpio_mio ****
make pre-build main-build 
a9-linaro-pre-build-step
' '
make: Nothing to be done for 'main-build'.
20:17:32 **** Auto Build of configuration Debug for project gpio_mio ****
make pre-build main-build 
a9-linaro-pre-build-step
' '
'Building file: ../src/main.c'
'Invoking: ARM v7 gcc compiler'
arm-none-eabi-gcc -Wall -O0 -g3 -c -fmessage-length=0 -MT"src/main.o" -mcpu=cortex-a9 -mfpu=vfpv3 -mfloat-abi=hard -I../../gpio_mio_bsp/ps7_cortexa9_0/include -MMD -MP -MF"src/main.d" -MT"src/main.o" -o "src/main.o" "../src/main.c"
'Finished building: ../src/main.c'
' '
'Building target: gpio_mio.elf'
'Invoking: ARM v7 gcc linker'
arm-none-eabi-gcc -mcpu=cortex-a9 -mfpu=vfpv3 -mfloat-abi=hard -Wl,-build-id=none -specs=Xilinx.spec -Wl,-T -Wl,../src/lscript.ld -L../../gpio_mio_bsp/ps7_cortexa9_0/lib -o "gpio_mio.elf"  ./src/main.o   -Wl,--start-group,-lxil,-lgcc,-lc,--end-group
'Finished building target: gpio_mio.elf'
' '
'Invoking: ARM v7 Print Size'
arm-none-eabi-size gpio_mio.elf  |tee "gpio_mio.elf.size"
   text	   data	    bss	    dec	    hex	filename
  77292	   2588	  23376	 103256	  19358	gpio_mio.elf
'Finished building: gpio_mio.elf.size'
' '
20:17:38 **** Incremental Build of configuration Debug for project gpio_mio ****
make pre-build main-build 
a9-linaro-pre-build-step
' '
make: Nothing to be done for 'main-build'.
20:18:15 **** Incremental Build of configuration Debug for project gpio_mio ****
make pre-build main-build 
a9-linaro-pre-build-step
' '
'Building file: ../src/main.c'
'Invoking: ARM v7 gcc compiler'
arm-none-eabi-gcc -Wall -O0 -g3 -c -fmessage-length=0 -MT"src/main.o" -mcpu=cortex-a9 -mfpu=vfpv3 -mfloat-abi=hard -I../../gpio_mio_bsp/ps7_cortexa9_0/include -MMD -MP -MF"src/main.d" -MT"src/main.o" -o "src/main.o" "../src/main.c"
'Finished building: ../src/main.c'
' '
'Building target: gpio_mio.elf'
'Invoking: ARM v7 gcc linker'
arm-none-eabi-gcc -mcpu=cortex-a9 -mfpu=vfpv3 -mfloat-abi=hard -Wl,-build-id=none -specs=Xilinx.spec -Wl,-T -Wl,../src/lscript.ld -L../../gpio_mio_bsp/ps7_cortexa9_0/lib -o "gpio_mio.elf"  ./src/main.o   -Wl,--start-group,-lxil,-lgcc,-lc,--end-group
'Finished building target: gpio_mio.elf'
' '
'Invoking: ARM v7 Print Size'
arm-none-eabi-size gpio_mio.elf  |tee "gpio_mio.elf.size"
   text	   data	    bss	    dec	    hex	filename
  77292	   2588	  23376	 103256	  19358	gpio_mio.elf
'Finished building: gpio_mio.elf.size'
' '
20:19:26 **** Auto Build of configuration Debug for project gpio_mio ****
make pre-build main-build 
a9-linaro-pre-build-step
' '
'Building file: ../src/main.c'
'Invoking: ARM v7 gcc compiler'
arm-none-eabi-gcc -Wall -O0 -g3 -c -fmessage-length=0 -MT"src/main.o" -mcpu=cortex-a9 -mfpu=vfpv3 -mfloat-abi=hard -I../../gpio_mio_bsp/ps7_cortexa9_0/include -MMD -MP -MF"src/main.d" -MT"src/main.o" -o "src/main.o" "../src/main.c"
'Finished building: ../src/main.c'
' '
'Building target: gpio_mio.elf'
'Invoking: ARM v7 gcc linker'
arm-none-eabi-gcc -mcpu=cortex-a9 -mfpu=vfpv3 -mfloat-abi=hard -Wl,-build-id=none -specs=Xilinx.spec -Wl,-T -Wl,../src/lscript.ld -L../../gpio_mio_bsp/ps7_cortexa9_0/lib -o "gpio_mio.elf"  ./src/main.o   -Wl,--start-group,-lxil,-lgcc,-lc,--end-group
'Finished building target: gpio_mio.elf'
' '
'Invoking: ARM v7 Print Size'
arm-none-eabi-size gpio_mio.elf  |tee "gpio_mio.elf.size"
   text	   data	    bss	    dec	    hex	filename
  77292	   2588	  23376	 103256	  19358	gpio_mio.elf
'Finished building: gpio_mio.elf.size'
' '
20:19:32 **** Incremental Build of configuration Debug for project gpio_mio ****
make pre-build main-build 
a9-linaro-pre-build-step
' '
make: Nothing to be done for 'main-build'.
20:21:26 **** Auto Build of configuration Debug for project gpio_mio ****
make pre-build main-build 
a9-linaro-pre-build-step
' '
'Building file: ../src/main.c'
'Invoking: ARM v7 gcc compiler'
arm-none-eabi-gcc -Wall -O0 -g3 -c -fmessage-length=0 -MT"src/main.o" -mcpu=cortex-a9 -mfpu=vfpv3 -mfloat-abi=hard -I../../gpio_mio_bsp/ps7_cortexa9_0/include -MMD -MP -MF"src/main.d" -MT"src/main.o" -o "src/main.o" "../src/main.c"
'Finished building: ../src/main.c'
' '
'Building target: gpio_mio.elf'
'Invoking: ARM v7 gcc linker'
arm-none-eabi-gcc -mcpu=cortex-a9 -mfpu=vfpv3 -mfloat-abi=hard -Wl,-build-id=none -specs=Xilinx.spec -Wl,-T -Wl,../src/lscript.ld -L../../gpio_mio_bsp/ps7_cortexa9_0/lib -o "gpio_mio.elf"  ./src/main.o   -Wl,--start-group,-lxil,-lgcc,-lc,--end-group
'Finished building target: gpio_mio.elf'
' '
'Invoking: ARM v7 Print Size'
arm-none-eabi-size gpio_mio.elf  |tee "gpio_mio.elf.size"
   text	   data	    bss	    dec	    hex	filename
  77292	   2588	  23376	 103256	  19358	gpio_mio.elf
'Finished building: gpio_mio.elf.size'
' '
20:21:34 **** Incremental Build of configuration Debug for project gpio_mio ****
make pre-build main-build 
a9-linaro-pre-build-step
' '
make: Nothing to be done for 'main-build'.
20:21:50 **** Incremental Build of configuration Debug for project gpio_mio ****
make pre-build main-build 
a9-linaro-pre-build-step
' '
make: Nothing to be done for 'main-build'.
20:23:20 **** Auto Build of configuration Debug for project gpio_mio ****
make pre-build main-build 
a9-linaro-pre-build-step
' '
'Building file: ../src/main.c'
'Invoking: ARM v7 gcc compiler'
arm-none-eabi-gcc -Wall -O0 -g3 -c -fmessage-length=0 -MT"src/main.o" -mcpu=cortex-a9 -mfpu=vfpv3 -mfloat-abi=hard -I../../gpio_mio_bsp/ps7_cortexa9_0/include -MMD -MP -MF"src/main.d" -MT"src/main.o" -o "src/main.o" "../src/main.c"
../src/main.c: In function 'main':
../src/main.c:28:3: warning: implicit declaration of function 'sleep'; did you mean 'strsep'? [-Wimplicit-function-declaration]
   sleep(1);
   ^~~~~
   strsep
'Finished building: ../src/main.c'
' '
'Building target: gpio_mio.elf'
'Invoking: ARM v7 gcc linker'
arm-none-eabi-gcc -mcpu=cortex-a9 -mfpu=vfpv3 -mfloat-abi=hard -Wl,-build-id=none -specs=Xilinx.spec -Wl,-T -Wl,../src/lscript.ld -L../../gpio_mio_bsp/ps7_cortexa9_0/lib -o "gpio_mio.elf"  ./src/main.o   -Wl,--start-group,-lxil,-lgcc,-lc,--end-group
'Finished building target: gpio_mio.elf'
' '
'Invoking: ARM v7 Print Size'
arm-none-eabi-size gpio_mio.elf  |tee "gpio_mio.elf.size"
   text	   data	    bss	    dec	    hex	filename
  77484	   2588	  23376	 103448	  19418	gpio_mio.elf
'Finished building: gpio_mio.elf.size'
' '
20:23:46 **** Auto Build of configuration Debug for project gpio_mio ****
make pre-build main-build 
a9-linaro-pre-build-step
' '
'Building file: ../src/main.c'
'Invoking: ARM v7 gcc compiler'
arm-none-eabi-gcc -Wall -O0 -g3 -c -fmessage-length=0 -MT"src/main.o" -mcpu=cortex-a9 -mfpu=vfpv3 -mfloat-abi=hard -I../../gpio_mio_bsp/ps7_cortexa9_0/include -MMD -MP -MF"src/main.d" -MT"src/main.o" -o "src/main.o" "../src/main.c"
'Finished building: ../src/main.c'
' '
'Building target: gpio_mio.elf'
'Invoking: ARM v7 gcc linker'
arm-none-eabi-gcc -mcpu=cortex-a9 -mfpu=vfpv3 -mfloat-abi=hard -Wl,-build-id=none -specs=Xilinx.spec -Wl,-T -Wl,../src/lscript.ld -L../../gpio_mio_bsp/ps7_cortexa9_0/lib -o "gpio_mio.elf"  ./src/main.o   -Wl,--start-group,-lxil,-lgcc,-lc,--end-group
'Finished building target: gpio_mio.elf'
' '
'Invoking: ARM v7 Print Size'
arm-none-eabi-size gpio_mio.elf  |tee "gpio_mio.elf.size"
   text	   data	    bss	    dec	    hex	filename
  77484	   2588	  23376	 103448	  19418	gpio_mio.elf
'Finished building: gpio_mio.elf.size'
' '
20:23:53 **** Incremental Build of configuration Debug for project gpio_mio ****
make pre-build main-build 
a9-linaro-pre-build-step
' '
make: Nothing to be done for 'main-build'.
20:25:11 **** Auto Build of configuration Debug for project gpio_mio ****
make pre-build main-build 
a9-linaro-pre-build-step
' '
'Building file: ../src/main.c'
'Invoking: ARM v7 gcc compiler'
arm-none-eabi-gcc -Wall -O0 -g3 -c -fmessage-length=0 -MT"src/main.o" -mcpu=cortex-a9 -mfpu=vfpv3 -mfloat-abi=hard -I../../gpio_mio_bsp/ps7_cortexa9_0/include -MMD -MP -MF"src/main.d" -MT"src/main.o" -o "src/main.o" "../src/main.c"
'Finished building: ../src/main.c'
' '
'Building target: gpio_mio.elf'
'Invoking: ARM v7 gcc linker'
arm-none-eabi-gcc -mcpu=cortex-a9 -mfpu=vfpv3 -mfloat-abi=hard -Wl,-build-id=none -specs=Xilinx.spec -Wl,-T -Wl,../src/lscript.ld -L../../gpio_mio_bsp/ps7_cortexa9_0/lib -o "gpio_mio.elf"  ./src/main.o   -Wl,--start-group,-lxil,-lgcc,-lc,--end-group
'Finished building target: gpio_mio.elf'
' '
'Invoking: ARM v7 Print Size'
arm-none-eabi-size gpio_mio.elf  |tee "gpio_mio.elf.size"
   text	   data	    bss	    dec	    hex	filename
  77484	   2588	  23376	 103448	  19418	gpio_mio.elf
'Finished building: gpio_mio.elf.size'
' '
20:25:15 **** Incremental Build of configuration Debug for project gpio_mio ****
make pre-build main-build 
a9-linaro-pre-build-step
' '
make: Nothing to be done for 'main-build'.
20:25:32 **** Auto Build of configuration Debug for project gpio_mio ****
make pre-build main-build 
a9-linaro-pre-build-step
' '
'Building file: ../src/main.c'
'Invoking: ARM v7 gcc compiler'
arm-none-eabi-gcc -Wall -O0 -g3 -c -fmessage-length=0 -MT"src/main.o" -mcpu=cortex-a9 -mfpu=vfpv3 -mfloat-abi=hard -I../../gpio_mio_bsp/ps7_cortexa9_0/include -MMD -MP -MF"src/main.d" -MT"src/main.o" -o "src/main.o" "../src/main.c"
'Finished building: ../src/main.c'
' '
'Building target: gpio_mio.elf'
'Invoking: ARM v7 gcc linker'
arm-none-eabi-gcc -mcpu=cortex-a9 -mfpu=vfpv3 -mfloat-abi=hard -Wl,-build-id=none -specs=Xilinx.spec -Wl,-T -Wl,../src/lscript.ld -L../../gpio_mio_bsp/ps7_cortexa9_0/lib -o "gpio_mio.elf"  ./src/main.o   -Wl,--start-group,-lxil,-lgcc,-lc,--end-group
'Finished building target: gpio_mio.elf'
' '
'Invoking: ARM v7 Print Size'
arm-none-eabi-size gpio_mio.elf  |tee "gpio_mio.elf.size"
   text	   data	    bss	    dec	    hex	filename
  77484	   2588	  23376	 103448	  19418	gpio_mio.elf
'Finished building: gpio_mio.elf.size'
' '
20:25:35 **** Incremental Build of configuration Debug for project gpio_mio ****
make pre-build main-build 
a9-linaro-pre-build-step
' '
make: Nothing to be done for 'main-build'.
20:25:58 **** Auto Build of configuration Debug for project gpio_mio ****
make pre-build main-build 
a9-linaro-pre-build-step
' '
'Building file: ../src/main.c'
'Invoking: ARM v7 gcc compiler'
arm-none-eabi-gcc -Wall -O0 -g3 -c -fmessage-length=0 -MT"src/main.o" -mcpu=cortex-a9 -mfpu=vfpv3 -mfloat-abi=hard -I../../gpio_mio_bsp/ps7_cortexa9_0/include -MMD -MP -MF"src/main.d" -MT"src/main.o" -o "src/main.o" "../src/main.c"
'Finished building: ../src/main.c'
' '
'Building target: gpio_mio.elf'
'Invoking: ARM v7 gcc linker'
arm-none-eabi-gcc -mcpu=cortex-a9 -mfpu=vfpv3 -mfloat-abi=hard -Wl,-build-id=none -specs=Xilinx.spec -Wl,-T -Wl,../src/lscript.ld -L../../gpio_mio_bsp/ps7_cortexa9_0/lib -o "gpio_mio.elf"  ./src/main.o   -Wl,--start-group,-lxil,-lgcc,-lc,--end-group
'Finished building target: gpio_mio.elf'
' '
'Invoking: ARM v7 Print Size'
arm-none-eabi-size gpio_mio.elf  |tee "gpio_mio.elf.size"
   text	   data	    bss	    dec	    hex	filename
  77484	   2588	  23376	 103448	  19418	gpio_mio.elf
'Finished building: gpio_mio.elf.size'
' '
20:26:02 **** Incremental Build of configuration Debug for project gpio_mio ****
make pre-build main-build 
a9-linaro-pre-build-step
' '
make: Nothing to be done for 'main-build'.
20:26:46 **** Auto Build of configuration Debug for project gpio_mio ****
make pre-build main-build 
a9-linaro-pre-build-step
' '
'Building file: ../src/main.c'
'Invoking: ARM v7 gcc compiler'
arm-none-eabi-gcc -Wall -O0 -g3 -c -fmessage-length=0 -MT"src/main.o" -mcpu=cortex-a9 -mfpu=vfpv3 -mfloat-abi=hard -I../../gpio_mio_bsp/ps7_cortexa9_0/include -MMD -MP -MF"src/main.d" -MT"src/main.o" -o "src/main.o" "../src/main.c"
'Finished building: ../src/main.c'
' '
'Building target: gpio_mio.elf'
'Invoking: ARM v7 gcc linker'
arm-none-eabi-gcc -mcpu=cortex-a9 -mfpu=vfpv3 -mfloat-abi=hard -Wl,-build-id=none -specs=Xilinx.spec -Wl,-T -Wl,../src/lscript.ld -L../../gpio_mio_bsp/ps7_cortexa9_0/lib -o "gpio_mio.elf"  ./src/main.o   -Wl,--start-group,-lxil,-lgcc,-lc,--end-group
'Finished building target: gpio_mio.elf'
' '
'Invoking: ARM v7 Print Size'
arm-none-eabi-size gpio_mio.elf  |tee "gpio_mio.elf.size"
   text	   data	    bss	    dec	    hex	filename
  77484	   2588	  23376	 103448	  19418	gpio_mio.elf
'Finished building: gpio_mio.elf.size'
' '
20:26:50 **** Incremental Build of configuration Debug for project gpio_mio ****
make pre-build main-build 
a9-linaro-pre-build-step
' '
make: Nothing to be done for 'main-build'.
20:27:14 **** Incremental Build of configuration Debug for project gpio_mio ****
make pre-build main-build 
a9-linaro-pre-build-step
' '
make: Nothing to be done for 'main-build'.
