20:51:44 INFO  : Registering command handlers for SDK TCF services
20:51:47 INFO  : Launching XSCT server: xsct.bat -interactive C:\Users\Admin\Desktop\VIVADO_Projects\PS\ip\user_led.sdk\temp_xsdb_launch_script.tcl
20:51:50 INFO  : XSCT server has started successfully.
20:51:50 INFO  : Successfully done setting XSCT server connection channel  
20:51:50 INFO  : Successfully done setting SDK workspace  
20:51:50 INFO  : Processing command line option -hwspec C:/Users/Admin/Desktop/VIVADO_Projects/PS/ip/user_led.sdk/system_wrapper.hdf.
20:54:37 INFO  : Connected to target on host '127.0.0.1' and port '3121'.
20:54:38 INFO  : 'targets -set -filter {jtag_cable_name =~ "Digilent JTAG-SMT3 210357A7D00EA" && level==0} -index 1' command is executed.
20:54:40 INFO  : FPGA configured successfully with bitstream "C:/Users/Admin/Desktop/VIVADO_Projects/PS/ip/user_led.sdk/system_wrapper_hw_platform_0/system_wrapper.bit"
20:54:47 INFO  : 'targets -set -filter {jtag_cable_name =~ "Digilent JTAG-SMT3 210357A7D00EA" && level==0} -index 1' command is executed.
20:54:47 INFO  : 'fpga -state' command is executed.
20:54:47 INFO  : Connected to target on host '127.0.0.1' and port '3121'.
20:54:47 INFO  : Jtag cable 'Digilent JTAG-SMT3 210357A7D00EA' is selected.
20:54:47 INFO  : 'jtag frequency' command is executed.
20:54:47 INFO  : Sourcing of 'C:/Users/Admin/Desktop/VIVADO_Projects/PS/ip/user_led.sdk/system_wrapper_hw_platform_0/ps7_init.tcl' is done.
20:54:47 INFO  : Context for 'APU' is selected.
20:54:47 INFO  : Hardware design information is loaded from 'C:/Users/Admin/Desktop/VIVADO_Projects/PS/ip/user_led.sdk/system_wrapper_hw_platform_0/system.hdf'.
20:54:47 INFO  : 'configparams force-mem-access 1' command is executed.
20:54:47 INFO  : Context for 'APU' is selected.
20:54:47 INFO  : 'stop' command is executed.
20:54:47 INFO  : 'ps7_init' command is executed.
20:54:47 INFO  : 'ps7_post_config' command is executed.
20:54:47 INFO  : Context for processor 'ps7_cortexa9_0' is selected.
20:54:48 INFO  : Processor reset is completed for 'ps7_cortexa9_0'.
20:54:48 INFO  : Context for processor 'ps7_cortexa9_0' is selected.
20:54:48 INFO  : The application 'C:/Users/Admin/Desktop/VIVADO_Projects/PS/ip/user_led.sdk/user_led/Debug/user_led.elf' is downloaded to processor 'ps7_cortexa9_0'.
20:54:48 INFO  : 'configparams force-mem-access 0' command is executed.
20:54:48 INFO  : ----------------XSDB Script----------------
connect -url tcp:127.0.0.1:3121
source C:/Users/Admin/Desktop/VIVADO_Projects/PS/ip/user_led.sdk/system_wrapper_hw_platform_0/ps7_init.tcl
targets -set -nocase -filter {name =~"APU*" && jtag_cable_name =~ "Digilent JTAG-SMT3 210357A7D00EA"} -index 0
loadhw -hw C:/Users/Admin/Desktop/VIVADO_Projects/PS/ip/user_led.sdk/system_wrapper_hw_platform_0/system.hdf -mem-ranges [list {0x40000000 0xbfffffff}]
configparams force-mem-access 1
targets -set -nocase -filter {name =~"APU*" && jtag_cable_name =~ "Digilent JTAG-SMT3 210357A7D00EA"} -index 0
stop
ps7_init
ps7_post_config
targets -set -nocase -filter {name =~ "ARM*#0" && jtag_cable_name =~ "Digilent JTAG-SMT3 210357A7D00EA"} -index 0
rst -processor
targets -set -nocase -filter {name =~ "ARM*#0" && jtag_cable_name =~ "Digilent JTAG-SMT3 210357A7D00EA"} -index 0
dow C:/Users/Admin/Desktop/VIVADO_Projects/PS/ip/user_led.sdk/user_led/Debug/user_led.elf
configparams force-mem-access 0
----------------End of Script----------------

20:54:48 INFO  : Memory regions updated for context APU
20:54:48 INFO  : Context for processor 'ps7_cortexa9_0' is selected.
20:54:48 INFO  : 'con' command is executed.
20:54:48 INFO  : ----------------XSDB Script (After Launch)----------------
targets -set -nocase -filter {name =~ "ARM*#0" && jtag_cable_name =~ "Digilent JTAG-SMT3 210357A7D00EA"} -index 0
con
----------------End of Script----------------

20:54:48 INFO  : Launch script is exported to file 'C:\Users\Admin\Desktop\VIVADO_Projects\PS\ip\user_led.sdk\.sdk\launch_scripts\xilinx_c-c++_application_(system_debugger)\system_debugger_using_debug_user_led.elf_on_local.tcl'
20:55:02 INFO  : Disconnected from the channel tcfchan#1.
20:55:03 INFO  : 'targets -set -filter {jtag_cable_name =~ "Digilent JTAG-SMT3 210357A7D00EA" && level==0} -index 1' command is executed.
20:55:03 INFO  : 'fpga -state' command is executed.
20:55:03 INFO  : Connected to target on host '127.0.0.1' and port '3121'.
20:55:03 INFO  : Jtag cable 'Digilent JTAG-SMT3 210357A7D00EA' is selected.
20:55:03 INFO  : 'jtag frequency' command is executed.
20:55:03 INFO  : Sourcing of 'C:/Users/Admin/Desktop/VIVADO_Projects/PS/ip/user_led.sdk/system_wrapper_hw_platform_0/ps7_init.tcl' is done.
20:55:03 INFO  : Context for 'APU' is selected.
20:55:04 INFO  : Hardware design information is loaded from 'C:/Users/Admin/Desktop/VIVADO_Projects/PS/ip/user_led.sdk/system_wrapper_hw_platform_0/system.hdf'.
20:55:04 INFO  : 'configparams force-mem-access 1' command is executed.
20:55:04 INFO  : Context for 'APU' is selected.
20:55:04 INFO  : 'stop' command is executed.
20:55:04 INFO  : 'ps7_init' command is executed.
20:55:04 INFO  : 'ps7_post_config' command is executed.
20:55:04 INFO  : Context for processor 'ps7_cortexa9_0' is selected.
20:55:04 INFO  : Processor reset is completed for 'ps7_cortexa9_0'.
20:55:04 INFO  : Context for processor 'ps7_cortexa9_0' is selected.
20:55:05 INFO  : The application 'C:/Users/Admin/Desktop/VIVADO_Projects/PS/ip/user_led.sdk/user_led/Debug/user_led.elf' is downloaded to processor 'ps7_cortexa9_0'.
20:55:05 INFO  : 'configparams force-mem-access 0' command is executed.
20:55:05 INFO  : ----------------XSDB Script----------------
connect -url tcp:127.0.0.1:3121
source C:/Users/Admin/Desktop/VIVADO_Projects/PS/ip/user_led.sdk/system_wrapper_hw_platform_0/ps7_init.tcl
targets -set -nocase -filter {name =~"APU*" && jtag_cable_name =~ "Digilent JTAG-SMT3 210357A7D00EA"} -index 0
loadhw -hw C:/Users/Admin/Desktop/VIVADO_Projects/PS/ip/user_led.sdk/system_wrapper_hw_platform_0/system.hdf -mem-ranges [list {0x40000000 0xbfffffff}]
configparams force-mem-access 1
targets -set -nocase -filter {name =~"APU*" && jtag_cable_name =~ "Digilent JTAG-SMT3 210357A7D00EA"} -index 0
stop
ps7_init
ps7_post_config
targets -set -nocase -filter {name =~ "ARM*#0" && jtag_cable_name =~ "Digilent JTAG-SMT3 210357A7D00EA"} -index 0
rst -processor
targets -set -nocase -filter {name =~ "ARM*#0" && jtag_cable_name =~ "Digilent JTAG-SMT3 210357A7D00EA"} -index 0
dow C:/Users/Admin/Desktop/VIVADO_Projects/PS/ip/user_led.sdk/user_led/Debug/user_led.elf
configparams force-mem-access 0
----------------End of Script----------------

20:55:05 INFO  : Memory regions updated for context APU
20:55:05 INFO  : Context for processor 'ps7_cortexa9_0' is selected.
20:55:05 INFO  : 'con' command is executed.
20:55:05 INFO  : ----------------XSDB Script (After Launch)----------------
targets -set -nocase -filter {name =~ "ARM*#0" && jtag_cable_name =~ "Digilent JTAG-SMT3 210357A7D00EA"} -index 0
con
----------------End of Script----------------

20:55:05 INFO  : Launch script is exported to file 'C:\Users\Admin\Desktop\VIVADO_Projects\PS\ip\user_led.sdk\.sdk\launch_scripts\xilinx_c-c++_application_(system_debugger)\system_debugger_using_debug_user_led.elf_on_local.tcl'
21:01:07 INFO  : Disconnected from the channel tcfchan#2.
21:01:08 INFO  : 'targets -set -filter {jtag_cable_name =~ "Digilent JTAG-SMT3 210357A7D00EA" && level==0} -index 1' command is executed.
21:01:08 INFO  : 'fpga -state' command is executed.
21:01:08 INFO  : Connected to target on host '127.0.0.1' and port '3121'.
21:01:08 INFO  : Jtag cable 'Digilent JTAG-SMT3 210357A7D00EA' is selected.
21:01:08 INFO  : 'jtag frequency' command is executed.
21:01:08 INFO  : Sourcing of 'C:/Users/Admin/Desktop/VIVADO_Projects/PS/ip/user_led.sdk/system_wrapper_hw_platform_0/ps7_init.tcl' is done.
21:01:08 INFO  : Context for 'APU' is selected.
21:01:09 INFO  : Hardware design information is loaded from 'C:/Users/Admin/Desktop/VIVADO_Projects/PS/ip/user_led.sdk/system_wrapper_hw_platform_0/system.hdf'.
21:01:09 INFO  : 'configparams force-mem-access 1' command is executed.
21:01:09 INFO  : Context for 'APU' is selected.
21:01:09 INFO  : 'stop' command is executed.
21:01:09 INFO  : 'ps7_init' command is executed.
21:01:09 INFO  : 'ps7_post_config' command is executed.
21:01:09 INFO  : Context for processor 'ps7_cortexa9_0' is selected.
21:01:10 INFO  : Processor reset is completed for 'ps7_cortexa9_0'.
21:01:10 INFO  : Context for processor 'ps7_cortexa9_0' is selected.
21:01:10 INFO  : The application 'C:/Users/Admin/Desktop/VIVADO_Projects/PS/ip/user_led.sdk/user_led/Debug/user_led.elf' is downloaded to processor 'ps7_cortexa9_0'.
21:01:10 INFO  : 'configparams force-mem-access 0' command is executed.
21:01:10 INFO  : ----------------XSDB Script----------------
connect -url tcp:127.0.0.1:3121
source C:/Users/Admin/Desktop/VIVADO_Projects/PS/ip/user_led.sdk/system_wrapper_hw_platform_0/ps7_init.tcl
targets -set -nocase -filter {name =~"APU*" && jtag_cable_name =~ "Digilent JTAG-SMT3 210357A7D00EA"} -index 0
loadhw -hw C:/Users/Admin/Desktop/VIVADO_Projects/PS/ip/user_led.sdk/system_wrapper_hw_platform_0/system.hdf -mem-ranges [list {0x40000000 0xbfffffff}]
configparams force-mem-access 1
targets -set -nocase -filter {name =~"APU*" && jtag_cable_name =~ "Digilent JTAG-SMT3 210357A7D00EA"} -index 0
stop
ps7_init
ps7_post_config
targets -set -nocase -filter {name =~ "ARM*#0" && jtag_cable_name =~ "Digilent JTAG-SMT3 210357A7D00EA"} -index 0
rst -processor
targets -set -nocase -filter {name =~ "ARM*#0" && jtag_cable_name =~ "Digilent JTAG-SMT3 210357A7D00EA"} -index 0
dow C:/Users/Admin/Desktop/VIVADO_Projects/PS/ip/user_led.sdk/user_led/Debug/user_led.elf
configparams force-mem-access 0
----------------End of Script----------------

21:01:10 INFO  : Memory regions updated for context APU
21:01:10 INFO  : Context for processor 'ps7_cortexa9_0' is selected.
21:01:10 INFO  : 'con' command is executed.
21:01:10 INFO  : ----------------XSDB Script (After Launch)----------------
targets -set -nocase -filter {name =~ "ARM*#0" && jtag_cable_name =~ "Digilent JTAG-SMT3 210357A7D00EA"} -index 0
con
----------------End of Script----------------

21:01:10 INFO  : Launch script is exported to file 'C:\Users\Admin\Desktop\VIVADO_Projects\PS\ip\user_led.sdk\.sdk\launch_scripts\xilinx_c-c++_application_(system_debugger)\system_debugger_using_debug_user_led.elf_on_local.tcl'
21:02:30 INFO  : Disconnected from the channel tcfchan#3.
21:02:31 INFO  : 'targets -set -filter {jtag_cable_name =~ "Digilent JTAG-SMT3 210357A7D00EA" && level==0} -index 1' command is executed.
21:02:31 INFO  : 'fpga -state' command is executed.
21:02:31 INFO  : Connected to target on host '127.0.0.1' and port '3121'.
21:02:32 INFO  : Jtag cable 'Digilent JTAG-SMT3 210357A7D00EA' is selected.
21:02:32 INFO  : 'jtag frequency' command is executed.
21:02:32 INFO  : Sourcing of 'C:/Users/Admin/Desktop/VIVADO_Projects/PS/ip/user_led.sdk/system_wrapper_hw_platform_0/ps7_init.tcl' is done.
21:02:32 INFO  : Context for 'APU' is selected.
21:02:32 INFO  : Hardware design information is loaded from 'C:/Users/Admin/Desktop/VIVADO_Projects/PS/ip/user_led.sdk/system_wrapper_hw_platform_0/system.hdf'.
21:02:32 INFO  : 'configparams force-mem-access 1' command is executed.
21:02:32 INFO  : Context for 'APU' is selected.
21:02:32 INFO  : 'stop' command is executed.
21:02:33 INFO  : 'ps7_init' command is executed.
21:02:33 INFO  : 'ps7_post_config' command is executed.
21:02:33 INFO  : Context for processor 'ps7_cortexa9_0' is selected.
21:02:33 INFO  : Processor reset is completed for 'ps7_cortexa9_0'.
21:02:33 INFO  : Context for processor 'ps7_cortexa9_0' is selected.
21:02:33 INFO  : The application 'C:/Users/Admin/Desktop/VIVADO_Projects/PS/ip/user_led.sdk/user_led/Debug/user_led.elf' is downloaded to processor 'ps7_cortexa9_0'.
21:02:33 INFO  : 'configparams force-mem-access 0' command is executed.
21:02:33 INFO  : ----------------XSDB Script----------------
connect -url tcp:127.0.0.1:3121
source C:/Users/Admin/Desktop/VIVADO_Projects/PS/ip/user_led.sdk/system_wrapper_hw_platform_0/ps7_init.tcl
targets -set -nocase -filter {name =~"APU*" && jtag_cable_name =~ "Digilent JTAG-SMT3 210357A7D00EA"} -index 0
loadhw -hw C:/Users/Admin/Desktop/VIVADO_Projects/PS/ip/user_led.sdk/system_wrapper_hw_platform_0/system.hdf -mem-ranges [list {0x40000000 0xbfffffff}]
configparams force-mem-access 1
targets -set -nocase -filter {name =~"APU*" && jtag_cable_name =~ "Digilent JTAG-SMT3 210357A7D00EA"} -index 0
stop
ps7_init
ps7_post_config
targets -set -nocase -filter {name =~ "ARM*#0" && jtag_cable_name =~ "Digilent JTAG-SMT3 210357A7D00EA"} -index 0
rst -processor
targets -set -nocase -filter {name =~ "ARM*#0" && jtag_cable_name =~ "Digilent JTAG-SMT3 210357A7D00EA"} -index 0
dow C:/Users/Admin/Desktop/VIVADO_Projects/PS/ip/user_led.sdk/user_led/Debug/user_led.elf
configparams force-mem-access 0
----------------End of Script----------------

21:02:33 INFO  : Memory regions updated for context APU
21:02:33 INFO  : Context for processor 'ps7_cortexa9_0' is selected.
21:02:33 INFO  : 'con' command is executed.
21:02:33 INFO  : ----------------XSDB Script (After Launch)----------------
targets -set -nocase -filter {name =~ "ARM*#0" && jtag_cable_name =~ "Digilent JTAG-SMT3 210357A7D00EA"} -index 0
con
----------------End of Script----------------

21:02:33 INFO  : Launch script is exported to file 'C:\Users\Admin\Desktop\VIVADO_Projects\PS\ip\user_led.sdk\.sdk\launch_scripts\xilinx_c-c++_application_(system_debugger)\system_debugger_using_debug_user_led.elf_on_local.tcl'
21:08:21 INFO  : Disconnected from the channel tcfchan#4.
21:08:22 INFO  : 'targets -set -filter {jtag_cable_name =~ "Digilent JTAG-SMT3 210357A7D00EA" && level==0} -index 1' command is executed.
21:08:22 INFO  : 'fpga -state' command is executed.
21:08:22 INFO  : Connected to target on host '127.0.0.1' and port '3121'.
21:08:22 INFO  : Jtag cable 'Digilent JTAG-SMT3 210357A7D00EA' is selected.
21:08:22 INFO  : 'jtag frequency' command is executed.
21:08:22 INFO  : Sourcing of 'C:/Users/Admin/Desktop/VIVADO_Projects/PS/ip/user_led.sdk/system_wrapper_hw_platform_0/ps7_init.tcl' is done.
21:08:22 INFO  : Context for 'APU' is selected.
21:08:23 INFO  : Hardware design information is loaded from 'C:/Users/Admin/Desktop/VIVADO_Projects/PS/ip/user_led.sdk/system_wrapper_hw_platform_0/system.hdf'.
21:08:23 INFO  : 'configparams force-mem-access 1' command is executed.
21:08:23 INFO  : Context for 'APU' is selected.
21:08:23 INFO  : 'stop' command is executed.
21:08:24 INFO  : 'ps7_init' command is executed.
21:08:24 INFO  : 'ps7_post_config' command is executed.
21:08:24 INFO  : Context for processor 'ps7_cortexa9_0' is selected.
21:08:24 INFO  : Processor reset is completed for 'ps7_cortexa9_0'.
21:08:24 INFO  : Context for processor 'ps7_cortexa9_0' is selected.
21:08:24 INFO  : The application 'C:/Users/Admin/Desktop/VIVADO_Projects/PS/ip/user_led.sdk/user_led/Debug/user_led.elf' is downloaded to processor 'ps7_cortexa9_0'.
21:08:24 INFO  : 'configparams force-mem-access 0' command is executed.
21:08:24 INFO  : ----------------XSDB Script----------------
connect -url tcp:127.0.0.1:3121
source C:/Users/Admin/Desktop/VIVADO_Projects/PS/ip/user_led.sdk/system_wrapper_hw_platform_0/ps7_init.tcl
targets -set -nocase -filter {name =~"APU*" && jtag_cable_name =~ "Digilent JTAG-SMT3 210357A7D00EA"} -index 0
loadhw -hw C:/Users/Admin/Desktop/VIVADO_Projects/PS/ip/user_led.sdk/system_wrapper_hw_platform_0/system.hdf -mem-ranges [list {0x40000000 0xbfffffff}]
configparams force-mem-access 1
targets -set -nocase -filter {name =~"APU*" && jtag_cable_name =~ "Digilent JTAG-SMT3 210357A7D00EA"} -index 0
stop
ps7_init
ps7_post_config
targets -set -nocase -filter {name =~ "ARM*#0" && jtag_cable_name =~ "Digilent JTAG-SMT3 210357A7D00EA"} -index 0
rst -processor
targets -set -nocase -filter {name =~ "ARM*#0" && jtag_cable_name =~ "Digilent JTAG-SMT3 210357A7D00EA"} -index 0
dow C:/Users/Admin/Desktop/VIVADO_Projects/PS/ip/user_led.sdk/user_led/Debug/user_led.elf
configparams force-mem-access 0
----------------End of Script----------------

21:08:24 INFO  : Memory regions updated for context APU
21:08:24 INFO  : Context for processor 'ps7_cortexa9_0' is selected.
21:08:24 INFO  : 'con' command is executed.
21:08:24 INFO  : ----------------XSDB Script (After Launch)----------------
targets -set -nocase -filter {name =~ "ARM*#0" && jtag_cable_name =~ "Digilent JTAG-SMT3 210357A7D00EA"} -index 0
con
----------------End of Script----------------

21:08:24 INFO  : Launch script is exported to file 'C:\Users\Admin\Desktop\VIVADO_Projects\PS\ip\user_led.sdk\.sdk\launch_scripts\xilinx_c-c++_application_(system_debugger)\system_debugger_using_debug_user_led.elf_on_local.tcl'
21:08:43 INFO  : Disconnected from the channel tcfchan#5.
21:08:44 INFO  : 'targets -set -filter {jtag_cable_name =~ "Digilent JTAG-SMT3 210357A7D00EA" && level==0} -index 1' command is executed.
21:08:44 INFO  : 'fpga -state' command is executed.
21:08:44 INFO  : Connected to target on host '127.0.0.1' and port '3121'.
21:08:44 INFO  : Jtag cable 'Digilent JTAG-SMT3 210357A7D00EA' is selected.
21:08:44 INFO  : 'jtag frequency' command is executed.
21:08:44 INFO  : Sourcing of 'C:/Users/Admin/Desktop/VIVADO_Projects/PS/ip/user_led.sdk/system_wrapper_hw_platform_0/ps7_init.tcl' is done.
21:08:44 INFO  : Context for 'APU' is selected.
21:08:45 INFO  : Hardware design information is loaded from 'C:/Users/Admin/Desktop/VIVADO_Projects/PS/ip/user_led.sdk/system_wrapper_hw_platform_0/system.hdf'.
21:08:45 INFO  : 'configparams force-mem-access 1' command is executed.
21:08:45 INFO  : Context for 'APU' is selected.
21:08:45 INFO  : 'stop' command is executed.
21:08:45 INFO  : 'ps7_init' command is executed.
21:08:45 INFO  : 'ps7_post_config' command is executed.
21:08:45 INFO  : Context for processor 'ps7_cortexa9_0' is selected.
21:08:45 INFO  : Processor reset is completed for 'ps7_cortexa9_0'.
21:08:45 INFO  : Context for processor 'ps7_cortexa9_0' is selected.
21:08:46 INFO  : The application 'C:/Users/Admin/Desktop/VIVADO_Projects/PS/ip/user_led.sdk/user_led/Debug/user_led.elf' is downloaded to processor 'ps7_cortexa9_0'.
21:08:46 INFO  : 'configparams force-mem-access 0' command is executed.
21:08:46 INFO  : ----------------XSDB Script----------------
connect -url tcp:127.0.0.1:3121
source C:/Users/Admin/Desktop/VIVADO_Projects/PS/ip/user_led.sdk/system_wrapper_hw_platform_0/ps7_init.tcl
targets -set -nocase -filter {name =~"APU*" && jtag_cable_name =~ "Digilent JTAG-SMT3 210357A7D00EA"} -index 0
loadhw -hw C:/Users/Admin/Desktop/VIVADO_Projects/PS/ip/user_led.sdk/system_wrapper_hw_platform_0/system.hdf -mem-ranges [list {0x40000000 0xbfffffff}]
configparams force-mem-access 1
targets -set -nocase -filter {name =~"APU*" && jtag_cable_name =~ "Digilent JTAG-SMT3 210357A7D00EA"} -index 0
stop
ps7_init
ps7_post_config
targets -set -nocase -filter {name =~ "ARM*#0" && jtag_cable_name =~ "Digilent JTAG-SMT3 210357A7D00EA"} -index 0
rst -processor
targets -set -nocase -filter {name =~ "ARM*#0" && jtag_cable_name =~ "Digilent JTAG-SMT3 210357A7D00EA"} -index 0
dow C:/Users/Admin/Desktop/VIVADO_Projects/PS/ip/user_led.sdk/user_led/Debug/user_led.elf
configparams force-mem-access 0
----------------End of Script----------------

21:08:46 INFO  : Memory regions updated for context APU
21:08:46 INFO  : Context for processor 'ps7_cortexa9_0' is selected.
21:08:46 INFO  : 'con' command is executed.
21:08:46 INFO  : ----------------XSDB Script (After Launch)----------------
targets -set -nocase -filter {name =~ "ARM*#0" && jtag_cable_name =~ "Digilent JTAG-SMT3 210357A7D00EA"} -index 0
con
----------------End of Script----------------

21:08:46 INFO  : Launch script is exported to file 'C:\Users\Admin\Desktop\VIVADO_Projects\PS\ip\user_led.sdk\.sdk\launch_scripts\xilinx_c-c++_application_(system_debugger)\system_debugger_using_debug_user_led.elf_on_local.tcl'
21:09:04 INFO  : Disconnected from the channel tcfchan#6.
21:09:05 INFO  : 'targets -set -filter {jtag_cable_name =~ "Digilent JTAG-SMT3 210357A7D00EA" && level==0} -index 1' command is executed.
21:09:05 INFO  : 'fpga -state' command is executed.
21:09:05 INFO  : Connected to target on host '127.0.0.1' and port '3121'.
21:09:05 INFO  : Jtag cable 'Digilent JTAG-SMT3 210357A7D00EA' is selected.
21:09:05 INFO  : 'jtag frequency' command is executed.
21:09:05 INFO  : Sourcing of 'C:/Users/Admin/Desktop/VIVADO_Projects/PS/ip/user_led.sdk/system_wrapper_hw_platform_0/ps7_init.tcl' is done.
21:09:05 INFO  : Context for 'APU' is selected.
21:09:06 INFO  : Hardware design information is loaded from 'C:/Users/Admin/Desktop/VIVADO_Projects/PS/ip/user_led.sdk/system_wrapper_hw_platform_0/system.hdf'.
21:09:06 INFO  : 'configparams force-mem-access 1' command is executed.
21:09:06 INFO  : Context for 'APU' is selected.
21:09:06 INFO  : 'stop' command is executed.
21:09:07 INFO  : 'ps7_init' command is executed.
21:09:07 INFO  : 'ps7_post_config' command is executed.
21:09:07 INFO  : Context for processor 'ps7_cortexa9_0' is selected.
21:09:07 INFO  : Processor reset is completed for 'ps7_cortexa9_0'.
21:09:07 INFO  : Context for processor 'ps7_cortexa9_0' is selected.
21:09:07 INFO  : The application 'C:/Users/Admin/Desktop/VIVADO_Projects/PS/ip/user_led.sdk/user_led/Debug/user_led.elf' is downloaded to processor 'ps7_cortexa9_0'.
21:09:07 INFO  : 'configparams force-mem-access 0' command is executed.
21:09:07 INFO  : ----------------XSDB Script----------------
connect -url tcp:127.0.0.1:3121
source C:/Users/Admin/Desktop/VIVADO_Projects/PS/ip/user_led.sdk/system_wrapper_hw_platform_0/ps7_init.tcl
targets -set -nocase -filter {name =~"APU*" && jtag_cable_name =~ "Digilent JTAG-SMT3 210357A7D00EA"} -index 0
loadhw -hw C:/Users/Admin/Desktop/VIVADO_Projects/PS/ip/user_led.sdk/system_wrapper_hw_platform_0/system.hdf -mem-ranges [list {0x40000000 0xbfffffff}]
configparams force-mem-access 1
targets -set -nocase -filter {name =~"APU*" && jtag_cable_name =~ "Digilent JTAG-SMT3 210357A7D00EA"} -index 0
stop
ps7_init
ps7_post_config
targets -set -nocase -filter {name =~ "ARM*#0" && jtag_cable_name =~ "Digilent JTAG-SMT3 210357A7D00EA"} -index 0
rst -processor
targets -set -nocase -filter {name =~ "ARM*#0" && jtag_cable_name =~ "Digilent JTAG-SMT3 210357A7D00EA"} -index 0
dow C:/Users/Admin/Desktop/VIVADO_Projects/PS/ip/user_led.sdk/user_led/Debug/user_led.elf
configparams force-mem-access 0
----------------End of Script----------------

21:09:07 INFO  : Memory regions updated for context APU
21:09:07 INFO  : Context for processor 'ps7_cortexa9_0' is selected.
21:09:07 INFO  : 'con' command is executed.
21:09:07 INFO  : ----------------XSDB Script (After Launch)----------------
targets -set -nocase -filter {name =~ "ARM*#0" && jtag_cable_name =~ "Digilent JTAG-SMT3 210357A7D00EA"} -index 0
con
----------------End of Script----------------

21:09:07 INFO  : Launch script is exported to file 'C:\Users\Admin\Desktop\VIVADO_Projects\PS\ip\user_led.sdk\.sdk\launch_scripts\xilinx_c-c++_application_(system_debugger)\system_debugger_using_debug_user_led.elf_on_local.tcl'
21:09:18 INFO  : Disconnected from the channel tcfchan#7.
