10:18:13 INFO  : Registering command handlers for SDK TCF services
10:18:19 INFO  : Launching XSCT server: xsct.bat -interactive C:\Users\Admin\Desktop\VIVADO_Projects\PS\xadc\xadc.sdk\temp_xsdb_launch_script.tcl
10:18:21 INFO  : XSCT server has started successfully.
10:18:21 INFO  : Successfully done setting XSCT server connection channel  
10:18:21 INFO  : Processing command line option -hwspec C:/Users/Admin/Desktop/VIVADO_Projects/PS/xadc/xadc.sdk/system_wrapper.hdf.
10:18:21 INFO  : Successfully done setting SDK workspace  
10:22:22 INFO  : Connected to target on host '127.0.0.1' and port '3121'.
10:22:22 INFO  : Jtag cable 'Digilent JTAG-SMT3 210357A7D00EA' is selected.
10:22:22 INFO  : 'jtag frequency' command is executed.
10:22:22 INFO  : Sourcing of 'C:/Users/Admin/Desktop/VIVADO_Projects/PS/xadc/xadc.sdk/system_wrapper_hw_platform_0/ps7_init.tcl' is done.
10:22:22 INFO  : Context for 'APU' is selected.
10:22:22 INFO  : Hardware design information is loaded from 'C:/Users/Admin/Desktop/VIVADO_Projects/PS/xadc/xadc.sdk/system_wrapper_hw_platform_0/system.hdf'.
10:22:22 INFO  : 'configparams force-mem-access 1' command is executed.
10:22:22 INFO  : Context for 'APU' is selected.
10:22:23 INFO  : 'stop' command is executed.
10:22:23 INFO  : 'ps7_init' command is executed.
10:22:23 INFO  : 'ps7_post_config' command is executed.
10:22:23 INFO  : Context for processor 'ps7_cortexa9_0' is selected.
10:22:23 INFO  : Processor reset is completed for 'ps7_cortexa9_0'.
10:22:23 INFO  : Context for processor 'ps7_cortexa9_0' is selected.
10:22:23 INFO  : The application 'C:/Users/Admin/Desktop/VIVADO_Projects/PS/xadc/xadc.sdk/xadc/Debug/xadc.elf' is downloaded to processor 'ps7_cortexa9_0'.
10:22:23 INFO  : 'configparams force-mem-access 0' command is executed.
10:22:23 INFO  : ----------------XSDB Script----------------
connect -url tcp:127.0.0.1:3121
source C:/Users/Admin/Desktop/VIVADO_Projects/PS/xadc/xadc.sdk/system_wrapper_hw_platform_0/ps7_init.tcl
targets -set -nocase -filter {name =~"APU*" && jtag_cable_name =~ "Digilent JTAG-SMT3 210357A7D00EA"} -index 0
loadhw -hw C:/Users/Admin/Desktop/VIVADO_Projects/PS/xadc/xadc.sdk/system_wrapper_hw_platform_0/system.hdf -mem-ranges [list {0x40000000 0xbfffffff}]
configparams force-mem-access 1
targets -set -nocase -filter {name =~"APU*" && jtag_cable_name =~ "Digilent JTAG-SMT3 210357A7D00EA"} -index 0
stop
ps7_init
ps7_post_config
targets -set -nocase -filter {name =~ "ARM*#0" && jtag_cable_name =~ "Digilent JTAG-SMT3 210357A7D00EA"} -index 0
rst -processor
targets -set -nocase -filter {name =~ "ARM*#0" && jtag_cable_name =~ "Digilent JTAG-SMT3 210357A7D00EA"} -index 0
dow C:/Users/Admin/Desktop/VIVADO_Projects/PS/xadc/xadc.sdk/xadc/Debug/xadc.elf
configparams force-mem-access 0
----------------End of Script----------------

10:22:23 INFO  : Context for processor 'ps7_cortexa9_0' is selected.
10:22:23 INFO  : 'con' command is executed.
10:22:23 INFO  : ----------------XSDB Script (After Launch)----------------
targets -set -nocase -filter {name =~ "ARM*#0" && jtag_cable_name =~ "Digilent JTAG-SMT3 210357A7D00EA"} -index 0
con
----------------End of Script----------------

10:22:23 INFO  : Launch script is exported to file 'C:\Users\Admin\Desktop\VIVADO_Projects\PS\xadc\xadc.sdk\.sdk\launch_scripts\xilinx_c-c++_application_(system_debugger)\system_debugger_using_debug_xadc.elf_on_local.tcl'
13:16:50 INFO  : Disconnected from the channel tcfchan#1.
13:16:51 INFO  : Connected to target on host '127.0.0.1' and port '3121'.
13:16:51 INFO  : Jtag cable 'Digilent JTAG-SMT3 210357A7D00EA' is selected.
13:16:51 INFO  : 'jtag frequency' command is executed.
13:16:51 INFO  : Sourcing of 'C:/Users/Admin/Desktop/VIVADO_Projects/PS/xadc/xadc.sdk/system_wrapper_hw_platform_0/ps7_init.tcl' is done.
13:16:51 INFO  : Context for 'APU' is selected.
13:16:52 INFO  : Hardware design information is loaded from 'C:/Users/Admin/Desktop/VIVADO_Projects/PS/xadc/xadc.sdk/system_wrapper_hw_platform_0/system.hdf'.
13:16:52 INFO  : 'configparams force-mem-access 1' command is executed.
13:16:52 INFO  : Context for 'APU' is selected.
13:16:52 INFO  : 'stop' command is executed.
13:16:52 INFO  : 'ps7_init' command is executed.
13:16:52 INFO  : 'ps7_post_config' command is executed.
13:16:52 INFO  : Context for processor 'ps7_cortexa9_0' is selected.
13:16:52 INFO  : Processor reset is completed for 'ps7_cortexa9_0'.
13:16:52 INFO  : Context for processor 'ps7_cortexa9_0' is selected.
13:16:52 INFO  : The application 'C:/Users/Admin/Desktop/VIVADO_Projects/PS/xadc/xadc.sdk/xadc/Debug/xadc.elf' is downloaded to processor 'ps7_cortexa9_0'.
13:16:52 INFO  : 'configparams force-mem-access 0' command is executed.
13:16:52 INFO  : ----------------XSDB Script----------------
connect -url tcp:127.0.0.1:3121
source C:/Users/Admin/Desktop/VIVADO_Projects/PS/xadc/xadc.sdk/system_wrapper_hw_platform_0/ps7_init.tcl
targets -set -nocase -filter {name =~"APU*" && jtag_cable_name =~ "Digilent JTAG-SMT3 210357A7D00EA"} -index 0
loadhw -hw C:/Users/Admin/Desktop/VIVADO_Projects/PS/xadc/xadc.sdk/system_wrapper_hw_platform_0/system.hdf -mem-ranges [list {0x40000000 0xbfffffff}]
configparams force-mem-access 1
targets -set -nocase -filter {name =~"APU*" && jtag_cable_name =~ "Digilent JTAG-SMT3 210357A7D00EA"} -index 0
stop
ps7_init
ps7_post_config
targets -set -nocase -filter {name =~ "ARM*#0" && jtag_cable_name =~ "Digilent JTAG-SMT3 210357A7D00EA"} -index 0
rst -processor
targets -set -nocase -filter {name =~ "ARM*#0" && jtag_cable_name =~ "Digilent JTAG-SMT3 210357A7D00EA"} -index 0
dow C:/Users/Admin/Desktop/VIVADO_Projects/PS/xadc/xadc.sdk/xadc/Debug/xadc.elf
configparams force-mem-access 0
----------------End of Script----------------

13:16:53 INFO  : Context for processor 'ps7_cortexa9_0' is selected.
13:16:53 INFO  : 'con' command is executed.
13:16:53 INFO  : ----------------XSDB Script (After Launch)----------------
targets -set -nocase -filter {name =~ "ARM*#0" && jtag_cable_name =~ "Digilent JTAG-SMT3 210357A7D00EA"} -index 0
con
----------------End of Script----------------

13:16:53 INFO  : Launch script is exported to file 'C:\Users\Admin\Desktop\VIVADO_Projects\PS\xadc\xadc.sdk\.sdk\launch_scripts\xilinx_c-c++_application_(system_debugger)\system_debugger_using_debug_xadc.elf_on_local.tcl'
13:37:16 INFO  : Disconnected from the channel tcfchan#2.
13:37:17 INFO  : Connected to target on host '127.0.0.1' and port '3121'.
13:37:17 INFO  : Jtag cable 'Digilent JTAG-SMT3 210357A7D00EA' is selected.
13:37:17 INFO  : 'jtag frequency' command is executed.
13:37:17 INFO  : Sourcing of 'C:/Users/Admin/Desktop/VIVADO_Projects/PS/xadc/xadc.sdk/system_wrapper_hw_platform_0/ps7_init.tcl' is done.
13:37:17 INFO  : Context for 'APU' is selected.
13:37:18 INFO  : Hardware design information is loaded from 'C:/Users/Admin/Desktop/VIVADO_Projects/PS/xadc/xadc.sdk/system_wrapper_hw_platform_0/system.hdf'.
13:37:18 INFO  : 'configparams force-mem-access 1' command is executed.
13:37:18 INFO  : Context for 'APU' is selected.
13:37:18 INFO  : 'stop' command is executed.
13:37:19 INFO  : 'ps7_init' command is executed.
13:37:19 INFO  : 'ps7_post_config' command is executed.
13:37:19 INFO  : Context for processor 'ps7_cortexa9_0' is selected.
13:37:19 INFO  : Processor reset is completed for 'ps7_cortexa9_0'.
13:37:19 INFO  : Context for processor 'ps7_cortexa9_0' is selected.
13:37:19 INFO  : The application 'C:/Users/Admin/Desktop/VIVADO_Projects/PS/xadc/xadc.sdk/xadc/Debug/xadc.elf' is downloaded to processor 'ps7_cortexa9_0'.
13:37:19 INFO  : 'configparams force-mem-access 0' command is executed.
13:37:19 INFO  : ----------------XSDB Script----------------
connect -url tcp:127.0.0.1:3121
source C:/Users/Admin/Desktop/VIVADO_Projects/PS/xadc/xadc.sdk/system_wrapper_hw_platform_0/ps7_init.tcl
targets -set -nocase -filter {name =~"APU*" && jtag_cable_name =~ "Digilent JTAG-SMT3 210357A7D00EA"} -index 0
loadhw -hw C:/Users/Admin/Desktop/VIVADO_Projects/PS/xadc/xadc.sdk/system_wrapper_hw_platform_0/system.hdf -mem-ranges [list {0x40000000 0xbfffffff}]
configparams force-mem-access 1
targets -set -nocase -filter {name =~"APU*" && jtag_cable_name =~ "Digilent JTAG-SMT3 210357A7D00EA"} -index 0
stop
ps7_init
ps7_post_config
targets -set -nocase -filter {name =~ "ARM*#0" && jtag_cable_name =~ "Digilent JTAG-SMT3 210357A7D00EA"} -index 0
rst -processor
targets -set -nocase -filter {name =~ "ARM*#0" && jtag_cable_name =~ "Digilent JTAG-SMT3 210357A7D00EA"} -index 0
dow C:/Users/Admin/Desktop/VIVADO_Projects/PS/xadc/xadc.sdk/xadc/Debug/xadc.elf
configparams force-mem-access 0
----------------End of Script----------------

13:37:19 INFO  : Context for processor 'ps7_cortexa9_0' is selected.
13:37:19 INFO  : 'con' command is executed.
13:37:19 INFO  : ----------------XSDB Script (After Launch)----------------
targets -set -nocase -filter {name =~ "ARM*#0" && jtag_cable_name =~ "Digilent JTAG-SMT3 210357A7D00EA"} -index 0
con
----------------End of Script----------------

13:37:19 INFO  : Launch script is exported to file 'C:\Users\Admin\Desktop\VIVADO_Projects\PS\xadc\xadc.sdk\.sdk\launch_scripts\xilinx_c-c++_application_(system_debugger)\system_debugger_using_debug_xadc.elf_on_local.tcl'
18:25:52 INFO  : Disconnected from the channel tcfchan#3.
