15:28:21 INFO  : Registering command handlers for SDK TCF services
15:28:21 INFO  : Launching XSCT server: xsct.bat -interactive C:\Users\Admin\Desktop\VIVADO_Projects\PS\uart_intr_loop\uart_intr_loop.sdk\temp_xsdb_launch_script.tcl
15:28:23 INFO  : XSCT server has started successfully.
15:28:23 INFO  : Successfully done setting XSCT server connection channel  
15:28:23 INFO  : Processing command line option -hwspec C:/Users/Admin/Desktop/VIVADO_Projects/PS/uart_intr_loop/uart_intr_loop.sdk/system_wrapper.hdf.
15:28:23 INFO  : Successfully done setting SDK workspace  
15:31:35 INFO  : Connected to target on host '127.0.0.1' and port '3121'.
15:31:36 INFO  : Jtag cable 'Digilent JTAG-SMT3 210357A7D00EA' is selected.
15:31:36 INFO  : 'jtag frequency' command is executed.
15:31:36 INFO  : Sourcing of 'C:/Users/Admin/Desktop/VIVADO_Projects/PS/uart_intr_loop/uart_intr_loop.sdk/system_wrapper_hw_platform_0/ps7_init.tcl' is done.
15:31:36 INFO  : Context for 'APU' is selected.
15:31:36 INFO  : Hardware design information is loaded from 'C:/Users/Admin/Desktop/VIVADO_Projects/PS/uart_intr_loop/uart_intr_loop.sdk/system_wrapper_hw_platform_0/system.hdf'.
15:31:36 INFO  : 'configparams force-mem-access 1' command is executed.
15:31:36 INFO  : Context for 'APU' is selected.
15:31:36 INFO  : 'stop' command is executed.
15:31:36 INFO  : 'ps7_init' command is executed.
15:31:36 INFO  : 'ps7_post_config' command is executed.
15:31:36 INFO  : Context for processor 'ps7_cortexa9_0' is selected.
15:31:36 INFO  : Processor reset is completed for 'ps7_cortexa9_0'.
15:31:36 INFO  : Context for processor 'ps7_cortexa9_0' is selected.
15:31:36 INFO  : The application 'C:/Users/Admin/Desktop/VIVADO_Projects/PS/uart_intr_loop/uart_intr_loop.sdk/uart_intr_loop/Debug/uart_intr_loop.elf' is downloaded to processor 'ps7_cortexa9_0'.
15:31:36 INFO  : 'configparams force-mem-access 0' command is executed.
15:31:36 INFO  : ----------------XSDB Script----------------
connect -url tcp:127.0.0.1:3121
source C:/Users/Admin/Desktop/VIVADO_Projects/PS/uart_intr_loop/uart_intr_loop.sdk/system_wrapper_hw_platform_0/ps7_init.tcl
targets -set -nocase -filter {name =~"APU*" && jtag_cable_name =~ "Digilent JTAG-SMT3 210357A7D00EA"} -index 0
loadhw -hw C:/Users/Admin/Desktop/VIVADO_Projects/PS/uart_intr_loop/uart_intr_loop.sdk/system_wrapper_hw_platform_0/system.hdf -mem-ranges [list {0x40000000 0xbfffffff}]
configparams force-mem-access 1
targets -set -nocase -filter {name =~"APU*" && jtag_cable_name =~ "Digilent JTAG-SMT3 210357A7D00EA"} -index 0
stop
ps7_init
ps7_post_config
targets -set -nocase -filter {name =~ "ARM*#0" && jtag_cable_name =~ "Digilent JTAG-SMT3 210357A7D00EA"} -index 0
rst -processor
targets -set -nocase -filter {name =~ "ARM*#0" && jtag_cable_name =~ "Digilent JTAG-SMT3 210357A7D00EA"} -index 0
dow C:/Users/Admin/Desktop/VIVADO_Projects/PS/uart_intr_loop/uart_intr_loop.sdk/uart_intr_loop/Debug/uart_intr_loop.elf
configparams force-mem-access 0
----------------End of Script----------------

15:31:36 INFO  : Context for processor 'ps7_cortexa9_0' is selected.
15:31:36 INFO  : 'con' command is executed.
15:31:36 INFO  : ----------------XSDB Script (After Launch)----------------
targets -set -nocase -filter {name =~ "ARM*#0" && jtag_cable_name =~ "Digilent JTAG-SMT3 210357A7D00EA"} -index 0
con
----------------End of Script----------------

15:31:36 INFO  : Launch script is exported to file 'C:\Users\Admin\Desktop\VIVADO_Projects\PS\uart_intr_loop\uart_intr_loop.sdk\.sdk\launch_scripts\xilinx_c-c++_application_(system_debugger)\system_debugger_using_debug_uart_intr_loop.elf_on_local.tcl'
15:32:16 INFO  : Disconnected from the channel tcfchan#1.
15:32:17 INFO  : Connected to target on host '127.0.0.1' and port '3121'.
15:32:18 INFO  : Jtag cable 'Digilent JTAG-SMT3 210357A7D00EA' is selected.
15:32:18 INFO  : 'jtag frequency' command is executed.
15:32:18 INFO  : Sourcing of 'C:/Users/Admin/Desktop/VIVADO_Projects/PS/uart_intr_loop/uart_intr_loop.sdk/system_wrapper_hw_platform_0/ps7_init.tcl' is done.
15:32:18 INFO  : Context for 'APU' is selected.
15:32:18 INFO  : Hardware design information is loaded from 'C:/Users/Admin/Desktop/VIVADO_Projects/PS/uart_intr_loop/uart_intr_loop.sdk/system_wrapper_hw_platform_0/system.hdf'.
15:32:18 INFO  : 'configparams force-mem-access 1' command is executed.
15:32:18 INFO  : Context for 'APU' is selected.
15:32:18 INFO  : 'stop' command is executed.
15:32:18 INFO  : 'ps7_init' command is executed.
15:32:18 INFO  : 'ps7_post_config' command is executed.
15:32:18 INFO  : Context for processor 'ps7_cortexa9_0' is selected.
15:32:19 INFO  : Processor reset is completed for 'ps7_cortexa9_0'.
15:32:19 INFO  : Context for processor 'ps7_cortexa9_0' is selected.
15:32:19 INFO  : The application 'C:/Users/Admin/Desktop/VIVADO_Projects/PS/uart_intr_loop/uart_intr_loop.sdk/uart_intr_loop/Debug/uart_intr_loop.elf' is downloaded to processor 'ps7_cortexa9_0'.
15:32:19 INFO  : 'configparams force-mem-access 0' command is executed.
15:32:19 INFO  : ----------------XSDB Script----------------
connect -url tcp:127.0.0.1:3121
source C:/Users/Admin/Desktop/VIVADO_Projects/PS/uart_intr_loop/uart_intr_loop.sdk/system_wrapper_hw_platform_0/ps7_init.tcl
targets -set -nocase -filter {name =~"APU*" && jtag_cable_name =~ "Digilent JTAG-SMT3 210357A7D00EA"} -index 0
loadhw -hw C:/Users/Admin/Desktop/VIVADO_Projects/PS/uart_intr_loop/uart_intr_loop.sdk/system_wrapper_hw_platform_0/system.hdf -mem-ranges [list {0x40000000 0xbfffffff}]
configparams force-mem-access 1
targets -set -nocase -filter {name =~"APU*" && jtag_cable_name =~ "Digilent JTAG-SMT3 210357A7D00EA"} -index 0
stop
ps7_init
ps7_post_config
targets -set -nocase -filter {name =~ "ARM*#0" && jtag_cable_name =~ "Digilent JTAG-SMT3 210357A7D00EA"} -index 0
rst -processor
targets -set -nocase -filter {name =~ "ARM*#0" && jtag_cable_name =~ "Digilent JTAG-SMT3 210357A7D00EA"} -index 0
dow C:/Users/Admin/Desktop/VIVADO_Projects/PS/uart_intr_loop/uart_intr_loop.sdk/uart_intr_loop/Debug/uart_intr_loop.elf
configparams force-mem-access 0
----------------End of Script----------------

15:32:19 INFO  : Context for processor 'ps7_cortexa9_0' is selected.
15:32:19 INFO  : 'con' command is executed.
15:32:19 INFO  : ----------------XSDB Script (After Launch)----------------
targets -set -nocase -filter {name =~ "ARM*#0" && jtag_cable_name =~ "Digilent JTAG-SMT3 210357A7D00EA"} -index 0
con
----------------End of Script----------------

15:32:19 INFO  : Launch script is exported to file 'C:\Users\Admin\Desktop\VIVADO_Projects\PS\uart_intr_loop\uart_intr_loop.sdk\.sdk\launch_scripts\xilinx_c-c++_application_(system_debugger)\system_debugger_using_debug_uart_intr_loop.elf_on_local.tcl'
15:33:32 INFO  : Disconnected from the channel tcfchan#2.
15:33:33 INFO  : Connected to target on host '127.0.0.1' and port '3121'.
15:33:33 INFO  : Jtag cable 'Digilent JTAG-SMT3 210357A7D00EA' is selected.
15:33:33 INFO  : 'jtag frequency' command is executed.
15:33:33 INFO  : Sourcing of 'C:/Users/Admin/Desktop/VIVADO_Projects/PS/uart_intr_loop/uart_intr_loop.sdk/system_wrapper_hw_platform_0/ps7_init.tcl' is done.
15:33:33 INFO  : Context for 'APU' is selected.
15:33:33 INFO  : Hardware design information is loaded from 'C:/Users/Admin/Desktop/VIVADO_Projects/PS/uart_intr_loop/uart_intr_loop.sdk/system_wrapper_hw_platform_0/system.hdf'.
15:33:33 INFO  : 'configparams force-mem-access 1' command is executed.
15:33:34 INFO  : Context for 'APU' is selected.
15:33:34 INFO  : 'stop' command is executed.
15:33:34 INFO  : 'ps7_init' command is executed.
15:33:34 INFO  : 'ps7_post_config' command is executed.
15:33:34 INFO  : Context for processor 'ps7_cortexa9_0' is selected.
15:33:34 INFO  : Processor reset is completed for 'ps7_cortexa9_0'.
15:33:34 INFO  : Context for processor 'ps7_cortexa9_0' is selected.
15:33:34 INFO  : The application 'C:/Users/Admin/Desktop/VIVADO_Projects/PS/uart_intr_loop/uart_intr_loop.sdk/uart_intr_loop/Debug/uart_intr_loop.elf' is downloaded to processor 'ps7_cortexa9_0'.
15:33:34 INFO  : 'configparams force-mem-access 0' command is executed.
15:33:34 INFO  : ----------------XSDB Script----------------
connect -url tcp:127.0.0.1:3121
source C:/Users/Admin/Desktop/VIVADO_Projects/PS/uart_intr_loop/uart_intr_loop.sdk/system_wrapper_hw_platform_0/ps7_init.tcl
targets -set -nocase -filter {name =~"APU*" && jtag_cable_name =~ "Digilent JTAG-SMT3 210357A7D00EA"} -index 0
loadhw -hw C:/Users/Admin/Desktop/VIVADO_Projects/PS/uart_intr_loop/uart_intr_loop.sdk/system_wrapper_hw_platform_0/system.hdf -mem-ranges [list {0x40000000 0xbfffffff}]
configparams force-mem-access 1
targets -set -nocase -filter {name =~"APU*" && jtag_cable_name =~ "Digilent JTAG-SMT3 210357A7D00EA"} -index 0
stop
ps7_init
ps7_post_config
targets -set -nocase -filter {name =~ "ARM*#0" && jtag_cable_name =~ "Digilent JTAG-SMT3 210357A7D00EA"} -index 0
rst -processor
targets -set -nocase -filter {name =~ "ARM*#0" && jtag_cable_name =~ "Digilent JTAG-SMT3 210357A7D00EA"} -index 0
dow C:/Users/Admin/Desktop/VIVADO_Projects/PS/uart_intr_loop/uart_intr_loop.sdk/uart_intr_loop/Debug/uart_intr_loop.elf
configparams force-mem-access 0
----------------End of Script----------------

15:33:34 INFO  : Context for processor 'ps7_cortexa9_0' is selected.
15:33:34 INFO  : 'con' command is executed.
15:33:34 INFO  : ----------------XSDB Script (After Launch)----------------
targets -set -nocase -filter {name =~ "ARM*#0" && jtag_cable_name =~ "Digilent JTAG-SMT3 210357A7D00EA"} -index 0
con
----------------End of Script----------------

15:33:34 INFO  : Launch script is exported to file 'C:\Users\Admin\Desktop\VIVADO_Projects\PS\uart_intr_loop\uart_intr_loop.sdk\.sdk\launch_scripts\xilinx_c-c++_application_(system_debugger)\system_debugger_using_debug_uart_intr_loop.elf_on_local.tcl'
15:34:29 INFO  : Disconnected from the channel tcfchan#3.
15:34:30 INFO  : Connected to target on host '127.0.0.1' and port '3121'.
15:34:30 INFO  : Jtag cable 'Digilent JTAG-SMT3 210357A7D00EA' is selected.
15:34:30 INFO  : 'jtag frequency' command is executed.
15:34:30 INFO  : Sourcing of 'C:/Users/Admin/Desktop/VIVADO_Projects/PS/uart_intr_loop/uart_intr_loop.sdk/system_wrapper_hw_platform_0/ps7_init.tcl' is done.
15:34:30 INFO  : Context for 'APU' is selected.
15:34:31 INFO  : Hardware design information is loaded from 'C:/Users/Admin/Desktop/VIVADO_Projects/PS/uart_intr_loop/uart_intr_loop.sdk/system_wrapper_hw_platform_0/system.hdf'.
15:34:31 INFO  : 'configparams force-mem-access 1' command is executed.
15:34:31 INFO  : Context for 'APU' is selected.
15:34:31 INFO  : 'stop' command is executed.
15:34:31 INFO  : 'ps7_init' command is executed.
15:34:31 INFO  : 'ps7_post_config' command is executed.
15:34:31 INFO  : Context for processor 'ps7_cortexa9_0' is selected.
15:34:31 INFO  : Processor reset is completed for 'ps7_cortexa9_0'.
15:34:31 INFO  : Context for processor 'ps7_cortexa9_0' is selected.
15:34:32 INFO  : The application 'C:/Users/Admin/Desktop/VIVADO_Projects/PS/uart_intr_loop/uart_intr_loop.sdk/uart_intr_loop/Debug/uart_intr_loop.elf' is downloaded to processor 'ps7_cortexa9_0'.
15:34:32 INFO  : 'configparams force-mem-access 0' command is executed.
15:34:32 INFO  : ----------------XSDB Script----------------
connect -url tcp:127.0.0.1:3121
source C:/Users/Admin/Desktop/VIVADO_Projects/PS/uart_intr_loop/uart_intr_loop.sdk/system_wrapper_hw_platform_0/ps7_init.tcl
targets -set -nocase -filter {name =~"APU*" && jtag_cable_name =~ "Digilent JTAG-SMT3 210357A7D00EA"} -index 0
loadhw -hw C:/Users/Admin/Desktop/VIVADO_Projects/PS/uart_intr_loop/uart_intr_loop.sdk/system_wrapper_hw_platform_0/system.hdf -mem-ranges [list {0x40000000 0xbfffffff}]
configparams force-mem-access 1
targets -set -nocase -filter {name =~"APU*" && jtag_cable_name =~ "Digilent JTAG-SMT3 210357A7D00EA"} -index 0
stop
ps7_init
ps7_post_config
targets -set -nocase -filter {name =~ "ARM*#0" && jtag_cable_name =~ "Digilent JTAG-SMT3 210357A7D00EA"} -index 0
rst -processor
targets -set -nocase -filter {name =~ "ARM*#0" && jtag_cable_name =~ "Digilent JTAG-SMT3 210357A7D00EA"} -index 0
dow C:/Users/Admin/Desktop/VIVADO_Projects/PS/uart_intr_loop/uart_intr_loop.sdk/uart_intr_loop/Debug/uart_intr_loop.elf
configparams force-mem-access 0
----------------End of Script----------------

15:34:32 INFO  : Context for processor 'ps7_cortexa9_0' is selected.
15:34:32 INFO  : 'con' command is executed.
15:34:32 INFO  : ----------------XSDB Script (After Launch)----------------
targets -set -nocase -filter {name =~ "ARM*#0" && jtag_cable_name =~ "Digilent JTAG-SMT3 210357A7D00EA"} -index 0
con
----------------End of Script----------------

15:34:32 INFO  : Launch script is exported to file 'C:\Users\Admin\Desktop\VIVADO_Projects\PS\uart_intr_loop\uart_intr_loop.sdk\.sdk\launch_scripts\xilinx_c-c++_application_(system_debugger)\system_debugger_using_debug_uart_intr_loop.elf_on_local.tcl'
15:35:00 INFO  : Disconnected from the channel tcfchan#4.
15:35:01 INFO  : Connected to target on host '127.0.0.1' and port '3121'.
15:35:01 INFO  : Jtag cable 'Digilent JTAG-SMT3 210357A7D00EA' is selected.
15:35:01 INFO  : 'jtag frequency' command is executed.
15:35:01 INFO  : Sourcing of 'C:/Users/Admin/Desktop/VIVADO_Projects/PS/uart_intr_loop/uart_intr_loop.sdk/system_wrapper_hw_platform_0/ps7_init.tcl' is done.
15:35:01 INFO  : Context for 'APU' is selected.
15:35:02 INFO  : Hardware design information is loaded from 'C:/Users/Admin/Desktop/VIVADO_Projects/PS/uart_intr_loop/uart_intr_loop.sdk/system_wrapper_hw_platform_0/system.hdf'.
15:35:02 INFO  : 'configparams force-mem-access 1' command is executed.
15:35:02 INFO  : Context for 'APU' is selected.
15:35:02 INFO  : 'stop' command is executed.
15:35:02 INFO  : 'ps7_init' command is executed.
15:35:02 INFO  : 'ps7_post_config' command is executed.
15:35:02 INFO  : Context for processor 'ps7_cortexa9_0' is selected.
15:35:02 INFO  : Processor reset is completed for 'ps7_cortexa9_0'.
15:35:02 INFO  : Context for processor 'ps7_cortexa9_0' is selected.
15:35:03 INFO  : The application 'C:/Users/Admin/Desktop/VIVADO_Projects/PS/uart_intr_loop/uart_intr_loop.sdk/uart_intr_loop/Debug/uart_intr_loop.elf' is downloaded to processor 'ps7_cortexa9_0'.
15:35:03 INFO  : 'configparams force-mem-access 0' command is executed.
15:35:03 INFO  : ----------------XSDB Script----------------
connect -url tcp:127.0.0.1:3121
source C:/Users/Admin/Desktop/VIVADO_Projects/PS/uart_intr_loop/uart_intr_loop.sdk/system_wrapper_hw_platform_0/ps7_init.tcl
targets -set -nocase -filter {name =~"APU*" && jtag_cable_name =~ "Digilent JTAG-SMT3 210357A7D00EA"} -index 0
loadhw -hw C:/Users/Admin/Desktop/VIVADO_Projects/PS/uart_intr_loop/uart_intr_loop.sdk/system_wrapper_hw_platform_0/system.hdf -mem-ranges [list {0x40000000 0xbfffffff}]
configparams force-mem-access 1
targets -set -nocase -filter {name =~"APU*" && jtag_cable_name =~ "Digilent JTAG-SMT3 210357A7D00EA"} -index 0
stop
ps7_init
ps7_post_config
targets -set -nocase -filter {name =~ "ARM*#0" && jtag_cable_name =~ "Digilent JTAG-SMT3 210357A7D00EA"} -index 0
rst -processor
targets -set -nocase -filter {name =~ "ARM*#0" && jtag_cable_name =~ "Digilent JTAG-SMT3 210357A7D00EA"} -index 0
dow C:/Users/Admin/Desktop/VIVADO_Projects/PS/uart_intr_loop/uart_intr_loop.sdk/uart_intr_loop/Debug/uart_intr_loop.elf
configparams force-mem-access 0
----------------End of Script----------------

15:35:03 INFO  : Context for processor 'ps7_cortexa9_0' is selected.
15:35:03 INFO  : 'con' command is executed.
15:35:03 INFO  : ----------------XSDB Script (After Launch)----------------
targets -set -nocase -filter {name =~ "ARM*#0" && jtag_cable_name =~ "Digilent JTAG-SMT3 210357A7D00EA"} -index 0
con
----------------End of Script----------------

15:35:03 INFO  : Launch script is exported to file 'C:\Users\Admin\Desktop\VIVADO_Projects\PS\uart_intr_loop\uart_intr_loop.sdk\.sdk\launch_scripts\xilinx_c-c++_application_(system_debugger)\system_debugger_using_debug_uart_intr_loop.elf_on_local.tcl'
15:35:43 INFO  : Disconnected from the channel tcfchan#5.
15:35:44 INFO  : Connected to target on host '127.0.0.1' and port '3121'.
15:35:44 INFO  : Jtag cable 'Digilent JTAG-SMT3 210357A7D00EA' is selected.
15:35:44 INFO  : 'jtag frequency' command is executed.
15:35:44 INFO  : Sourcing of 'C:/Users/Admin/Desktop/VIVADO_Projects/PS/uart_intr_loop/uart_intr_loop.sdk/system_wrapper_hw_platform_0/ps7_init.tcl' is done.
15:35:44 INFO  : Context for 'APU' is selected.
15:35:45 INFO  : Hardware design information is loaded from 'C:/Users/Admin/Desktop/VIVADO_Projects/PS/uart_intr_loop/uart_intr_loop.sdk/system_wrapper_hw_platform_0/system.hdf'.
15:35:45 INFO  : 'configparams force-mem-access 1' command is executed.
15:35:45 INFO  : Context for 'APU' is selected.
15:35:45 INFO  : 'stop' command is executed.
15:35:45 INFO  : 'ps7_init' command is executed.
15:35:45 INFO  : 'ps7_post_config' command is executed.
15:35:45 INFO  : Context for processor 'ps7_cortexa9_0' is selected.
15:35:45 INFO  : Processor reset is completed for 'ps7_cortexa9_0'.
15:35:45 INFO  : Context for processor 'ps7_cortexa9_0' is selected.
15:35:46 INFO  : The application 'C:/Users/Admin/Desktop/VIVADO_Projects/PS/uart_intr_loop/uart_intr_loop.sdk/uart_intr_loop/Debug/uart_intr_loop.elf' is downloaded to processor 'ps7_cortexa9_0'.
15:35:46 INFO  : 'configparams force-mem-access 0' command is executed.
15:35:46 INFO  : ----------------XSDB Script----------------
connect -url tcp:127.0.0.1:3121
source C:/Users/Admin/Desktop/VIVADO_Projects/PS/uart_intr_loop/uart_intr_loop.sdk/system_wrapper_hw_platform_0/ps7_init.tcl
targets -set -nocase -filter {name =~"APU*" && jtag_cable_name =~ "Digilent JTAG-SMT3 210357A7D00EA"} -index 0
loadhw -hw C:/Users/Admin/Desktop/VIVADO_Projects/PS/uart_intr_loop/uart_intr_loop.sdk/system_wrapper_hw_platform_0/system.hdf -mem-ranges [list {0x40000000 0xbfffffff}]
configparams force-mem-access 1
targets -set -nocase -filter {name =~"APU*" && jtag_cable_name =~ "Digilent JTAG-SMT3 210357A7D00EA"} -index 0
stop
ps7_init
ps7_post_config
targets -set -nocase -filter {name =~ "ARM*#0" && jtag_cable_name =~ "Digilent JTAG-SMT3 210357A7D00EA"} -index 0
rst -processor
targets -set -nocase -filter {name =~ "ARM*#0" && jtag_cable_name =~ "Digilent JTAG-SMT3 210357A7D00EA"} -index 0
dow C:/Users/Admin/Desktop/VIVADO_Projects/PS/uart_intr_loop/uart_intr_loop.sdk/uart_intr_loop/Debug/uart_intr_loop.elf
configparams force-mem-access 0
----------------End of Script----------------

15:35:46 INFO  : Context for processor 'ps7_cortexa9_0' is selected.
15:35:46 INFO  : 'con' command is executed.
15:35:46 INFO  : ----------------XSDB Script (After Launch)----------------
targets -set -nocase -filter {name =~ "ARM*#0" && jtag_cable_name =~ "Digilent JTAG-SMT3 210357A7D00EA"} -index 0
con
----------------End of Script----------------

15:35:46 INFO  : Launch script is exported to file 'C:\Users\Admin\Desktop\VIVADO_Projects\PS\uart_intr_loop\uart_intr_loop.sdk\.sdk\launch_scripts\xilinx_c-c++_application_(system_debugger)\system_debugger_using_debug_uart_intr_loop.elf_on_local.tcl'
15:36:14 INFO  : Disconnected from the channel tcfchan#6.
15:36:15 INFO  : Connected to target on host '127.0.0.1' and port '3121'.
15:36:15 INFO  : Jtag cable 'Digilent JTAG-SMT3 210357A7D00EA' is selected.
15:36:15 INFO  : 'jtag frequency' command is executed.
15:36:15 INFO  : Sourcing of 'C:/Users/Admin/Desktop/VIVADO_Projects/PS/uart_intr_loop/uart_intr_loop.sdk/system_wrapper_hw_platform_0/ps7_init.tcl' is done.
15:36:15 INFO  : Context for 'APU' is selected.
15:36:16 INFO  : Hardware design information is loaded from 'C:/Users/Admin/Desktop/VIVADO_Projects/PS/uart_intr_loop/uart_intr_loop.sdk/system_wrapper_hw_platform_0/system.hdf'.
15:36:16 INFO  : 'configparams force-mem-access 1' command is executed.
15:36:16 INFO  : Context for 'APU' is selected.
15:36:16 INFO  : 'stop' command is executed.
15:36:16 INFO  : 'ps7_init' command is executed.
15:36:16 INFO  : 'ps7_post_config' command is executed.
15:36:16 INFO  : Context for processor 'ps7_cortexa9_0' is selected.
15:36:16 INFO  : Processor reset is completed for 'ps7_cortexa9_0'.
15:36:16 INFO  : Context for processor 'ps7_cortexa9_0' is selected.
15:36:16 INFO  : The application 'C:/Users/Admin/Desktop/VIVADO_Projects/PS/uart_intr_loop/uart_intr_loop.sdk/uart_intr_loop/Debug/uart_intr_loop.elf' is downloaded to processor 'ps7_cortexa9_0'.
15:36:17 INFO  : 'configparams force-mem-access 0' command is executed.
15:36:17 INFO  : ----------------XSDB Script----------------
connect -url tcp:127.0.0.1:3121
source C:/Users/Admin/Desktop/VIVADO_Projects/PS/uart_intr_loop/uart_intr_loop.sdk/system_wrapper_hw_platform_0/ps7_init.tcl
targets -set -nocase -filter {name =~"APU*" && jtag_cable_name =~ "Digilent JTAG-SMT3 210357A7D00EA"} -index 0
loadhw -hw C:/Users/Admin/Desktop/VIVADO_Projects/PS/uart_intr_loop/uart_intr_loop.sdk/system_wrapper_hw_platform_0/system.hdf -mem-ranges [list {0x40000000 0xbfffffff}]
configparams force-mem-access 1
targets -set -nocase -filter {name =~"APU*" && jtag_cable_name =~ "Digilent JTAG-SMT3 210357A7D00EA"} -index 0
stop
ps7_init
ps7_post_config
targets -set -nocase -filter {name =~ "ARM*#0" && jtag_cable_name =~ "Digilent JTAG-SMT3 210357A7D00EA"} -index 0
rst -processor
targets -set -nocase -filter {name =~ "ARM*#0" && jtag_cable_name =~ "Digilent JTAG-SMT3 210357A7D00EA"} -index 0
dow C:/Users/Admin/Desktop/VIVADO_Projects/PS/uart_intr_loop/uart_intr_loop.sdk/uart_intr_loop/Debug/uart_intr_loop.elf
configparams force-mem-access 0
----------------End of Script----------------

15:36:17 INFO  : Context for processor 'ps7_cortexa9_0' is selected.
15:36:17 INFO  : 'con' command is executed.
15:36:17 INFO  : ----------------XSDB Script (After Launch)----------------
targets -set -nocase -filter {name =~ "ARM*#0" && jtag_cable_name =~ "Digilent JTAG-SMT3 210357A7D00EA"} -index 0
con
----------------End of Script----------------

15:36:17 INFO  : Launch script is exported to file 'C:\Users\Admin\Desktop\VIVADO_Projects\PS\uart_intr_loop\uart_intr_loop.sdk\.sdk\launch_scripts\xilinx_c-c++_application_(system_debugger)\system_debugger_using_debug_uart_intr_loop.elf_on_local.tcl'
15:36:45 INFO  : Disconnected from the channel tcfchan#7.
15:36:46 INFO  : Connected to target on host '127.0.0.1' and port '3121'.
15:36:46 INFO  : Jtag cable 'Digilent JTAG-SMT3 210357A7D00EA' is selected.
15:36:46 INFO  : 'jtag frequency' command is executed.
15:36:46 INFO  : Sourcing of 'C:/Users/Admin/Desktop/VIVADO_Projects/PS/uart_intr_loop/uart_intr_loop.sdk/system_wrapper_hw_platform_0/ps7_init.tcl' is done.
15:36:47 INFO  : Context for 'APU' is selected.
15:36:47 INFO  : Hardware design information is loaded from 'C:/Users/Admin/Desktop/VIVADO_Projects/PS/uart_intr_loop/uart_intr_loop.sdk/system_wrapper_hw_platform_0/system.hdf'.
15:36:47 INFO  : 'configparams force-mem-access 1' command is executed.
15:36:47 INFO  : Context for 'APU' is selected.
15:36:47 INFO  : 'stop' command is executed.
15:36:48 INFO  : 'ps7_init' command is executed.
15:36:48 INFO  : 'ps7_post_config' command is executed.
15:36:48 INFO  : Context for processor 'ps7_cortexa9_0' is selected.
15:36:48 INFO  : Processor reset is completed for 'ps7_cortexa9_0'.
15:36:48 INFO  : Context for processor 'ps7_cortexa9_0' is selected.
15:36:48 INFO  : The application 'C:/Users/Admin/Desktop/VIVADO_Projects/PS/uart_intr_loop/uart_intr_loop.sdk/uart_intr_loop/Debug/uart_intr_loop.elf' is downloaded to processor 'ps7_cortexa9_0'.
15:36:48 INFO  : 'configparams force-mem-access 0' command is executed.
15:36:48 INFO  : ----------------XSDB Script----------------
connect -url tcp:127.0.0.1:3121
source C:/Users/Admin/Desktop/VIVADO_Projects/PS/uart_intr_loop/uart_intr_loop.sdk/system_wrapper_hw_platform_0/ps7_init.tcl
targets -set -nocase -filter {name =~"APU*" && jtag_cable_name =~ "Digilent JTAG-SMT3 210357A7D00EA"} -index 0
loadhw -hw C:/Users/Admin/Desktop/VIVADO_Projects/PS/uart_intr_loop/uart_intr_loop.sdk/system_wrapper_hw_platform_0/system.hdf -mem-ranges [list {0x40000000 0xbfffffff}]
configparams force-mem-access 1
targets -set -nocase -filter {name =~"APU*" && jtag_cable_name =~ "Digilent JTAG-SMT3 210357A7D00EA"} -index 0
stop
ps7_init
ps7_post_config
targets -set -nocase -filter {name =~ "ARM*#0" && jtag_cable_name =~ "Digilent JTAG-SMT3 210357A7D00EA"} -index 0
rst -processor
targets -set -nocase -filter {name =~ "ARM*#0" && jtag_cable_name =~ "Digilent JTAG-SMT3 210357A7D00EA"} -index 0
dow C:/Users/Admin/Desktop/VIVADO_Projects/PS/uart_intr_loop/uart_intr_loop.sdk/uart_intr_loop/Debug/uart_intr_loop.elf
configparams force-mem-access 0
----------------End of Script----------------

15:36:48 INFO  : Context for processor 'ps7_cortexa9_0' is selected.
15:36:48 INFO  : 'con' command is executed.
15:36:48 INFO  : ----------------XSDB Script (After Launch)----------------
targets -set -nocase -filter {name =~ "ARM*#0" && jtag_cable_name =~ "Digilent JTAG-SMT3 210357A7D00EA"} -index 0
con
----------------End of Script----------------

15:36:48 INFO  : Launch script is exported to file 'C:\Users\Admin\Desktop\VIVADO_Projects\PS\uart_intr_loop\uart_intr_loop.sdk\.sdk\launch_scripts\xilinx_c-c++_application_(system_debugger)\system_debugger_using_debug_uart_intr_loop.elf_on_local.tcl'
15:37:14 INFO  : Disconnected from the channel tcfchan#8.
15:37:15 INFO  : Connected to target on host '127.0.0.1' and port '3121'.
15:37:15 INFO  : Jtag cable 'Digilent JTAG-SMT3 210357A7D00EA' is selected.
15:37:15 INFO  : 'jtag frequency' command is executed.
15:37:15 INFO  : Sourcing of 'C:/Users/Admin/Desktop/VIVADO_Projects/PS/uart_intr_loop/uart_intr_loop.sdk/system_wrapper_hw_platform_0/ps7_init.tcl' is done.
15:37:15 INFO  : Context for 'APU' is selected.
15:37:16 INFO  : Hardware design information is loaded from 'C:/Users/Admin/Desktop/VIVADO_Projects/PS/uart_intr_loop/uart_intr_loop.sdk/system_wrapper_hw_platform_0/system.hdf'.
15:37:16 INFO  : 'configparams force-mem-access 1' command is executed.
15:37:16 INFO  : Context for 'APU' is selected.
15:37:16 INFO  : 'stop' command is executed.
15:37:17 INFO  : 'ps7_init' command is executed.
15:37:17 INFO  : 'ps7_post_config' command is executed.
15:37:17 INFO  : Context for processor 'ps7_cortexa9_0' is selected.
15:37:17 INFO  : Processor reset is completed for 'ps7_cortexa9_0'.
15:37:17 INFO  : Context for processor 'ps7_cortexa9_0' is selected.
15:37:17 INFO  : The application 'C:/Users/Admin/Desktop/VIVADO_Projects/PS/uart_intr_loop/uart_intr_loop.sdk/uart_intr_loop/Debug/uart_intr_loop.elf' is downloaded to processor 'ps7_cortexa9_0'.
15:37:17 INFO  : 'configparams force-mem-access 0' command is executed.
15:37:17 INFO  : ----------------XSDB Script----------------
connect -url tcp:127.0.0.1:3121
source C:/Users/Admin/Desktop/VIVADO_Projects/PS/uart_intr_loop/uart_intr_loop.sdk/system_wrapper_hw_platform_0/ps7_init.tcl
targets -set -nocase -filter {name =~"APU*" && jtag_cable_name =~ "Digilent JTAG-SMT3 210357A7D00EA"} -index 0
loadhw -hw C:/Users/Admin/Desktop/VIVADO_Projects/PS/uart_intr_loop/uart_intr_loop.sdk/system_wrapper_hw_platform_0/system.hdf -mem-ranges [list {0x40000000 0xbfffffff}]
configparams force-mem-access 1
targets -set -nocase -filter {name =~"APU*" && jtag_cable_name =~ "Digilent JTAG-SMT3 210357A7D00EA"} -index 0
stop
ps7_init
ps7_post_config
targets -set -nocase -filter {name =~ "ARM*#0" && jtag_cable_name =~ "Digilent JTAG-SMT3 210357A7D00EA"} -index 0
rst -processor
targets -set -nocase -filter {name =~ "ARM*#0" && jtag_cable_name =~ "Digilent JTAG-SMT3 210357A7D00EA"} -index 0
dow C:/Users/Admin/Desktop/VIVADO_Projects/PS/uart_intr_loop/uart_intr_loop.sdk/uart_intr_loop/Debug/uart_intr_loop.elf
configparams force-mem-access 0
----------------End of Script----------------

15:37:17 INFO  : Context for processor 'ps7_cortexa9_0' is selected.
15:37:17 INFO  : 'con' command is executed.
15:37:17 INFO  : ----------------XSDB Script (After Launch)----------------
targets -set -nocase -filter {name =~ "ARM*#0" && jtag_cable_name =~ "Digilent JTAG-SMT3 210357A7D00EA"} -index 0
con
----------------End of Script----------------

15:37:17 INFO  : Launch script is exported to file 'C:\Users\Admin\Desktop\VIVADO_Projects\PS\uart_intr_loop\uart_intr_loop.sdk\.sdk\launch_scripts\xilinx_c-c++_application_(system_debugger)\system_debugger_using_debug_uart_intr_loop.elf_on_local.tcl'
15:39:17 INFO  : Disconnected from the channel tcfchan#9.
15:39:18 INFO  : Connected to target on host '127.0.0.1' and port '3121'.
15:39:18 INFO  : Jtag cable 'Digilent JTAG-SMT3 210357A7D00EA' is selected.
15:39:18 INFO  : 'jtag frequency' command is executed.
15:39:18 INFO  : Sourcing of 'C:/Users/Admin/Desktop/VIVADO_Projects/PS/uart_intr_loop/uart_intr_loop.sdk/system_wrapper_hw_platform_0/ps7_init.tcl' is done.
15:39:18 INFO  : Context for 'APU' is selected.
15:39:19 INFO  : Hardware design information is loaded from 'C:/Users/Admin/Desktop/VIVADO_Projects/PS/uart_intr_loop/uart_intr_loop.sdk/system_wrapper_hw_platform_0/system.hdf'.
15:39:19 INFO  : 'configparams force-mem-access 1' command is executed.
15:39:19 INFO  : Context for 'APU' is selected.
15:39:19 INFO  : 'stop' command is executed.
15:39:19 INFO  : 'ps7_init' command is executed.
15:39:19 INFO  : 'ps7_post_config' command is executed.
15:39:19 INFO  : Context for processor 'ps7_cortexa9_0' is selected.
15:39:20 INFO  : Processor reset is completed for 'ps7_cortexa9_0'.
15:39:20 INFO  : Context for processor 'ps7_cortexa9_0' is selected.
15:39:20 INFO  : The application 'C:/Users/Admin/Desktop/VIVADO_Projects/PS/uart_intr_loop/uart_intr_loop.sdk/uart_intr_loop/Debug/uart_intr_loop.elf' is downloaded to processor 'ps7_cortexa9_0'.
15:39:20 INFO  : 'configparams force-mem-access 0' command is executed.
15:39:20 INFO  : ----------------XSDB Script----------------
connect -url tcp:127.0.0.1:3121
source C:/Users/Admin/Desktop/VIVADO_Projects/PS/uart_intr_loop/uart_intr_loop.sdk/system_wrapper_hw_platform_0/ps7_init.tcl
targets -set -nocase -filter {name =~"APU*" && jtag_cable_name =~ "Digilent JTAG-SMT3 210357A7D00EA"} -index 0
loadhw -hw C:/Users/Admin/Desktop/VIVADO_Projects/PS/uart_intr_loop/uart_intr_loop.sdk/system_wrapper_hw_platform_0/system.hdf -mem-ranges [list {0x40000000 0xbfffffff}]
configparams force-mem-access 1
targets -set -nocase -filter {name =~"APU*" && jtag_cable_name =~ "Digilent JTAG-SMT3 210357A7D00EA"} -index 0
stop
ps7_init
ps7_post_config
targets -set -nocase -filter {name =~ "ARM*#0" && jtag_cable_name =~ "Digilent JTAG-SMT3 210357A7D00EA"} -index 0
rst -processor
targets -set -nocase -filter {name =~ "ARM*#0" && jtag_cable_name =~ "Digilent JTAG-SMT3 210357A7D00EA"} -index 0
dow C:/Users/Admin/Desktop/VIVADO_Projects/PS/uart_intr_loop/uart_intr_loop.sdk/uart_intr_loop/Debug/uart_intr_loop.elf
configparams force-mem-access 0
----------------End of Script----------------

15:39:20 INFO  : Context for processor 'ps7_cortexa9_0' is selected.
15:39:20 INFO  : 'con' command is executed.
15:39:20 INFO  : ----------------XSDB Script (After Launch)----------------
targets -set -nocase -filter {name =~ "ARM*#0" && jtag_cable_name =~ "Digilent JTAG-SMT3 210357A7D00EA"} -index 0
con
----------------End of Script----------------

15:39:20 INFO  : Launch script is exported to file 'C:\Users\Admin\Desktop\VIVADO_Projects\PS\uart_intr_loop\uart_intr_loop.sdk\.sdk\launch_scripts\xilinx_c-c++_application_(system_debugger)\system_debugger_using_debug_uart_intr_loop.elf_on_local.tcl'
15:40:35 INFO  : Disconnected from the channel tcfchan#10.
16:01:27 INFO  : Registering command handlers for SDK TCF services
16:01:28 INFO  : Launching XSCT server: xsct.bat -interactive C:\Users\Admin\Desktop\VIVADO_Projects\PS\uart_intr_loop\uart_intr_loop.sdk\temp_xsdb_launch_script.tcl
16:01:29 INFO  : XSCT server has started successfully.
16:01:29 INFO  : Successfully done setting XSCT server connection channel  
16:01:29 INFO  : Successfully done setting SDK workspace  
16:01:29 INFO  : Processing command line option -hwspec C:/Users/Admin/Desktop/VIVADO_Projects/PS/uart_intr_loop/uart_intr_loop.sdk/system_wrapper.hdf.
16:01:29 INFO  : Checking for hwspec changes in the project system_wrapper_hw_platform_0.
16:18:53 INFO  : Connected to target on host '127.0.0.1' and port '3121'.
16:18:53 INFO  : Jtag cable 'Digilent JTAG-SMT3 210357A7D00EA' is selected.
16:18:53 INFO  : 'jtag frequency' command is executed.
16:18:53 INFO  : Sourcing of 'C:/Users/Admin/Desktop/VIVADO_Projects/PS/uart_intr_loop/uart_intr_loop.sdk/system_wrapper_hw_platform_0/ps7_init.tcl' is done.
16:18:53 INFO  : Context for 'APU' is selected.
16:18:53 INFO  : Hardware design information is loaded from 'C:/Users/Admin/Desktop/VIVADO_Projects/PS/uart_intr_loop/uart_intr_loop.sdk/system_wrapper_hw_platform_0/system.hdf'.
16:18:53 INFO  : 'configparams force-mem-access 1' command is executed.
16:18:53 INFO  : Context for 'APU' is selected.
16:18:53 INFO  : 'stop' command is executed.
16:18:54 INFO  : 'ps7_init' command is executed.
16:18:54 INFO  : 'ps7_post_config' command is executed.
16:18:54 INFO  : Context for processor 'ps7_cortexa9_0' is selected.
16:18:54 INFO  : Processor reset is completed for 'ps7_cortexa9_0'.
16:18:54 INFO  : Context for processor 'ps7_cortexa9_0' is selected.
16:18:54 INFO  : The application 'C:/Users/Admin/Desktop/VIVADO_Projects/PS/uart_intr_loop/uart_intr_loop.sdk/uart_intr_loop/Debug/uart_intr_loop.elf' is downloaded to processor 'ps7_cortexa9_0'.
16:18:54 INFO  : 'configparams force-mem-access 0' command is executed.
16:18:54 INFO  : ----------------XSDB Script----------------
connect -url tcp:127.0.0.1:3121
source C:/Users/Admin/Desktop/VIVADO_Projects/PS/uart_intr_loop/uart_intr_loop.sdk/system_wrapper_hw_platform_0/ps7_init.tcl
targets -set -nocase -filter {name =~"APU*" && jtag_cable_name =~ "Digilent JTAG-SMT3 210357A7D00EA"} -index 0
loadhw -hw C:/Users/Admin/Desktop/VIVADO_Projects/PS/uart_intr_loop/uart_intr_loop.sdk/system_wrapper_hw_platform_0/system.hdf -mem-ranges [list {0x40000000 0xbfffffff}]
configparams force-mem-access 1
targets -set -nocase -filter {name =~"APU*" && jtag_cable_name =~ "Digilent JTAG-SMT3 210357A7D00EA"} -index 0
stop
ps7_init
ps7_post_config
targets -set -nocase -filter {name =~ "ARM*#0" && jtag_cable_name =~ "Digilent JTAG-SMT3 210357A7D00EA"} -index 0
rst -processor
targets -set -nocase -filter {name =~ "ARM*#0" && jtag_cable_name =~ "Digilent JTAG-SMT3 210357A7D00EA"} -index 0
dow C:/Users/Admin/Desktop/VIVADO_Projects/PS/uart_intr_loop/uart_intr_loop.sdk/uart_intr_loop/Debug/uart_intr_loop.elf
configparams force-mem-access 0
----------------End of Script----------------

16:18:54 INFO  : Context for processor 'ps7_cortexa9_0' is selected.
16:18:54 INFO  : 'con' command is executed.
16:18:54 INFO  : ----------------XSDB Script (After Launch)----------------
targets -set -nocase -filter {name =~ "ARM*#0" && jtag_cable_name =~ "Digilent JTAG-SMT3 210357A7D00EA"} -index 0
con
----------------End of Script----------------

16:18:54 INFO  : Launch script is exported to file 'C:\Users\Admin\Desktop\VIVADO_Projects\PS\uart_intr_loop\uart_intr_loop.sdk\.sdk\launch_scripts\xilinx_c-c++_application_(system_debugger)\system_debugger_using_debug_uart_intr_loop.elf_on_local.tcl'
16:25:00 INFO  : Disconnected from the channel tcfchan#1.
16:25:01 INFO  : Connected to target on host '127.0.0.1' and port '3121'.
16:25:01 INFO  : Jtag cable 'Digilent JTAG-SMT3 210357A7D00EA' is selected.
16:25:01 INFO  : 'jtag frequency' command is executed.
16:25:01 INFO  : Sourcing of 'C:/Users/Admin/Desktop/VIVADO_Projects/PS/uart_intr_loop/uart_intr_loop.sdk/system_wrapper_hw_platform_0/ps7_init.tcl' is done.
16:25:02 INFO  : Context for 'APU' is selected.
16:25:02 INFO  : Hardware design information is loaded from 'C:/Users/Admin/Desktop/VIVADO_Projects/PS/uart_intr_loop/uart_intr_loop.sdk/system_wrapper_hw_platform_0/system.hdf'.
16:25:02 INFO  : 'configparams force-mem-access 1' command is executed.
16:25:02 INFO  : Context for 'APU' is selected.
16:25:02 INFO  : 'stop' command is executed.
16:25:02 INFO  : 'ps7_init' command is executed.
16:25:02 INFO  : 'ps7_post_config' command is executed.
16:25:02 INFO  : Context for processor 'ps7_cortexa9_0' is selected.
16:25:02 INFO  : Processor reset is completed for 'ps7_cortexa9_0'.
16:25:03 INFO  : Context for processor 'ps7_cortexa9_0' is selected.
16:25:03 INFO  : The application 'C:/Users/Admin/Desktop/VIVADO_Projects/PS/uart_intr_loop/uart_intr_loop.sdk/uart_intr_loop/Debug/uart_intr_loop.elf' is downloaded to processor 'ps7_cortexa9_0'.
16:25:03 INFO  : 'configparams force-mem-access 0' command is executed.
16:25:03 INFO  : ----------------XSDB Script----------------
connect -url tcp:127.0.0.1:3121
source C:/Users/Admin/Desktop/VIVADO_Projects/PS/uart_intr_loop/uart_intr_loop.sdk/system_wrapper_hw_platform_0/ps7_init.tcl
targets -set -nocase -filter {name =~"APU*" && jtag_cable_name =~ "Digilent JTAG-SMT3 210357A7D00EA"} -index 0
loadhw -hw C:/Users/Admin/Desktop/VIVADO_Projects/PS/uart_intr_loop/uart_intr_loop.sdk/system_wrapper_hw_platform_0/system.hdf -mem-ranges [list {0x40000000 0xbfffffff}]
configparams force-mem-access 1
targets -set -nocase -filter {name =~"APU*" && jtag_cable_name =~ "Digilent JTAG-SMT3 210357A7D00EA"} -index 0
stop
ps7_init
ps7_post_config
targets -set -nocase -filter {name =~ "ARM*#0" && jtag_cable_name =~ "Digilent JTAG-SMT3 210357A7D00EA"} -index 0
rst -processor
targets -set -nocase -filter {name =~ "ARM*#0" && jtag_cable_name =~ "Digilent JTAG-SMT3 210357A7D00EA"} -index 0
dow C:/Users/Admin/Desktop/VIVADO_Projects/PS/uart_intr_loop/uart_intr_loop.sdk/uart_intr_loop/Debug/uart_intr_loop.elf
configparams force-mem-access 0
----------------End of Script----------------

16:25:03 INFO  : Context for processor 'ps7_cortexa9_0' is selected.
16:25:03 INFO  : 'con' command is executed.
16:25:03 INFO  : ----------------XSDB Script (After Launch)----------------
targets -set -nocase -filter {name =~ "ARM*#0" && jtag_cable_name =~ "Digilent JTAG-SMT3 210357A7D00EA"} -index 0
con
----------------End of Script----------------

16:25:03 INFO  : Launch script is exported to file 'C:\Users\Admin\Desktop\VIVADO_Projects\PS\uart_intr_loop\uart_intr_loop.sdk\.sdk\launch_scripts\xilinx_c-c++_application_(system_debugger)\system_debugger_using_debug_uart_intr_loop.elf_on_local.tcl'
16:26:12 INFO  : Disconnected from the channel tcfchan#2.
16:26:13 INFO  : Connected to target on host '127.0.0.1' and port '3121'.
16:26:13 INFO  : Jtag cable 'Digilent JTAG-SMT3 210357A7D00EA' is selected.
16:26:13 INFO  : 'jtag frequency' command is executed.
16:26:13 INFO  : Sourcing of 'C:/Users/Admin/Desktop/VIVADO_Projects/PS/uart_intr_loop/uart_intr_loop.sdk/system_wrapper_hw_platform_0/ps7_init.tcl' is done.
16:26:13 INFO  : Context for 'APU' is selected.
16:26:14 INFO  : Hardware design information is loaded from 'C:/Users/Admin/Desktop/VIVADO_Projects/PS/uart_intr_loop/uart_intr_loop.sdk/system_wrapper_hw_platform_0/system.hdf'.
16:26:14 INFO  : 'configparams force-mem-access 1' command is executed.
16:26:14 INFO  : Context for 'APU' is selected.
16:26:14 INFO  : 'stop' command is executed.
16:26:14 INFO  : 'ps7_init' command is executed.
16:26:14 INFO  : 'ps7_post_config' command is executed.
16:26:14 INFO  : Context for processor 'ps7_cortexa9_0' is selected.
16:26:14 INFO  : Processor reset is completed for 'ps7_cortexa9_0'.
16:26:14 INFO  : Context for processor 'ps7_cortexa9_0' is selected.
16:26:14 INFO  : The application 'C:/Users/Admin/Desktop/VIVADO_Projects/PS/uart_intr_loop/uart_intr_loop.sdk/uart_intr_loop/Debug/uart_intr_loop.elf' is downloaded to processor 'ps7_cortexa9_0'.
16:26:14 INFO  : 'configparams force-mem-access 0' command is executed.
16:26:14 INFO  : ----------------XSDB Script----------------
connect -url tcp:127.0.0.1:3121
source C:/Users/Admin/Desktop/VIVADO_Projects/PS/uart_intr_loop/uart_intr_loop.sdk/system_wrapper_hw_platform_0/ps7_init.tcl
targets -set -nocase -filter {name =~"APU*" && jtag_cable_name =~ "Digilent JTAG-SMT3 210357A7D00EA"} -index 0
loadhw -hw C:/Users/Admin/Desktop/VIVADO_Projects/PS/uart_intr_loop/uart_intr_loop.sdk/system_wrapper_hw_platform_0/system.hdf -mem-ranges [list {0x40000000 0xbfffffff}]
configparams force-mem-access 1
targets -set -nocase -filter {name =~"APU*" && jtag_cable_name =~ "Digilent JTAG-SMT3 210357A7D00EA"} -index 0
stop
ps7_init
ps7_post_config
targets -set -nocase -filter {name =~ "ARM*#0" && jtag_cable_name =~ "Digilent JTAG-SMT3 210357A7D00EA"} -index 0
rst -processor
targets -set -nocase -filter {name =~ "ARM*#0" && jtag_cable_name =~ "Digilent JTAG-SMT3 210357A7D00EA"} -index 0
dow C:/Users/Admin/Desktop/VIVADO_Projects/PS/uart_intr_loop/uart_intr_loop.sdk/uart_intr_loop/Debug/uart_intr_loop.elf
configparams force-mem-access 0
----------------End of Script----------------

16:26:14 INFO  : Context for processor 'ps7_cortexa9_0' is selected.
16:26:14 INFO  : 'con' command is executed.
16:26:14 INFO  : ----------------XSDB Script (After Launch)----------------
targets -set -nocase -filter {name =~ "ARM*#0" && jtag_cable_name =~ "Digilent JTAG-SMT3 210357A7D00EA"} -index 0
con
----------------End of Script----------------

16:26:14 INFO  : Launch script is exported to file 'C:\Users\Admin\Desktop\VIVADO_Projects\PS\uart_intr_loop\uart_intr_loop.sdk\.sdk\launch_scripts\xilinx_c-c++_application_(system_debugger)\system_debugger_using_debug_uart_intr_loop.elf_on_local.tcl'
16:27:04 INFO  : Disconnected from the channel tcfchan#3.
16:27:05 INFO  : Connected to target on host '127.0.0.1' and port '3121'.
16:27:05 INFO  : Jtag cable 'Digilent JTAG-SMT3 210357A7D00EA' is selected.
16:27:05 INFO  : 'jtag frequency' command is executed.
16:27:05 INFO  : Sourcing of 'C:/Users/Admin/Desktop/VIVADO_Projects/PS/uart_intr_loop/uart_intr_loop.sdk/system_wrapper_hw_platform_0/ps7_init.tcl' is done.
16:27:05 INFO  : Context for 'APU' is selected.
16:27:06 INFO  : Hardware design information is loaded from 'C:/Users/Admin/Desktop/VIVADO_Projects/PS/uart_intr_loop/uart_intr_loop.sdk/system_wrapper_hw_platform_0/system.hdf'.
16:27:06 INFO  : 'configparams force-mem-access 1' command is executed.
16:27:06 INFO  : Context for 'APU' is selected.
16:27:06 INFO  : 'stop' command is executed.
16:27:06 INFO  : 'ps7_init' command is executed.
16:27:06 INFO  : 'ps7_post_config' command is executed.
16:27:06 INFO  : Context for processor 'ps7_cortexa9_0' is selected.
16:27:06 INFO  : Processor reset is completed for 'ps7_cortexa9_0'.
16:27:06 INFO  : Context for processor 'ps7_cortexa9_0' is selected.
16:27:07 INFO  : The application 'C:/Users/Admin/Desktop/VIVADO_Projects/PS/uart_intr_loop/uart_intr_loop.sdk/uart_intr_loop/Debug/uart_intr_loop.elf' is downloaded to processor 'ps7_cortexa9_0'.
16:27:07 INFO  : 'configparams force-mem-access 0' command is executed.
16:27:07 INFO  : ----------------XSDB Script----------------
connect -url tcp:127.0.0.1:3121
source C:/Users/Admin/Desktop/VIVADO_Projects/PS/uart_intr_loop/uart_intr_loop.sdk/system_wrapper_hw_platform_0/ps7_init.tcl
targets -set -nocase -filter {name =~"APU*" && jtag_cable_name =~ "Digilent JTAG-SMT3 210357A7D00EA"} -index 0
loadhw -hw C:/Users/Admin/Desktop/VIVADO_Projects/PS/uart_intr_loop/uart_intr_loop.sdk/system_wrapper_hw_platform_0/system.hdf -mem-ranges [list {0x40000000 0xbfffffff}]
configparams force-mem-access 1
targets -set -nocase -filter {name =~"APU*" && jtag_cable_name =~ "Digilent JTAG-SMT3 210357A7D00EA"} -index 0
stop
ps7_init
ps7_post_config
targets -set -nocase -filter {name =~ "ARM*#0" && jtag_cable_name =~ "Digilent JTAG-SMT3 210357A7D00EA"} -index 0
rst -processor
targets -set -nocase -filter {name =~ "ARM*#0" && jtag_cable_name =~ "Digilent JTAG-SMT3 210357A7D00EA"} -index 0
dow C:/Users/Admin/Desktop/VIVADO_Projects/PS/uart_intr_loop/uart_intr_loop.sdk/uart_intr_loop/Debug/uart_intr_loop.elf
configparams force-mem-access 0
----------------End of Script----------------

16:27:07 INFO  : Context for processor 'ps7_cortexa9_0' is selected.
16:27:07 INFO  : 'con' command is executed.
16:27:07 INFO  : ----------------XSDB Script (After Launch)----------------
targets -set -nocase -filter {name =~ "ARM*#0" && jtag_cable_name =~ "Digilent JTAG-SMT3 210357A7D00EA"} -index 0
con
----------------End of Script----------------

16:27:07 INFO  : Launch script is exported to file 'C:\Users\Admin\Desktop\VIVADO_Projects\PS\uart_intr_loop\uart_intr_loop.sdk\.sdk\launch_scripts\xilinx_c-c++_application_(system_debugger)\system_debugger_using_debug_uart_intr_loop.elf_on_local.tcl'
16:27:29 INFO  : Disconnected from the channel tcfchan#4.
16:27:30 INFO  : Connected to target on host '127.0.0.1' and port '3121'.
16:27:30 INFO  : Jtag cable 'Digilent JTAG-SMT3 210357A7D00EA' is selected.
16:27:30 INFO  : 'jtag frequency' command is executed.
16:27:30 INFO  : Sourcing of 'C:/Users/Admin/Desktop/VIVADO_Projects/PS/uart_intr_loop/uart_intr_loop.sdk/system_wrapper_hw_platform_0/ps7_init.tcl' is done.
16:27:30 INFO  : Context for 'APU' is selected.
16:27:30 INFO  : Hardware design information is loaded from 'C:/Users/Admin/Desktop/VIVADO_Projects/PS/uart_intr_loop/uart_intr_loop.sdk/system_wrapper_hw_platform_0/system.hdf'.
16:27:30 INFO  : 'configparams force-mem-access 1' command is executed.
16:27:30 INFO  : Context for 'APU' is selected.
16:27:31 INFO  : 'stop' command is executed.
16:27:31 INFO  : 'ps7_init' command is executed.
16:27:31 INFO  : 'ps7_post_config' command is executed.
16:27:31 INFO  : Context for processor 'ps7_cortexa9_0' is selected.
16:27:31 INFO  : Processor reset is completed for 'ps7_cortexa9_0'.
16:27:31 INFO  : Context for processor 'ps7_cortexa9_0' is selected.
16:27:31 INFO  : The application 'C:/Users/Admin/Desktop/VIVADO_Projects/PS/uart_intr_loop/uart_intr_loop.sdk/uart_intr_loop/Debug/uart_intr_loop.elf' is downloaded to processor 'ps7_cortexa9_0'.
16:27:31 INFO  : 'configparams force-mem-access 0' command is executed.
16:27:31 INFO  : ----------------XSDB Script----------------
connect -url tcp:127.0.0.1:3121
source C:/Users/Admin/Desktop/VIVADO_Projects/PS/uart_intr_loop/uart_intr_loop.sdk/system_wrapper_hw_platform_0/ps7_init.tcl
targets -set -nocase -filter {name =~"APU*" && jtag_cable_name =~ "Digilent JTAG-SMT3 210357A7D00EA"} -index 0
loadhw -hw C:/Users/Admin/Desktop/VIVADO_Projects/PS/uart_intr_loop/uart_intr_loop.sdk/system_wrapper_hw_platform_0/system.hdf -mem-ranges [list {0x40000000 0xbfffffff}]
configparams force-mem-access 1
targets -set -nocase -filter {name =~"APU*" && jtag_cable_name =~ "Digilent JTAG-SMT3 210357A7D00EA"} -index 0
stop
ps7_init
ps7_post_config
targets -set -nocase -filter {name =~ "ARM*#0" && jtag_cable_name =~ "Digilent JTAG-SMT3 210357A7D00EA"} -index 0
rst -processor
targets -set -nocase -filter {name =~ "ARM*#0" && jtag_cable_name =~ "Digilent JTAG-SMT3 210357A7D00EA"} -index 0
dow C:/Users/Admin/Desktop/VIVADO_Projects/PS/uart_intr_loop/uart_intr_loop.sdk/uart_intr_loop/Debug/uart_intr_loop.elf
configparams force-mem-access 0
----------------End of Script----------------

16:27:31 INFO  : Context for processor 'ps7_cortexa9_0' is selected.
16:27:31 INFO  : 'con' command is executed.
16:27:31 INFO  : ----------------XSDB Script (After Launch)----------------
targets -set -nocase -filter {name =~ "ARM*#0" && jtag_cable_name =~ "Digilent JTAG-SMT3 210357A7D00EA"} -index 0
con
----------------End of Script----------------

16:27:31 INFO  : Launch script is exported to file 'C:\Users\Admin\Desktop\VIVADO_Projects\PS\uart_intr_loop\uart_intr_loop.sdk\.sdk\launch_scripts\xilinx_c-c++_application_(system_debugger)\system_debugger_using_debug_uart_intr_loop.elf_on_local.tcl'
18:49:06 INFO  : Disconnected from the channel tcfchan#5.
18:49:07 INFO  : Connected to target on host '127.0.0.1' and port '3121'.
18:49:07 INFO  : Jtag cable 'Digilent JTAG-SMT3 210357A7D00EA' is selected.
18:49:07 INFO  : 'jtag frequency' command is executed.
18:49:07 INFO  : Sourcing of 'C:/Users/Admin/Desktop/VIVADO_Projects/PS/uart_intr_loop/uart_intr_loop.sdk/system_wrapper_hw_platform_0/ps7_init.tcl' is done.
18:49:07 INFO  : Context for 'APU' is selected.
18:49:08 INFO  : Hardware design information is loaded from 'C:/Users/Admin/Desktop/VIVADO_Projects/PS/uart_intr_loop/uart_intr_loop.sdk/system_wrapper_hw_platform_0/system.hdf'.
18:49:08 INFO  : 'configparams force-mem-access 1' command is executed.
18:49:08 INFO  : Context for 'APU' is selected.
18:49:08 INFO  : 'stop' command is executed.
18:49:08 INFO  : 'ps7_init' command is executed.
18:49:08 INFO  : 'ps7_post_config' command is executed.
18:49:08 INFO  : Context for processor 'ps7_cortexa9_0' is selected.
18:49:08 INFO  : Processor reset is completed for 'ps7_cortexa9_0'.
18:49:08 INFO  : Context for processor 'ps7_cortexa9_0' is selected.
18:49:08 INFO  : The application 'C:/Users/Admin/Desktop/VIVADO_Projects/PS/uart_intr_loop/uart_intr_loop.sdk/uart_intr_loop/Debug/uart_intr_loop.elf' is downloaded to processor 'ps7_cortexa9_0'.
18:49:08 INFO  : 'configparams force-mem-access 0' command is executed.
18:49:08 INFO  : ----------------XSDB Script----------------
connect -url tcp:127.0.0.1:3121
source C:/Users/Admin/Desktop/VIVADO_Projects/PS/uart_intr_loop/uart_intr_loop.sdk/system_wrapper_hw_platform_0/ps7_init.tcl
targets -set -nocase -filter {name =~"APU*" && jtag_cable_name =~ "Digilent JTAG-SMT3 210357A7D00EA"} -index 0
loadhw -hw C:/Users/Admin/Desktop/VIVADO_Projects/PS/uart_intr_loop/uart_intr_loop.sdk/system_wrapper_hw_platform_0/system.hdf -mem-ranges [list {0x40000000 0xbfffffff}]
configparams force-mem-access 1
targets -set -nocase -filter {name =~"APU*" && jtag_cable_name =~ "Digilent JTAG-SMT3 210357A7D00EA"} -index 0
stop
ps7_init
ps7_post_config
targets -set -nocase -filter {name =~ "ARM*#0" && jtag_cable_name =~ "Digilent JTAG-SMT3 210357A7D00EA"} -index 0
rst -processor
targets -set -nocase -filter {name =~ "ARM*#0" && jtag_cable_name =~ "Digilent JTAG-SMT3 210357A7D00EA"} -index 0
dow C:/Users/Admin/Desktop/VIVADO_Projects/PS/uart_intr_loop/uart_intr_loop.sdk/uart_intr_loop/Debug/uart_intr_loop.elf
configparams force-mem-access 0
----------------End of Script----------------

18:49:08 INFO  : Context for processor 'ps7_cortexa9_0' is selected.
18:49:08 INFO  : 'con' command is executed.
18:49:08 INFO  : ----------------XSDB Script (After Launch)----------------
targets -set -nocase -filter {name =~ "ARM*#0" && jtag_cable_name =~ "Digilent JTAG-SMT3 210357A7D00EA"} -index 0
con
----------------End of Script----------------

18:49:08 INFO  : Launch script is exported to file 'C:\Users\Admin\Desktop\VIVADO_Projects\PS\uart_intr_loop\uart_intr_loop.sdk\.sdk\launch_scripts\xilinx_c-c++_application_(system_debugger)\system_debugger_using_debug_uart_intr_loop.elf_on_local.tcl'
18:51:08 INFO  : Disconnected from the channel tcfchan#6.
