#-----------------------------------------------------------
# Vivado v2018.3 (64-bit)
# SW Build 2405991 on Thu Dec  6 23:38:27 MST 2018
# IP Build 2404404 on Fri Dec  7 01:43:56 MST 2018
# Start of session at: Fri Nov 28 09:56:12 2025
# Process ID: 23028
# Current directory: C:/Users/Admin/Desktop/VIVADO_Projects/PS/hello_word
# Command line: vivado.exe -gui_launcher_event rodinguilauncherevent13132 C:\Users\Admin\Desktop\VIVADO_Projects\PS\hello_word\hello_word.xpr
# Log file: C:/Users/Admin/Desktop/VIVADO_Projects/PS/hello_word/vivado.log
# Journal file: C:/Users/Admin/Desktop/VIVADO_Projects/PS/hello_word\vivado.jou
#-----------------------------------------------------------
start_gui
open_project C:/Users/Admin/Desktop/VIVADO_Projects/PS/hello_word/hello_word.xpr
INFO: [Project 1-313] Project file moved from 'C:/Users/Admin/Desktop/VIVADO_Projects/hello_word' since last save.
Scanning sources...
Finished scanning sources
INFO: [IP_Flow 19-234] Refreshing IP repositories
INFO: [IP_Flow 19-1704] No user IP repositories specified
INFO: [IP_Flow 19-2313] Loaded Vivado IP repository 'D:/Xilinx/Vivado/2018.3/data/ip'.
open_project: Time (s): cpu = 00:00:09 ; elapsed = 00:00:06 . Memory (MB): peak = 762.680 ; gain = 112.035
update_compile_order -fileset sources_1
