#-----------------------------------------------------------
# Vivado v2018.3 (64-bit)
# SW Build 2405991 on Thu Dec  6 23:38:27 MST 2018
# IP Build 2404404 on Fri Dec  7 01:43:56 MST 2018
# Start of session at: Wed Nov 19 18:35:18 2025
# Process ID: 16928
# Current directory: C:/Users/Admin/Desktop/VIVADO_Projects/PS/hello_word
# Command line: vivado.exe -gui_launcher_event rodinguilauncherevent13276 C:\Users\Admin\Desktop\VIVADO_Projects\PS\hello_word\hello_word.xpr
# Log file: C:/Users/Admin/Desktop/VIVADO_Projects/PS/hello_word/vivado.log
# Journal file: C:/Users/Admin/Desktop/VIVADO_Projects/PS/hello_word\vivado.jou
#-----------------------------------------------------------
start_gui
open_project C:/Users/Admin/Desktop/VIVADO_Projects/PS/hello_word/hello_word.xpr
INFO: [Project 1-313] Project file moved from 'C:/Users/Admin/Desktop/VIVADO_Projects/hello_word' since last save.
Scanning sources...
Finished scanning sources
INFO: [IP_Flow 19-234] Refreshing IP repositories
INFO: [IP_Flow 19-1704] No user IP repositories specified
INFO: [IP_Flow 19-2313] Loaded Vivado IP repository 'D:/Xilinx/Vivado/2018.3/data/ip'.
open_project: Time (s): cpu = 00:00:09 ; elapsed = 00:00:06 . Memory (MB): peak = 779.965 ; gain = 175.164
update_compile_order -fileset sources_1
launch_sdk -workspace C:/Users/Admin/Desktop/VIVADO_Projects/PS/hello_word/hello_word.sdk -hwspec C:/Users/Admin/Desktop/VIVADO_Projects/PS/hello_word/hello_word.sdk/system_wrapper.hdf
INFO: [Vivado 12-393] Launching SDK...
INFO: [Vivado 12-417] Running xsdk -workspace C:/Users/Admin/Desktop/VIVADO_Projects/PS/hello_word/hello_word.sdk -hwspec C:/Users/Admin/Desktop/VIVADO_Projects/PS/hello_word/hello_word.sdk/system_wrapper.hdf
INFO: [Vivado 12-3157] SDK launch initiated. Please check console for any further messages.
exit
INFO: [Common 17-206] Exiting Vivado at Wed Nov 19 18:40:50 2025...
