#-----------------------------------------------------------
# Webtalk v2018.3 (64-bit)
# SW Build 2405991 on Thu Dec  6 23:38:27 MST 2018
# 
# Start of session at: Fri Dec  5 12:49:35 2025
# Process ID: 3284
# Current directory: C:/Users/Admin/Desktop/hdl-hdl_2019_r1/projects/fmcomms2/zed/fmcomms2_zed.sdk/webtalk
# Command line: wbtcv.exe -mode batch -source sdk_webtalk.tcl
# Log file: C:/Users/Admin/Desktop/hdl-hdl_2019_r1/projects/fmcomms2/zed/fmcomms2_zed.sdk/webtalk/webtalk.log
# Journal file: C:/Users/Admin/Desktop/hdl-hdl_2019_r1/projects/fmcomms2/zed/fmcomms2_zed.sdk/webtalk\webtalk.jou
#-----------------------------------------------------------
source sdk_webtalk.tcl
# webtalk_init -webtalk_dir C:\\Users\\Admin\\Desktop\\hdl-hdl_2019_r1\\projects\\fmcomms2\\zed\\fmcomms2_zed.sdk\\webtalk
# webtalk_register_client -client project
# webtalk_add_data -client project -key date_generated -value "2025-12-05 12:49:34" -context "software_version_and_target_device"
# webtalk_add_data -client project -key product_version -value "SDK v2018.3" -context "software_version_and_target_device"
# webtalk_add_data -client project -key build_version -value "2018.3" -context "software_version_and_target_device"
# webtalk_add_data -client project -key os_platform -value "amd64" -context "software_version_and_target_device"
# webtalk_add_data -client project -key registration_id -value "" -context "software_version_and_target_device"
# webtalk_add_data -client project -key tool_flow -value "SDK" -context "software_version_and_target_device"
# webtalk_add_data -client project -key beta -value "false" -context "software_version_and_target_device"
# webtalk_add_data -client project -key route_design -value "NA" -context "software_version_and_target_device"
# webtalk_add_data -client project -key target_family -value "NA" -context "software_version_and_target_device"
# webtalk_add_data -client project -key target_device -value "NA" -context "software_version_and_target_device"
# webtalk_add_data -client project -key target_package -value "NA" -context "software_version_and_target_device"
# webtalk_add_data -client project -key target_speed -value "NA" -context "software_version_and_target_device"
# webtalk_add_data -client project -key random_id -value "1ctll5teo96eu95h8snc50459j" -context "software_version_and_target_device"
# webtalk_add_data -client project -key project_id -value "2018.3_30" -context "software_version_and_target_device"
# webtalk_add_data -client project -key project_iteration -value "30" -context "software_version_and_target_device"
# webtalk_add_data -client project -key os_name -value "Microsoft Windows 8 or later , 64-bit" -context "user_environment"
# webtalk_add_data -client project -key os_release -value "major release  (build 9200)" -context "user_environment"
# webtalk_add_data -client project -key cpu_name -value "Intel(R) Core(TM) i5-14400" -context "user_environment"
# webtalk_add_data -client project -key cpu_speed -value "2496 MHz" -context "user_environment"
# webtalk_add_data -client project -key total_processors -value "1" -context "user_environment"
# webtalk_add_data -client project -key system_ram -value "16.817 GB" -context "user_environment"
# webtalk_register_client -client sdk
# webtalk_add_data -client sdk -key uid -value "1764903052791" -context "sdk\\\\bsp/1764903052791"
# webtalk_add_data -client sdk -key hwid -value "1764898746954" -context "sdk\\\\bsp/1764903052791"
# webtalk_add_data -client sdk -key os -value "standalone" -context "sdk\\\\bsp/1764903052791"
# webtalk_add_data -client sdk -key apptemplate -value "empty_application" -context "sdk\\\\bsp/1764903052791"
# webtalk_add_data -client sdk -key RecordType -value "BSPCreation" -context "sdk\\\\bsp/1764903052791"
# webtalk_add_data -client sdk -key uid -value "1764903054047" -context "sdk\\\\application/1764903054047"
# webtalk_add_data -client sdk -key hwid -value "1764898746954" -context "sdk\\\\application/1764903054047"
# webtalk_add_data -client sdk -key bspid -value "1764903052791" -context "sdk\\\\application/1764903054047"
# webtalk_add_data -client sdk -key newbsp -value "true" -context "sdk\\\\application/1764903054047"
# webtalk_add_data -client sdk -key os -value "standalone" -context "sdk\\\\application/1764903054047"
# webtalk_add_data -client sdk -key apptemplate -value "empty_application" -context "sdk\\\\application/1764903054047"
# webtalk_add_data -client sdk -key RecordType -value "APPCreation" -context "sdk\\\\application/1764903054047"
# webtalk_add_data -client sdk -key LangUsed -value "C" -context "sdk\\\\application/1764903054047"
# webtalk_add_data -client sdk -key Procused -value "ps7_cortexa9" -context "sdk\\\\application/1764903054047"
# webtalk_add_data -client sdk -key projSize -value "856.01171875" -context "sdk\\\\application/1764903054047"
# webtalk_add_data -client sdk -key uid -value "NA" -context "sdk\\\\bsp/1764910174797"
# webtalk_add_data -client sdk -key RecordType -value "ToolUsage" -context "sdk\\\\bsp/1764910174797"
# webtalk_add_data -client sdk -key BootgenCount -value "0" -context "sdk\\\\bsp/1764910174797"
# webtalk_add_data -client sdk -key DebugCount -value "33" -context "sdk\\\\bsp/1764910174797"
# webtalk_add_data -client sdk -key PerfCount -value "1" -context "sdk\\\\bsp/1764910174797"
# webtalk_add_data -client sdk -key FlashCount -value "0" -context "sdk\\\\bsp/1764910174797"
# webtalk_add_data -client sdk -key CrossTriggCount -value "0" -context "sdk\\\\bsp/1764910174797"
# webtalk_add_data -client sdk -key QemuDebugCount -value "0" -context "sdk\\\\bsp/1764910174797"
# webtalk_transmit -clientid 2905155075 -regid "" -xml C:\\Users\\Admin\\Desktop\\hdl-hdl_2019_r1\\projects\\fmcomms2\\zed\\fmcomms2_zed.sdk\\webtalk\\usage_statistics_ext_sdk.xml -html C:\\Users\\Admin\\Desktop\\hdl-hdl_2019_r1\\projects\\fmcomms2\\zed\\fmcomms2_zed.sdk\\webtalk\\usage_statistics_ext_sdk.html -wdm C:\\Users\\Admin\\Desktop\\hdl-hdl_2019_r1\\projects\\fmcomms2\\zed\\fmcomms2_zed.sdk\\webtalk\\sdk_webtalk.wdm -intro "<H3>SDK Usage Report</H3><BR>"
# webtalk_terminate
INFO: [Common 17-206] Exiting Webtalk at Fri Dec  5 12:49:42 2025...
