#-----------------------------------------------------------
# Vivado v2018.3 (64-bit)
# SW Build 2405991 on Thu Dec  6 23:38:27 MST 2018
# IP Build 2404404 on Fri Dec  7 01:43:56 MST 2018
# Start of session at: Tue Oct 28 19:39:01 2025
# Process ID: 16564
# Current directory: E:/VIVADO_Projects/ip_clk
# Command line: vivado.exe -gui_launcher_event rodinguilauncherevent5916 E:\VIVADO_Projects\ip_clk\ip_clk.xpr
# Log file: E:/VIVADO_Projects/ip_clk/vivado.log
# Journal file: E:/VIVADO_Projects/ip_clk\vivado.jou
#-----------------------------------------------------------
start_gui
open_project E:/VIVADO_Projects/ip_clk/ip_clk.xpr
Scanning sources...
Finished scanning sources
INFO: [IP_Flow 19-234] Refreshing IP repositories
INFO: [IP_Flow 19-1704] No user IP repositories specified
INFO: [IP_Flow 19-2313] Loaded Vivado IP repository 'D:/Xilinx/Vivado/2018.3/data/ip'.
open_project: Time (s): cpu = 00:00:14 ; elapsed = 00:00:07 . Memory (MB): peak = 791.820 ; gain = 164.000
update_compile_order -fileset sources_1
exit
INFO: [Common 17-206] Exiting Vivado at Tue Oct 28 19:45:05 2025...
