20:24:14 INFO  : Registering command handlers for SDK TCF services
20:24:18 INFO  : Launching XSCT server: xsct.bat -interactive C:\Users\Admin\Desktop\VIVADO_Projects\hello_word\hello_word.sdk\temp_xsdb_launch_script.tcl
20:24:20 INFO  : XSCT server has started successfully.
20:24:20 INFO  : Successfully done setting XSCT server connection channel  
20:24:20 INFO  : Successfully done setting SDK workspace  
20:24:20 INFO  : Processing command line option -hwspec C:/Users/Admin/Desktop/VIVADO_Projects/hello_word/hello_word.sdk/system_wrapper.hdf.
20:33:21 INFO  : Connected to target on host '127.0.0.1' and port '3121'.
20:33:22 INFO  : Jtag cable 'Digilent JTAG-SMT3 210357A7D00EA' is selected.
20:33:22 INFO  : 'jtag frequency' command is executed.
20:33:22 INFO  : Sourcing of 'C:/Users/Admin/Desktop/VIVADO_Projects/hello_word/hello_word.sdk/system_wrapper_hw_platform_0/ps7_init.tcl' is done.
20:33:22 INFO  : Context for 'APU' is selected.
20:33:22 INFO  : Hardware design information is loaded from 'C:/Users/Admin/Desktop/VIVADO_Projects/hello_word/hello_word.sdk/system_wrapper_hw_platform_0/system.hdf'.
20:33:22 INFO  : 'configparams force-mem-access 1' command is executed.
20:33:22 INFO  : Context for 'APU' is selected.
20:33:22 INFO  : 'stop' command is executed.
20:33:22 INFO  : 'ps7_init' command is executed.
20:33:22 INFO  : 'ps7_post_config' command is executed.
20:33:22 INFO  : Context for processor 'ps7_cortexa9_0' is selected.
20:33:22 INFO  : Processor reset is completed for 'ps7_cortexa9_0'.
20:33:22 INFO  : Context for processor 'ps7_cortexa9_0' is selected.
20:33:22 INFO  : The application 'C:/Users/Admin/Desktop/VIVADO_Projects/hello_word/hello_word.sdk/hello_word/Debug/hello_word.elf' is downloaded to processor 'ps7_cortexa9_0'.
20:33:22 INFO  : 'configparams force-mem-access 0' command is executed.
20:33:22 INFO  : ----------------XSDB Script----------------
connect -url tcp:127.0.0.1:3121
source C:/Users/Admin/Desktop/VIVADO_Projects/hello_word/hello_word.sdk/system_wrapper_hw_platform_0/ps7_init.tcl
targets -set -nocase -filter {name =~"APU*" && jtag_cable_name =~ "Digilent JTAG-SMT3 210357A7D00EA"} -index 0
loadhw -hw C:/Users/Admin/Desktop/VIVADO_Projects/hello_word/hello_word.sdk/system_wrapper_hw_platform_0/system.hdf -mem-ranges [list {0x40000000 0xbfffffff}]
configparams force-mem-access 1
targets -set -nocase -filter {name =~"APU*" && jtag_cable_name =~ "Digilent JTAG-SMT3 210357A7D00EA"} -index 0
stop
ps7_init
ps7_post_config
targets -set -nocase -filter {name =~ "ARM*#0" && jtag_cable_name =~ "Digilent JTAG-SMT3 210357A7D00EA"} -index 0
rst -processor
targets -set -nocase -filter {name =~ "ARM*#0" && jtag_cable_name =~ "Digilent JTAG-SMT3 210357A7D00EA"} -index 0
dow C:/Users/Admin/Desktop/VIVADO_Projects/hello_word/hello_word.sdk/hello_word/Debug/hello_word.elf
configparams force-mem-access 0
----------------End of Script----------------

20:33:23 INFO  : Context for processor 'ps7_cortexa9_0' is selected.
20:33:23 INFO  : 'con' command is executed.
20:33:23 INFO  : ----------------XSDB Script (After Launch)----------------
targets -set -nocase -filter {name =~ "ARM*#0" && jtag_cable_name =~ "Digilent JTAG-SMT3 210357A7D00EA"} -index 0
con
----------------End of Script----------------

20:33:23 INFO  : Launch script is exported to file 'C:\Users\Admin\Desktop\VIVADO_Projects\hello_word\hello_word.sdk\.sdk\launch_scripts\xilinx_c-c++_application_(system_debugger)\system_debugger_using_debug_hello_word.elf_on_local.tcl'
20:33:55 INFO  : Disconnected from the channel tcfchan#1.
20:33:56 INFO  : Connected to target on host '127.0.0.1' and port '3121'.
20:33:56 INFO  : Jtag cable 'Digilent JTAG-SMT3 210357A7D00EA' is selected.
20:33:56 INFO  : 'jtag frequency' command is executed.
20:33:56 INFO  : Sourcing of 'C:/Users/Admin/Desktop/VIVADO_Projects/hello_word/hello_word.sdk/system_wrapper_hw_platform_0/ps7_init.tcl' is done.
20:33:56 INFO  : Context for 'APU' is selected.
20:33:57 INFO  : Hardware design information is loaded from 'C:/Users/Admin/Desktop/VIVADO_Projects/hello_word/hello_word.sdk/system_wrapper_hw_platform_0/system.hdf'.
20:33:57 INFO  : 'configparams force-mem-access 1' command is executed.
20:33:57 INFO  : Context for 'APU' is selected.
20:33:57 INFO  : 'stop' command is executed.
20:33:57 INFO  : 'ps7_init' command is executed.
20:33:57 INFO  : 'ps7_post_config' command is executed.
20:33:57 INFO  : Context for processor 'ps7_cortexa9_0' is selected.
20:33:57 INFO  : Processor reset is completed for 'ps7_cortexa9_0'.
20:33:57 INFO  : Context for processor 'ps7_cortexa9_0' is selected.
20:33:57 INFO  : The application 'C:/Users/Admin/Desktop/VIVADO_Projects/hello_word/hello_word.sdk/hello_word/Debug/hello_word.elf' is downloaded to processor 'ps7_cortexa9_0'.
20:33:57 INFO  : 'configparams force-mem-access 0' command is executed.
20:33:57 INFO  : ----------------XSDB Script----------------
connect -url tcp:127.0.0.1:3121
source C:/Users/Admin/Desktop/VIVADO_Projects/hello_word/hello_word.sdk/system_wrapper_hw_platform_0/ps7_init.tcl
targets -set -nocase -filter {name =~"APU*" && jtag_cable_name =~ "Digilent JTAG-SMT3 210357A7D00EA"} -index 0
loadhw -hw C:/Users/Admin/Desktop/VIVADO_Projects/hello_word/hello_word.sdk/system_wrapper_hw_platform_0/system.hdf -mem-ranges [list {0x40000000 0xbfffffff}]
configparams force-mem-access 1
targets -set -nocase -filter {name =~"APU*" && jtag_cable_name =~ "Digilent JTAG-SMT3 210357A7D00EA"} -index 0
stop
ps7_init
ps7_post_config
targets -set -nocase -filter {name =~ "ARM*#0" && jtag_cable_name =~ "Digilent JTAG-SMT3 210357A7D00EA"} -index 0
rst -processor
targets -set -nocase -filter {name =~ "ARM*#0" && jtag_cable_name =~ "Digilent JTAG-SMT3 210357A7D00EA"} -index 0
dow C:/Users/Admin/Desktop/VIVADO_Projects/hello_word/hello_word.sdk/hello_word/Debug/hello_word.elf
configparams force-mem-access 0
----------------End of Script----------------

20:33:57 INFO  : Context for processor 'ps7_cortexa9_0' is selected.
20:33:57 INFO  : 'con' command is executed.
20:33:57 INFO  : ----------------XSDB Script (After Launch)----------------
targets -set -nocase -filter {name =~ "ARM*#0" && jtag_cable_name =~ "Digilent JTAG-SMT3 210357A7D00EA"} -index 0
con
----------------End of Script----------------

20:33:57 INFO  : Launch script is exported to file 'C:\Users\Admin\Desktop\VIVADO_Projects\hello_word\hello_word.sdk\.sdk\launch_scripts\xilinx_c-c++_application_(system_debugger)\system_debugger_using_debug_hello_word.elf_on_local.tcl'
20:34:23 INFO  : Disconnected from the channel tcfchan#2.
20:34:24 INFO  : Connected to target on host '127.0.0.1' and port '3121'.
20:34:24 INFO  : Jtag cable 'Digilent JTAG-SMT3 210357A7D00EA' is selected.
20:34:24 INFO  : 'jtag frequency' command is executed.
20:34:24 INFO  : Sourcing of 'C:/Users/Admin/Desktop/VIVADO_Projects/hello_word/hello_word.sdk/system_wrapper_hw_platform_0/ps7_init.tcl' is done.
20:34:24 INFO  : Context for 'APU' is selected.
20:34:25 INFO  : Hardware design information is loaded from 'C:/Users/Admin/Desktop/VIVADO_Projects/hello_word/hello_word.sdk/system_wrapper_hw_platform_0/system.hdf'.
20:34:25 INFO  : 'configparams force-mem-access 1' command is executed.
20:34:25 INFO  : Context for 'APU' is selected.
20:34:25 INFO  : 'stop' command is executed.
20:34:25 INFO  : 'ps7_init' command is executed.
20:34:25 INFO  : 'ps7_post_config' command is executed.
20:34:25 INFO  : Context for processor 'ps7_cortexa9_0' is selected.
20:34:25 INFO  : Processor reset is completed for 'ps7_cortexa9_0'.
20:34:25 INFO  : Context for processor 'ps7_cortexa9_0' is selected.
20:34:25 INFO  : The application 'C:/Users/Admin/Desktop/VIVADO_Projects/hello_word/hello_word.sdk/hello_word/Debug/hello_word.elf' is downloaded to processor 'ps7_cortexa9_0'.
20:34:25 INFO  : 'configparams force-mem-access 0' command is executed.
20:34:25 INFO  : ----------------XSDB Script----------------
connect -url tcp:127.0.0.1:3121
source C:/Users/Admin/Desktop/VIVADO_Projects/hello_word/hello_word.sdk/system_wrapper_hw_platform_0/ps7_init.tcl
targets -set -nocase -filter {name =~"APU*" && jtag_cable_name =~ "Digilent JTAG-SMT3 210357A7D00EA"} -index 0
loadhw -hw C:/Users/Admin/Desktop/VIVADO_Projects/hello_word/hello_word.sdk/system_wrapper_hw_platform_0/system.hdf -mem-ranges [list {0x40000000 0xbfffffff}]
configparams force-mem-access 1
targets -set -nocase -filter {name =~"APU*" && jtag_cable_name =~ "Digilent JTAG-SMT3 210357A7D00EA"} -index 0
stop
ps7_init
ps7_post_config
targets -set -nocase -filter {name =~ "ARM*#0" && jtag_cable_name =~ "Digilent JTAG-SMT3 210357A7D00EA"} -index 0
rst -processor
targets -set -nocase -filter {name =~ "ARM*#0" && jtag_cable_name =~ "Digilent JTAG-SMT3 210357A7D00EA"} -index 0
dow C:/Users/Admin/Desktop/VIVADO_Projects/hello_word/hello_word.sdk/hello_word/Debug/hello_word.elf
configparams force-mem-access 0
----------------End of Script----------------

20:34:25 INFO  : Context for processor 'ps7_cortexa9_0' is selected.
20:34:25 INFO  : 'con' command is executed.
20:34:25 INFO  : ----------------XSDB Script (After Launch)----------------
targets -set -nocase -filter {name =~ "ARM*#0" && jtag_cable_name =~ "Digilent JTAG-SMT3 210357A7D00EA"} -index 0
con
----------------End of Script----------------

20:34:25 INFO  : Launch script is exported to file 'C:\Users\Admin\Desktop\VIVADO_Projects\hello_word\hello_word.sdk\.sdk\launch_scripts\xilinx_c-c++_application_(system_debugger)\system_debugger_using_debug_hello_word.elf_on_local.tcl'
20:34:44 INFO  : Disconnected from the channel tcfchan#3.
18:39:57 INFO  : Registering command handlers for SDK TCF services
18:40:02 INFO  : Launching XSCT server: xsct.bat -interactive C:\Users\Admin\Desktop\VIVADO_Projects\PS\hello_word\hello_word.sdk\temp_xsdb_launch_script.tcl
18:40:06 INFO  : XSCT server has started successfully.
18:40:06 INFO  : Successfully done setting XSCT server connection channel  
18:40:06 INFO  : Successfully done setting SDK workspace  
18:40:06 INFO  : Processing command line option -hwspec C:/Users/Admin/Desktop/VIVADO_Projects/PS/hello_word/hello_word.sdk/system_wrapper.hdf.
18:40:38 INFO  : Connected to target on host '127.0.0.1' and port '3121'.
18:40:38 INFO  : Jtag cable 'Digilent JTAG-SMT3 210357A7D00EA' is selected.
18:40:38 INFO  : 'jtag frequency' command is executed.
18:40:38 INFO  : Sourcing of 'C:/Users/Admin/Desktop/VIVADO_Projects/PS/hello_word/hello_word.sdk/system_wrapper_hw_platform_0/ps7_init.tcl' is done.
18:40:38 INFO  : Context for 'APU' is selected.
18:40:38 INFO  : Hardware design information is loaded from 'C:/Users/Admin/Desktop/VIVADO_Projects/PS/hello_word/hello_word.sdk/system_wrapper_hw_platform_0/system.hdf'.
18:40:38 INFO  : 'configparams force-mem-access 1' command is executed.
18:40:38 INFO  : Context for 'APU' is selected.
18:40:38 INFO  : 'stop' command is executed.
18:40:39 INFO  : 'ps7_init' command is executed.
18:40:39 INFO  : 'ps7_post_config' command is executed.
18:40:39 INFO  : Context for processor 'ps7_cortexa9_0' is selected.
18:40:39 INFO  : Processor reset is completed for 'ps7_cortexa9_0'.
18:40:39 INFO  : Context for processor 'ps7_cortexa9_0' is selected.
18:40:39 INFO  : The application 'C:/Users/Admin/Desktop/VIVADO_Projects/PS/hello_word/hello_word.sdk/hello_word/Debug/hello_word.elf' is downloaded to processor 'ps7_cortexa9_0'.
18:40:39 INFO  : 'configparams force-mem-access 0' command is executed.
18:40:39 INFO  : ----------------XSDB Script----------------
connect -url tcp:127.0.0.1:3121
source C:/Users/Admin/Desktop/VIVADO_Projects/PS/hello_word/hello_word.sdk/system_wrapper_hw_platform_0/ps7_init.tcl
targets -set -nocase -filter {name =~"APU*" && jtag_cable_name =~ "Digilent JTAG-SMT3 210357A7D00EA"} -index 0
loadhw -hw C:/Users/Admin/Desktop/VIVADO_Projects/PS/hello_word/hello_word.sdk/system_wrapper_hw_platform_0/system.hdf -mem-ranges [list {0x40000000 0xbfffffff}]
configparams force-mem-access 1
targets -set -nocase -filter {name =~"APU*" && jtag_cable_name =~ "Digilent JTAG-SMT3 210357A7D00EA"} -index 0
stop
ps7_init
ps7_post_config
targets -set -nocase -filter {name =~ "ARM*#0" && jtag_cable_name =~ "Digilent JTAG-SMT3 210357A7D00EA"} -index 0
rst -processor
targets -set -nocase -filter {name =~ "ARM*#0" && jtag_cable_name =~ "Digilent JTAG-SMT3 210357A7D00EA"} -index 0
dow C:/Users/Admin/Desktop/VIVADO_Projects/PS/hello_word/hello_word.sdk/hello_word/Debug/hello_word.elf
configparams force-mem-access 0
----------------End of Script----------------

18:40:39 INFO  : Context for processor 'ps7_cortexa9_0' is selected.
18:40:39 INFO  : 'con' command is executed.
18:40:39 INFO  : ----------------XSDB Script (After Launch)----------------
targets -set -nocase -filter {name =~ "ARM*#0" && jtag_cable_name =~ "Digilent JTAG-SMT3 210357A7D00EA"} -index 0
con
----------------End of Script----------------

18:40:39 INFO  : Launch script is exported to file 'C:\Users\Admin\Desktop\VIVADO_Projects\PS\hello_word\hello_word.sdk\.sdk\launch_scripts\xilinx_c-c++_application_(system_debugger)\system_debugger_using_debug_hello_word.elf_on_local.tcl'
18:40:45 INFO  : Disconnected from the channel tcfchan#1.
