#-----------------------------------------------------------
# Vivado v2018.3 (64-bit)
# SW Build 2405991 on Thu Dec  6 23:38:27 MST 2018
# IP Build 2404404 on Fri Dec  7 01:43:56 MST 2018
# Start of session at: Thu Nov 27 10:52:35 2025
# Process ID: 9448
# Current directory: C:/Users/Admin/Desktop/VIVADO_Projects/PS/axi_gpio_flash
# Command line: vivado.exe -gui_launcher_event rodinguilauncherevent10792 C:\Users\Admin\Desktop\VIVADO_Projects\PS\axi_gpio_flash\axi_gpio_flash.xpr
# Log file: C:/Users/Admin/Desktop/VIVADO_Projects/PS/axi_gpio_flash/vivado.log
# Journal file: C:/Users/Admin/Desktop/VIVADO_Projects/PS/axi_gpio_flash\vivado.jou
#-----------------------------------------------------------
start_gui
open_project C:/Users/Admin/Desktop/VIVADO_Projects/PS/axi_gpio_flash/axi_gpio_flash.xpr
Scanning sources...
Finished scanning sources
INFO: [IP_Flow 19-234] Refreshing IP repositories
INFO: [IP_Flow 19-1704] No user IP repositories specified
INFO: [IP_Flow 19-2313] Loaded Vivado IP repository 'D:/Xilinx/Vivado/2018.3/data/ip'.
update_compile_order -fileset sources_1
open_bd_design {C:/Users/Admin/Desktop/VIVADO_Projects/PS/axi_gpio_flash/axi_gpio_flash.srcs/sources_1/bd/system/system.bd}
Adding cell -- xilinx.com:ip:processing_system7:5.5 - processing_system7_0
Adding cell -- xilinx.com:ip:axi_gpio:2.0 - axi_gpio_0
Adding cell -- xilinx.com:ip:axi_interconnect:2.1 - ps7_0_axi_periph
Adding cell -- xilinx.com:ip:axi_protocol_converter:2.1 - auto_pc
Adding cell -- xilinx.com:ip:proc_sys_reset:5.0 - rst_ps7_0_50M
Successfully read diagram <system> from BD file <C:/Users/Admin/Desktop/VIVADO_Projects/PS/axi_gpio_flash/axi_gpio_flash.srcs/sources_1/bd/system/system.bd>
WARNING: [IP_Flow 19-474] Invalid Parameter 'Component_Name'
startgroup
set_property -dict [list CONFIG.PCW_QSPI_PERIPHERAL_ENABLE {1} CONFIG.PCW_QSPI_GRP_SINGLE_SS_ENABLE {1} CONFIG.PCW_MIO_1_SLEW {fast} CONFIG.PCW_MIO_2_SLEW {fast} CONFIG.PCW_MIO_3_SLEW {fast} CONFIG.PCW_MIO_4_SLEW {fast} CONFIG.PCW_MIO_5_SLEW {fast} CONFIG.PCW_MIO_6_SLEW {fast}] [get_bd_cells processing_system7_0]
endgroup
regenerate_bd_layout
validate_bd_design
generate_target all [get_files  C:/Users/Admin/Desktop/VIVADO_Projects/PS/axi_gpio_flash/axi_gpio_flash.srcs/sources_1/bd/system/system.bd]
INFO: [BD 41-1662] The design 'system.bd' is already validated. Therefore parameter propagation will not be re-run.
Wrote  : <C:\Users\Admin\Desktop\VIVADO_Projects\PS\axi_gpio_flash\axi_gpio_flash.srcs\sources_1\bd\system\system.bd> 
VHDL Output written to : C:/Users/Admin/Desktop/VIVADO_Projects/PS/axi_gpio_flash/axi_gpio_flash.srcs/sources_1/bd/system/synth/system.v
VHDL Output written to : C:/Users/Admin/Desktop/VIVADO_Projects/PS/axi_gpio_flash/axi_gpio_flash.srcs/sources_1/bd/system/sim/system.v
VHDL Output written to : C:/Users/Admin/Desktop/VIVADO_Projects/PS/axi_gpio_flash/axi_gpio_flash.srcs/sources_1/bd/system/hdl/system_wrapper.v
INFO: [BD 41-1029] Generation completed for the IP Integrator block processing_system7_0 .
INFO: [BD 41-1029] Generation completed for the IP Integrator block axi_gpio_0 .
INFO: [BD 41-1029] Generation completed for the IP Integrator block rst_ps7_0_50M .
WARNING: [IP_Flow 19-4994] Overwriting existing constraint file 'c:/Users/Admin/Desktop/VIVADO_Projects/PS/axi_gpio_flash/axi_gpio_flash.srcs/sources_1/bd/system/ip/system_auto_pc_0/system_auto_pc_0_ooc.xdc'
INFO: [BD 41-1029] Generation completed for the IP Integrator block ps7_0_axi_periph/s00_couplers/auto_pc .
Exporting to file C:/Users/Admin/Desktop/VIVADO_Projects/PS/axi_gpio_flash/axi_gpio_flash.srcs/sources_1/bd/system/hw_handoff/system.hwh
Generated Block Design Tcl file C:/Users/Admin/Desktop/VIVADO_Projects/PS/axi_gpio_flash/axi_gpio_flash.srcs/sources_1/bd/system/hw_handoff/system_bd.tcl
Generated Hardware Definition File C:/Users/Admin/Desktop/VIVADO_Projects/PS/axi_gpio_flash/axi_gpio_flash.srcs/sources_1/bd/system/synth/system.hwdef
generate_target: Time (s): cpu = 00:00:09 ; elapsed = 00:00:11 . Memory (MB): peak = 1320.145 ; gain = 105.953
catch { config_ip_cache -export [get_ips -all system_processing_system7_0_0] }
catch { config_ip_cache -export [get_ips -all system_auto_pc_0] }
export_ip_user_files -of_objects [get_files C:/Users/Admin/Desktop/VIVADO_Projects/PS/axi_gpio_flash/axi_gpio_flash.srcs/sources_1/bd/system/system.bd] -no_script -sync -force -quiet
create_ip_run [get_files -of_objects [get_fileset sources_1] C:/Users/Admin/Desktop/VIVADO_Projects/PS/axi_gpio_flash/axi_gpio_flash.srcs/sources_1/bd/system/system.bd]
launch_runs -jobs 16 {system_processing_system7_0_0_synth_1 system_auto_pc_0_synth_1}
[Thu Nov 27 10:53:45 2025] Launched system_processing_system7_0_0_synth_1, system_auto_pc_0_synth_1...
Run output will be captured here:
system_processing_system7_0_0_synth_1: C:/Users/Admin/Desktop/VIVADO_Projects/PS/axi_gpio_flash/axi_gpio_flash.runs/system_processing_system7_0_0_synth_1/runme.log
system_auto_pc_0_synth_1: C:/Users/Admin/Desktop/VIVADO_Projects/PS/axi_gpio_flash/axi_gpio_flash.runs/system_auto_pc_0_synth_1/runme.log
export_simulation -of_objects [get_files C:/Users/Admin/Desktop/VIVADO_Projects/PS/axi_gpio_flash/axi_gpio_flash.srcs/sources_1/bd/system/system.bd] -directory C:/Users/Admin/Desktop/VIVADO_Projects/PS/axi_gpio_flash/axi_gpio_flash.ip_user_files/sim_scripts -ip_user_files_dir C:/Users/Admin/Desktop/VIVADO_Projects/PS/axi_gpio_flash/axi_gpio_flash.ip_user_files -ipstatic_source_dir C:/Users/Admin/Desktop/VIVADO_Projects/PS/axi_gpio_flash/axi_gpio_flash.ip_user_files/ipstatic -lib_map_path [list {modelsim=C:/Users/Admin/Desktop/VIVADO_Projects/PS/axi_gpio_flash/axi_gpio_flash.cache/compile_simlib/modelsim} {questa=C:/Users/Admin/Desktop/VIVADO_Projects/PS/axi_gpio_flash/axi_gpio_flash.cache/compile_simlib/questa} {riviera=C:/Users/Admin/Desktop/VIVADO_Projects/PS/axi_gpio_flash/axi_gpio_flash.cache/compile_simlib/riviera} {activehdl=C:/Users/Admin/Desktop/VIVADO_Projects/PS/axi_gpio_flash/axi_gpio_flash.cache/compile_simlib/activehdl}] -use_ip_compiled_libs -force -quiet
reset_run synth_1
WARNING: [Vivado 12-1017] Problems encountered:
1. Failed to delete one or more files in run directory C:/Users/Admin/Desktop/VIVADO_Projects/PS/axi_gpio_flash/axi_gpio_flash.runs/synth_1

launch_runs impl_1 -to_step write_bitstream -jobs 16
[Thu Nov 27 10:54:13 2025] Launched system_processing_system7_0_0_synth_1, system_auto_pc_0_synth_1, synth_1...
Run output will be captured here:
system_processing_system7_0_0_synth_1: C:/Users/Admin/Desktop/VIVADO_Projects/PS/axi_gpio_flash/axi_gpio_flash.runs/system_processing_system7_0_0_synth_1/runme.log
system_auto_pc_0_synth_1: C:/Users/Admin/Desktop/VIVADO_Projects/PS/axi_gpio_flash/axi_gpio_flash.runs/system_auto_pc_0_synth_1/runme.log
synth_1: C:/Users/Admin/Desktop/VIVADO_Projects/PS/axi_gpio_flash/axi_gpio_flash.runs/synth_1/runme.log
[Thu Nov 27 10:54:13 2025] Launched impl_1...
Run output will be captured here: C:/Users/Admin/Desktop/VIVADO_Projects/PS/axi_gpio_flash/axi_gpio_flash.runs/impl_1/runme.log
reset_run synth_1
reset_run system_processing_system7_0_0_synth_1
open_bd_design {C:/Users/Admin/Desktop/VIVADO_Projects/PS/axi_gpio_flash/axi_gpio_flash.srcs/sources_1/bd/system/system.bd}
generate_target all [get_files  C:/Users/Admin/Desktop/VIVADO_Projects/PS/axi_gpio_flash/axi_gpio_flash.srcs/sources_1/bd/system/system.bd]
INFO: [BD 41-1637] Generated targets are already up-to-date for bd-design 'system' - hence not re-generating.
catch { config_ip_cache -export [get_ips -all system_processing_system7_0_0] }
catch { config_ip_cache -export [get_ips -all system_auto_pc_0] }
export_ip_user_files -of_objects [get_files C:/Users/Admin/Desktop/VIVADO_Projects/PS/axi_gpio_flash/axi_gpio_flash.srcs/sources_1/bd/system/system.bd] -no_script -sync -force -quiet
create_ip_run [get_files -of_objects [get_fileset sources_1] C:/Users/Admin/Desktop/VIVADO_Projects/PS/axi_gpio_flash/axi_gpio_flash.srcs/sources_1/bd/system/system.bd]
launch_runs -jobs 16 {system_processing_system7_0_0_synth_1 system_auto_pc_0_synth_1}
[Thu Nov 27 10:54:30 2025] Launched system_processing_system7_0_0_synth_1, system_auto_pc_0_synth_1...
Run output will be captured here:
system_processing_system7_0_0_synth_1: C:/Users/Admin/Desktop/VIVADO_Projects/PS/axi_gpio_flash/axi_gpio_flash.runs/system_processing_system7_0_0_synth_1/runme.log
system_auto_pc_0_synth_1: C:/Users/Admin/Desktop/VIVADO_Projects/PS/axi_gpio_flash/axi_gpio_flash.runs/system_auto_pc_0_synth_1/runme.log
export_simulation -of_objects [get_files C:/Users/Admin/Desktop/VIVADO_Projects/PS/axi_gpio_flash/axi_gpio_flash.srcs/sources_1/bd/system/system.bd] -directory C:/Users/Admin/Desktop/VIVADO_Projects/PS/axi_gpio_flash/axi_gpio_flash.ip_user_files/sim_scripts -ip_user_files_dir C:/Users/Admin/Desktop/VIVADO_Projects/PS/axi_gpio_flash/axi_gpio_flash.ip_user_files -ipstatic_source_dir C:/Users/Admin/Desktop/VIVADO_Projects/PS/axi_gpio_flash/axi_gpio_flash.ip_user_files/ipstatic -lib_map_path [list {modelsim=C:/Users/Admin/Desktop/VIVADO_Projects/PS/axi_gpio_flash/axi_gpio_flash.cache/compile_simlib/modelsim} {questa=C:/Users/Admin/Desktop/VIVADO_Projects/PS/axi_gpio_flash/axi_gpio_flash.cache/compile_simlib/questa} {riviera=C:/Users/Admin/Desktop/VIVADO_Projects/PS/axi_gpio_flash/axi_gpio_flash.cache/compile_simlib/riviera} {activehdl=C:/Users/Admin/Desktop/VIVADO_Projects/PS/axi_gpio_flash/axi_gpio_flash.cache/compile_simlib/activehdl}] -use_ip_compiled_libs -force -quiet
launch_runs impl_1 -to_step write_bitstream -jobs 16
[Thu Nov 27 10:55:58 2025] Launched synth_1...
Run output will be captured here: C:/Users/Admin/Desktop/VIVADO_Projects/PS/axi_gpio_flash/axi_gpio_flash.runs/synth_1/runme.log
[Thu Nov 27 10:55:58 2025] Launched impl_1...
Run output will be captured here: C:/Users/Admin/Desktop/VIVADO_Projects/PS/axi_gpio_flash/axi_gpio_flash.runs/impl_1/runme.log
file copy -force C:/Users/Admin/Desktop/VIVADO_Projects/PS/axi_gpio_flash/axi_gpio_flash.runs/impl_1/system_wrapper.sysdef C:/Users/Admin/Desktop/VIVADO_Projects/PS/axi_gpio_flash/axi_gpio_flash.sdk/system_wrapper.hdf

launch_sdk -workspace C:/Users/Admin/Desktop/VIVADO_Projects/PS/axi_gpio_flash/axi_gpio_flash.sdk -hwspec C:/Users/Admin/Desktop/VIVADO_Projects/PS/axi_gpio_flash/axi_gpio_flash.sdk/system_wrapper.hdf
INFO: [Vivado 12-393] Launching SDK...
INFO: [Vivado 12-417] Running xsdk -workspace C:/Users/Admin/Desktop/VIVADO_Projects/PS/axi_gpio_flash/axi_gpio_flash.sdk -hwspec C:/Users/Admin/Desktop/VIVADO_Projects/PS/axi_gpio_flash/axi_gpio_flash.sdk/system_wrapper.hdf
INFO: [Vivado 12-3157] SDK launch initiated. Please check console for any further messages.
open_run synth_1 -name synth_1
Design is defaulting to impl run constrset: constrs_1
Design is defaulting to synth run part: xc7z020clg484-2
INFO: [Project 1-454] Reading design checkpoint 'c:/Users/Admin/Desktop/VIVADO_Projects/PS/axi_gpio_flash/axi_gpio_flash.srcs/sources_1/bd/system/ip/system_axi_gpio_0_1/system_axi_gpio_0_1.dcp' for cell 'system_i/axi_gpio_0'
INFO: [Project 1-454] Reading design checkpoint 'c:/Users/Admin/Desktop/VIVADO_Projects/PS/axi_gpio_flash/axi_gpio_flash.srcs/sources_1/bd/system/ip/system_processing_system7_0_0/system_processing_system7_0_0.dcp' for cell 'system_i/processing_system7_0'
INFO: [Project 1-454] Reading design checkpoint 'c:/Users/Admin/Desktop/VIVADO_Projects/PS/axi_gpio_flash/axi_gpio_flash.srcs/sources_1/bd/system/ip/system_rst_ps7_0_50M_0/system_rst_ps7_0_50M_0.dcp' for cell 'system_i/rst_ps7_0_50M'
INFO: [Project 1-454] Reading design checkpoint 'c:/Users/Admin/Desktop/VIVADO_Projects/PS/axi_gpio_flash/axi_gpio_flash.srcs/sources_1/bd/system/ip/system_auto_pc_0/system_auto_pc_0.dcp' for cell 'system_i/ps7_0_axi_periph/s00_couplers/auto_pc'
INFO: [Netlist 29-17] Analyzing 19 Unisim elements for replacement
INFO: [Netlist 29-28] Unisim Transformation completed in 0 CPU seconds
INFO: [Project 1-479] Netlist was created with Vivado 2018.3
INFO: [Device 21-403] Loading part xc7z020clg484-2
INFO: [Project 1-570] Preparing netlist for logic optimization
Parsing XDC File [c:/Users/Admin/Desktop/VIVADO_Projects/PS/axi_gpio_flash/axi_gpio_flash.srcs/sources_1/bd/system/ip/system_processing_system7_0_0/system_processing_system7_0_0.xdc] for cell 'system_i/processing_system7_0/inst'
Finished Parsing XDC File [c:/Users/Admin/Desktop/VIVADO_Projects/PS/axi_gpio_flash/axi_gpio_flash.srcs/sources_1/bd/system/ip/system_processing_system7_0_0/system_processing_system7_0_0.xdc] for cell 'system_i/processing_system7_0/inst'
Parsing XDC File [c:/Users/Admin/Desktop/VIVADO_Projects/PS/axi_gpio_flash/axi_gpio_flash.srcs/sources_1/bd/system/ip/system_axi_gpio_0_1/system_axi_gpio_0_1_board.xdc] for cell 'system_i/axi_gpio_0/U0'
Finished Parsing XDC File [c:/Users/Admin/Desktop/VIVADO_Projects/PS/axi_gpio_flash/axi_gpio_flash.srcs/sources_1/bd/system/ip/system_axi_gpio_0_1/system_axi_gpio_0_1_board.xdc] for cell 'system_i/axi_gpio_0/U0'
Parsing XDC File [c:/Users/Admin/Desktop/VIVADO_Projects/PS/axi_gpio_flash/axi_gpio_flash.srcs/sources_1/bd/system/ip/system_axi_gpio_0_1/system_axi_gpio_0_1.xdc] for cell 'system_i/axi_gpio_0/U0'
Finished Parsing XDC File [c:/Users/Admin/Desktop/VIVADO_Projects/PS/axi_gpio_flash/axi_gpio_flash.srcs/sources_1/bd/system/ip/system_axi_gpio_0_1/system_axi_gpio_0_1.xdc] for cell 'system_i/axi_gpio_0/U0'
Parsing XDC File [c:/Users/Admin/Desktop/VIVADO_Projects/PS/axi_gpio_flash/axi_gpio_flash.srcs/sources_1/bd/system/ip/system_rst_ps7_0_50M_0/system_rst_ps7_0_50M_0_board.xdc] for cell 'system_i/rst_ps7_0_50M/U0'
Finished Parsing XDC File [c:/Users/Admin/Desktop/VIVADO_Projects/PS/axi_gpio_flash/axi_gpio_flash.srcs/sources_1/bd/system/ip/system_rst_ps7_0_50M_0/system_rst_ps7_0_50M_0_board.xdc] for cell 'system_i/rst_ps7_0_50M/U0'
Parsing XDC File [c:/Users/Admin/Desktop/VIVADO_Projects/PS/axi_gpio_flash/axi_gpio_flash.srcs/sources_1/bd/system/ip/system_rst_ps7_0_50M_0/system_rst_ps7_0_50M_0.xdc] for cell 'system_i/rst_ps7_0_50M/U0'
Finished Parsing XDC File [c:/Users/Admin/Desktop/VIVADO_Projects/PS/axi_gpio_flash/axi_gpio_flash.srcs/sources_1/bd/system/ip/system_rst_ps7_0_50M_0/system_rst_ps7_0_50M_0.xdc] for cell 'system_i/rst_ps7_0_50M/U0'
Parsing XDC File [C:/Users/Admin/Desktop/VIVADO_Projects/PS/axi_gpio_flash/axi_gpio_flash.srcs/constrs_1/new/axi_gpio.xdc]
Finished Parsing XDC File [C:/Users/Admin/Desktop/VIVADO_Projects/PS/axi_gpio_flash/axi_gpio_flash.srcs/constrs_1/new/axi_gpio.xdc]
INFO: [Opt 31-138] Pushed 0 inverter(s) to 0 load pin(s).
Netlist sorting complete. Time (s): cpu = 00:00:00 ; elapsed = 00:00:00 . Memory (MB): peak = 1560.996 ; gain = 0.000
INFO: [Project 1-111] Unisim Transformation Summary:
  A total of 1 instances were transformed.
  IOBUF => IOBUF (IBUF, OBUFT): 1 instances

WARNING: [Designutils 20-3303] unexpected site type 'IOPAD' in HDPYFinalizeIO
WARNING: [Designutils 20-3303] unexpected site type 'IOPAD' in HDPYFinalizeIO
WARNING: [Designutils 20-3303] unexpected site type 'IOPAD' in HDPYFinalizeIO
WARNING: [Designutils 20-3303] unexpected site type 'IOPAD' in HDPYFinalizeIO
WARNING: [Designutils 20-3303] unexpected site type 'IOPAD' in HDPYFinalizeIO
WARNING: [Designutils 20-3303] unexpected site type 'IOPAD' in HDPYFinalizeIO
WARNING: [Designutils 20-3303] unexpected site type 'IOPAD' in HDPYFinalizeIO
WARNING: [Designutils 20-3303] unexpected site type 'IOPAD' in HDPYFinalizeIO
WARNING: [Designutils 20-3303] unexpected site type 'IOPAD' in HDPYFinalizeIO
WARNING: [Designutils 20-3303] unexpected site type 'IOPAD' in HDPYFinalizeIO
WARNING: [Designutils 20-3303] unexpected site type 'IOPAD' in HDPYFinalizeIO
WARNING: [Designutils 20-3303] unexpected site type 'IOPAD' in HDPYFinalizeIO
WARNING: [Designutils 20-3303] unexpected site type 'IOPAD' in HDPYFinalizeIO
WARNING: [Designutils 20-3303] unexpected site type 'IOPAD' in HDPYFinalizeIO
WARNING: [Designutils 20-3303] unexpected site type 'IOPAD' in HDPYFinalizeIO
WARNING: [Designutils 20-3303] unexpected site type 'IOPAD' in HDPYFinalizeIO
WARNING: [Designutils 20-3303] unexpected site type 'IOPAD' in HDPYFinalizeIO
WARNING: [Designutils 20-3303] unexpected site type 'IOPAD' in HDPYFinalizeIO
WARNING: [Designutils 20-3303] unexpected site type 'IOPAD' in HDPYFinalizeIO
WARNING: [Designutils 20-3303] unexpected site type 'IOPAD' in HDPYFinalizeIO
WARNING: [Designutils 20-3303] unexpected site type 'IOPAD' in HDPYFinalizeIO
WARNING: [Designutils 20-3303] unexpected site type 'IOPAD' in HDPYFinalizeIO
WARNING: [Designutils 20-3303] unexpected site type 'IOPAD' in HDPYFinalizeIO
WARNING: [Designutils 20-3303] unexpected site type 'IOPAD' in HDPYFinalizeIO
WARNING: [Designutils 20-3303] unexpected site type 'IOPAD' in HDPYFinalizeIO
WARNING: [Designutils 20-3303] unexpected site type 'IOPAD' in HDPYFinalizeIO
WARNING: [Designutils 20-3303] unexpected site type 'IOPAD' in HDPYFinalizeIO
WARNING: [Designutils 20-3303] unexpected site type 'IOPAD' in HDPYFinalizeIO
WARNING: [Designutils 20-3303] unexpected site type 'IOPAD' in HDPYFinalizeIO
WARNING: [Designutils 20-3303] unexpected site type 'IOPAD' in HDPYFinalizeIO
WARNING: [Designutils 20-3303] unexpected site type 'IOPAD' in HDPYFinalizeIO
WARNING: [Designutils 20-3303] unexpected site type 'IOPAD' in HDPYFinalizeIO
WARNING: [Designutils 20-3303] unexpected site type 'IOPAD' in HDPYFinalizeIO
WARNING: [Designutils 20-3303] unexpected site type 'IOPAD' in HDPYFinalizeIO
WARNING: [Designutils 20-3303] unexpected site type 'IOPAD' in HDPYFinalizeIO
WARNING: [Designutils 20-3303] unexpected site type 'IOPAD' in HDPYFinalizeIO
WARNING: [Designutils 20-3303] unexpected site type 'IOPAD' in HDPYFinalizeIO
WARNING: [Designutils 20-3303] unexpected site type 'IOPAD' in HDPYFinalizeIO
WARNING: [Designutils 20-3303] unexpected site type 'IOPAD' in HDPYFinalizeIO
WARNING: [Designutils 20-3303] unexpected site type 'IOPAD' in HDPYFinalizeIO
WARNING: [Designutils 20-3303] unexpected site type 'IOPAD' in HDPYFinalizeIO
WARNING: [Designutils 20-3303] unexpected site type 'IOPAD' in HDPYFinalizeIO
WARNING: [Designutils 20-3303] unexpected site type 'IOPAD' in HDPYFinalizeIO
WARNING: [Designutils 20-3303] unexpected site type 'IOPAD' in HDPYFinalizeIO
WARNING: [Designutils 20-3303] unexpected site type 'IOPAD' in HDPYFinalizeIO
WARNING: [Designutils 20-3303] unexpected site type 'IOPAD' in HDPYFinalizeIO
WARNING: [Designutils 20-3303] unexpected site type 'IOPAD' in HDPYFinalizeIO
WARNING: [Designutils 20-3303] unexpected site type 'IOPAD' in HDPYFinalizeIO
WARNING: [Designutils 20-3303] unexpected site type 'IOPAD' in HDPYFinalizeIO
WARNING: [Designutils 20-3303] unexpected site type 'IOPAD' in HDPYFinalizeIO
WARNING: [Designutils 20-3303] unexpected site type 'IOPAD' in HDPYFinalizeIO
WARNING: [Designutils 20-3303] unexpected site type 'IOPAD' in HDPYFinalizeIO
WARNING: [Designutils 20-3303] unexpected site type 'IOPAD' in HDPYFinalizeIO
WARNING: [Designutils 20-3303] unexpected site type 'IOPAD' in HDPYFinalizeIO
WARNING: [Designutils 20-3303] unexpected site type 'IOPAD' in HDPYFinalizeIO
WARNING: [Designutils 20-3303] unexpected site type 'IOPAD' in HDPYFinalizeIO
WARNING: [Designutils 20-3303] unexpected site type 'IOPAD' in HDPYFinalizeIO
WARNING: [Designutils 20-3303] unexpected site type 'IOPAD' in HDPYFinalizeIO
WARNING: [Designutils 20-3303] unexpected site type 'IOPAD' in HDPYFinalizeIO
WARNING: [Designutils 20-3303] unexpected site type 'IOPAD' in HDPYFinalizeIO
WARNING: [Designutils 20-3303] unexpected site type 'IOPAD' in HDPYFinalizeIO
WARNING: [Designutils 20-3303] unexpected site type 'IOPAD' in HDPYFinalizeIO
WARNING: [Designutils 20-3303] unexpected site type 'IOPAD' in HDPYFinalizeIO
WARNING: [Designutils 20-3303] unexpected site type 'IOPAD' in HDPYFinalizeIO
WARNING: [Designutils 20-3303] unexpected site type 'IOPAD' in HDPYFinalizeIO
WARNING: [Designutils 20-3303] unexpected site type 'IOPAD' in HDPYFinalizeIO
WARNING: [Designutils 20-3303] unexpected site type 'IOPAD' in HDPYFinalizeIO
WARNING: [Designutils 20-3303] unexpected site type 'IOPAD' in HDPYFinalizeIO
WARNING: [Designutils 20-3303] unexpected site type 'IOPAD' in HDPYFinalizeIO
WARNING: [Designutils 20-3303] unexpected site type 'IOPAD' in HDPYFinalizeIO
WARNING: [Designutils 20-3303] unexpected site type 'IOPAD' in HDPYFinalizeIO
WARNING: [Designutils 20-3303] unexpected site type 'IOPAD' in HDPYFinalizeIO
WARNING: [Designutils 20-3303] unexpected site type 'IOPAD' in HDPYFinalizeIO
WARNING: [Designutils 20-3303] unexpected site type 'IOPAD' in HDPYFinalizeIO
WARNING: [Designutils 20-3303] unexpected site type 'IOPAD' in HDPYFinalizeIO
WARNING: [Designutils 20-3303] unexpected site type 'IOPAD' in HDPYFinalizeIO
WARNING: [Designutils 20-3303] unexpected site type 'IOPAD' in HDPYFinalizeIO
WARNING: [Designutils 20-3303] unexpected site type 'IOPAD' in HDPYFinalizeIO
WARNING: [Designutils 20-3303] unexpected site type 'IOPAD' in HDPYFinalizeIO
WARNING: [Designutils 20-3303] unexpected site type 'IOPAD' in HDPYFinalizeIO
WARNING: [Designutils 20-3303] unexpected site type 'IOPAD' in HDPYFinalizeIO
WARNING: [Designutils 20-3303] unexpected site type 'IOPAD' in HDPYFinalizeIO
WARNING: [Designutils 20-3303] unexpected site type 'IOPAD' in HDPYFinalizeIO
WARNING: [Designutils 20-3303] unexpected site type 'IOPAD' in HDPYFinalizeIO
WARNING: [Designutils 20-3303] unexpected site type 'IOPAD' in HDPYFinalizeIO
WARNING: [Designutils 20-3303] unexpected site type 'IOPAD' in HDPYFinalizeIO
WARNING: [Designutils 20-3303] unexpected site type 'IOPAD' in HDPYFinalizeIO
WARNING: [Designutils 20-3303] unexpected site type 'IOPAD' in HDPYFinalizeIO
WARNING: [Designutils 20-3303] unexpected site type 'IOPAD' in HDPYFinalizeIO
WARNING: [Designutils 20-3303] unexpected site type 'IOPAD' in HDPYFinalizeIO
WARNING: [Designutils 20-3303] unexpected site type 'IOPAD' in HDPYFinalizeIO
WARNING: [Designutils 20-3303] unexpected site type 'IOPAD' in HDPYFinalizeIO
WARNING: [Designutils 20-3303] unexpected site type 'IOPAD' in HDPYFinalizeIO
WARNING: [Designutils 20-3303] unexpected site type 'IOPAD' in HDPYFinalizeIO
WARNING: [Designutils 20-3303] unexpected site type 'IOPAD' in HDPYFinalizeIO
WARNING: [Designutils 20-3303] unexpected site type 'IOPAD' in HDPYFinalizeIO
WARNING: [Designutils 20-3303] unexpected site type 'IOPAD' in HDPYFinalizeIO
WARNING: [Designutils 20-3303] unexpected site type 'IOPAD' in HDPYFinalizeIO
WARNING: [Designutils 20-3303] unexpected site type 'IOPAD' in HDPYFinalizeIO
WARNING: [Designutils 20-3303] unexpected site type 'IOPAD' in HDPYFinalizeIO
INFO: [Common 17-14] Message 'Designutils 20-3303' appears 100 times and further instances of the messages will be disabled. Use the Tcl command set_msg_config to change the current settings.
open_run: Time (s): cpu = 00:00:09 ; elapsed = 00:00:08 . Memory (MB): peak = 1719.840 ; gain = 399.695
open_bd_design {C:/Users/Admin/Desktop/VIVADO_Projects/PS/axi_gpio_flash/axi_gpio_flash.srcs/sources_1/bd/system/system.bd}
open_bd_design {C:/Users/Admin/Desktop/VIVADO_Projects/PS/axi_gpio_flash/axi_gpio_flash.srcs/sources_1/bd/system/system.bd}
WARNING: [IP_Flow 19-474] Invalid Parameter 'Component_Name'
startgroup
set_property -dict [list CONFIG.PCW_QSPI_GRP_SINGLE_SS_ENABLE {1}] [get_bd_cells processing_system7_0]
endgroup
generate_target all [get_files  C:/Users/Admin/Desktop/VIVADO_Projects/PS/axi_gpio_flash/axi_gpio_flash.srcs/sources_1/bd/system/system.bd]
INFO: [BD 41-1029] Generation completed for the IP Integrator block processing_system7_0 .
INFO: [BD 41-1029] Generation completed for the IP Integrator block axi_gpio_0 .
INFO: [BD 41-1029] Generation completed for the IP Integrator block rst_ps7_0_50M .
INFO: [BD 41-1029] Generation completed for the IP Integrator block ps7_0_axi_periph/s00_couplers/auto_pc .
Exporting to file C:/Users/Admin/Desktop/VIVADO_Projects/PS/axi_gpio_flash/axi_gpio_flash.srcs/sources_1/bd/system/hw_handoff/system.hwh
Generated Block Design Tcl file C:/Users/Admin/Desktop/VIVADO_Projects/PS/axi_gpio_flash/axi_gpio_flash.srcs/sources_1/bd/system/hw_handoff/system_bd.tcl
Generated Hardware Definition File C:/Users/Admin/Desktop/VIVADO_Projects/PS/axi_gpio_flash/axi_gpio_flash.srcs/sources_1/bd/system/synth/system.hwdef
export_ip_user_files -of_objects [get_files C:/Users/Admin/Desktop/VIVADO_Projects/PS/axi_gpio_flash/axi_gpio_flash.srcs/sources_1/bd/system/system.bd] -no_script -sync -force -quiet
create_ip_run [get_files -of_objects [get_fileset sources_1] C:/Users/Admin/Desktop/VIVADO_Projects/PS/axi_gpio_flash/axi_gpio_flash.srcs/sources_1/bd/system/system.bd]
export_simulation -of_objects [get_files C:/Users/Admin/Desktop/VIVADO_Projects/PS/axi_gpio_flash/axi_gpio_flash.srcs/sources_1/bd/system/system.bd] -directory C:/Users/Admin/Desktop/VIVADO_Projects/PS/axi_gpio_flash/axi_gpio_flash.ip_user_files/sim_scripts -ip_user_files_dir C:/Users/Admin/Desktop/VIVADO_Projects/PS/axi_gpio_flash/axi_gpio_flash.ip_user_files -ipstatic_source_dir C:/Users/Admin/Desktop/VIVADO_Projects/PS/axi_gpio_flash/axi_gpio_flash.ip_user_files/ipstatic -lib_map_path [list {modelsim=C:/Users/Admin/Desktop/VIVADO_Projects/PS/axi_gpio_flash/axi_gpio_flash.cache/compile_simlib/modelsim} {questa=C:/Users/Admin/Desktop/VIVADO_Projects/PS/axi_gpio_flash/axi_gpio_flash.cache/compile_simlib/questa} {riviera=C:/Users/Admin/Desktop/VIVADO_Projects/PS/axi_gpio_flash/axi_gpio_flash.cache/compile_simlib/riviera} {activehdl=C:/Users/Admin/Desktop/VIVADO_Projects/PS/axi_gpio_flash/axi_gpio_flash.cache/compile_simlib/activehdl}] -use_ip_compiled_libs -force -quiet
make_wrapper -files [get_files C:/Users/Admin/Desktop/VIVADO_Projects/PS/axi_gpio_flash/axi_gpio_flash.srcs/sources_1/bd/system/system.bd] -top
save_bd_design
Wrote  : <C:\Users\Admin\Desktop\VIVADO_Projects\PS\axi_gpio_flash\axi_gpio_flash.srcs\sources_1\bd\system\system.bd> 
reset_run impl_1 -prev_step 
launch_runs impl_1 -to_step write_bitstream -jobs 16
[Thu Nov 27 11:26:39 2025] Launched impl_1...
Run output will be captured here: C:/Users/Admin/Desktop/VIVADO_Projects/PS/axi_gpio_flash/axi_gpio_flash.runs/impl_1/runme.log
file copy -force C:/Users/Admin/Desktop/VIVADO_Projects/PS/axi_gpio_flash/axi_gpio_flash.runs/impl_1/system_wrapper.sysdef C:/Users/Admin/Desktop/VIVADO_Projects/PS/axi_gpio_flash/axi_gpio_flash.sdk/system_wrapper.hdf

launch_sdk -workspace C:/Users/Admin/Desktop/VIVADO_Projects/PS/axi_gpio_flash/axi_gpio_flash.sdk -hwspec C:/Users/Admin/Desktop/VIVADO_Projects/PS/axi_gpio_flash/axi_gpio_flash.sdk/system_wrapper.hdf
INFO: [Vivado 12-393] Launching SDK...
INFO: [Vivado 12-417] Running xsdk -workspace C:/Users/Admin/Desktop/VIVADO_Projects/PS/axi_gpio_flash/axi_gpio_flash.sdk -hwspec C:/Users/Admin/Desktop/VIVADO_Projects/PS/axi_gpio_flash/axi_gpio_flash.sdk/system_wrapper.hdf
INFO: [Vivado 12-3157] SDK launch initiated. Please check console for any further messages.
file copy -force C:/Users/Admin/Desktop/VIVADO_Projects/PS/axi_gpio_flash/axi_gpio_flash.runs/impl_1/system_wrapper.sysdef C:/Users/Admin/Desktop/VIVADO_Projects/PS/axi_gpio_flash/axi_gpio_flash.sdk/system_wrapper.hdf

launch_sdk -workspace C:/Users/Admin/Desktop/VIVADO_Projects/PS/axi_gpio_flash/axi_gpio_flash.sdk -hwspec C:/Users/Admin/Desktop/VIVADO_Projects/PS/axi_gpio_flash/axi_gpio_flash.sdk/system_wrapper.hdf
INFO: [Vivado 12-393] Launching SDK...
INFO: [Vivado 12-417] Running xsdk -workspace C:/Users/Admin/Desktop/VIVADO_Projects/PS/axi_gpio_flash/axi_gpio_flash.sdk -hwspec C:/Users/Admin/Desktop/VIVADO_Projects/PS/axi_gpio_flash/axi_gpio_flash.sdk/system_wrapper.hdf
INFO: [Vivado 12-3157] SDK launch initiated. Please check console for any further messages.
exit
INFO: [Common 17-206] Exiting Vivado at Thu Nov 27 15:47:12 2025...
