#-----------------------------------------------------------
# Vivado v2018.3 (64-bit)
# SW Build 2405991 on Thu Dec  6 23:38:27 MST 2018
# IP Build 2404404 on Fri Dec  7 01:43:56 MST 2018
# Start of session at: Mon Oct 27 15:03:49 2025
# Process ID: 12336
# Current directory: E:/VIVADO_Projects/flow_led
# Command line: vivado.exe -gui_launcher_event rodinguilauncherevent3636 E:\VIVADO_Projects\flow_led\flow_led.xpr
# Log file: E:/VIVADO_Projects/flow_led/vivado.log
# Journal file: E:/VIVADO_Projects/flow_led\vivado.jou
#-----------------------------------------------------------
start_gui
open_project E:/VIVADO_Projects/flow_led/flow_led.xpr
Scanning sources...
Finished scanning sources
INFO: [IP_Flow 19-234] Refreshing IP repositories
INFO: [IP_Flow 19-1704] No user IP repositories specified
INFO: [IP_Flow 19-2313] Loaded Vivado IP repository 'D:/Xilinx/Vivado/2018.3/data/ip'.
update_compile_order -fileset sources_1
exit
INFO: [Common 17-206] Exiting Vivado at Mon Oct 27 15:04:24 2025...
