#-----------------------------------------------------------
# Vivado v2018.3 (64-bit)
# SW Build 2405991 on Thu Dec  6 23:38:27 MST 2018
# IP Build 2404404 on Fri Dec  7 01:43:56 MST 2018
# Start of session at: Thu Nov 27 10:51:28 2025
# Process ID: 22688
# Current directory: C:/Users/Admin/Desktop/VIVADO_Projects/PS/axi_gpio
# Command line: vivado.exe -gui_launcher_event rodinguilauncherevent1748 C:\Users\Admin\Desktop\VIVADO_Projects\PS\axi_gpio\axi_gpio.xpr
# Log file: C:/Users/Admin/Desktop/VIVADO_Projects/PS/axi_gpio/vivado.log
# Journal file: C:/Users/Admin/Desktop/VIVADO_Projects/PS/axi_gpio\vivado.jou
#-----------------------------------------------------------
start_gui
open_project C:/Users/Admin/Desktop/VIVADO_Projects/PS/axi_gpio/axi_gpio.xpr
Scanning sources...
Finished scanning sources
INFO: [IP_Flow 19-234] Refreshing IP repositories
INFO: [IP_Flow 19-1704] No user IP repositories specified
INFO: [IP_Flow 19-2313] Loaded Vivado IP repository 'D:/Xilinx/Vivado/2018.3/data/ip'.
open_project: Time (s): cpu = 00:00:09 ; elapsed = 00:00:07 . Memory (MB): peak = 835.105 ; gain = 183.910
update_compile_order -fileset sources_1
save_project_as axi_gpio_flash C:/Users/Admin/Desktop/VIVADO_Projects/PS/axi_gpio_flash -force
exit
INFO: [Common 17-206] Exiting Vivado at Thu Nov 27 10:52:32 2025...
