09:39:36 INFO  : Registering command handlers for SDK TCF services
09:39:40 INFO  : Launching XSCT server: xsct.bat -interactive C:\Users\Admin\Desktop\VIVADO_Projects\PS\timer_intr_led\timer_intr_led.sdk\temp_xsdb_launch_script.tcl
09:39:44 INFO  : XSCT server has started successfully.
09:39:44 INFO  : Successfully done setting XSCT server connection channel  
09:39:44 INFO  : Successfully done setting SDK workspace  
09:39:44 INFO  : Processing command line option -hwspec C:/Users/Admin/Desktop/VIVADO_Projects/PS/timer_intr_led/timer_intr_led.sdk/system_wrapper.hdf.
09:42:55 INFO  : Connected to target on host '127.0.0.1' and port '3121'.
09:42:56 INFO  : Jtag cable 'Digilent JTAG-SMT3 210357A7D00EA' is selected.
09:42:56 INFO  : 'jtag frequency' command is executed.
09:42:56 INFO  : Sourcing of 'C:/Users/Admin/Desktop/VIVADO_Projects/PS/timer_intr_led/timer_intr_led.sdk/system_wrapper_hw_platform_0/ps7_init.tcl' is done.
09:42:56 INFO  : Context for 'APU' is selected.
09:42:56 INFO  : Hardware design information is loaded from 'C:/Users/Admin/Desktop/VIVADO_Projects/PS/timer_intr_led/timer_intr_led.sdk/system_wrapper_hw_platform_0/system.hdf'.
09:42:56 INFO  : 'configparams force-mem-access 1' command is executed.
09:42:56 INFO  : Context for 'APU' is selected.
09:42:56 INFO  : 'stop' command is executed.
09:42:56 INFO  : 'ps7_init' command is executed.
09:42:56 INFO  : 'ps7_post_config' command is executed.
09:42:56 INFO  : Context for processor 'ps7_cortexa9_0' is selected.
09:42:56 INFO  : Processor reset is completed for 'ps7_cortexa9_0'.
09:42:56 INFO  : Context for processor 'ps7_cortexa9_0' is selected.
09:42:56 INFO  : The application 'C:/Users/Admin/Desktop/VIVADO_Projects/PS/timer_intr_led/timer_intr_led.sdk/timer_intr_led/Debug/timer_intr_led.elf' is downloaded to processor 'ps7_cortexa9_0'.
09:42:56 INFO  : 'configparams force-mem-access 0' command is executed.
09:42:56 INFO  : ----------------XSDB Script----------------
connect -url tcp:127.0.0.1:3121
source C:/Users/Admin/Desktop/VIVADO_Projects/PS/timer_intr_led/timer_intr_led.sdk/system_wrapper_hw_platform_0/ps7_init.tcl
targets -set -nocase -filter {name =~"APU*" && jtag_cable_name =~ "Digilent JTAG-SMT3 210357A7D00EA"} -index 0
loadhw -hw C:/Users/Admin/Desktop/VIVADO_Projects/PS/timer_intr_led/timer_intr_led.sdk/system_wrapper_hw_platform_0/system.hdf -mem-ranges [list {0x40000000 0xbfffffff}]
configparams force-mem-access 1
targets -set -nocase -filter {name =~"APU*" && jtag_cable_name =~ "Digilent JTAG-SMT3 210357A7D00EA"} -index 0
stop
ps7_init
ps7_post_config
targets -set -nocase -filter {name =~ "ARM*#0" && jtag_cable_name =~ "Digilent JTAG-SMT3 210357A7D00EA"} -index 0
rst -processor
targets -set -nocase -filter {name =~ "ARM*#0" && jtag_cable_name =~ "Digilent JTAG-SMT3 210357A7D00EA"} -index 0
dow C:/Users/Admin/Desktop/VIVADO_Projects/PS/timer_intr_led/timer_intr_led.sdk/timer_intr_led/Debug/timer_intr_led.elf
configparams force-mem-access 0
----------------End of Script----------------

09:42:57 INFO  : Context for processor 'ps7_cortexa9_0' is selected.
09:42:57 INFO  : 'con' command is executed.
09:42:57 INFO  : ----------------XSDB Script (After Launch)----------------
targets -set -nocase -filter {name =~ "ARM*#0" && jtag_cable_name =~ "Digilent JTAG-SMT3 210357A7D00EA"} -index 0
con
----------------End of Script----------------

09:42:57 INFO  : Launch script is exported to file 'C:\Users\Admin\Desktop\VIVADO_Projects\PS\timer_intr_led\timer_intr_led.sdk\.sdk\launch_scripts\xilinx_c-c++_application_(system_debugger)\system_debugger_using_debug_timer_intr_led.elf_on_local.tcl'
09:43:45 INFO  : Disconnected from the channel tcfchan#1.
09:44:13 INFO  : Registering command handlers for SDK TCF services
09:44:14 INFO  : Launching XSCT server: xsct.bat -interactive C:\Users\Admin\Desktop\VIVADO_Projects\PS\timer_intr_led\timer_intr_led.sdk\temp_xsdb_launch_script.tcl
09:44:16 INFO  : XSCT server has started successfully.
09:44:16 INFO  : Successfully done setting XSCT server connection channel  
09:44:16 INFO  : Successfully done setting SDK workspace  
09:44:16 INFO  : Processing command line option -hwspec C:/Users/Admin/Desktop/VIVADO_Projects/PS/timer_intr_led/timer_intr_led.sdk/system_wrapper.hdf.
09:44:16 INFO  : Checking for hwspec changes in the project system_wrapper_hw_platform_0.
09:44:17 INFO  : SDK has detected change in the last modified timestamps for source hardware specification file Source:1764553441508,  Project:1764553163708
09:44:17 INFO  : The hardware specification for project 'system_wrapper_hw_platform_0' is different from C:/Users/Admin/Desktop/VIVADO_Projects/PS/timer_intr_led/timer_intr_led.sdk/system_wrapper.hdf.
09:44:17 INFO  : Copied contents of C:/Users/Admin/Desktop/VIVADO_Projects/PS/timer_intr_led/timer_intr_led.sdk/system_wrapper.hdf into \system_wrapper_hw_platform_0\system.hdf.
09:44:19 INFO  : Synchronizing projects in the workspace with the hardware platform specification changes.
09:44:20 INFO  : 
09:44:21 INFO  : Updating hardware inferred compiler options for timer_intr_led.
09:44:21 INFO  : Clearing existing target manager status.
09:44:39 INFO  : Connected to target on host '127.0.0.1' and port '3121'.
09:44:39 INFO  : Jtag cable 'Digilent JTAG-SMT3 210357A7D00EA' is selected.
09:44:39 INFO  : 'jtag frequency' command is executed.
09:44:39 INFO  : Sourcing of 'C:/Users/Admin/Desktop/VIVADO_Projects/PS/timer_intr_led/timer_intr_led.sdk/system_wrapper_hw_platform_0/ps7_init.tcl' is done.
09:44:39 INFO  : Context for 'APU' is selected.
09:44:39 INFO  : Hardware design information is loaded from 'C:/Users/Admin/Desktop/VIVADO_Projects/PS/timer_intr_led/timer_intr_led.sdk/system_wrapper_hw_platform_0/system.hdf'.
09:44:39 INFO  : 'configparams force-mem-access 1' command is executed.
09:44:39 INFO  : Context for 'APU' is selected.
09:44:39 INFO  : 'stop' command is executed.
09:44:40 INFO  : 'ps7_init' command is executed.
09:44:40 INFO  : 'ps7_post_config' command is executed.
09:44:40 INFO  : Context for processor 'ps7_cortexa9_0' is selected.
09:44:40 INFO  : Processor reset is completed for 'ps7_cortexa9_0'.
09:44:40 INFO  : Context for processor 'ps7_cortexa9_0' is selected.
09:44:40 INFO  : The application 'C:/Users/Admin/Desktop/VIVADO_Projects/PS/timer_intr_led/timer_intr_led.sdk/timer_intr_led/Debug/timer_intr_led.elf' is downloaded to processor 'ps7_cortexa9_0'.
09:44:40 INFO  : 'configparams force-mem-access 0' command is executed.
09:44:40 INFO  : ----------------XSDB Script----------------
connect -url tcp:127.0.0.1:3121
source C:/Users/Admin/Desktop/VIVADO_Projects/PS/timer_intr_led/timer_intr_led.sdk/system_wrapper_hw_platform_0/ps7_init.tcl
targets -set -nocase -filter {name =~"APU*" && jtag_cable_name =~ "Digilent JTAG-SMT3 210357A7D00EA"} -index 0
loadhw -hw C:/Users/Admin/Desktop/VIVADO_Projects/PS/timer_intr_led/timer_intr_led.sdk/system_wrapper_hw_platform_0/system.hdf -mem-ranges [list {0x40000000 0xbfffffff}]
configparams force-mem-access 1
targets -set -nocase -filter {name =~"APU*" && jtag_cable_name =~ "Digilent JTAG-SMT3 210357A7D00EA"} -index 0
stop
ps7_init
ps7_post_config
targets -set -nocase -filter {name =~ "ARM*#0" && jtag_cable_name =~ "Digilent JTAG-SMT3 210357A7D00EA"} -index 0
rst -processor
targets -set -nocase -filter {name =~ "ARM*#0" && jtag_cable_name =~ "Digilent JTAG-SMT3 210357A7D00EA"} -index 0
dow C:/Users/Admin/Desktop/VIVADO_Projects/PS/timer_intr_led/timer_intr_led.sdk/timer_intr_led/Debug/timer_intr_led.elf
configparams force-mem-access 0
----------------End of Script----------------

09:44:40 INFO  : Context for processor 'ps7_cortexa9_0' is selected.
09:44:40 INFO  : 'con' command is executed.
09:44:40 INFO  : ----------------XSDB Script (After Launch)----------------
targets -set -nocase -filter {name =~ "ARM*#0" && jtag_cable_name =~ "Digilent JTAG-SMT3 210357A7D00EA"} -index 0
con
----------------End of Script----------------

09:44:40 INFO  : Launch script is exported to file 'C:\Users\Admin\Desktop\VIVADO_Projects\PS\timer_intr_led\timer_intr_led.sdk\.sdk\launch_scripts\xilinx_c-c++_application_(system_debugger)\system_debugger_using_debug_timer_intr_led.elf_on_local.tcl'
09:47:01 INFO  : Disconnected from the channel tcfchan#1.
09:48:26 INFO  : Registering command handlers for SDK TCF services
09:48:27 INFO  : Launching XSCT server: xsct.bat -interactive C:\Users\Admin\Desktop\VIVADO_Projects\PS\timer_intr_led\timer_intr_led.sdk\temp_xsdb_launch_script.tcl
09:48:30 INFO  : XSCT server has started successfully.
09:48:30 INFO  : Successfully done setting XSCT server connection channel  
09:48:30 INFO  : Processing command line option -hwspec C:/Users/Admin/Desktop/VIVADO_Projects/PS/timer_intr_led/timer_intr_led.sdk/system_wrapper.hdf.
09:48:30 INFO  : Successfully done setting SDK workspace  
09:48:30 INFO  : Checking for hwspec changes in the project system_wrapper_hw_platform_0.
09:48:32 INFO  : SDK has detected change in the last modified timestamps for source hardware specification file Source:1764553692515,  Project:1764553441508
09:48:32 INFO  : The hardware specification for project 'system_wrapper_hw_platform_0' is different from C:/Users/Admin/Desktop/VIVADO_Projects/PS/timer_intr_led/timer_intr_led.sdk/system_wrapper.hdf.
09:48:32 INFO  : Copied contents of C:/Users/Admin/Desktop/VIVADO_Projects/PS/timer_intr_led/timer_intr_led.sdk/system_wrapper.hdf into \system_wrapper_hw_platform_0\system.hdf.
09:48:43 INFO  : Synchronizing projects in the workspace with the hardware platform specification changes.
09:48:45 INFO  : 
09:48:46 INFO  : Updating hardware inferred compiler options for timer_intr_led.
09:48:46 INFO  : Clearing existing target manager status.
09:53:47 INFO  : Connected to target on host '127.0.0.1' and port '3121'.
09:53:47 INFO  : Jtag cable 'Digilent JTAG-SMT3 210357A7D00EA' is selected.
09:53:47 INFO  : 'jtag frequency' command is executed.
09:53:47 INFO  : Sourcing of 'C:/Users/Admin/Desktop/VIVADO_Projects/PS/timer_intr_led/timer_intr_led.sdk/system_wrapper_hw_platform_0/ps7_init.tcl' is done.
09:53:47 INFO  : Context for 'APU' is selected.
09:53:47 INFO  : Hardware design information is loaded from 'C:/Users/Admin/Desktop/VIVADO_Projects/PS/timer_intr_led/timer_intr_led.sdk/system_wrapper_hw_platform_0/system.hdf'.
09:53:47 INFO  : 'configparams force-mem-access 1' command is executed.
09:53:47 INFO  : Context for 'APU' is selected.
09:53:47 INFO  : 'stop' command is executed.
09:53:48 INFO  : 'ps7_init' command is executed.
09:53:48 INFO  : 'ps7_post_config' command is executed.
09:53:48 INFO  : Context for processor 'ps7_cortexa9_0' is selected.
09:53:48 INFO  : Processor reset is completed for 'ps7_cortexa9_0'.
09:53:48 INFO  : Context for processor 'ps7_cortexa9_0' is selected.
09:53:48 INFO  : The application 'C:/Users/Admin/Desktop/VIVADO_Projects/PS/timer_intr_led/timer_intr_led.sdk/timer_intr_led/Debug/timer_intr_led.elf' is downloaded to processor 'ps7_cortexa9_0'.
09:53:48 INFO  : 'configparams force-mem-access 0' command is executed.
09:53:48 INFO  : ----------------XSDB Script----------------
connect -url tcp:127.0.0.1:3121
source C:/Users/Admin/Desktop/VIVADO_Projects/PS/timer_intr_led/timer_intr_led.sdk/system_wrapper_hw_platform_0/ps7_init.tcl
targets -set -nocase -filter {name =~"APU*" && jtag_cable_name =~ "Digilent JTAG-SMT3 210357A7D00EA"} -index 0
loadhw -hw C:/Users/Admin/Desktop/VIVADO_Projects/PS/timer_intr_led/timer_intr_led.sdk/system_wrapper_hw_platform_0/system.hdf -mem-ranges [list {0x40000000 0xbfffffff}]
configparams force-mem-access 1
targets -set -nocase -filter {name =~"APU*" && jtag_cable_name =~ "Digilent JTAG-SMT3 210357A7D00EA"} -index 0
stop
ps7_init
ps7_post_config
targets -set -nocase -filter {name =~ "ARM*#0" && jtag_cable_name =~ "Digilent JTAG-SMT3 210357A7D00EA"} -index 0
rst -processor
targets -set -nocase -filter {name =~ "ARM*#0" && jtag_cable_name =~ "Digilent JTAG-SMT3 210357A7D00EA"} -index 0
dow C:/Users/Admin/Desktop/VIVADO_Projects/PS/timer_intr_led/timer_intr_led.sdk/timer_intr_led/Debug/timer_intr_led.elf
configparams force-mem-access 0
----------------End of Script----------------

09:53:48 INFO  : Context for processor 'ps7_cortexa9_0' is selected.
09:53:48 INFO  : 'con' command is executed.
09:53:48 INFO  : ----------------XSDB Script (After Launch)----------------
targets -set -nocase -filter {name =~ "ARM*#0" && jtag_cable_name =~ "Digilent JTAG-SMT3 210357A7D00EA"} -index 0
con
----------------End of Script----------------

09:53:48 INFO  : Launch script is exported to file 'C:\Users\Admin\Desktop\VIVADO_Projects\PS\timer_intr_led\timer_intr_led.sdk\.sdk\launch_scripts\xilinx_c-c++_application_(system_debugger)\system_debugger_using_debug_timer_intr_led.elf_on_local.tcl'
09:59:48 INFO  : Disconnected from the channel tcfchan#1.
09:59:49 INFO  : Connected to target on host '127.0.0.1' and port '3121'.
09:59:50 INFO  : Jtag cable 'Digilent JTAG-SMT3 210357A7D00EA' is selected.
09:59:50 INFO  : 'jtag frequency' command is executed.
09:59:50 INFO  : Sourcing of 'C:/Users/Admin/Desktop/VIVADO_Projects/PS/timer_intr_led/timer_intr_led.sdk/system_wrapper_hw_platform_0/ps7_init.tcl' is done.
09:59:50 INFO  : Context for 'APU' is selected.
09:59:50 INFO  : Hardware design information is loaded from 'C:/Users/Admin/Desktop/VIVADO_Projects/PS/timer_intr_led/timer_intr_led.sdk/system_wrapper_hw_platform_0/system.hdf'.
09:59:50 INFO  : 'configparams force-mem-access 1' command is executed.
09:59:50 INFO  : Context for 'APU' is selected.
09:59:50 INFO  : 'stop' command is executed.
09:59:51 INFO  : 'ps7_init' command is executed.
09:59:51 INFO  : 'ps7_post_config' command is executed.
09:59:51 INFO  : Context for processor 'ps7_cortexa9_0' is selected.
09:59:51 INFO  : Processor reset is completed for 'ps7_cortexa9_0'.
09:59:51 INFO  : Context for processor 'ps7_cortexa9_0' is selected.
09:59:51 INFO  : The application 'C:/Users/Admin/Desktop/VIVADO_Projects/PS/timer_intr_led/timer_intr_led.sdk/timer_intr_led/Debug/timer_intr_led.elf' is downloaded to processor 'ps7_cortexa9_0'.
09:59:51 INFO  : 'configparams force-mem-access 0' command is executed.
09:59:51 INFO  : ----------------XSDB Script----------------
connect -url tcp:127.0.0.1:3121
source C:/Users/Admin/Desktop/VIVADO_Projects/PS/timer_intr_led/timer_intr_led.sdk/system_wrapper_hw_platform_0/ps7_init.tcl
targets -set -nocase -filter {name =~"APU*" && jtag_cable_name =~ "Digilent JTAG-SMT3 210357A7D00EA"} -index 0
loadhw -hw C:/Users/Admin/Desktop/VIVADO_Projects/PS/timer_intr_led/timer_intr_led.sdk/system_wrapper_hw_platform_0/system.hdf -mem-ranges [list {0x40000000 0xbfffffff}]
configparams force-mem-access 1
targets -set -nocase -filter {name =~"APU*" && jtag_cable_name =~ "Digilent JTAG-SMT3 210357A7D00EA"} -index 0
stop
ps7_init
ps7_post_config
targets -set -nocase -filter {name =~ "ARM*#0" && jtag_cable_name =~ "Digilent JTAG-SMT3 210357A7D00EA"} -index 0
rst -processor
targets -set -nocase -filter {name =~ "ARM*#0" && jtag_cable_name =~ "Digilent JTAG-SMT3 210357A7D00EA"} -index 0
dow C:/Users/Admin/Desktop/VIVADO_Projects/PS/timer_intr_led/timer_intr_led.sdk/timer_intr_led/Debug/timer_intr_led.elf
configparams force-mem-access 0
----------------End of Script----------------

09:59:51 INFO  : Context for processor 'ps7_cortexa9_0' is selected.
09:59:51 INFO  : 'con' command is executed.
09:59:51 INFO  : ----------------XSDB Script (After Launch)----------------
targets -set -nocase -filter {name =~ "ARM*#0" && jtag_cable_name =~ "Digilent JTAG-SMT3 210357A7D00EA"} -index 0
con
----------------End of Script----------------

09:59:51 INFO  : Launch script is exported to file 'C:\Users\Admin\Desktop\VIVADO_Projects\PS\timer_intr_led\timer_intr_led.sdk\.sdk\launch_scripts\xilinx_c-c++_application_(system_debugger)\system_debugger_using_debug_timer_intr_led.elf_on_local.tcl'
13:11:27 INFO  : Disconnected from the channel tcfchan#2.
13:11:39 INFO  : Registering command handlers for SDK TCF services
13:11:40 INFO  : Launching XSCT server: xsct.bat -interactive C:\Users\Admin\Desktop\VIVADO_Projects\PS\timer_intr_led\timer_intr_led.sdk\temp_xsdb_launch_script.tcl
13:11:41 INFO  : XSCT server has started successfully.
13:11:41 INFO  : Successfully done setting XSCT server connection channel  
13:11:41 INFO  : Successfully done setting SDK workspace  
13:11:41 INFO  : Processing command line option -hwspec C:/Users/Admin/Desktop/VIVADO_Projects/PS/timer_intr_led/timer_intr_led.sdk/system_wrapper.hdf.
13:11:41 INFO  : Checking for hwspec changes in the project system_wrapper_hw_platform_0.
13:11:49 INFO  : Connected to target on host '127.0.0.1' and port '3121'.
13:11:49 INFO  : Jtag cable 'Digilent JTAG-SMT3 210357A7D00EA' is selected.
13:11:49 INFO  : 'jtag frequency' command is executed.
13:11:49 INFO  : Sourcing of 'C:/Users/Admin/Desktop/VIVADO_Projects/PS/timer_intr_led/timer_intr_led.sdk/system_wrapper_hw_platform_0/ps7_init.tcl' is done.
13:11:49 INFO  : Context for 'APU' is selected.
13:11:49 INFO  : Hardware design information is loaded from 'C:/Users/Admin/Desktop/VIVADO_Projects/PS/timer_intr_led/timer_intr_led.sdk/system_wrapper_hw_platform_0/system.hdf'.
13:11:49 INFO  : 'configparams force-mem-access 1' command is executed.
13:11:49 INFO  : Context for 'APU' is selected.
13:11:49 INFO  : 'stop' command is executed.
13:11:50 INFO  : 'ps7_init' command is executed.
13:11:50 INFO  : 'ps7_post_config' command is executed.
13:11:50 INFO  : Context for processor 'ps7_cortexa9_0' is selected.
13:11:50 INFO  : Processor reset is completed for 'ps7_cortexa9_0'.
13:11:50 INFO  : Context for processor 'ps7_cortexa9_0' is selected.
13:11:50 INFO  : The application 'C:/Users/Admin/Desktop/VIVADO_Projects/PS/timer_intr_led/timer_intr_led.sdk/timer_intr_led/Debug/timer_intr_led.elf' is downloaded to processor 'ps7_cortexa9_0'.
13:11:50 INFO  : 'configparams force-mem-access 0' command is executed.
13:11:50 INFO  : ----------------XSDB Script----------------
connect -url tcp:127.0.0.1:3121
source C:/Users/Admin/Desktop/VIVADO_Projects/PS/timer_intr_led/timer_intr_led.sdk/system_wrapper_hw_platform_0/ps7_init.tcl
targets -set -nocase -filter {name =~"APU*" && jtag_cable_name =~ "Digilent JTAG-SMT3 210357A7D00EA"} -index 0
loadhw -hw C:/Users/Admin/Desktop/VIVADO_Projects/PS/timer_intr_led/timer_intr_led.sdk/system_wrapper_hw_platform_0/system.hdf -mem-ranges [list {0x40000000 0xbfffffff}]
configparams force-mem-access 1
targets -set -nocase -filter {name =~"APU*" && jtag_cable_name =~ "Digilent JTAG-SMT3 210357A7D00EA"} -index 0
stop
ps7_init
ps7_post_config
targets -set -nocase -filter {name =~ "ARM*#0" && jtag_cable_name =~ "Digilent JTAG-SMT3 210357A7D00EA"} -index 0
rst -processor
targets -set -nocase -filter {name =~ "ARM*#0" && jtag_cable_name =~ "Digilent JTAG-SMT3 210357A7D00EA"} -index 0
dow C:/Users/Admin/Desktop/VIVADO_Projects/PS/timer_intr_led/timer_intr_led.sdk/timer_intr_led/Debug/timer_intr_led.elf
configparams force-mem-access 0
----------------End of Script----------------

13:11:50 INFO  : Context for processor 'ps7_cortexa9_0' is selected.
13:11:50 INFO  : 'con' command is executed.
13:11:50 INFO  : ----------------XSDB Script (After Launch)----------------
targets -set -nocase -filter {name =~ "ARM*#0" && jtag_cable_name =~ "Digilent JTAG-SMT3 210357A7D00EA"} -index 0
con
----------------End of Script----------------

13:11:50 INFO  : Launch script is exported to file 'C:\Users\Admin\Desktop\VIVADO_Projects\PS\timer_intr_led\timer_intr_led.sdk\.sdk\launch_scripts\xilinx_c-c++_application_(system_debugger)\system_debugger_using_debug_timer_intr_led.elf_on_local.tcl'
13:13:13 INFO  : Disconnected from the channel tcfchan#1.
13:13:43 INFO  : Registering command handlers for SDK TCF services
13:13:44 INFO  : Launching XSCT server: xsct.bat -interactive C:\Users\Admin\Desktop\VIVADO_Projects\PS\timer_intr_led\timer_intr_led.sdk\temp_xsdb_launch_script.tcl
13:13:46 INFO  : XSCT server has started successfully.
13:13:46 INFO  : Successfully done setting XSCT server connection channel  
13:13:46 INFO  : Successfully done setting SDK workspace  
13:13:46 INFO  : Processing command line option -hwspec C:/Users/Admin/Desktop/VIVADO_Projects/PS/timer_intr_led/timer_intr_led.sdk/system_wrapper.hdf.
13:22:28 INFO  : Connected to target on host '127.0.0.1' and port '3121'.
13:22:29 INFO  : Jtag cable 'Digilent JTAG-SMT3 210357A7D00EA' is selected.
13:22:29 INFO  : 'jtag frequency' command is executed.
13:22:29 INFO  : Sourcing of 'C:/Users/Admin/Desktop/VIVADO_Projects/PS/timer_intr_led/timer_intr_led.sdk/system_wrapper_hw_platform_0/ps7_init.tcl' is done.
13:22:29 INFO  : Context for 'APU' is selected.
13:22:29 INFO  : Hardware design information is loaded from 'C:/Users/Admin/Desktop/VIVADO_Projects/PS/timer_intr_led/timer_intr_led.sdk/system_wrapper_hw_platform_0/system.hdf'.
13:22:29 INFO  : 'configparams force-mem-access 1' command is executed.
13:22:29 INFO  : Context for 'APU' is selected.
13:22:29 INFO  : 'stop' command is executed.
13:22:29 INFO  : 'ps7_init' command is executed.
13:22:29 INFO  : 'ps7_post_config' command is executed.
13:22:29 INFO  : Context for processor 'ps7_cortexa9_0' is selected.
13:22:29 INFO  : Processor reset is completed for 'ps7_cortexa9_0'.
13:22:29 INFO  : Context for processor 'ps7_cortexa9_0' is selected.
13:22:29 INFO  : The application 'C:/Users/Admin/Desktop/VIVADO_Projects/PS/timer_intr_led/timer_intr_led.sdk/timer_intr_led/Debug/timer_intr_led.elf' is downloaded to processor 'ps7_cortexa9_0'.
13:22:29 INFO  : 'configparams force-mem-access 0' command is executed.
13:22:29 INFO  : ----------------XSDB Script----------------
connect -url tcp:127.0.0.1:3121
source C:/Users/Admin/Desktop/VIVADO_Projects/PS/timer_intr_led/timer_intr_led.sdk/system_wrapper_hw_platform_0/ps7_init.tcl
targets -set -nocase -filter {name =~"APU*" && jtag_cable_name =~ "Digilent JTAG-SMT3 210357A7D00EA"} -index 0
loadhw -hw C:/Users/Admin/Desktop/VIVADO_Projects/PS/timer_intr_led/timer_intr_led.sdk/system_wrapper_hw_platform_0/system.hdf -mem-ranges [list {0x40000000 0xbfffffff}]
configparams force-mem-access 1
targets -set -nocase -filter {name =~"APU*" && jtag_cable_name =~ "Digilent JTAG-SMT3 210357A7D00EA"} -index 0
stop
ps7_init
ps7_post_config
targets -set -nocase -filter {name =~ "ARM*#0" && jtag_cable_name =~ "Digilent JTAG-SMT3 210357A7D00EA"} -index 0
rst -processor
targets -set -nocase -filter {name =~ "ARM*#0" && jtag_cable_name =~ "Digilent JTAG-SMT3 210357A7D00EA"} -index 0
dow C:/Users/Admin/Desktop/VIVADO_Projects/PS/timer_intr_led/timer_intr_led.sdk/timer_intr_led/Debug/timer_intr_led.elf
configparams force-mem-access 0
----------------End of Script----------------

13:22:30 INFO  : Context for processor 'ps7_cortexa9_0' is selected.
13:22:30 INFO  : 'con' command is executed.
13:22:30 INFO  : ----------------XSDB Script (After Launch)----------------
targets -set -nocase -filter {name =~ "ARM*#0" && jtag_cable_name =~ "Digilent JTAG-SMT3 210357A7D00EA"} -index 0
con
----------------End of Script----------------

13:22:30 INFO  : Launch script is exported to file 'C:\Users\Admin\Desktop\VIVADO_Projects\PS\timer_intr_led\timer_intr_led.sdk\.sdk\launch_scripts\xilinx_c-c++_application_(system_debugger)\system_debugger_using_debug_timer_intr_led.elf_on_local.tcl'
13:22:48 INFO  : Disconnected from the channel tcfchan#1.
13:22:49 INFO  : Connected to target on host '127.0.0.1' and port '3121'.
13:22:49 INFO  : Jtag cable 'Digilent JTAG-SMT3 210357A7D00EA' is selected.
13:22:49 INFO  : 'jtag frequency' command is executed.
13:22:49 INFO  : Sourcing of 'C:/Users/Admin/Desktop/VIVADO_Projects/PS/timer_intr_led/timer_intr_led.sdk/system_wrapper_hw_platform_0/ps7_init.tcl' is done.
13:22:49 INFO  : Context for 'APU' is selected.
13:22:50 INFO  : Hardware design information is loaded from 'C:/Users/Admin/Desktop/VIVADO_Projects/PS/timer_intr_led/timer_intr_led.sdk/system_wrapper_hw_platform_0/system.hdf'.
13:22:50 INFO  : 'configparams force-mem-access 1' command is executed.
13:22:50 INFO  : Context for 'APU' is selected.
13:22:50 INFO  : 'stop' command is executed.
13:22:51 INFO  : 'ps7_init' command is executed.
13:22:51 INFO  : 'ps7_post_config' command is executed.
13:22:51 INFO  : Context for processor 'ps7_cortexa9_0' is selected.
13:22:51 INFO  : Processor reset is completed for 'ps7_cortexa9_0'.
13:22:51 INFO  : Context for processor 'ps7_cortexa9_0' is selected.
13:22:51 INFO  : The application 'C:/Users/Admin/Desktop/VIVADO_Projects/PS/timer_intr_led/timer_intr_led.sdk/timer_intr_led/Debug/timer_intr_led.elf' is downloaded to processor 'ps7_cortexa9_0'.
13:22:51 INFO  : 'configparams force-mem-access 0' command is executed.
13:22:51 INFO  : ----------------XSDB Script----------------
connect -url tcp:127.0.0.1:3121
source C:/Users/Admin/Desktop/VIVADO_Projects/PS/timer_intr_led/timer_intr_led.sdk/system_wrapper_hw_platform_0/ps7_init.tcl
targets -set -nocase -filter {name =~"APU*" && jtag_cable_name =~ "Digilent JTAG-SMT3 210357A7D00EA"} -index 0
loadhw -hw C:/Users/Admin/Desktop/VIVADO_Projects/PS/timer_intr_led/timer_intr_led.sdk/system_wrapper_hw_platform_0/system.hdf -mem-ranges [list {0x40000000 0xbfffffff}]
configparams force-mem-access 1
targets -set -nocase -filter {name =~"APU*" && jtag_cable_name =~ "Digilent JTAG-SMT3 210357A7D00EA"} -index 0
stop
ps7_init
ps7_post_config
targets -set -nocase -filter {name =~ "ARM*#0" && jtag_cable_name =~ "Digilent JTAG-SMT3 210357A7D00EA"} -index 0
rst -processor
targets -set -nocase -filter {name =~ "ARM*#0" && jtag_cable_name =~ "Digilent JTAG-SMT3 210357A7D00EA"} -index 0
dow C:/Users/Admin/Desktop/VIVADO_Projects/PS/timer_intr_led/timer_intr_led.sdk/timer_intr_led/Debug/timer_intr_led.elf
configparams force-mem-access 0
----------------End of Script----------------

13:22:51 INFO  : Context for processor 'ps7_cortexa9_0' is selected.
13:22:51 INFO  : 'con' command is executed.
13:22:51 INFO  : ----------------XSDB Script (After Launch)----------------
targets -set -nocase -filter {name =~ "ARM*#0" && jtag_cable_name =~ "Digilent JTAG-SMT3 210357A7D00EA"} -index 0
con
----------------End of Script----------------

13:22:51 INFO  : Launch script is exported to file 'C:\Users\Admin\Desktop\VIVADO_Projects\PS\timer_intr_led\timer_intr_led.sdk\.sdk\launch_scripts\xilinx_c-c++_application_(system_debugger)\system_debugger_using_debug_timer_intr_led.elf_on_local.tcl'
13:49:02 INFO  : Disconnected from the channel tcfchan#2.
13:49:03 INFO  : Connected to target on host '127.0.0.1' and port '3121'.
13:49:03 INFO  : Jtag cable 'Digilent JTAG-SMT3 210357A7D00EA' is selected.
13:49:03 INFO  : 'jtag frequency' command is executed.
13:49:03 INFO  : Sourcing of 'C:/Users/Admin/Desktop/VIVADO_Projects/PS/timer_intr_led/timer_intr_led.sdk/system_wrapper_hw_platform_0/ps7_init.tcl' is done.
13:49:03 INFO  : Context for 'APU' is selected.
13:49:04 INFO  : Hardware design information is loaded from 'C:/Users/Admin/Desktop/VIVADO_Projects/PS/timer_intr_led/timer_intr_led.sdk/system_wrapper_hw_platform_0/system.hdf'.
13:49:04 INFO  : 'configparams force-mem-access 1' command is executed.
13:49:04 INFO  : Context for 'APU' is selected.
13:49:04 INFO  : 'stop' command is executed.
13:49:04 INFO  : 'ps7_init' command is executed.
13:49:04 INFO  : 'ps7_post_config' command is executed.
13:49:04 INFO  : Context for processor 'ps7_cortexa9_0' is selected.
13:49:04 INFO  : Processor reset is completed for 'ps7_cortexa9_0'.
13:49:04 INFO  : Context for processor 'ps7_cortexa9_0' is selected.
13:49:04 INFO  : The application 'C:/Users/Admin/Desktop/VIVADO_Projects/PS/timer_intr_led/timer_intr_led.sdk/timer_intr_led/Debug/timer_intr_led.elf' is downloaded to processor 'ps7_cortexa9_0'.
13:49:04 INFO  : 'configparams force-mem-access 0' command is executed.
13:49:04 INFO  : ----------------XSDB Script----------------
connect -url tcp:127.0.0.1:3121
source C:/Users/Admin/Desktop/VIVADO_Projects/PS/timer_intr_led/timer_intr_led.sdk/system_wrapper_hw_platform_0/ps7_init.tcl
targets -set -nocase -filter {name =~"APU*" && jtag_cable_name =~ "Digilent JTAG-SMT3 210357A7D00EA"} -index 0
loadhw -hw C:/Users/Admin/Desktop/VIVADO_Projects/PS/timer_intr_led/timer_intr_led.sdk/system_wrapper_hw_platform_0/system.hdf -mem-ranges [list {0x40000000 0xbfffffff}]
configparams force-mem-access 1
targets -set -nocase -filter {name =~"APU*" && jtag_cable_name =~ "Digilent JTAG-SMT3 210357A7D00EA"} -index 0
stop
ps7_init
ps7_post_config
targets -set -nocase -filter {name =~ "ARM*#0" && jtag_cable_name =~ "Digilent JTAG-SMT3 210357A7D00EA"} -index 0
rst -processor
targets -set -nocase -filter {name =~ "ARM*#0" && jtag_cable_name =~ "Digilent JTAG-SMT3 210357A7D00EA"} -index 0
dow C:/Users/Admin/Desktop/VIVADO_Projects/PS/timer_intr_led/timer_intr_led.sdk/timer_intr_led/Debug/timer_intr_led.elf
configparams force-mem-access 0
----------------End of Script----------------

13:49:04 INFO  : Context for processor 'ps7_cortexa9_0' is selected.
13:49:04 INFO  : 'con' command is executed.
13:49:04 INFO  : ----------------XSDB Script (After Launch)----------------
targets -set -nocase -filter {name =~ "ARM*#0" && jtag_cable_name =~ "Digilent JTAG-SMT3 210357A7D00EA"} -index 0
con
----------------End of Script----------------

13:49:04 INFO  : Launch script is exported to file 'C:\Users\Admin\Desktop\VIVADO_Projects\PS\timer_intr_led\timer_intr_led.sdk\.sdk\launch_scripts\xilinx_c-c++_application_(system_debugger)\system_debugger_using_debug_timer_intr_led.elf_on_local.tcl'
13:49:39 INFO  : Disconnected from the channel tcfchan#3.
13:49:40 INFO  : Connected to target on host '127.0.0.1' and port '3121'.
13:49:40 INFO  : Jtag cable 'Digilent JTAG-SMT3 210357A7D00EA' is selected.
13:49:40 INFO  : 'jtag frequency' command is executed.
13:49:40 INFO  : Sourcing of 'C:/Users/Admin/Desktop/VIVADO_Projects/PS/timer_intr_led/timer_intr_led.sdk/system_wrapper_hw_platform_0/ps7_init.tcl' is done.
13:49:40 INFO  : Context for 'APU' is selected.
13:49:41 INFO  : Hardware design information is loaded from 'C:/Users/Admin/Desktop/VIVADO_Projects/PS/timer_intr_led/timer_intr_led.sdk/system_wrapper_hw_platform_0/system.hdf'.
13:49:41 INFO  : 'configparams force-mem-access 1' command is executed.
13:49:41 INFO  : Context for 'APU' is selected.
13:49:41 INFO  : 'stop' command is executed.
13:49:41 INFO  : 'ps7_init' command is executed.
13:49:41 INFO  : 'ps7_post_config' command is executed.
13:49:41 INFO  : Context for processor 'ps7_cortexa9_0' is selected.
13:49:41 INFO  : Processor reset is completed for 'ps7_cortexa9_0'.
13:49:41 INFO  : Context for processor 'ps7_cortexa9_0' is selected.
13:49:41 INFO  : The application 'C:/Users/Admin/Desktop/VIVADO_Projects/PS/timer_intr_led/timer_intr_led.sdk/timer_intr_led/Debug/timer_intr_led.elf' is downloaded to processor 'ps7_cortexa9_0'.
13:49:41 INFO  : 'configparams force-mem-access 0' command is executed.
13:49:41 INFO  : ----------------XSDB Script----------------
connect -url tcp:127.0.0.1:3121
source C:/Users/Admin/Desktop/VIVADO_Projects/PS/timer_intr_led/timer_intr_led.sdk/system_wrapper_hw_platform_0/ps7_init.tcl
targets -set -nocase -filter {name =~"APU*" && jtag_cable_name =~ "Digilent JTAG-SMT3 210357A7D00EA"} -index 0
loadhw -hw C:/Users/Admin/Desktop/VIVADO_Projects/PS/timer_intr_led/timer_intr_led.sdk/system_wrapper_hw_platform_0/system.hdf -mem-ranges [list {0x40000000 0xbfffffff}]
configparams force-mem-access 1
targets -set -nocase -filter {name =~"APU*" && jtag_cable_name =~ "Digilent JTAG-SMT3 210357A7D00EA"} -index 0
stop
ps7_init
ps7_post_config
targets -set -nocase -filter {name =~ "ARM*#0" && jtag_cable_name =~ "Digilent JTAG-SMT3 210357A7D00EA"} -index 0
rst -processor
targets -set -nocase -filter {name =~ "ARM*#0" && jtag_cable_name =~ "Digilent JTAG-SMT3 210357A7D00EA"} -index 0
dow C:/Users/Admin/Desktop/VIVADO_Projects/PS/timer_intr_led/timer_intr_led.sdk/timer_intr_led/Debug/timer_intr_led.elf
configparams force-mem-access 0
----------------End of Script----------------

13:49:41 INFO  : Context for processor 'ps7_cortexa9_0' is selected.
13:49:41 INFO  : 'con' command is executed.
13:49:41 INFO  : ----------------XSDB Script (After Launch)----------------
targets -set -nocase -filter {name =~ "ARM*#0" && jtag_cable_name =~ "Digilent JTAG-SMT3 210357A7D00EA"} -index 0
con
----------------End of Script----------------

13:49:41 INFO  : Launch script is exported to file 'C:\Users\Admin\Desktop\VIVADO_Projects\PS\timer_intr_led\timer_intr_led.sdk\.sdk\launch_scripts\xilinx_c-c++_application_(system_debugger)\system_debugger_using_debug_timer_intr_led.elf_on_local.tcl'
13:51:34 INFO  : Disconnected from the channel tcfchan#4.
13:51:35 INFO  : Connected to target on host '127.0.0.1' and port '3121'.
13:51:35 INFO  : Jtag cable 'Digilent JTAG-SMT3 210357A7D00EA' is selected.
13:51:35 INFO  : 'jtag frequency' command is executed.
13:51:35 INFO  : Sourcing of 'C:/Users/Admin/Desktop/VIVADO_Projects/PS/timer_intr_led/timer_intr_led.sdk/system_wrapper_hw_platform_0/ps7_init.tcl' is done.
13:51:35 INFO  : Context for 'APU' is selected.
13:51:36 INFO  : Hardware design information is loaded from 'C:/Users/Admin/Desktop/VIVADO_Projects/PS/timer_intr_led/timer_intr_led.sdk/system_wrapper_hw_platform_0/system.hdf'.
13:51:36 INFO  : 'configparams force-mem-access 1' command is executed.
13:51:36 INFO  : Context for 'APU' is selected.
13:51:36 INFO  : 'stop' command is executed.
13:51:36 INFO  : 'ps7_init' command is executed.
13:51:36 INFO  : 'ps7_post_config' command is executed.
13:51:36 INFO  : Context for processor 'ps7_cortexa9_0' is selected.
13:51:36 INFO  : Processor reset is completed for 'ps7_cortexa9_0'.
13:51:36 INFO  : Context for processor 'ps7_cortexa9_0' is selected.
13:51:36 INFO  : The application 'C:/Users/Admin/Desktop/VIVADO_Projects/PS/timer_intr_led/timer_intr_led.sdk/timer_intr_led/Debug/timer_intr_led.elf' is downloaded to processor 'ps7_cortexa9_0'.
13:51:36 INFO  : 'configparams force-mem-access 0' command is executed.
13:51:36 INFO  : ----------------XSDB Script----------------
connect -url tcp:127.0.0.1:3121
source C:/Users/Admin/Desktop/VIVADO_Projects/PS/timer_intr_led/timer_intr_led.sdk/system_wrapper_hw_platform_0/ps7_init.tcl
targets -set -nocase -filter {name =~"APU*" && jtag_cable_name =~ "Digilent JTAG-SMT3 210357A7D00EA"} -index 0
loadhw -hw C:/Users/Admin/Desktop/VIVADO_Projects/PS/timer_intr_led/timer_intr_led.sdk/system_wrapper_hw_platform_0/system.hdf -mem-ranges [list {0x40000000 0xbfffffff}]
configparams force-mem-access 1
targets -set -nocase -filter {name =~"APU*" && jtag_cable_name =~ "Digilent JTAG-SMT3 210357A7D00EA"} -index 0
stop
ps7_init
ps7_post_config
targets -set -nocase -filter {name =~ "ARM*#0" && jtag_cable_name =~ "Digilent JTAG-SMT3 210357A7D00EA"} -index 0
rst -processor
targets -set -nocase -filter {name =~ "ARM*#0" && jtag_cable_name =~ "Digilent JTAG-SMT3 210357A7D00EA"} -index 0
dow C:/Users/Admin/Desktop/VIVADO_Projects/PS/timer_intr_led/timer_intr_led.sdk/timer_intr_led/Debug/timer_intr_led.elf
configparams force-mem-access 0
----------------End of Script----------------

13:51:37 INFO  : Context for processor 'ps7_cortexa9_0' is selected.
13:51:37 INFO  : 'con' command is executed.
13:51:37 INFO  : ----------------XSDB Script (After Launch)----------------
targets -set -nocase -filter {name =~ "ARM*#0" && jtag_cable_name =~ "Digilent JTAG-SMT3 210357A7D00EA"} -index 0
con
----------------End of Script----------------

13:51:37 INFO  : Launch script is exported to file 'C:\Users\Admin\Desktop\VIVADO_Projects\PS\timer_intr_led\timer_intr_led.sdk\.sdk\launch_scripts\xilinx_c-c++_application_(system_debugger)\system_debugger_using_debug_timer_intr_led.elf_on_local.tcl'
13:58:00 INFO  : Disconnected from the channel tcfchan#5.
13:58:01 INFO  : Connected to target on host '127.0.0.1' and port '3121'.
13:58:01 INFO  : Jtag cable 'Digilent JTAG-SMT3 210357A7D00EA' is selected.
13:58:01 INFO  : 'jtag frequency' command is executed.
13:58:01 INFO  : Sourcing of 'C:/Users/Admin/Desktop/VIVADO_Projects/PS/timer_intr_led/timer_intr_led.sdk/system_wrapper_hw_platform_0/ps7_init.tcl' is done.
13:58:01 INFO  : Context for 'APU' is selected.
13:58:02 INFO  : Hardware design information is loaded from 'C:/Users/Admin/Desktop/VIVADO_Projects/PS/timer_intr_led/timer_intr_led.sdk/system_wrapper_hw_platform_0/system.hdf'.
13:58:02 INFO  : 'configparams force-mem-access 1' command is executed.
13:58:02 INFO  : Context for 'APU' is selected.
13:58:02 INFO  : 'stop' command is executed.
13:58:03 INFO  : 'ps7_init' command is executed.
13:58:03 INFO  : 'ps7_post_config' command is executed.
13:58:03 INFO  : Context for processor 'ps7_cortexa9_0' is selected.
13:58:03 INFO  : Processor reset is completed for 'ps7_cortexa9_0'.
13:58:03 INFO  : Context for processor 'ps7_cortexa9_0' is selected.
13:58:03 INFO  : The application 'C:/Users/Admin/Desktop/VIVADO_Projects/PS/timer_intr_led/timer_intr_led.sdk/timer_intr_led/Debug/timer_intr_led.elf' is downloaded to processor 'ps7_cortexa9_0'.
13:58:03 INFO  : 'configparams force-mem-access 0' command is executed.
13:58:03 INFO  : ----------------XSDB Script----------------
connect -url tcp:127.0.0.1:3121
source C:/Users/Admin/Desktop/VIVADO_Projects/PS/timer_intr_led/timer_intr_led.sdk/system_wrapper_hw_platform_0/ps7_init.tcl
targets -set -nocase -filter {name =~"APU*" && jtag_cable_name =~ "Digilent JTAG-SMT3 210357A7D00EA"} -index 0
loadhw -hw C:/Users/Admin/Desktop/VIVADO_Projects/PS/timer_intr_led/timer_intr_led.sdk/system_wrapper_hw_platform_0/system.hdf -mem-ranges [list {0x40000000 0xbfffffff}]
configparams force-mem-access 1
targets -set -nocase -filter {name =~"APU*" && jtag_cable_name =~ "Digilent JTAG-SMT3 210357A7D00EA"} -index 0
stop
ps7_init
ps7_post_config
targets -set -nocase -filter {name =~ "ARM*#0" && jtag_cable_name =~ "Digilent JTAG-SMT3 210357A7D00EA"} -index 0
rst -processor
targets -set -nocase -filter {name =~ "ARM*#0" && jtag_cable_name =~ "Digilent JTAG-SMT3 210357A7D00EA"} -index 0
dow C:/Users/Admin/Desktop/VIVADO_Projects/PS/timer_intr_led/timer_intr_led.sdk/timer_intr_led/Debug/timer_intr_led.elf
configparams force-mem-access 0
----------------End of Script----------------

13:58:03 INFO  : Context for processor 'ps7_cortexa9_0' is selected.
13:58:03 INFO  : 'con' command is executed.
13:58:03 INFO  : ----------------XSDB Script (After Launch)----------------
targets -set -nocase -filter {name =~ "ARM*#0" && jtag_cable_name =~ "Digilent JTAG-SMT3 210357A7D00EA"} -index 0
con
----------------End of Script----------------

13:58:03 INFO  : Launch script is exported to file 'C:\Users\Admin\Desktop\VIVADO_Projects\PS\timer_intr_led\timer_intr_led.sdk\.sdk\launch_scripts\xilinx_c-c++_application_(system_debugger)\system_debugger_using_debug_timer_intr_led.elf_on_local.tcl'
13:58:21 INFO  : Disconnected from the channel tcfchan#6.
13:58:22 INFO  : Connected to target on host '127.0.0.1' and port '3121'.
13:58:22 INFO  : Jtag cable 'Digilent JTAG-SMT3 210357A7D00EA' is selected.
13:58:22 INFO  : 'jtag frequency' command is executed.
13:58:22 INFO  : Sourcing of 'C:/Users/Admin/Desktop/VIVADO_Projects/PS/timer_intr_led/timer_intr_led.sdk/system_wrapper_hw_platform_0/ps7_init.tcl' is done.
13:58:22 INFO  : Context for 'APU' is selected.
13:58:23 INFO  : Hardware design information is loaded from 'C:/Users/Admin/Desktop/VIVADO_Projects/PS/timer_intr_led/timer_intr_led.sdk/system_wrapper_hw_platform_0/system.hdf'.
13:58:23 INFO  : 'configparams force-mem-access 1' command is executed.
13:58:23 INFO  : Context for 'APU' is selected.
13:58:23 INFO  : 'stop' command is executed.
13:58:23 INFO  : 'ps7_init' command is executed.
13:58:23 INFO  : 'ps7_post_config' command is executed.
13:58:23 INFO  : Context for processor 'ps7_cortexa9_0' is selected.
13:58:23 INFO  : Processor reset is completed for 'ps7_cortexa9_0'.
13:58:23 INFO  : Context for processor 'ps7_cortexa9_0' is selected.
13:58:23 INFO  : The application 'C:/Users/Admin/Desktop/VIVADO_Projects/PS/timer_intr_led/timer_intr_led.sdk/timer_intr_led/Debug/timer_intr_led.elf' is downloaded to processor 'ps7_cortexa9_0'.
13:58:23 INFO  : 'configparams force-mem-access 0' command is executed.
13:58:23 INFO  : ----------------XSDB Script----------------
connect -url tcp:127.0.0.1:3121
source C:/Users/Admin/Desktop/VIVADO_Projects/PS/timer_intr_led/timer_intr_led.sdk/system_wrapper_hw_platform_0/ps7_init.tcl
targets -set -nocase -filter {name =~"APU*" && jtag_cable_name =~ "Digilent JTAG-SMT3 210357A7D00EA"} -index 0
loadhw -hw C:/Users/Admin/Desktop/VIVADO_Projects/PS/timer_intr_led/timer_intr_led.sdk/system_wrapper_hw_platform_0/system.hdf -mem-ranges [list {0x40000000 0xbfffffff}]
configparams force-mem-access 1
targets -set -nocase -filter {name =~"APU*" && jtag_cable_name =~ "Digilent JTAG-SMT3 210357A7D00EA"} -index 0
stop
ps7_init
ps7_post_config
targets -set -nocase -filter {name =~ "ARM*#0" && jtag_cable_name =~ "Digilent JTAG-SMT3 210357A7D00EA"} -index 0
rst -processor
targets -set -nocase -filter {name =~ "ARM*#0" && jtag_cable_name =~ "Digilent JTAG-SMT3 210357A7D00EA"} -index 0
dow C:/Users/Admin/Desktop/VIVADO_Projects/PS/timer_intr_led/timer_intr_led.sdk/timer_intr_led/Debug/timer_intr_led.elf
configparams force-mem-access 0
----------------End of Script----------------

13:58:24 INFO  : Context for processor 'ps7_cortexa9_0' is selected.
13:58:24 INFO  : 'con' command is executed.
13:58:24 INFO  : ----------------XSDB Script (After Launch)----------------
targets -set -nocase -filter {name =~ "ARM*#0" && jtag_cable_name =~ "Digilent JTAG-SMT3 210357A7D00EA"} -index 0
con
----------------End of Script----------------

13:58:24 INFO  : Launch script is exported to file 'C:\Users\Admin\Desktop\VIVADO_Projects\PS\timer_intr_led\timer_intr_led.sdk\.sdk\launch_scripts\xilinx_c-c++_application_(system_debugger)\system_debugger_using_debug_timer_intr_led.elf_on_local.tcl'
13:59:10 INFO  : Disconnected from the channel tcfchan#7.
13:59:11 INFO  : Connected to target on host '127.0.0.1' and port '3121'.
13:59:11 INFO  : Jtag cable 'Digilent JTAG-SMT3 210357A7D00EA' is selected.
13:59:11 INFO  : 'jtag frequency' command is executed.
13:59:11 INFO  : Sourcing of 'C:/Users/Admin/Desktop/VIVADO_Projects/PS/timer_intr_led/timer_intr_led.sdk/system_wrapper_hw_platform_0/ps7_init.tcl' is done.
13:59:11 INFO  : Context for 'APU' is selected.
13:59:12 INFO  : Hardware design information is loaded from 'C:/Users/Admin/Desktop/VIVADO_Projects/PS/timer_intr_led/timer_intr_led.sdk/system_wrapper_hw_platform_0/system.hdf'.
13:59:12 INFO  : 'configparams force-mem-access 1' command is executed.
13:59:12 INFO  : Context for 'APU' is selected.
13:59:12 INFO  : 'stop' command is executed.
13:59:13 INFO  : 'ps7_init' command is executed.
13:59:13 INFO  : 'ps7_post_config' command is executed.
13:59:13 INFO  : Context for processor 'ps7_cortexa9_0' is selected.
13:59:13 INFO  : Processor reset is completed for 'ps7_cortexa9_0'.
13:59:13 INFO  : Context for processor 'ps7_cortexa9_0' is selected.
13:59:13 INFO  : The application 'C:/Users/Admin/Desktop/VIVADO_Projects/PS/timer_intr_led/timer_intr_led.sdk/timer_intr_led/Debug/timer_intr_led.elf' is downloaded to processor 'ps7_cortexa9_0'.
13:59:13 INFO  : 'configparams force-mem-access 0' command is executed.
13:59:13 INFO  : ----------------XSDB Script----------------
connect -url tcp:127.0.0.1:3121
source C:/Users/Admin/Desktop/VIVADO_Projects/PS/timer_intr_led/timer_intr_led.sdk/system_wrapper_hw_platform_0/ps7_init.tcl
targets -set -nocase -filter {name =~"APU*" && jtag_cable_name =~ "Digilent JTAG-SMT3 210357A7D00EA"} -index 0
loadhw -hw C:/Users/Admin/Desktop/VIVADO_Projects/PS/timer_intr_led/timer_intr_led.sdk/system_wrapper_hw_platform_0/system.hdf -mem-ranges [list {0x40000000 0xbfffffff}]
configparams force-mem-access 1
targets -set -nocase -filter {name =~"APU*" && jtag_cable_name =~ "Digilent JTAG-SMT3 210357A7D00EA"} -index 0
stop
ps7_init
ps7_post_config
targets -set -nocase -filter {name =~ "ARM*#0" && jtag_cable_name =~ "Digilent JTAG-SMT3 210357A7D00EA"} -index 0
rst -processor
targets -set -nocase -filter {name =~ "ARM*#0" && jtag_cable_name =~ "Digilent JTAG-SMT3 210357A7D00EA"} -index 0
dow C:/Users/Admin/Desktop/VIVADO_Projects/PS/timer_intr_led/timer_intr_led.sdk/timer_intr_led/Debug/timer_intr_led.elf
configparams force-mem-access 0
----------------End of Script----------------

13:59:13 INFO  : Context for processor 'ps7_cortexa9_0' is selected.
13:59:13 INFO  : 'con' command is executed.
13:59:13 INFO  : ----------------XSDB Script (After Launch)----------------
targets -set -nocase -filter {name =~ "ARM*#0" && jtag_cable_name =~ "Digilent JTAG-SMT3 210357A7D00EA"} -index 0
con
----------------End of Script----------------

13:59:13 INFO  : Launch script is exported to file 'C:\Users\Admin\Desktop\VIVADO_Projects\PS\timer_intr_led\timer_intr_led.sdk\.sdk\launch_scripts\xilinx_c-c++_application_(system_debugger)\system_debugger_using_debug_timer_intr_led.elf_on_local.tcl'
13:59:21 INFO  : Disconnected from the channel tcfchan#8.
13:59:22 INFO  : Connected to target on host '127.0.0.1' and port '3121'.
13:59:22 INFO  : Jtag cable 'Digilent JTAG-SMT3 210357A7D00EA' is selected.
13:59:22 INFO  : 'jtag frequency' command is executed.
13:59:22 INFO  : Sourcing of 'C:/Users/Admin/Desktop/VIVADO_Projects/PS/timer_intr_led/timer_intr_led.sdk/system_wrapper_hw_platform_0/ps7_init.tcl' is done.
13:59:22 INFO  : Context for 'APU' is selected.
13:59:23 INFO  : Hardware design information is loaded from 'C:/Users/Admin/Desktop/VIVADO_Projects/PS/timer_intr_led/timer_intr_led.sdk/system_wrapper_hw_platform_0/system.hdf'.
13:59:23 INFO  : 'configparams force-mem-access 1' command is executed.
13:59:23 INFO  : Context for 'APU' is selected.
13:59:23 INFO  : 'stop' command is executed.
13:59:23 INFO  : 'ps7_init' command is executed.
13:59:23 INFO  : 'ps7_post_config' command is executed.
13:59:23 INFO  : Context for processor 'ps7_cortexa9_0' is selected.
13:59:23 INFO  : Processor reset is completed for 'ps7_cortexa9_0'.
13:59:23 INFO  : Context for processor 'ps7_cortexa9_0' is selected.
13:59:24 INFO  : The application 'C:/Users/Admin/Desktop/VIVADO_Projects/PS/timer_intr_led/timer_intr_led.sdk/timer_intr_led/Debug/timer_intr_led.elf' is downloaded to processor 'ps7_cortexa9_0'.
13:59:24 INFO  : 'configparams force-mem-access 0' command is executed.
13:59:24 INFO  : ----------------XSDB Script----------------
connect -url tcp:127.0.0.1:3121
source C:/Users/Admin/Desktop/VIVADO_Projects/PS/timer_intr_led/timer_intr_led.sdk/system_wrapper_hw_platform_0/ps7_init.tcl
targets -set -nocase -filter {name =~"APU*" && jtag_cable_name =~ "Digilent JTAG-SMT3 210357A7D00EA"} -index 0
loadhw -hw C:/Users/Admin/Desktop/VIVADO_Projects/PS/timer_intr_led/timer_intr_led.sdk/system_wrapper_hw_platform_0/system.hdf -mem-ranges [list {0x40000000 0xbfffffff}]
configparams force-mem-access 1
targets -set -nocase -filter {name =~"APU*" && jtag_cable_name =~ "Digilent JTAG-SMT3 210357A7D00EA"} -index 0
stop
ps7_init
ps7_post_config
targets -set -nocase -filter {name =~ "ARM*#0" && jtag_cable_name =~ "Digilent JTAG-SMT3 210357A7D00EA"} -index 0
rst -processor
targets -set -nocase -filter {name =~ "ARM*#0" && jtag_cable_name =~ "Digilent JTAG-SMT3 210357A7D00EA"} -index 0
dow C:/Users/Admin/Desktop/VIVADO_Projects/PS/timer_intr_led/timer_intr_led.sdk/timer_intr_led/Debug/timer_intr_led.elf
configparams force-mem-access 0
----------------End of Script----------------

13:59:24 INFO  : Context for processor 'ps7_cortexa9_0' is selected.
13:59:24 INFO  : 'con' command is executed.
13:59:24 INFO  : ----------------XSDB Script (After Launch)----------------
targets -set -nocase -filter {name =~ "ARM*#0" && jtag_cable_name =~ "Digilent JTAG-SMT3 210357A7D00EA"} -index 0
con
----------------End of Script----------------

13:59:24 INFO  : Launch script is exported to file 'C:\Users\Admin\Desktop\VIVADO_Projects\PS\timer_intr_led\timer_intr_led.sdk\.sdk\launch_scripts\xilinx_c-c++_application_(system_debugger)\system_debugger_using_debug_timer_intr_led.elf_on_local.tcl'
14:00:38 INFO  : Disconnected from the channel tcfchan#9.
14:00:39 INFO  : Connected to target on host '127.0.0.1' and port '3121'.
14:00:40 INFO  : Jtag cable 'Digilent JTAG-SMT3 210357A7D00EA' is selected.
14:00:40 INFO  : 'jtag frequency' command is executed.
14:00:40 INFO  : Sourcing of 'C:/Users/Admin/Desktop/VIVADO_Projects/PS/timer_intr_led/timer_intr_led.sdk/system_wrapper_hw_platform_0/ps7_init.tcl' is done.
14:00:40 INFO  : Context for 'APU' is selected.
14:00:40 INFO  : Hardware design information is loaded from 'C:/Users/Admin/Desktop/VIVADO_Projects/PS/timer_intr_led/timer_intr_led.sdk/system_wrapper_hw_platform_0/system.hdf'.
14:00:40 INFO  : 'configparams force-mem-access 1' command is executed.
14:00:40 INFO  : Context for 'APU' is selected.
14:00:40 INFO  : 'stop' command is executed.
14:00:41 INFO  : 'ps7_init' command is executed.
14:00:41 INFO  : 'ps7_post_config' command is executed.
14:00:41 INFO  : Context for processor 'ps7_cortexa9_0' is selected.
14:00:41 INFO  : Processor reset is completed for 'ps7_cortexa9_0'.
14:00:41 INFO  : Context for processor 'ps7_cortexa9_0' is selected.
14:00:41 INFO  : The application 'C:/Users/Admin/Desktop/VIVADO_Projects/PS/timer_intr_led/timer_intr_led.sdk/timer_intr_led/Debug/timer_intr_led.elf' is downloaded to processor 'ps7_cortexa9_0'.
14:00:41 INFO  : 'configparams force-mem-access 0' command is executed.
14:00:41 INFO  : ----------------XSDB Script----------------
connect -url tcp:127.0.0.1:3121
source C:/Users/Admin/Desktop/VIVADO_Projects/PS/timer_intr_led/timer_intr_led.sdk/system_wrapper_hw_platform_0/ps7_init.tcl
targets -set -nocase -filter {name =~"APU*" && jtag_cable_name =~ "Digilent JTAG-SMT3 210357A7D00EA"} -index 0
loadhw -hw C:/Users/Admin/Desktop/VIVADO_Projects/PS/timer_intr_led/timer_intr_led.sdk/system_wrapper_hw_platform_0/system.hdf -mem-ranges [list {0x40000000 0xbfffffff}]
configparams force-mem-access 1
targets -set -nocase -filter {name =~"APU*" && jtag_cable_name =~ "Digilent JTAG-SMT3 210357A7D00EA"} -index 0
stop
ps7_init
ps7_post_config
targets -set -nocase -filter {name =~ "ARM*#0" && jtag_cable_name =~ "Digilent JTAG-SMT3 210357A7D00EA"} -index 0
rst -processor
targets -set -nocase -filter {name =~ "ARM*#0" && jtag_cable_name =~ "Digilent JTAG-SMT3 210357A7D00EA"} -index 0
dow C:/Users/Admin/Desktop/VIVADO_Projects/PS/timer_intr_led/timer_intr_led.sdk/timer_intr_led/Debug/timer_intr_led.elf
configparams force-mem-access 0
----------------End of Script----------------

14:00:41 INFO  : Context for processor 'ps7_cortexa9_0' is selected.
14:00:41 INFO  : 'con' command is executed.
14:00:41 INFO  : ----------------XSDB Script (After Launch)----------------
targets -set -nocase -filter {name =~ "ARM*#0" && jtag_cable_name =~ "Digilent JTAG-SMT3 210357A7D00EA"} -index 0
con
----------------End of Script----------------

14:00:41 INFO  : Launch script is exported to file 'C:\Users\Admin\Desktop\VIVADO_Projects\PS\timer_intr_led\timer_intr_led.sdk\.sdk\launch_scripts\xilinx_c-c++_application_(system_debugger)\system_debugger_using_debug_timer_intr_led.elf_on_local.tcl'
14:11:35 INFO  : Disconnected from the channel tcfchan#10.
