20:50:43 INFO  : Registering command handlers for SDK TCF services
20:50:44 INFO  : Launching XSCT server: xsct.bat -interactive C:\Users\Admin\Desktop\VIVADO_Projects\PS\gpio_emio\gpio_emio.sdk\temp_xsdb_launch_script.tcl
20:50:46 INFO  : XSCT server has started successfully.
20:50:46 INFO  : Successfully done setting XSCT server connection channel  
20:50:46 INFO  : Processing command line option -hwspec C:/Users/Admin/Desktop/VIVADO_Projects/PS/gpio_emio/gpio_emio.sdk/system_wrapper.hdf.
20:50:46 INFO  : Successfully done setting SDK workspace  
12:58:39 INFO  : Registering command handlers for SDK TCF services
12:58:43 INFO  : Launching XSCT server: xsct.bat -interactive C:\Users\Admin\Desktop\VIVADO_Projects\PS\gpio_emio\gpio_emio.sdk\temp_xsdb_launch_script.tcl
12:58:47 INFO  : XSCT server has started successfully.
12:58:47 INFO  : Successfully done setting XSCT server connection channel  
12:58:47 INFO  : Successfully done setting SDK workspace  
12:58:47 INFO  : Processing command line option -hwspec C:/Users/Admin/Desktop/VIVADO_Projects/PS/gpio_emio/gpio_emio.sdk/system_wrapper.hdf.
12:58:47 INFO  : Checking for hwspec changes in the project system_wrapper_hw_platform_0.
13:04:45 INFO  : Connected to target on host '127.0.0.1' and port '3121'.
13:04:45 INFO  : Jtag cable 'Digilent JTAG-SMT3 210357A7D00EA' is selected.
13:04:45 INFO  : 'jtag frequency' command is executed.
13:04:45 INFO  : Sourcing of 'C:/Users/Admin/Desktop/VIVADO_Projects/PS/gpio_emio/gpio_emio.sdk/system_wrapper_hw_platform_0/ps7_init.tcl' is done.
13:04:45 INFO  : Context for 'APU' is selected.
13:04:45 INFO  : Hardware design information is loaded from 'C:/Users/Admin/Desktop/VIVADO_Projects/PS/gpio_emio/gpio_emio.sdk/system_wrapper_hw_platform_0/system.hdf'.
13:04:45 INFO  : 'configparams force-mem-access 1' command is executed.
13:04:45 INFO  : Context for 'APU' is selected.
13:04:45 INFO  : 'stop' command is executed.
13:04:46 INFO  : 'ps7_init' command is executed.
13:04:46 INFO  : 'ps7_post_config' command is executed.
13:04:46 INFO  : Context for processor 'ps7_cortexa9_0' is selected.
13:04:46 INFO  : Processor reset is completed for 'ps7_cortexa9_0'.
13:04:46 INFO  : Context for processor 'ps7_cortexa9_0' is selected.
13:04:46 INFO  : The application 'C:/Users/Admin/Desktop/VIVADO_Projects/PS/gpio_emio/gpio_emio.sdk/gpio_emio/Debug/gpio_emio.elf' is downloaded to processor 'ps7_cortexa9_0'.
13:04:46 INFO  : 'configparams force-mem-access 0' command is executed.
13:04:46 INFO  : ----------------XSDB Script----------------
connect -url tcp:127.0.0.1:3121
source C:/Users/Admin/Desktop/VIVADO_Projects/PS/gpio_emio/gpio_emio.sdk/system_wrapper_hw_platform_0/ps7_init.tcl
targets -set -nocase -filter {name =~"APU*" && jtag_cable_name =~ "Digilent JTAG-SMT3 210357A7D00EA"} -index 0
loadhw -hw C:/Users/Admin/Desktop/VIVADO_Projects/PS/gpio_emio/gpio_emio.sdk/system_wrapper_hw_platform_0/system.hdf -mem-ranges [list {0x40000000 0xbfffffff}]
configparams force-mem-access 1
targets -set -nocase -filter {name =~"APU*" && jtag_cable_name =~ "Digilent JTAG-SMT3 210357A7D00EA"} -index 0
stop
ps7_init
ps7_post_config
targets -set -nocase -filter {name =~ "ARM*#0" && jtag_cable_name =~ "Digilent JTAG-SMT3 210357A7D00EA"} -index 0
rst -processor
targets -set -nocase -filter {name =~ "ARM*#0" && jtag_cable_name =~ "Digilent JTAG-SMT3 210357A7D00EA"} -index 0
dow C:/Users/Admin/Desktop/VIVADO_Projects/PS/gpio_emio/gpio_emio.sdk/gpio_emio/Debug/gpio_emio.elf
configparams force-mem-access 0
----------------End of Script----------------

13:04:46 INFO  : Context for processor 'ps7_cortexa9_0' is selected.
13:04:46 INFO  : 'con' command is executed.
13:04:46 INFO  : ----------------XSDB Script (After Launch)----------------
targets -set -nocase -filter {name =~ "ARM*#0" && jtag_cable_name =~ "Digilent JTAG-SMT3 210357A7D00EA"} -index 0
con
----------------End of Script----------------

13:04:46 INFO  : Launch script is exported to file 'C:\Users\Admin\Desktop\VIVADO_Projects\PS\gpio_emio\gpio_emio.sdk\.sdk\launch_scripts\xilinx_c-c++_application_(system_debugger)\system_debugger_using_debug_gpio_emio.elf_on_local.tcl'
13:21:06 INFO  : Disconnected from the channel tcfchan#1.
13:21:08 INFO  : Connected to target on host '127.0.0.1' and port '3121'.
13:21:08 INFO  : Jtag cable 'Digilent JTAG-SMT3 210357A7D00EA' is selected.
13:21:08 INFO  : 'jtag frequency' command is executed.
13:21:08 INFO  : Sourcing of 'C:/Users/Admin/Desktop/VIVADO_Projects/PS/gpio_emio/gpio_emio.sdk/system_wrapper_hw_platform_0/ps7_init.tcl' is done.
13:21:08 INFO  : Context for 'APU' is selected.
13:21:08 INFO  : Hardware design information is loaded from 'C:/Users/Admin/Desktop/VIVADO_Projects/PS/gpio_emio/gpio_emio.sdk/system_wrapper_hw_platform_0/system.hdf'.
13:21:08 INFO  : 'configparams force-mem-access 1' command is executed.
13:21:08 INFO  : Context for 'APU' is selected.
13:21:08 INFO  : 'stop' command is executed.
13:21:09 INFO  : 'ps7_init' command is executed.
13:21:09 INFO  : 'ps7_post_config' command is executed.
13:21:09 INFO  : Context for processor 'ps7_cortexa9_0' is selected.
13:21:09 INFO  : Processor reset is completed for 'ps7_cortexa9_0'.
13:21:09 INFO  : Context for processor 'ps7_cortexa9_0' is selected.
13:21:09 INFO  : The application 'C:/Users/Admin/Desktop/VIVADO_Projects/PS/gpio_emio/gpio_emio.sdk/gpio_emio/Debug/gpio_emio.elf' is downloaded to processor 'ps7_cortexa9_0'.
13:21:09 INFO  : 'configparams force-mem-access 0' command is executed.
13:21:09 INFO  : ----------------XSDB Script----------------
connect -url tcp:127.0.0.1:3121
source C:/Users/Admin/Desktop/VIVADO_Projects/PS/gpio_emio/gpio_emio.sdk/system_wrapper_hw_platform_0/ps7_init.tcl
targets -set -nocase -filter {name =~"APU*" && jtag_cable_name =~ "Digilent JTAG-SMT3 210357A7D00EA"} -index 0
loadhw -hw C:/Users/Admin/Desktop/VIVADO_Projects/PS/gpio_emio/gpio_emio.sdk/system_wrapper_hw_platform_0/system.hdf -mem-ranges [list {0x40000000 0xbfffffff}]
configparams force-mem-access 1
targets -set -nocase -filter {name =~"APU*" && jtag_cable_name =~ "Digilent JTAG-SMT3 210357A7D00EA"} -index 0
stop
ps7_init
ps7_post_config
targets -set -nocase -filter {name =~ "ARM*#0" && jtag_cable_name =~ "Digilent JTAG-SMT3 210357A7D00EA"} -index 0
rst -processor
targets -set -nocase -filter {name =~ "ARM*#0" && jtag_cable_name =~ "Digilent JTAG-SMT3 210357A7D00EA"} -index 0
dow C:/Users/Admin/Desktop/VIVADO_Projects/PS/gpio_emio/gpio_emio.sdk/gpio_emio/Debug/gpio_emio.elf
configparams force-mem-access 0
----------------End of Script----------------

13:21:09 INFO  : Context for processor 'ps7_cortexa9_0' is selected.
13:21:09 INFO  : 'con' command is executed.
13:21:09 INFO  : ----------------XSDB Script (After Launch)----------------
targets -set -nocase -filter {name =~ "ARM*#0" && jtag_cable_name =~ "Digilent JTAG-SMT3 210357A7D00EA"} -index 0
con
----------------End of Script----------------

13:21:09 INFO  : Launch script is exported to file 'C:\Users\Admin\Desktop\VIVADO_Projects\PS\gpio_emio\gpio_emio.sdk\.sdk\launch_scripts\xilinx_c-c++_application_(system_debugger)\system_debugger_using_debug_gpio_emio.elf_on_local.tcl'
13:21:39 INFO  : Disconnected from the channel tcfchan#2.
13:21:40 INFO  : Connected to target on host '127.0.0.1' and port '3121'.
13:21:40 INFO  : Jtag cable 'Digilent JTAG-SMT3 210357A7D00EA' is selected.
13:21:40 INFO  : 'jtag frequency' command is executed.
13:21:40 INFO  : Sourcing of 'C:/Users/Admin/Desktop/VIVADO_Projects/PS/gpio_emio/gpio_emio.sdk/system_wrapper_hw_platform_0/ps7_init.tcl' is done.
13:21:40 INFO  : Context for 'APU' is selected.
13:21:41 INFO  : Hardware design information is loaded from 'C:/Users/Admin/Desktop/VIVADO_Projects/PS/gpio_emio/gpio_emio.sdk/system_wrapper_hw_platform_0/system.hdf'.
13:21:41 INFO  : 'configparams force-mem-access 1' command is executed.
13:21:41 INFO  : Context for 'APU' is selected.
13:21:41 INFO  : 'stop' command is executed.
13:21:41 INFO  : 'ps7_init' command is executed.
13:21:41 INFO  : 'ps7_post_config' command is executed.
13:21:41 INFO  : Context for processor 'ps7_cortexa9_0' is selected.
13:21:41 INFO  : Processor reset is completed for 'ps7_cortexa9_0'.
13:21:41 INFO  : Context for processor 'ps7_cortexa9_0' is selected.
13:21:42 INFO  : The application 'C:/Users/Admin/Desktop/VIVADO_Projects/PS/gpio_emio/gpio_emio.sdk/gpio_emio/Debug/gpio_emio.elf' is downloaded to processor 'ps7_cortexa9_0'.
13:21:42 INFO  : 'configparams force-mem-access 0' command is executed.
13:21:42 INFO  : ----------------XSDB Script----------------
connect -url tcp:127.0.0.1:3121
source C:/Users/Admin/Desktop/VIVADO_Projects/PS/gpio_emio/gpio_emio.sdk/system_wrapper_hw_platform_0/ps7_init.tcl
targets -set -nocase -filter {name =~"APU*" && jtag_cable_name =~ "Digilent JTAG-SMT3 210357A7D00EA"} -index 0
loadhw -hw C:/Users/Admin/Desktop/VIVADO_Projects/PS/gpio_emio/gpio_emio.sdk/system_wrapper_hw_platform_0/system.hdf -mem-ranges [list {0x40000000 0xbfffffff}]
configparams force-mem-access 1
targets -set -nocase -filter {name =~"APU*" && jtag_cable_name =~ "Digilent JTAG-SMT3 210357A7D00EA"} -index 0
stop
ps7_init
ps7_post_config
targets -set -nocase -filter {name =~ "ARM*#0" && jtag_cable_name =~ "Digilent JTAG-SMT3 210357A7D00EA"} -index 0
rst -processor
targets -set -nocase -filter {name =~ "ARM*#0" && jtag_cable_name =~ "Digilent JTAG-SMT3 210357A7D00EA"} -index 0
dow C:/Users/Admin/Desktop/VIVADO_Projects/PS/gpio_emio/gpio_emio.sdk/gpio_emio/Debug/gpio_emio.elf
configparams force-mem-access 0
----------------End of Script----------------

13:21:42 INFO  : Context for processor 'ps7_cortexa9_0' is selected.
13:21:42 INFO  : 'con' command is executed.
13:21:42 INFO  : ----------------XSDB Script (After Launch)----------------
targets -set -nocase -filter {name =~ "ARM*#0" && jtag_cable_name =~ "Digilent JTAG-SMT3 210357A7D00EA"} -index 0
con
----------------End of Script----------------

13:21:42 INFO  : Launch script is exported to file 'C:\Users\Admin\Desktop\VIVADO_Projects\PS\gpio_emio\gpio_emio.sdk\.sdk\launch_scripts\xilinx_c-c++_application_(system_debugger)\system_debugger_using_debug_gpio_emio.elf_on_local.tcl'
13:22:33 INFO  : Disconnected from the channel tcfchan#3.
13:22:34 INFO  : Connected to target on host '127.0.0.1' and port '3121'.
13:22:34 INFO  : Jtag cable 'Digilent JTAG-SMT3 210357A7D00EA' is selected.
13:22:34 INFO  : 'jtag frequency' command is executed.
13:22:34 INFO  : Sourcing of 'C:/Users/Admin/Desktop/VIVADO_Projects/PS/gpio_emio/gpio_emio.sdk/system_wrapper_hw_platform_0/ps7_init.tcl' is done.
13:22:34 INFO  : Context for 'APU' is selected.
13:22:35 INFO  : Hardware design information is loaded from 'C:/Users/Admin/Desktop/VIVADO_Projects/PS/gpio_emio/gpio_emio.sdk/system_wrapper_hw_platform_0/system.hdf'.
13:22:35 INFO  : 'configparams force-mem-access 1' command is executed.
13:22:35 INFO  : Context for 'APU' is selected.
13:22:35 INFO  : 'stop' command is executed.
13:22:35 INFO  : 'ps7_init' command is executed.
13:22:35 INFO  : 'ps7_post_config' command is executed.
13:22:35 INFO  : Context for processor 'ps7_cortexa9_0' is selected.
13:22:35 INFO  : Processor reset is completed for 'ps7_cortexa9_0'.
13:22:35 INFO  : Context for processor 'ps7_cortexa9_0' is selected.
13:22:35 INFO  : The application 'C:/Users/Admin/Desktop/VIVADO_Projects/PS/gpio_emio/gpio_emio.sdk/gpio_emio/Debug/gpio_emio.elf' is downloaded to processor 'ps7_cortexa9_0'.
13:22:35 INFO  : 'configparams force-mem-access 0' command is executed.
13:22:35 INFO  : ----------------XSDB Script----------------
connect -url tcp:127.0.0.1:3121
source C:/Users/Admin/Desktop/VIVADO_Projects/PS/gpio_emio/gpio_emio.sdk/system_wrapper_hw_platform_0/ps7_init.tcl
targets -set -nocase -filter {name =~"APU*" && jtag_cable_name =~ "Digilent JTAG-SMT3 210357A7D00EA"} -index 0
loadhw -hw C:/Users/Admin/Desktop/VIVADO_Projects/PS/gpio_emio/gpio_emio.sdk/system_wrapper_hw_platform_0/system.hdf -mem-ranges [list {0x40000000 0xbfffffff}]
configparams force-mem-access 1
targets -set -nocase -filter {name =~"APU*" && jtag_cable_name =~ "Digilent JTAG-SMT3 210357A7D00EA"} -index 0
stop
ps7_init
ps7_post_config
targets -set -nocase -filter {name =~ "ARM*#0" && jtag_cable_name =~ "Digilent JTAG-SMT3 210357A7D00EA"} -index 0
rst -processor
targets -set -nocase -filter {name =~ "ARM*#0" && jtag_cable_name =~ "Digilent JTAG-SMT3 210357A7D00EA"} -index 0
dow C:/Users/Admin/Desktop/VIVADO_Projects/PS/gpio_emio/gpio_emio.sdk/gpio_emio/Debug/gpio_emio.elf
configparams force-mem-access 0
----------------End of Script----------------

13:22:35 INFO  : Context for processor 'ps7_cortexa9_0' is selected.
13:22:35 INFO  : 'con' command is executed.
13:22:35 INFO  : ----------------XSDB Script (After Launch)----------------
targets -set -nocase -filter {name =~ "ARM*#0" && jtag_cable_name =~ "Digilent JTAG-SMT3 210357A7D00EA"} -index 0
con
----------------End of Script----------------

13:22:35 INFO  : Launch script is exported to file 'C:\Users\Admin\Desktop\VIVADO_Projects\PS\gpio_emio\gpio_emio.sdk\.sdk\launch_scripts\xilinx_c-c++_application_(system_debugger)\system_debugger_using_debug_gpio_emio.elf_on_local.tcl'
13:22:55 INFO  : Disconnected from the channel tcfchan#4.
13:22:56 INFO  : Connected to target on host '127.0.0.1' and port '3121'.
13:22:56 INFO  : Jtag cable 'Digilent JTAG-SMT3 210357A7D00EA' is selected.
13:22:56 INFO  : 'jtag frequency' command is executed.
13:22:56 INFO  : Sourcing of 'C:/Users/Admin/Desktop/VIVADO_Projects/PS/gpio_emio/gpio_emio.sdk/system_wrapper_hw_platform_0/ps7_init.tcl' is done.
13:22:56 INFO  : Context for 'APU' is selected.
13:22:57 INFO  : Hardware design information is loaded from 'C:/Users/Admin/Desktop/VIVADO_Projects/PS/gpio_emio/gpio_emio.sdk/system_wrapper_hw_platform_0/system.hdf'.
13:22:57 INFO  : 'configparams force-mem-access 1' command is executed.
13:22:57 INFO  : Context for 'APU' is selected.
13:22:57 INFO  : 'stop' command is executed.
13:22:57 INFO  : 'ps7_init' command is executed.
13:22:57 INFO  : 'ps7_post_config' command is executed.
13:22:57 INFO  : Context for processor 'ps7_cortexa9_0' is selected.
13:22:57 INFO  : Processor reset is completed for 'ps7_cortexa9_0'.
13:22:57 INFO  : Context for processor 'ps7_cortexa9_0' is selected.
13:22:58 INFO  : The application 'C:/Users/Admin/Desktop/VIVADO_Projects/PS/gpio_emio/gpio_emio.sdk/gpio_emio/Debug/gpio_emio.elf' is downloaded to processor 'ps7_cortexa9_0'.
13:22:58 INFO  : 'configparams force-mem-access 0' command is executed.
13:22:58 INFO  : ----------------XSDB Script----------------
connect -url tcp:127.0.0.1:3121
source C:/Users/Admin/Desktop/VIVADO_Projects/PS/gpio_emio/gpio_emio.sdk/system_wrapper_hw_platform_0/ps7_init.tcl
targets -set -nocase -filter {name =~"APU*" && jtag_cable_name =~ "Digilent JTAG-SMT3 210357A7D00EA"} -index 0
loadhw -hw C:/Users/Admin/Desktop/VIVADO_Projects/PS/gpio_emio/gpio_emio.sdk/system_wrapper_hw_platform_0/system.hdf -mem-ranges [list {0x40000000 0xbfffffff}]
configparams force-mem-access 1
targets -set -nocase -filter {name =~"APU*" && jtag_cable_name =~ "Digilent JTAG-SMT3 210357A7D00EA"} -index 0
stop
ps7_init
ps7_post_config
targets -set -nocase -filter {name =~ "ARM*#0" && jtag_cable_name =~ "Digilent JTAG-SMT3 210357A7D00EA"} -index 0
rst -processor
targets -set -nocase -filter {name =~ "ARM*#0" && jtag_cable_name =~ "Digilent JTAG-SMT3 210357A7D00EA"} -index 0
dow C:/Users/Admin/Desktop/VIVADO_Projects/PS/gpio_emio/gpio_emio.sdk/gpio_emio/Debug/gpio_emio.elf
configparams force-mem-access 0
----------------End of Script----------------

13:22:58 INFO  : Context for processor 'ps7_cortexa9_0' is selected.
13:22:58 INFO  : 'con' command is executed.
13:22:58 INFO  : ----------------XSDB Script (After Launch)----------------
targets -set -nocase -filter {name =~ "ARM*#0" && jtag_cable_name =~ "Digilent JTAG-SMT3 210357A7D00EA"} -index 0
con
----------------End of Script----------------

13:22:58 INFO  : Launch script is exported to file 'C:\Users\Admin\Desktop\VIVADO_Projects\PS\gpio_emio\gpio_emio.sdk\.sdk\launch_scripts\xilinx_c-c++_application_(system_debugger)\system_debugger_using_debug_gpio_emio.elf_on_local.tcl'
13:25:46 INFO  : Disconnected from the channel tcfchan#5.
13:25:47 INFO  : Connected to target on host '127.0.0.1' and port '3121'.
13:25:47 INFO  : Jtag cable 'Digilent JTAG-SMT3 210357A7D00EA' is selected.
13:25:47 INFO  : 'jtag frequency' command is executed.
13:25:47 INFO  : Sourcing of 'C:/Users/Admin/Desktop/VIVADO_Projects/PS/gpio_emio/gpio_emio.sdk/system_wrapper_hw_platform_0/ps7_init.tcl' is done.
13:25:47 INFO  : Context for 'APU' is selected.
13:25:48 INFO  : Hardware design information is loaded from 'C:/Users/Admin/Desktop/VIVADO_Projects/PS/gpio_emio/gpio_emio.sdk/system_wrapper_hw_platform_0/system.hdf'.
13:25:48 INFO  : 'configparams force-mem-access 1' command is executed.
13:25:48 INFO  : Context for 'APU' is selected.
13:25:48 INFO  : 'stop' command is executed.
13:25:48 INFO  : 'ps7_init' command is executed.
13:25:48 INFO  : 'ps7_post_config' command is executed.
13:25:48 INFO  : Context for processor 'ps7_cortexa9_0' is selected.
13:25:48 INFO  : Processor reset is completed for 'ps7_cortexa9_0'.
13:25:48 INFO  : Context for processor 'ps7_cortexa9_0' is selected.
13:25:49 INFO  : The application 'C:/Users/Admin/Desktop/VIVADO_Projects/PS/gpio_emio/gpio_emio.sdk/gpio_emio/Debug/gpio_emio.elf' is downloaded to processor 'ps7_cortexa9_0'.
13:25:49 INFO  : 'configparams force-mem-access 0' command is executed.
13:25:49 INFO  : ----------------XSDB Script----------------
connect -url tcp:127.0.0.1:3121
source C:/Users/Admin/Desktop/VIVADO_Projects/PS/gpio_emio/gpio_emio.sdk/system_wrapper_hw_platform_0/ps7_init.tcl
targets -set -nocase -filter {name =~"APU*" && jtag_cable_name =~ "Digilent JTAG-SMT3 210357A7D00EA"} -index 0
loadhw -hw C:/Users/Admin/Desktop/VIVADO_Projects/PS/gpio_emio/gpio_emio.sdk/system_wrapper_hw_platform_0/system.hdf -mem-ranges [list {0x40000000 0xbfffffff}]
configparams force-mem-access 1
targets -set -nocase -filter {name =~"APU*" && jtag_cable_name =~ "Digilent JTAG-SMT3 210357A7D00EA"} -index 0
stop
ps7_init
ps7_post_config
targets -set -nocase -filter {name =~ "ARM*#0" && jtag_cable_name =~ "Digilent JTAG-SMT3 210357A7D00EA"} -index 0
rst -processor
targets -set -nocase -filter {name =~ "ARM*#0" && jtag_cable_name =~ "Digilent JTAG-SMT3 210357A7D00EA"} -index 0
dow C:/Users/Admin/Desktop/VIVADO_Projects/PS/gpio_emio/gpio_emio.sdk/gpio_emio/Debug/gpio_emio.elf
configparams force-mem-access 0
----------------End of Script----------------

13:25:49 INFO  : Context for processor 'ps7_cortexa9_0' is selected.
13:25:49 INFO  : 'con' command is executed.
13:25:49 INFO  : ----------------XSDB Script (After Launch)----------------
targets -set -nocase -filter {name =~ "ARM*#0" && jtag_cable_name =~ "Digilent JTAG-SMT3 210357A7D00EA"} -index 0
con
----------------End of Script----------------

13:25:49 INFO  : Launch script is exported to file 'C:\Users\Admin\Desktop\VIVADO_Projects\PS\gpio_emio\gpio_emio.sdk\.sdk\launch_scripts\xilinx_c-c++_application_(system_debugger)\system_debugger_using_debug_gpio_emio.elf_on_local.tcl'
13:26:16 INFO  : Disconnected from the channel tcfchan#6.
13:26:17 INFO  : Connected to target on host '127.0.0.1' and port '3121'.
13:26:17 INFO  : Jtag cable 'Digilent JTAG-SMT3 210357A7D00EA' is selected.
13:26:17 INFO  : 'jtag frequency' command is executed.
13:26:17 INFO  : Sourcing of 'C:/Users/Admin/Desktop/VIVADO_Projects/PS/gpio_emio/gpio_emio.sdk/system_wrapper_hw_platform_0/ps7_init.tcl' is done.
13:26:17 INFO  : Context for 'APU' is selected.
13:26:18 INFO  : Hardware design information is loaded from 'C:/Users/Admin/Desktop/VIVADO_Projects/PS/gpio_emio/gpio_emio.sdk/system_wrapper_hw_platform_0/system.hdf'.
13:26:18 INFO  : 'configparams force-mem-access 1' command is executed.
13:26:18 INFO  : Context for 'APU' is selected.
13:26:18 INFO  : 'stop' command is executed.
13:26:18 INFO  : 'ps7_init' command is executed.
13:26:18 INFO  : 'ps7_post_config' command is executed.
13:26:19 INFO  : Context for processor 'ps7_cortexa9_0' is selected.
13:26:19 INFO  : Processor reset is completed for 'ps7_cortexa9_0'.
13:26:19 INFO  : Context for processor 'ps7_cortexa9_0' is selected.
13:26:19 INFO  : The application 'C:/Users/Admin/Desktop/VIVADO_Projects/PS/gpio_emio/gpio_emio.sdk/gpio_emio/Debug/gpio_emio.elf' is downloaded to processor 'ps7_cortexa9_0'.
13:26:19 INFO  : 'configparams force-mem-access 0' command is executed.
13:26:19 INFO  : ----------------XSDB Script----------------
connect -url tcp:127.0.0.1:3121
source C:/Users/Admin/Desktop/VIVADO_Projects/PS/gpio_emio/gpio_emio.sdk/system_wrapper_hw_platform_0/ps7_init.tcl
targets -set -nocase -filter {name =~"APU*" && jtag_cable_name =~ "Digilent JTAG-SMT3 210357A7D00EA"} -index 0
loadhw -hw C:/Users/Admin/Desktop/VIVADO_Projects/PS/gpio_emio/gpio_emio.sdk/system_wrapper_hw_platform_0/system.hdf -mem-ranges [list {0x40000000 0xbfffffff}]
configparams force-mem-access 1
targets -set -nocase -filter {name =~"APU*" && jtag_cable_name =~ "Digilent JTAG-SMT3 210357A7D00EA"} -index 0
stop
ps7_init
ps7_post_config
targets -set -nocase -filter {name =~ "ARM*#0" && jtag_cable_name =~ "Digilent JTAG-SMT3 210357A7D00EA"} -index 0
rst -processor
targets -set -nocase -filter {name =~ "ARM*#0" && jtag_cable_name =~ "Digilent JTAG-SMT3 210357A7D00EA"} -index 0
dow C:/Users/Admin/Desktop/VIVADO_Projects/PS/gpio_emio/gpio_emio.sdk/gpio_emio/Debug/gpio_emio.elf
configparams force-mem-access 0
----------------End of Script----------------

13:26:19 INFO  : Context for processor 'ps7_cortexa9_0' is selected.
13:26:19 INFO  : 'con' command is executed.
13:26:19 INFO  : ----------------XSDB Script (After Launch)----------------
targets -set -nocase -filter {name =~ "ARM*#0" && jtag_cable_name =~ "Digilent JTAG-SMT3 210357A7D00EA"} -index 0
con
----------------End of Script----------------

13:26:19 INFO  : Launch script is exported to file 'C:\Users\Admin\Desktop\VIVADO_Projects\PS\gpio_emio\gpio_emio.sdk\.sdk\launch_scripts\xilinx_c-c++_application_(system_debugger)\system_debugger_using_debug_gpio_emio.elf_on_local.tcl'
13:27:13 INFO  : Disconnected from the channel tcfchan#7.
13:27:14 INFO  : Connected to target on host '127.0.0.1' and port '3121'.
13:27:14 INFO  : Jtag cable 'Digilent JTAG-SMT3 210357A7D00EA' is selected.
13:27:14 INFO  : 'jtag frequency' command is executed.
13:27:14 INFO  : Sourcing of 'C:/Users/Admin/Desktop/VIVADO_Projects/PS/gpio_emio/gpio_emio.sdk/system_wrapper_hw_platform_0/ps7_init.tcl' is done.
13:27:14 INFO  : Context for 'APU' is selected.
13:27:15 INFO  : Hardware design information is loaded from 'C:/Users/Admin/Desktop/VIVADO_Projects/PS/gpio_emio/gpio_emio.sdk/system_wrapper_hw_platform_0/system.hdf'.
13:27:15 INFO  : 'configparams force-mem-access 1' command is executed.
13:27:15 INFO  : Context for 'APU' is selected.
13:27:15 INFO  : 'stop' command is executed.
13:27:16 INFO  : 'ps7_init' command is executed.
13:27:16 INFO  : 'ps7_post_config' command is executed.
13:27:16 INFO  : Context for processor 'ps7_cortexa9_0' is selected.
13:27:16 INFO  : Processor reset is completed for 'ps7_cortexa9_0'.
13:27:16 INFO  : Context for processor 'ps7_cortexa9_0' is selected.
13:27:16 INFO  : The application 'C:/Users/Admin/Desktop/VIVADO_Projects/PS/gpio_emio/gpio_emio.sdk/gpio_emio/Debug/gpio_emio.elf' is downloaded to processor 'ps7_cortexa9_0'.
13:27:16 INFO  : 'configparams force-mem-access 0' command is executed.
13:27:16 INFO  : ----------------XSDB Script----------------
connect -url tcp:127.0.0.1:3121
source C:/Users/Admin/Desktop/VIVADO_Projects/PS/gpio_emio/gpio_emio.sdk/system_wrapper_hw_platform_0/ps7_init.tcl
targets -set -nocase -filter {name =~"APU*" && jtag_cable_name =~ "Digilent JTAG-SMT3 210357A7D00EA"} -index 0
loadhw -hw C:/Users/Admin/Desktop/VIVADO_Projects/PS/gpio_emio/gpio_emio.sdk/system_wrapper_hw_platform_0/system.hdf -mem-ranges [list {0x40000000 0xbfffffff}]
configparams force-mem-access 1
targets -set -nocase -filter {name =~"APU*" && jtag_cable_name =~ "Digilent JTAG-SMT3 210357A7D00EA"} -index 0
stop
ps7_init
ps7_post_config
targets -set -nocase -filter {name =~ "ARM*#0" && jtag_cable_name =~ "Digilent JTAG-SMT3 210357A7D00EA"} -index 0
rst -processor
targets -set -nocase -filter {name =~ "ARM*#0" && jtag_cable_name =~ "Digilent JTAG-SMT3 210357A7D00EA"} -index 0
dow C:/Users/Admin/Desktop/VIVADO_Projects/PS/gpio_emio/gpio_emio.sdk/gpio_emio/Debug/gpio_emio.elf
configparams force-mem-access 0
----------------End of Script----------------

13:27:16 INFO  : Context for processor 'ps7_cortexa9_0' is selected.
13:27:16 INFO  : 'con' command is executed.
13:27:16 INFO  : ----------------XSDB Script (After Launch)----------------
targets -set -nocase -filter {name =~ "ARM*#0" && jtag_cable_name =~ "Digilent JTAG-SMT3 210357A7D00EA"} -index 0
con
----------------End of Script----------------

13:27:16 INFO  : Launch script is exported to file 'C:\Users\Admin\Desktop\VIVADO_Projects\PS\gpio_emio\gpio_emio.sdk\.sdk\launch_scripts\xilinx_c-c++_application_(system_debugger)\system_debugger_using_debug_gpio_emio.elf_on_local.tcl'
15:46:03 INFO  : Disconnected from the channel tcfchan#8.
16:15:15 INFO  : Registering command handlers for SDK TCF services
16:15:15 INFO  : Launching XSCT server: xsct.bat -interactive C:\Users\Admin\Desktop\VIVADO_Projects\PS\gpio_emio\gpio_emio.sdk\temp_xsdb_launch_script.tcl
16:15:16 INFO  : XSCT server has started successfully.
16:15:16 INFO  : Successfully done setting XSCT server connection channel  
16:15:16 INFO  : Successfully done setting SDK workspace  
16:15:16 INFO  : Processing command line option -hwspec C:/Users/Admin/Desktop/VIVADO_Projects/PS/gpio_emio/gpio_emio.sdk/system_wrapper.hdf.
16:15:16 INFO  : Checking for hwspec changes in the project system_wrapper_hw_platform_0.
16:15:18 INFO  : SDK has detected change in the last modified timestamps for source hardware specification file Source:1763626415381,  Project:1763556630207
16:15:18 INFO  : The hardware specification for project 'system_wrapper_hw_platform_0' is different from C:/Users/Admin/Desktop/VIVADO_Projects/PS/gpio_emio/gpio_emio.sdk/system_wrapper.hdf.
16:15:18 INFO  : Copied contents of C:/Users/Admin/Desktop/VIVADO_Projects/PS/gpio_emio/gpio_emio.sdk/system_wrapper.hdf into \system_wrapper_hw_platform_0\system.hdf.
16:15:19 INFO  : Synchronizing projects in the workspace with the hardware platform specification changes.
16:15:21 INFO  : 
16:15:22 INFO  : Updating hardware inferred compiler options for gpio_emio.
16:15:22 INFO  : Clearing existing target manager status.
16:16:26 INFO  : 'targets -set -filter {jtag_cable_name =~ "Digilent JTAG-SMT3 210357A7D00EA" && level==0} -index 1' command is executed.
16:16:26 INFO  : 'fpga -state' command is executed.
16:16:35 INFO  : Connected to target on host '127.0.0.1' and port '3121'.
16:16:35 INFO  : Jtag cable 'Digilent JTAG-SMT3 210357A7D00EA' is selected.
16:16:35 INFO  : 'jtag frequency' command is executed.
16:16:35 INFO  : Sourcing of 'C:/Users/Admin/Desktop/VIVADO_Projects/PS/gpio_emio/gpio_emio.sdk/system_wrapper_hw_platform_0/ps7_init.tcl' is done.
16:16:35 INFO  : Context for 'APU' is selected.
16:16:35 INFO  : Hardware design information is loaded from 'C:/Users/Admin/Desktop/VIVADO_Projects/PS/gpio_emio/gpio_emio.sdk/system_wrapper_hw_platform_0/system.hdf'.
16:16:35 INFO  : 'configparams force-mem-access 1' command is executed.
16:16:35 INFO  : Context for 'APU' is selected.
16:16:35 INFO  : 'stop' command is executed.
16:16:35 INFO  : 'ps7_init' command is executed.
16:16:35 INFO  : 'ps7_post_config' command is executed.
16:16:36 INFO  : Context for processor 'ps7_cortexa9_0' is selected.
16:16:36 INFO  : Processor reset is completed for 'ps7_cortexa9_0'.
16:16:36 INFO  : Context for processor 'ps7_cortexa9_0' is selected.
16:16:36 INFO  : The application 'C:/Users/Admin/Desktop/VIVADO_Projects/PS/gpio_emio/gpio_emio.sdk/gpio_emio/Debug/gpio_emio.elf' is downloaded to processor 'ps7_cortexa9_0'.
16:16:36 INFO  : 'configparams force-mem-access 0' command is executed.
16:16:36 INFO  : ----------------XSDB Script----------------
connect -url tcp:127.0.0.1:3121
source C:/Users/Admin/Desktop/VIVADO_Projects/PS/gpio_emio/gpio_emio.sdk/system_wrapper_hw_platform_0/ps7_init.tcl
targets -set -nocase -filter {name =~"APU*" && jtag_cable_name =~ "Digilent JTAG-SMT3 210357A7D00EA"} -index 0
loadhw -hw C:/Users/Admin/Desktop/VIVADO_Projects/PS/gpio_emio/gpio_emio.sdk/system_wrapper_hw_platform_0/system.hdf -mem-ranges [list {0x40000000 0xbfffffff}]
configparams force-mem-access 1
targets -set -nocase -filter {name =~"APU*" && jtag_cable_name =~ "Digilent JTAG-SMT3 210357A7D00EA"} -index 0
stop
ps7_init
ps7_post_config
targets -set -nocase -filter {name =~ "ARM*#0" && jtag_cable_name =~ "Digilent JTAG-SMT3 210357A7D00EA"} -index 0
rst -processor
targets -set -nocase -filter {name =~ "ARM*#0" && jtag_cable_name =~ "Digilent JTAG-SMT3 210357A7D00EA"} -index 0
dow C:/Users/Admin/Desktop/VIVADO_Projects/PS/gpio_emio/gpio_emio.sdk/gpio_emio/Debug/gpio_emio.elf
configparams force-mem-access 0
----------------End of Script----------------

16:16:36 INFO  : Memory regions updated for context APU
16:16:36 INFO  : Context for processor 'ps7_cortexa9_0' is selected.
16:16:36 INFO  : 'con' command is executed.
16:16:36 INFO  : ----------------XSDB Script (After Launch)----------------
targets -set -nocase -filter {name =~ "ARM*#0" && jtag_cable_name =~ "Digilent JTAG-SMT3 210357A7D00EA"} -index 0
con
----------------End of Script----------------

16:16:36 INFO  : Launch script is exported to file 'C:\Users\Admin\Desktop\VIVADO_Projects\PS\gpio_emio\gpio_emio.sdk\.sdk\launch_scripts\xilinx_c-c++_application_(system_debugger)\system_debugger_using_debug_gpio_emio.elf_on_local.tcl'
16:17:08 INFO  : Disconnected from the channel tcfchan#1.
16:17:09 INFO  : 'targets -set -filter {jtag_cable_name =~ "Digilent JTAG-SMT3 210357A7D00EA" && level==0} -index 1' command is executed.
16:17:09 INFO  : 'fpga -state' command is executed.
16:17:14 INFO  : Connected to target on host '127.0.0.1' and port '3121'.
16:17:14 INFO  : Jtag cable 'Digilent JTAG-SMT3 210357A7D00EA' is selected.
16:17:14 INFO  : 'jtag frequency' command is executed.
16:17:14 INFO  : Sourcing of 'C:/Users/Admin/Desktop/VIVADO_Projects/PS/gpio_emio/gpio_emio.sdk/system_wrapper_hw_platform_0/ps7_init.tcl' is done.
16:17:14 INFO  : Context for 'APU' is selected.
16:17:15 INFO  : Hardware design information is loaded from 'C:/Users/Admin/Desktop/VIVADO_Projects/PS/gpio_emio/gpio_emio.sdk/system_wrapper_hw_platform_0/system.hdf'.
16:17:15 INFO  : 'configparams force-mem-access 1' command is executed.
16:17:15 INFO  : Context for 'APU' is selected.
16:17:15 INFO  : 'stop' command is executed.
16:17:15 INFO  : 'ps7_init' command is executed.
16:17:15 INFO  : 'ps7_post_config' command is executed.
16:17:15 INFO  : Context for processor 'ps7_cortexa9_0' is selected.
16:17:15 INFO  : Processor reset is completed for 'ps7_cortexa9_0'.
16:17:15 INFO  : Context for processor 'ps7_cortexa9_0' is selected.
16:17:15 INFO  : The application 'C:/Users/Admin/Desktop/VIVADO_Projects/PS/gpio_emio/gpio_emio.sdk/gpio_emio/Debug/gpio_emio.elf' is downloaded to processor 'ps7_cortexa9_0'.
16:17:15 INFO  : 'configparams force-mem-access 0' command is executed.
16:17:15 INFO  : ----------------XSDB Script----------------
connect -url tcp:127.0.0.1:3121
source C:/Users/Admin/Desktop/VIVADO_Projects/PS/gpio_emio/gpio_emio.sdk/system_wrapper_hw_platform_0/ps7_init.tcl
targets -set -nocase -filter {name =~"APU*" && jtag_cable_name =~ "Digilent JTAG-SMT3 210357A7D00EA"} -index 0
loadhw -hw C:/Users/Admin/Desktop/VIVADO_Projects/PS/gpio_emio/gpio_emio.sdk/system_wrapper_hw_platform_0/system.hdf -mem-ranges [list {0x40000000 0xbfffffff}]
configparams force-mem-access 1
targets -set -nocase -filter {name =~"APU*" && jtag_cable_name =~ "Digilent JTAG-SMT3 210357A7D00EA"} -index 0
stop
ps7_init
ps7_post_config
targets -set -nocase -filter {name =~ "ARM*#0" && jtag_cable_name =~ "Digilent JTAG-SMT3 210357A7D00EA"} -index 0
rst -processor
targets -set -nocase -filter {name =~ "ARM*#0" && jtag_cable_name =~ "Digilent JTAG-SMT3 210357A7D00EA"} -index 0
dow C:/Users/Admin/Desktop/VIVADO_Projects/PS/gpio_emio/gpio_emio.sdk/gpio_emio/Debug/gpio_emio.elf
configparams force-mem-access 0
----------------End of Script----------------

16:17:15 INFO  : Memory regions updated for context APU
16:17:15 INFO  : Context for processor 'ps7_cortexa9_0' is selected.
16:17:15 INFO  : 'con' command is executed.
16:17:15 INFO  : ----------------XSDB Script (After Launch)----------------
targets -set -nocase -filter {name =~ "ARM*#0" && jtag_cable_name =~ "Digilent JTAG-SMT3 210357A7D00EA"} -index 0
con
----------------End of Script----------------

16:17:15 INFO  : Launch script is exported to file 'C:\Users\Admin\Desktop\VIVADO_Projects\PS\gpio_emio\gpio_emio.sdk\.sdk\launch_scripts\xilinx_c-c++_application_(system_debugger)\system_debugger_using_debug_gpio_emio.elf_on_local.tcl'
16:20:46 INFO  : Disconnected from the channel tcfchan#2.
16:21:05 INFO  : Registering command handlers for SDK TCF services
16:21:06 INFO  : Launching XSCT server: xsct.bat -interactive C:\Users\Admin\Desktop\VIVADO_Projects\PS\gpio_emio\gpio_emio.sdk\temp_xsdb_launch_script.tcl
16:21:07 INFO  : XSCT server has started successfully.
16:21:07 INFO  : Successfully done setting XSCT server connection channel  
16:21:07 INFO  : Processing command line option -hwspec C:/Users/Admin/Desktop/VIVADO_Projects/PS/gpio_emio/gpio_emio.sdk/system_wrapper.hdf.
16:21:07 INFO  : Successfully done setting SDK workspace  
16:21:07 INFO  : Checking for hwspec changes in the project system_wrapper_hw_platform_0.
16:21:33 INFO  : 'targets -set -filter {jtag_cable_name =~ "Digilent JTAG-SMT3 210357A7D00EA" && level==0} -index 1' command is executed.
16:21:33 INFO  : 'fpga -state' command is executed.
16:21:42 INFO  : Connected to target on host '127.0.0.1' and port '3121'.
16:21:42 INFO  : Jtag cable 'Digilent JTAG-SMT3 210357A7D00EA' is selected.
16:21:42 INFO  : 'jtag frequency' command is executed.
16:21:42 INFO  : Sourcing of 'C:/Users/Admin/Desktop/VIVADO_Projects/PS/gpio_emio/gpio_emio.sdk/system_wrapper_hw_platform_0/ps7_init.tcl' is done.
16:21:42 INFO  : Context for 'APU' is selected.
16:21:42 INFO  : Hardware design information is loaded from 'C:/Users/Admin/Desktop/VIVADO_Projects/PS/gpio_emio/gpio_emio.sdk/system_wrapper_hw_platform_0/system.hdf'.
16:21:42 INFO  : 'configparams force-mem-access 1' command is executed.
16:21:42 INFO  : Context for 'APU' is selected.
16:21:42 INFO  : 'stop' command is executed.
16:21:42 INFO  : 'ps7_init' command is executed.
16:21:42 INFO  : 'ps7_post_config' command is executed.
16:21:42 INFO  : Context for processor 'ps7_cortexa9_0' is selected.
16:21:43 INFO  : Processor reset is completed for 'ps7_cortexa9_0'.
16:21:43 INFO  : Context for processor 'ps7_cortexa9_0' is selected.
16:21:43 INFO  : The application 'C:/Users/Admin/Desktop/VIVADO_Projects/PS/gpio_emio/gpio_emio.sdk/gpio_emio/Debug/gpio_emio.elf' is downloaded to processor 'ps7_cortexa9_0'.
16:21:43 INFO  : 'configparams force-mem-access 0' command is executed.
16:21:43 INFO  : ----------------XSDB Script----------------
connect -url tcp:127.0.0.1:3121
source C:/Users/Admin/Desktop/VIVADO_Projects/PS/gpio_emio/gpio_emio.sdk/system_wrapper_hw_platform_0/ps7_init.tcl
targets -set -nocase -filter {name =~"APU*" && jtag_cable_name =~ "Digilent JTAG-SMT3 210357A7D00EA"} -index 0
loadhw -hw C:/Users/Admin/Desktop/VIVADO_Projects/PS/gpio_emio/gpio_emio.sdk/system_wrapper_hw_platform_0/system.hdf -mem-ranges [list {0x40000000 0xbfffffff}]
configparams force-mem-access 1
targets -set -nocase -filter {name =~"APU*" && jtag_cable_name =~ "Digilent JTAG-SMT3 210357A7D00EA"} -index 0
stop
ps7_init
ps7_post_config
targets -set -nocase -filter {name =~ "ARM*#0" && jtag_cable_name =~ "Digilent JTAG-SMT3 210357A7D00EA"} -index 0
rst -processor
targets -set -nocase -filter {name =~ "ARM*#0" && jtag_cable_name =~ "Digilent JTAG-SMT3 210357A7D00EA"} -index 0
dow C:/Users/Admin/Desktop/VIVADO_Projects/PS/gpio_emio/gpio_emio.sdk/gpio_emio/Debug/gpio_emio.elf
configparams force-mem-access 0
----------------End of Script----------------

16:21:43 INFO  : Memory regions updated for context APU
16:21:43 INFO  : Context for processor 'ps7_cortexa9_0' is selected.
16:21:43 INFO  : 'con' command is executed.
16:21:43 INFO  : ----------------XSDB Script (After Launch)----------------
targets -set -nocase -filter {name =~ "ARM*#0" && jtag_cable_name =~ "Digilent JTAG-SMT3 210357A7D00EA"} -index 0
con
----------------End of Script----------------

16:21:43 INFO  : Launch script is exported to file 'C:\Users\Admin\Desktop\VIVADO_Projects\PS\gpio_emio\gpio_emio.sdk\.sdk\launch_scripts\xilinx_c-c++_application_(system_debugger)\system_debugger_using_debug_gpio_emio.elf_on_local.tcl'
16:21:57 INFO  : Connected to target on host '127.0.0.1' and port '3121'.
16:21:57 INFO  : 'targets -set -filter {jtag_cable_name =~ "Digilent JTAG-SMT3 210357A7D00EA" && level==0} -index 1' command is executed.
16:21:59 INFO  : FPGA configured successfully with bitstream "C:/Users/Admin/Desktop/VIVADO_Projects/PS/gpio_emio/gpio_emio.sdk/system_wrapper_hw_platform_0/system_wrapper.bit"
16:22:10 INFO  : Disconnected from the channel tcfchan#1.
16:22:11 INFO  : 'targets -set -filter {jtag_cable_name =~ "Digilent JTAG-SMT3 210357A7D00EA" && level==0} -index 1' command is executed.
16:22:11 INFO  : 'fpga -state' command is executed.
16:22:11 INFO  : Connected to target on host '127.0.0.1' and port '3121'.
16:22:11 INFO  : Jtag cable 'Digilent JTAG-SMT3 210357A7D00EA' is selected.
16:22:11 INFO  : 'jtag frequency' command is executed.
16:22:11 INFO  : Sourcing of 'C:/Users/Admin/Desktop/VIVADO_Projects/PS/gpio_emio/gpio_emio.sdk/system_wrapper_hw_platform_0/ps7_init.tcl' is done.
16:22:11 INFO  : Context for 'APU' is selected.
16:22:12 INFO  : Hardware design information is loaded from 'C:/Users/Admin/Desktop/VIVADO_Projects/PS/gpio_emio/gpio_emio.sdk/system_wrapper_hw_platform_0/system.hdf'.
16:22:12 INFO  : 'configparams force-mem-access 1' command is executed.
16:22:12 INFO  : Context for 'APU' is selected.
16:22:12 INFO  : 'stop' command is executed.
16:22:12 INFO  : 'ps7_init' command is executed.
16:22:12 INFO  : 'ps7_post_config' command is executed.
16:22:12 INFO  : Context for processor 'ps7_cortexa9_0' is selected.
16:22:12 INFO  : Processor reset is completed for 'ps7_cortexa9_0'.
16:22:12 INFO  : Context for processor 'ps7_cortexa9_0' is selected.
16:22:12 INFO  : The application 'C:/Users/Admin/Desktop/VIVADO_Projects/PS/gpio_emio/gpio_emio.sdk/gpio_emio/Debug/gpio_emio.elf' is downloaded to processor 'ps7_cortexa9_0'.
16:22:13 INFO  : 'configparams force-mem-access 0' command is executed.
16:22:13 INFO  : ----------------XSDB Script----------------
connect -url tcp:127.0.0.1:3121
source C:/Users/Admin/Desktop/VIVADO_Projects/PS/gpio_emio/gpio_emio.sdk/system_wrapper_hw_platform_0/ps7_init.tcl
targets -set -nocase -filter {name =~"APU*" && jtag_cable_name =~ "Digilent JTAG-SMT3 210357A7D00EA"} -index 0
loadhw -hw C:/Users/Admin/Desktop/VIVADO_Projects/PS/gpio_emio/gpio_emio.sdk/system_wrapper_hw_platform_0/system.hdf -mem-ranges [list {0x40000000 0xbfffffff}]
configparams force-mem-access 1
targets -set -nocase -filter {name =~"APU*" && jtag_cable_name =~ "Digilent JTAG-SMT3 210357A7D00EA"} -index 0
stop
ps7_init
ps7_post_config
targets -set -nocase -filter {name =~ "ARM*#0" && jtag_cable_name =~ "Digilent JTAG-SMT3 210357A7D00EA"} -index 0
rst -processor
targets -set -nocase -filter {name =~ "ARM*#0" && jtag_cable_name =~ "Digilent JTAG-SMT3 210357A7D00EA"} -index 0
dow C:/Users/Admin/Desktop/VIVADO_Projects/PS/gpio_emio/gpio_emio.sdk/gpio_emio/Debug/gpio_emio.elf
configparams force-mem-access 0
----------------End of Script----------------

16:22:13 INFO  : Memory regions updated for context APU
16:22:13 INFO  : Context for processor 'ps7_cortexa9_0' is selected.
16:22:13 INFO  : 'con' command is executed.
16:22:13 INFO  : ----------------XSDB Script (After Launch)----------------
targets -set -nocase -filter {name =~ "ARM*#0" && jtag_cable_name =~ "Digilent JTAG-SMT3 210357A7D00EA"} -index 0
con
----------------End of Script----------------

16:22:13 INFO  : Launch script is exported to file 'C:\Users\Admin\Desktop\VIVADO_Projects\PS\gpio_emio\gpio_emio.sdk\.sdk\launch_scripts\xilinx_c-c++_application_(system_debugger)\system_debugger_using_debug_gpio_emio.elf_on_local.tcl'
16:23:17 INFO  : Disconnected from the channel tcfchan#2.
16:23:18 INFO  : 'targets -set -filter {jtag_cable_name =~ "Digilent JTAG-SMT3 210357A7D00EA" && level==0} -index 1' command is executed.
16:23:18 INFO  : 'fpga -state' command is executed.
16:23:18 INFO  : Connected to target on host '127.0.0.1' and port '3121'.
16:23:18 INFO  : Jtag cable 'Digilent JTAG-SMT3 210357A7D00EA' is selected.
16:23:18 INFO  : 'jtag frequency' command is executed.
16:23:18 INFO  : Sourcing of 'C:/Users/Admin/Desktop/VIVADO_Projects/PS/gpio_emio/gpio_emio.sdk/system_wrapper_hw_platform_0/ps7_init.tcl' is done.
16:23:18 INFO  : Context for 'APU' is selected.
16:23:19 INFO  : Hardware design information is loaded from 'C:/Users/Admin/Desktop/VIVADO_Projects/PS/gpio_emio/gpio_emio.sdk/system_wrapper_hw_platform_0/system.hdf'.
16:23:19 INFO  : 'configparams force-mem-access 1' command is executed.
16:23:19 INFO  : Context for 'APU' is selected.
16:23:19 INFO  : 'stop' command is executed.
16:23:19 INFO  : 'ps7_init' command is executed.
16:23:19 INFO  : 'ps7_post_config' command is executed.
16:23:19 INFO  : Context for processor 'ps7_cortexa9_0' is selected.
16:23:19 INFO  : Processor reset is completed for 'ps7_cortexa9_0'.
16:23:19 INFO  : Context for processor 'ps7_cortexa9_0' is selected.
16:23:20 INFO  : The application 'C:/Users/Admin/Desktop/VIVADO_Projects/PS/gpio_emio/gpio_emio.sdk/gpio_emio/Debug/gpio_emio.elf' is downloaded to processor 'ps7_cortexa9_0'.
16:23:20 INFO  : 'configparams force-mem-access 0' command is executed.
16:23:20 INFO  : ----------------XSDB Script----------------
connect -url tcp:127.0.0.1:3121
source C:/Users/Admin/Desktop/VIVADO_Projects/PS/gpio_emio/gpio_emio.sdk/system_wrapper_hw_platform_0/ps7_init.tcl
targets -set -nocase -filter {name =~"APU*" && jtag_cable_name =~ "Digilent JTAG-SMT3 210357A7D00EA"} -index 0
loadhw -hw C:/Users/Admin/Desktop/VIVADO_Projects/PS/gpio_emio/gpio_emio.sdk/system_wrapper_hw_platform_0/system.hdf -mem-ranges [list {0x40000000 0xbfffffff}]
configparams force-mem-access 1
targets -set -nocase -filter {name =~"APU*" && jtag_cable_name =~ "Digilent JTAG-SMT3 210357A7D00EA"} -index 0
stop
ps7_init
ps7_post_config
targets -set -nocase -filter {name =~ "ARM*#0" && jtag_cable_name =~ "Digilent JTAG-SMT3 210357A7D00EA"} -index 0
rst -processor
targets -set -nocase -filter {name =~ "ARM*#0" && jtag_cable_name =~ "Digilent JTAG-SMT3 210357A7D00EA"} -index 0
dow C:/Users/Admin/Desktop/VIVADO_Projects/PS/gpio_emio/gpio_emio.sdk/gpio_emio/Debug/gpio_emio.elf
configparams force-mem-access 0
----------------End of Script----------------

16:23:20 INFO  : Memory regions updated for context APU
16:23:20 INFO  : Context for processor 'ps7_cortexa9_0' is selected.
16:23:20 INFO  : 'con' command is executed.
16:23:20 INFO  : ----------------XSDB Script (After Launch)----------------
targets -set -nocase -filter {name =~ "ARM*#0" && jtag_cable_name =~ "Digilent JTAG-SMT3 210357A7D00EA"} -index 0
con
----------------End of Script----------------

16:23:20 INFO  : Launch script is exported to file 'C:\Users\Admin\Desktop\VIVADO_Projects\PS\gpio_emio\gpio_emio.sdk\.sdk\launch_scripts\xilinx_c-c++_application_(system_debugger)\system_debugger_using_debug_gpio_emio.elf_on_local.tcl'
16:30:28 INFO  : Connected to target on host '127.0.0.1' and port '3121'.
16:30:28 INFO  : 'targets -set -filter {jtag_cable_name =~ "Digilent JTAG-SMT3 210357A7D00EA" && level==0} -index 1' command is executed.
16:30:30 INFO  : FPGA configured successfully with bitstream "C:/Users/Admin/Desktop/VIVADO_Projects/PS/gpio_emio/gpio_emio.sdk/system_wrapper_hw_platform_0/system_wrapper.bit"
16:30:39 INFO  : Disconnected from the channel tcfchan#3.
16:30:40 INFO  : 'targets -set -filter {jtag_cable_name =~ "Digilent JTAG-SMT3 210357A7D00EA" && level==0} -index 1' command is executed.
16:30:40 INFO  : 'fpga -state' command is executed.
16:30:40 INFO  : Connected to target on host '127.0.0.1' and port '3121'.
16:30:40 INFO  : Jtag cable 'Digilent JTAG-SMT3 210357A7D00EA' is selected.
16:30:40 INFO  : 'jtag frequency' command is executed.
16:30:40 INFO  : Sourcing of 'C:/Users/Admin/Desktop/VIVADO_Projects/PS/gpio_emio/gpio_emio.sdk/system_wrapper_hw_platform_0/ps7_init.tcl' is done.
16:30:40 INFO  : Context for 'APU' is selected.
16:30:41 INFO  : Hardware design information is loaded from 'C:/Users/Admin/Desktop/VIVADO_Projects/PS/gpio_emio/gpio_emio.sdk/system_wrapper_hw_platform_0/system.hdf'.
16:30:41 INFO  : 'configparams force-mem-access 1' command is executed.
16:30:41 INFO  : Context for 'APU' is selected.
16:30:41 INFO  : 'stop' command is executed.
16:30:41 INFO  : 'ps7_init' command is executed.
16:30:41 INFO  : 'ps7_post_config' command is executed.
16:30:41 INFO  : Context for processor 'ps7_cortexa9_0' is selected.
16:30:41 INFO  : Processor reset is completed for 'ps7_cortexa9_0'.
16:30:41 INFO  : Context for processor 'ps7_cortexa9_0' is selected.
16:30:41 INFO  : The application 'C:/Users/Admin/Desktop/VIVADO_Projects/PS/gpio_emio/gpio_emio.sdk/gpio_emio/Debug/gpio_emio.elf' is downloaded to processor 'ps7_cortexa9_0'.
16:30:41 INFO  : 'configparams force-mem-access 0' command is executed.
16:30:41 INFO  : ----------------XSDB Script----------------
connect -url tcp:127.0.0.1:3121
source C:/Users/Admin/Desktop/VIVADO_Projects/PS/gpio_emio/gpio_emio.sdk/system_wrapper_hw_platform_0/ps7_init.tcl
targets -set -nocase -filter {name =~"APU*" && jtag_cable_name =~ "Digilent JTAG-SMT3 210357A7D00EA"} -index 0
loadhw -hw C:/Users/Admin/Desktop/VIVADO_Projects/PS/gpio_emio/gpio_emio.sdk/system_wrapper_hw_platform_0/system.hdf -mem-ranges [list {0x40000000 0xbfffffff}]
configparams force-mem-access 1
targets -set -nocase -filter {name =~"APU*" && jtag_cable_name =~ "Digilent JTAG-SMT3 210357A7D00EA"} -index 0
stop
ps7_init
ps7_post_config
targets -set -nocase -filter {name =~ "ARM*#0" && jtag_cable_name =~ "Digilent JTAG-SMT3 210357A7D00EA"} -index 0
rst -processor
targets -set -nocase -filter {name =~ "ARM*#0" && jtag_cable_name =~ "Digilent JTAG-SMT3 210357A7D00EA"} -index 0
dow C:/Users/Admin/Desktop/VIVADO_Projects/PS/gpio_emio/gpio_emio.sdk/gpio_emio/Debug/gpio_emio.elf
configparams force-mem-access 0
----------------End of Script----------------

16:30:41 INFO  : Memory regions updated for context APU
16:30:41 INFO  : Context for processor 'ps7_cortexa9_0' is selected.
16:30:41 INFO  : 'con' command is executed.
16:30:41 INFO  : ----------------XSDB Script (After Launch)----------------
targets -set -nocase -filter {name =~ "ARM*#0" && jtag_cable_name =~ "Digilent JTAG-SMT3 210357A7D00EA"} -index 0
con
----------------End of Script----------------

16:30:41 INFO  : Launch script is exported to file 'C:\Users\Admin\Desktop\VIVADO_Projects\PS\gpio_emio\gpio_emio.sdk\.sdk\launch_scripts\xilinx_c-c++_application_(system_debugger)\system_debugger_using_debug_gpio_emio.elf_on_local.tcl'
16:30:45 INFO  : Disconnected from the channel tcfchan#4.
