Copyright 1986-2018 Xilinx, Inc. All Rights Reserved.
----------------------------------------------------------------------------------------------------------------------------------------------------
| Tool Version     : Vivado v.2018.3 (win64) Build 2405991 Thu Dec  6 23:38:27 MST 2018
| Date             : Mon Dec  8 16:23:39 2025
| Host             : LAPTOP-V90DSJUK running 64-bit major release  (build 9200)
| Command          : report_power -file system_top_power_routed.rpt -pb system_top_power_summary_routed.pb -rpx system_top_power_routed.rpx
| Design           : system_top
| Device           : xc7z020clg484-2
| Design State     : routed
| Grade            : commercial
| Process          : typical
| Characterization : Production
----------------------------------------------------------------------------------------------------------------------------------------------------

Power Report

Table of Contents
-----------------
1. Summary
1.1 On-Chip Components
1.2 Power Supply Summary
1.3 Confidence Level
2. Settings
2.1 Environment
2.2 Clock Constraints
3. Detailed Reports
3.1 By Hierarchy

1. Summary
----------

+--------------------------+--------------+
| Total On-Chip Power (W)  | 3.102        |
| Design Power Budget (W)  | Unspecified* |
| Power Budget Margin (W)  | NA           |
| Dynamic (W)              | 2.904        |
| Device Static (W)        | 0.198        |
| Effective TJA (C/W)      | 11.5         |
| Max Ambient (C)          | 49.2         |
| Junction Temperature (C) | 60.8         |
| Confidence Level         | Low          |
| Setting File             | ---          |
| Simulation Activity File | ---          |
| Design Nets Matched      | NA           |
+--------------------------+--------------+
* Specify Design Power Budget using, set_operating_conditions -design_power_budget <value in Watts>


1.1 On-Chip Components
----------------------

+--------------------------+-----------+----------+-----------+-----------------+
| On-Chip                  | Power (W) | Used     | Available | Utilization (%) |
+--------------------------+-----------+----------+-----------+-----------------+
| Clocks                   |     0.187 |       14 |       --- |             --- |
| Slice Logic              |     0.183 |    48462 |       --- |             --- |
|   LUT as Logic           |     0.141 |    14907 |     53200 |           28.02 |
|   CARRY4                 |     0.021 |     1744 |     13300 |           13.11 |
|   Register               |     0.016 |    25683 |    106400 |           24.14 |
|   LUT as Shift Register  |     0.004 |      627 |     17400 |            3.60 |
|   LUT as Distributed RAM |     0.001 |      430 |     17400 |            2.47 |
|   F7/F8 Muxes            |    <0.001 |      154 |     53200 |            0.29 |
|   Others                 |     0.000 |     1610 |       --- |             --- |
| Signals                  |     0.197 |    35133 |       --- |             --- |
| Block RAM                |     0.032 |       10 |       140 |            7.14 |
| MMCM                     |     0.220 |        2 |         4 |           50.00 |
| DSPs                     |     0.074 |       37 |       220 |           16.82 |
| I/O                      |     0.470 |      124 |       200 |           62.00 |
| PS7                      |     1.542 |        1 |       --- |             --- |
| Static Power             |     0.198 |          |           |                 |
| Total                    |     3.102 |          |           |                 |
+--------------------------+-----------+----------+-----------+-----------------+


1.2 Power Supply Summary
------------------------

+-----------+-------------+-----------+-------------+------------+
| Source    | Voltage (V) | Total (A) | Dynamic (A) | Static (A) |
+-----------+-------------+-----------+-------------+------------+
| Vccint    |       1.000 |     0.710 |       0.680 |      0.029 |
| Vccaux    |       1.800 |     0.167 |       0.145 |      0.022 |
| Vcco33    |       3.300 |     0.018 |       0.017 |      0.001 |
| Vcco25    |       2.500 |     0.147 |       0.146 |      0.001 |
| Vcco18    |       1.800 |     0.000 |       0.000 |      0.000 |
| Vcco15    |       1.500 |     0.000 |       0.000 |      0.000 |
| Vcco135   |       1.350 |     0.000 |       0.000 |      0.000 |
| Vcco12    |       1.200 |     0.000 |       0.000 |      0.000 |
| Vccaux_io |       1.800 |     0.000 |       0.000 |      0.000 |
| Vccbram   |       1.000 |     0.004 |       0.001 |      0.003 |
| MGTAVcc   |       1.000 |     0.000 |       0.000 |      0.000 |
| MGTAVtt   |       1.200 |     0.000 |       0.000 |      0.000 |
| MGTVccaux |       1.800 |     0.000 |       0.000 |      0.000 |
| Vccpint   |       1.000 |     0.783 |       0.731 |      0.052 |
| Vccpaux   |       1.800 |     0.061 |       0.051 |      0.010 |
| Vccpll    |       1.800 |     0.017 |       0.014 |      0.003 |
| Vcco_ddr  |       1.500 |     0.459 |       0.457 |      0.002 |
| Vcco_mio0 |       3.300 |     0.003 |       0.002 |      0.001 |
| Vcco_mio1 |       1.800 |     0.003 |       0.002 |      0.001 |
| Vccadc    |       1.800 |     0.020 |       0.000 |      0.020 |
+-----------+-------------+-----------+-------------+------------+


1.3 Confidence Level
--------------------

+-----------------------------+------------+--------------------------------------------------------+------------------------------------------------------------------------------------------------------------+
| User Input Data             | Confidence | Details                                                | Action                                                                                                     |
+-----------------------------+------------+--------------------------------------------------------+------------------------------------------------------------------------------------------------------------+
| Design implementation state | High       | Design is routed                                       |                                                                                                            |
| Clock nodes activity        | High       | User specified more than 95% of clocks                 |                                                                                                            |
| I/O nodes activity          | Low        | More than 75% of inputs are missing user specification | Provide missing input activity with simulation results or by editing the "By Resource Type -> I/Os" view   |
| Internal nodes activity     | Medium     | User specified less than 25% of internal nodes         | Provide missing internal nodes activity with simulation results or by editing the "By Resource Type" views |
| Device models               | High       | Device models are Production                           |                                                                                                            |
|                             |            |                                                        |                                                                                                            |
| Overall confidence level    | Low        |                                                        |                                                                                                            |
+-----------------------------+------------+--------------------------------------------------------+------------------------------------------------------------------------------------------------------------+


2. Settings
-----------

2.1 Environment
---------------

+-----------------------+------------------------+
| Ambient Temp (C)      | 25.0                   |
| ThetaJA (C/W)         | 11.5                   |
| Airflow (LFM)         | 250                    |
| Heat Sink             | none                   |
| ThetaSA (C/W)         | 0.0                    |
| Board Selection       | medium (10"x10")       |
| # of Board Layers     | 8to11 (8 to 11 Layers) |
| Board Temperature (C) | 25.0                   |
+-----------------------+------------------------+


2.2 Clock Constraints
---------------------

+--------------------------------------------------------------------------------------------+------------------------------------------------------------------------------------+-----------------+
| Clock                                                                                      | Domain                                                                             | Constraint (ns) |
+--------------------------------------------------------------------------------------------+------------------------------------------------------------------------------------+-----------------+
| clk_div_sel_0_s                                                                            | i_system_wrapper/system_i/util_ad9361_divclk/inst/clk_div_sel_0_s                  |            16.0 |
| clk_div_sel_1_s                                                                            | i_system_wrapper/system_i/util_ad9361_divclk/inst/clk_div_sel_1_s                  |             8.0 |
| clk_fpga_0                                                                                 | i_system_wrapper/system_i/sys_ps7/inst/FCLK_CLK_unbuffered[0]                      |            10.0 |
| clk_fpga_1                                                                                 | i_system_wrapper/system_i/sys_ps7/inst/FCLK_CLK_unbuffered[1]                      |             5.0 |
| clk_out1_system_sys_audio_clkgen_0                                                         | i_system_wrapper/system_i/sys_audio_clkgen/inst/clk_out1_system_sys_audio_clkgen_0 |            81.4 |
| clkfbout_system_sys_audio_clkgen_0                                                         | i_system_wrapper/system_i/sys_audio_clkgen/inst/clkfbout_system_sys_audio_clkgen_0 |            45.0 |
| dbg_hub/inst/BSCANID.u_xsdbm_id/SWITCH_N_EXT_BSCAN.bscan_inst/SERIES7_BSCAN.bscan_inst/TCK | dbg_hub/inst/BSCANID.u_xsdbm_id/SWITCH_N_EXT_BSCAN.bscan_inst/tck_bs               |            33.0 |
| mmcm_clk_0_s                                                                               | i_system_wrapper/system_i/axi_hdmi_clkgen/inst/i_mmcm_drp/mmcm_clk_0_s             |             6.7 |
| mmcm_fb_clk_s                                                                              | i_system_wrapper/system_i/axi_hdmi_clkgen/inst/i_mmcm_drp/mmcm_fb_clk_s            |            55.0 |
| rx_clk                                                                                     | rx_clk_in_p                                                                        |             4.0 |
| spi0_clk                                                                                   | i_system_wrapper/system_i/sys_ps7/inst/SPI0_SCLK_O                                 |            40.0 |
| spi1_clk                                                                                   | i_system_wrapper/system_i/sys_ps7/inst/SPI1_SCLK_O                                 |            40.0 |
+--------------------------------------------------------------------------------------------+------------------------------------------------------------------------------------+-----------------+


3. Detailed Reports
-------------------

3.1 By Hierarchy
----------------

+-----------------------------+-----------+
| Name                        | Power (W) |
+-----------------------------+-----------+
| system_top                  |     2.904 |
|   dbg_hub                   |     0.006 |
|     inst                    |     0.006 |
|       BSCANID.u_xsdbm_id    |     0.006 |
|   gpio_bd_IOBUF[0]_inst     |     0.001 |
|   gpio_bd_IOBUF[10]_inst    |     0.002 |
|   gpio_bd_IOBUF[11]_inst    |     0.001 |
|   gpio_bd_IOBUF[12]_inst    |     0.001 |
|   gpio_bd_IOBUF[13]_inst    |     0.001 |
|   gpio_bd_IOBUF[14]_inst    |     0.001 |
|   gpio_bd_IOBUF[15]_inst    |     0.001 |
|   gpio_bd_IOBUF[16]_inst    |     0.001 |
|   gpio_bd_IOBUF[17]_inst    |     0.001 |
|   gpio_bd_IOBUF[18]_inst    |     0.001 |
|   gpio_bd_IOBUF[19]_inst    |     0.002 |
|   gpio_bd_IOBUF[1]_inst     |     0.001 |
|   gpio_bd_IOBUF[20]_inst    |     0.002 |
|   gpio_bd_IOBUF[21]_inst    |     0.002 |
|   gpio_bd_IOBUF[22]_inst    |     0.002 |
|   gpio_bd_IOBUF[23]_inst    |     0.002 |
|   gpio_bd_IOBUF[24]_inst    |     0.002 |
|   gpio_bd_IOBUF[25]_inst    |     0.002 |
|   gpio_bd_IOBUF[26]_inst    |     0.002 |
|   gpio_bd_IOBUF[27]_inst    |     0.001 |
|   gpio_bd_IOBUF[28]_inst    |     0.001 |
|   gpio_bd_IOBUF[29]_inst    |     0.001 |
|   gpio_bd_IOBUF[2]_inst     |     0.001 |
|   gpio_bd_IOBUF[30]_inst    |     0.001 |
|   gpio_bd_IOBUF[31]_inst    |     0.001 |
|   gpio_bd_IOBUF[3]_inst     |     0.001 |
|   gpio_bd_IOBUF[4]_inst     |     0.001 |
|   gpio_bd_IOBUF[5]_inst     |     0.002 |
|   gpio_bd_IOBUF[6]_inst     |     0.002 |
|   gpio_bd_IOBUF[7]_inst     |     0.002 |
|   gpio_bd_IOBUF[8]_inst     |     0.002 |
|   gpio_bd_IOBUF[9]_inst     |     0.002 |
|   gpio_ctl_IOBUF[0]_inst    |     0.001 |
|   gpio_ctl_IOBUF[1]_inst    |     0.001 |
|   gpio_ctl_IOBUF[2]_inst    |     0.001 |
|   gpio_ctl_IOBUF[3]_inst    |     0.001 |
|   gpio_en_agc_IOBUF_inst    |     0.001 |
|   gpio_muxout_rx_IOBUF_inst |     0.002 |
|   gpio_muxout_tx_IOBUF_inst |     0.002 |
|   gpio_resetb_IOBUF_inst    |     0.001 |
|   gpio_status_IOBUF[0]_inst |     0.001 |
|   gpio_status_IOBUF[1]_inst |     0.001 |
|   gpio_status_IOBUF[2]_inst |     0.001 |
|   gpio_status_IOBUF[3]_inst |     0.001 |
|   gpio_status_IOBUF[4]_inst |     0.001 |
|   gpio_status_IOBUF[5]_inst |     0.001 |
|   gpio_status_IOBUF[6]_inst |     0.001 |
|   gpio_status_IOBUF[7]_inst |     0.001 |
|   gpio_sync_IOBUF_inst      |     0.001 |
|   i_system_wrapper          |     2.797 |
|     system_i                |     2.797 |
|       axi_ad9361            |     0.882 |
|       axi_ad9361_adc_dma    |     0.006 |
|       axi_ad9361_dac_dma    |     0.008 |
|       axi_ad9361_dac_fifo   |     0.002 |
|       axi_cpu_interconnect  |     0.005 |
|       axi_hdmi_clkgen       |     0.101 |
|       axi_hdmi_core         |     0.028 |
|       axi_hdmi_dma          |     0.010 |
|       axi_hp0_interconnect  |     0.008 |
|       axi_hp1_interconnect  |     0.008 |
|       axi_hp2_interconnect  |     0.008 |
|       axi_i2s_adi           |     0.002 |
|       axi_iic_fmc           |     0.002 |
|       axi_iic_main          |     0.002 |
|       axi_sysid_0           |     0.001 |
|       ila_0                 |     0.043 |
|       sys_audio_clkgen      |     0.120 |
|       sys_ps7               |     1.548 |
|       util_ad9361_adc_fifo  |     0.006 |
|       util_ad9361_adc_pack  |     0.003 |
|       util_ad9361_dac_upack |     0.002 |
|       util_ad9361_tdd_sync  |     0.001 |
+-----------------------------+-----------+


