14:45:12 INFO  : Registering command handlers for SDK TCF services
14:45:15 INFO  : Launching XSCT server: xsct.bat -interactive C:\Users\Admin\Desktop\VIVADO_Projects\PS\gpio_mio_interrupt\gpio_mio_interrupt.sdk\temp_xsdb_launch_script.tcl
14:45:18 INFO  : XSCT server has started successfully.
14:45:19 INFO  : Successfully done setting XSCT server connection channel  
14:45:19 INFO  : Successfully done setting SDK workspace  
14:45:19 INFO  : Processing command line option -hwspec C:/Users/Admin/Desktop/VIVADO_Projects/PS/gpio_mio_interrupt/gpio_mio_interrupt.sdk/system_wrapper.hdf.
16:05:52 INFO  : Connected to target on host '127.0.0.1' and port '3121'.
16:05:53 INFO  : Jtag cable 'Digilent JTAG-SMT3 210357A7D00EA' is selected.
16:05:53 INFO  : 'jtag frequency' command is executed.
16:05:53 INFO  : Sourcing of 'C:/Users/Admin/Desktop/VIVADO_Projects/PS/gpio_mio_interrupt/gpio_mio_interrupt.sdk/system_wrapper_hw_platform_0/ps7_init.tcl' is done.
16:05:53 INFO  : Context for 'APU' is selected.
16:05:53 INFO  : Hardware design information is loaded from 'C:/Users/Admin/Desktop/VIVADO_Projects/PS/gpio_mio_interrupt/gpio_mio_interrupt.sdk/system_wrapper_hw_platform_0/system.hdf'.
16:05:53 INFO  : 'configparams force-mem-access 1' command is executed.
16:05:53 INFO  : Context for 'APU' is selected.
16:05:53 INFO  : 'stop' command is executed.
16:05:53 INFO  : 'ps7_init' command is executed.
16:05:53 INFO  : 'ps7_post_config' command is executed.
16:05:53 INFO  : Context for processor 'ps7_cortexa9_0' is selected.
16:05:53 INFO  : Processor reset is completed for 'ps7_cortexa9_0'.
16:05:53 INFO  : Context for processor 'ps7_cortexa9_0' is selected.
16:05:53 INFO  : The application 'C:/Users/Admin/Desktop/VIVADO_Projects/PS/gpio_mio_interrupt/gpio_mio_interrupt.sdk/gpio_mio_interrupt/Debug/gpio_mio_interrupt.elf' is downloaded to processor 'ps7_cortexa9_0'.
16:05:53 INFO  : 'configparams force-mem-access 0' command is executed.
16:05:53 INFO  : ----------------XSDB Script----------------
connect -url tcp:127.0.0.1:3121
source C:/Users/Admin/Desktop/VIVADO_Projects/PS/gpio_mio_interrupt/gpio_mio_interrupt.sdk/system_wrapper_hw_platform_0/ps7_init.tcl
targets -set -nocase -filter {name =~"APU*" && jtag_cable_name =~ "Digilent JTAG-SMT3 210357A7D00EA"} -index 0
loadhw -hw C:/Users/Admin/Desktop/VIVADO_Projects/PS/gpio_mio_interrupt/gpio_mio_interrupt.sdk/system_wrapper_hw_platform_0/system.hdf -mem-ranges [list {0x40000000 0xbfffffff}]
configparams force-mem-access 1
targets -set -nocase -filter {name =~"APU*" && jtag_cable_name =~ "Digilent JTAG-SMT3 210357A7D00EA"} -index 0
stop
ps7_init
ps7_post_config
targets -set -nocase -filter {name =~ "ARM*#0" && jtag_cable_name =~ "Digilent JTAG-SMT3 210357A7D00EA"} -index 0
rst -processor
targets -set -nocase -filter {name =~ "ARM*#0" && jtag_cable_name =~ "Digilent JTAG-SMT3 210357A7D00EA"} -index 0
dow C:/Users/Admin/Desktop/VIVADO_Projects/PS/gpio_mio_interrupt/gpio_mio_interrupt.sdk/gpio_mio_interrupt/Debug/gpio_mio_interrupt.elf
configparams force-mem-access 0
----------------End of Script----------------

16:05:54 INFO  : Context for processor 'ps7_cortexa9_0' is selected.
16:05:54 INFO  : 'con' command is executed.
16:05:54 INFO  : ----------------XSDB Script (After Launch)----------------
targets -set -nocase -filter {name =~ "ARM*#0" && jtag_cable_name =~ "Digilent JTAG-SMT3 210357A7D00EA"} -index 0
con
----------------End of Script----------------

16:05:54 INFO  : Launch script is exported to file 'C:\Users\Admin\Desktop\VIVADO_Projects\PS\gpio_mio_interrupt\gpio_mio_interrupt.sdk\.sdk\launch_scripts\xilinx_c-c++_application_(system_debugger)\system_debugger_using_debug_gpio_mio_interrupt.elf_on_local.tcl'
16:07:12 INFO  : Disconnected from the channel tcfchan#1.
16:07:13 INFO  : Connected to target on host '127.0.0.1' and port '3121'.
16:07:13 INFO  : Jtag cable 'Digilent JTAG-SMT3 210357A7D00EA' is selected.
16:07:13 INFO  : 'jtag frequency' command is executed.
16:07:13 INFO  : Sourcing of 'C:/Users/Admin/Desktop/VIVADO_Projects/PS/gpio_mio_interrupt/gpio_mio_interrupt.sdk/system_wrapper_hw_platform_0/ps7_init.tcl' is done.
16:07:13 INFO  : Context for 'APU' is selected.
16:07:14 INFO  : Hardware design information is loaded from 'C:/Users/Admin/Desktop/VIVADO_Projects/PS/gpio_mio_interrupt/gpio_mio_interrupt.sdk/system_wrapper_hw_platform_0/system.hdf'.
16:07:14 INFO  : 'configparams force-mem-access 1' command is executed.
16:07:14 INFO  : Context for 'APU' is selected.
16:07:14 INFO  : 'stop' command is executed.
16:07:15 INFO  : 'ps7_init' command is executed.
16:07:15 INFO  : 'ps7_post_config' command is executed.
16:07:15 INFO  : Context for processor 'ps7_cortexa9_0' is selected.
16:07:15 INFO  : Processor reset is completed for 'ps7_cortexa9_0'.
16:07:15 INFO  : Context for processor 'ps7_cortexa9_0' is selected.
16:07:15 INFO  : The application 'C:/Users/Admin/Desktop/VIVADO_Projects/PS/gpio_mio_interrupt/gpio_mio_interrupt.sdk/gpio_mio_interrupt/Debug/gpio_mio_interrupt.elf' is downloaded to processor 'ps7_cortexa9_0'.
16:07:15 INFO  : 'configparams force-mem-access 0' command is executed.
16:07:15 INFO  : ----------------XSDB Script----------------
connect -url tcp:127.0.0.1:3121
source C:/Users/Admin/Desktop/VIVADO_Projects/PS/gpio_mio_interrupt/gpio_mio_interrupt.sdk/system_wrapper_hw_platform_0/ps7_init.tcl
targets -set -nocase -filter {name =~"APU*" && jtag_cable_name =~ "Digilent JTAG-SMT3 210357A7D00EA"} -index 0
loadhw -hw C:/Users/Admin/Desktop/VIVADO_Projects/PS/gpio_mio_interrupt/gpio_mio_interrupt.sdk/system_wrapper_hw_platform_0/system.hdf -mem-ranges [list {0x40000000 0xbfffffff}]
configparams force-mem-access 1
targets -set -nocase -filter {name =~"APU*" && jtag_cable_name =~ "Digilent JTAG-SMT3 210357A7D00EA"} -index 0
stop
ps7_init
ps7_post_config
targets -set -nocase -filter {name =~ "ARM*#0" && jtag_cable_name =~ "Digilent JTAG-SMT3 210357A7D00EA"} -index 0
rst -processor
targets -set -nocase -filter {name =~ "ARM*#0" && jtag_cable_name =~ "Digilent JTAG-SMT3 210357A7D00EA"} -index 0
dow C:/Users/Admin/Desktop/VIVADO_Projects/PS/gpio_mio_interrupt/gpio_mio_interrupt.sdk/gpio_mio_interrupt/Debug/gpio_mio_interrupt.elf
configparams force-mem-access 0
----------------End of Script----------------

16:07:15 INFO  : Context for processor 'ps7_cortexa9_0' is selected.
16:07:15 INFO  : 'con' command is executed.
16:07:15 INFO  : ----------------XSDB Script (After Launch)----------------
targets -set -nocase -filter {name =~ "ARM*#0" && jtag_cable_name =~ "Digilent JTAG-SMT3 210357A7D00EA"} -index 0
con
----------------End of Script----------------

16:07:15 INFO  : Launch script is exported to file 'C:\Users\Admin\Desktop\VIVADO_Projects\PS\gpio_mio_interrupt\gpio_mio_interrupt.sdk\.sdk\launch_scripts\xilinx_c-c++_application_(system_debugger)\system_debugger_using_debug_gpio_mio_interrupt.elf_on_local.tcl'
16:12:17 INFO  : Disconnected from the channel tcfchan#2.
16:12:18 INFO  : Connected to target on host '127.0.0.1' and port '3121'.
16:12:18 INFO  : Jtag cable 'Digilent JTAG-SMT3 210357A7D00EA' is selected.
16:12:18 INFO  : 'jtag frequency' command is executed.
16:12:18 INFO  : Sourcing of 'C:/Users/Admin/Desktop/VIVADO_Projects/PS/gpio_mio_interrupt/gpio_mio_interrupt.sdk/system_wrapper_hw_platform_0/ps7_init.tcl' is done.
16:12:18 INFO  : Context for 'APU' is selected.
16:12:19 INFO  : Hardware design information is loaded from 'C:/Users/Admin/Desktop/VIVADO_Projects/PS/gpio_mio_interrupt/gpio_mio_interrupt.sdk/system_wrapper_hw_platform_0/system.hdf'.
16:12:19 INFO  : 'configparams force-mem-access 1' command is executed.
16:12:19 INFO  : Context for 'APU' is selected.
16:12:19 INFO  : 'stop' command is executed.
16:12:19 INFO  : 'ps7_init' command is executed.
16:12:19 INFO  : 'ps7_post_config' command is executed.
16:12:19 INFO  : Context for processor 'ps7_cortexa9_0' is selected.
16:12:19 INFO  : Processor reset is completed for 'ps7_cortexa9_0'.
16:12:19 INFO  : Context for processor 'ps7_cortexa9_0' is selected.
16:12:19 INFO  : The application 'C:/Users/Admin/Desktop/VIVADO_Projects/PS/gpio_mio_interrupt/gpio_mio_interrupt.sdk/gpio_mio_interrupt/Debug/gpio_mio_interrupt.elf' is downloaded to processor 'ps7_cortexa9_0'.
16:12:19 INFO  : 'configparams force-mem-access 0' command is executed.
16:12:19 INFO  : ----------------XSDB Script----------------
connect -url tcp:127.0.0.1:3121
source C:/Users/Admin/Desktop/VIVADO_Projects/PS/gpio_mio_interrupt/gpio_mio_interrupt.sdk/system_wrapper_hw_platform_0/ps7_init.tcl
targets -set -nocase -filter {name =~"APU*" && jtag_cable_name =~ "Digilent JTAG-SMT3 210357A7D00EA"} -index 0
loadhw -hw C:/Users/Admin/Desktop/VIVADO_Projects/PS/gpio_mio_interrupt/gpio_mio_interrupt.sdk/system_wrapper_hw_platform_0/system.hdf -mem-ranges [list {0x40000000 0xbfffffff}]
configparams force-mem-access 1
targets -set -nocase -filter {name =~"APU*" && jtag_cable_name =~ "Digilent JTAG-SMT3 210357A7D00EA"} -index 0
stop
ps7_init
ps7_post_config
targets -set -nocase -filter {name =~ "ARM*#0" && jtag_cable_name =~ "Digilent JTAG-SMT3 210357A7D00EA"} -index 0
rst -processor
targets -set -nocase -filter {name =~ "ARM*#0" && jtag_cable_name =~ "Digilent JTAG-SMT3 210357A7D00EA"} -index 0
dow C:/Users/Admin/Desktop/VIVADO_Projects/PS/gpio_mio_interrupt/gpio_mio_interrupt.sdk/gpio_mio_interrupt/Debug/gpio_mio_interrupt.elf
configparams force-mem-access 0
----------------End of Script----------------

16:12:19 INFO  : Context for processor 'ps7_cortexa9_0' is selected.
16:12:19 INFO  : 'con' command is executed.
16:12:19 INFO  : ----------------XSDB Script (After Launch)----------------
targets -set -nocase -filter {name =~ "ARM*#0" && jtag_cable_name =~ "Digilent JTAG-SMT3 210357A7D00EA"} -index 0
con
----------------End of Script----------------

16:12:19 INFO  : Launch script is exported to file 'C:\Users\Admin\Desktop\VIVADO_Projects\PS\gpio_mio_interrupt\gpio_mio_interrupt.sdk\.sdk\launch_scripts\xilinx_c-c++_application_(system_debugger)\system_debugger_using_debug_gpio_mio_interrupt.elf_on_local.tcl'
16:12:39 INFO  : Disconnected from the channel tcfchan#3.
16:12:40 INFO  : Connected to target on host '127.0.0.1' and port '3121'.
16:12:40 INFO  : Jtag cable 'Digilent JTAG-SMT3 210357A7D00EA' is selected.
16:12:40 INFO  : 'jtag frequency' command is executed.
16:12:40 INFO  : Sourcing of 'C:/Users/Admin/Desktop/VIVADO_Projects/PS/gpio_mio_interrupt/gpio_mio_interrupt.sdk/system_wrapper_hw_platform_0/ps7_init.tcl' is done.
16:12:40 INFO  : Context for 'APU' is selected.
16:12:40 INFO  : Hardware design information is loaded from 'C:/Users/Admin/Desktop/VIVADO_Projects/PS/gpio_mio_interrupt/gpio_mio_interrupt.sdk/system_wrapper_hw_platform_0/system.hdf'.
16:12:40 INFO  : 'configparams force-mem-access 1' command is executed.
16:12:41 INFO  : Context for 'APU' is selected.
16:12:41 INFO  : 'stop' command is executed.
16:12:41 INFO  : 'ps7_init' command is executed.
16:12:41 INFO  : 'ps7_post_config' command is executed.
16:12:41 INFO  : Context for processor 'ps7_cortexa9_0' is selected.
16:12:41 INFO  : Processor reset is completed for 'ps7_cortexa9_0'.
16:12:41 INFO  : Context for processor 'ps7_cortexa9_0' is selected.
16:12:41 INFO  : The application 'C:/Users/Admin/Desktop/VIVADO_Projects/PS/gpio_mio_interrupt/gpio_mio_interrupt.sdk/gpio_mio_interrupt/Debug/gpio_mio_interrupt.elf' is downloaded to processor 'ps7_cortexa9_0'.
16:12:41 INFO  : 'configparams force-mem-access 0' command is executed.
16:12:41 INFO  : ----------------XSDB Script----------------
connect -url tcp:127.0.0.1:3121
source C:/Users/Admin/Desktop/VIVADO_Projects/PS/gpio_mio_interrupt/gpio_mio_interrupt.sdk/system_wrapper_hw_platform_0/ps7_init.tcl
targets -set -nocase -filter {name =~"APU*" && jtag_cable_name =~ "Digilent JTAG-SMT3 210357A7D00EA"} -index 0
loadhw -hw C:/Users/Admin/Desktop/VIVADO_Projects/PS/gpio_mio_interrupt/gpio_mio_interrupt.sdk/system_wrapper_hw_platform_0/system.hdf -mem-ranges [list {0x40000000 0xbfffffff}]
configparams force-mem-access 1
targets -set -nocase -filter {name =~"APU*" && jtag_cable_name =~ "Digilent JTAG-SMT3 210357A7D00EA"} -index 0
stop
ps7_init
ps7_post_config
targets -set -nocase -filter {name =~ "ARM*#0" && jtag_cable_name =~ "Digilent JTAG-SMT3 210357A7D00EA"} -index 0
rst -processor
targets -set -nocase -filter {name =~ "ARM*#0" && jtag_cable_name =~ "Digilent JTAG-SMT3 210357A7D00EA"} -index 0
dow C:/Users/Admin/Desktop/VIVADO_Projects/PS/gpio_mio_interrupt/gpio_mio_interrupt.sdk/gpio_mio_interrupt/Debug/gpio_mio_interrupt.elf
configparams force-mem-access 0
----------------End of Script----------------

16:12:41 INFO  : Context for processor 'ps7_cortexa9_0' is selected.
16:12:41 INFO  : 'con' command is executed.
16:12:41 INFO  : ----------------XSDB Script (After Launch)----------------
targets -set -nocase -filter {name =~ "ARM*#0" && jtag_cable_name =~ "Digilent JTAG-SMT3 210357A7D00EA"} -index 0
con
----------------End of Script----------------

16:12:41 INFO  : Launch script is exported to file 'C:\Users\Admin\Desktop\VIVADO_Projects\PS\gpio_mio_interrupt\gpio_mio_interrupt.sdk\.sdk\launch_scripts\xilinx_c-c++_application_(system_debugger)\system_debugger_using_debug_gpio_mio_interrupt.elf_on_local.tcl'
16:54:09 INFO  : Disconnected from the channel tcfchan#4.
16:54:10 INFO  : Connected to target on host '127.0.0.1' and port '3121'.
16:54:10 INFO  : Jtag cable 'Digilent JTAG-SMT3 210357A7D00EA' is selected.
16:54:10 INFO  : 'jtag frequency' command is executed.
16:54:10 INFO  : Sourcing of 'C:/Users/Admin/Desktop/VIVADO_Projects/PS/gpio_mio_interrupt/gpio_mio_interrupt.sdk/system_wrapper_hw_platform_0/ps7_init.tcl' is done.
16:54:10 INFO  : Context for 'APU' is selected.
16:54:11 INFO  : Hardware design information is loaded from 'C:/Users/Admin/Desktop/VIVADO_Projects/PS/gpio_mio_interrupt/gpio_mio_interrupt.sdk/system_wrapper_hw_platform_0/system.hdf'.
16:54:11 INFO  : 'configparams force-mem-access 1' command is executed.
16:54:11 INFO  : Context for 'APU' is selected.
16:54:11 INFO  : 'stop' command is executed.
16:54:11 INFO  : 'ps7_init' command is executed.
16:54:11 INFO  : 'ps7_post_config' command is executed.
16:54:11 INFO  : Context for processor 'ps7_cortexa9_0' is selected.
16:54:11 INFO  : Processor reset is completed for 'ps7_cortexa9_0'.
16:54:11 INFO  : Context for processor 'ps7_cortexa9_0' is selected.
16:54:11 INFO  : The application 'C:/Users/Admin/Desktop/VIVADO_Projects/PS/gpio_mio_interrupt/gpio_mio_interrupt.sdk/gpio_mio_interrupt/Debug/gpio_mio_interrupt.elf' is downloaded to processor 'ps7_cortexa9_0'.
16:54:11 INFO  : 'configparams force-mem-access 0' command is executed.
16:54:11 INFO  : ----------------XSDB Script----------------
connect -url tcp:127.0.0.1:3121
source C:/Users/Admin/Desktop/VIVADO_Projects/PS/gpio_mio_interrupt/gpio_mio_interrupt.sdk/system_wrapper_hw_platform_0/ps7_init.tcl
targets -set -nocase -filter {name =~"APU*" && jtag_cable_name =~ "Digilent JTAG-SMT3 210357A7D00EA"} -index 0
loadhw -hw C:/Users/Admin/Desktop/VIVADO_Projects/PS/gpio_mio_interrupt/gpio_mio_interrupt.sdk/system_wrapper_hw_platform_0/system.hdf -mem-ranges [list {0x40000000 0xbfffffff}]
configparams force-mem-access 1
targets -set -nocase -filter {name =~"APU*" && jtag_cable_name =~ "Digilent JTAG-SMT3 210357A7D00EA"} -index 0
stop
ps7_init
ps7_post_config
targets -set -nocase -filter {name =~ "ARM*#0" && jtag_cable_name =~ "Digilent JTAG-SMT3 210357A7D00EA"} -index 0
rst -processor
targets -set -nocase -filter {name =~ "ARM*#0" && jtag_cable_name =~ "Digilent JTAG-SMT3 210357A7D00EA"} -index 0
dow C:/Users/Admin/Desktop/VIVADO_Projects/PS/gpio_mio_interrupt/gpio_mio_interrupt.sdk/gpio_mio_interrupt/Debug/gpio_mio_interrupt.elf
configparams force-mem-access 0
----------------End of Script----------------

16:54:11 INFO  : Context for processor 'ps7_cortexa9_0' is selected.
16:54:11 INFO  : 'con' command is executed.
16:54:11 INFO  : ----------------XSDB Script (After Launch)----------------
targets -set -nocase -filter {name =~ "ARM*#0" && jtag_cable_name =~ "Digilent JTAG-SMT3 210357A7D00EA"} -index 0
con
----------------End of Script----------------

16:54:11 INFO  : Launch script is exported to file 'C:\Users\Admin\Desktop\VIVADO_Projects\PS\gpio_mio_interrupt\gpio_mio_interrupt.sdk\.sdk\launch_scripts\xilinx_c-c++_application_(system_debugger)\system_debugger_using_debug_gpio_mio_interrupt.elf_on_local.tcl'
16:54:57 INFO  : Disconnected from the channel tcfchan#5.
16:54:58 INFO  : Connected to target on host '127.0.0.1' and port '3121'.
16:54:58 INFO  : Jtag cable 'Digilent JTAG-SMT3 210357A7D00EA' is selected.
16:54:58 INFO  : 'jtag frequency' command is executed.
16:54:58 INFO  : Sourcing of 'C:/Users/Admin/Desktop/VIVADO_Projects/PS/gpio_mio_interrupt/gpio_mio_interrupt.sdk/system_wrapper_hw_platform_0/ps7_init.tcl' is done.
16:54:58 INFO  : Context for 'APU' is selected.
16:54:59 INFO  : Hardware design information is loaded from 'C:/Users/Admin/Desktop/VIVADO_Projects/PS/gpio_mio_interrupt/gpio_mio_interrupt.sdk/system_wrapper_hw_platform_0/system.hdf'.
16:54:59 INFO  : 'configparams force-mem-access 1' command is executed.
16:54:59 INFO  : Context for 'APU' is selected.
16:54:59 INFO  : 'stop' command is executed.
16:55:00 INFO  : 'ps7_init' command is executed.
16:55:00 INFO  : 'ps7_post_config' command is executed.
16:55:00 INFO  : Context for processor 'ps7_cortexa9_0' is selected.
16:55:00 INFO  : Processor reset is completed for 'ps7_cortexa9_0'.
16:55:00 INFO  : Context for processor 'ps7_cortexa9_0' is selected.
16:55:00 INFO  : The application 'C:/Users/Admin/Desktop/VIVADO_Projects/PS/gpio_mio_interrupt/gpio_mio_interrupt.sdk/gpio_mio_interrupt/Debug/gpio_mio_interrupt.elf' is downloaded to processor 'ps7_cortexa9_0'.
16:55:00 INFO  : 'configparams force-mem-access 0' command is executed.
16:55:00 INFO  : ----------------XSDB Script----------------
connect -url tcp:127.0.0.1:3121
source C:/Users/Admin/Desktop/VIVADO_Projects/PS/gpio_mio_interrupt/gpio_mio_interrupt.sdk/system_wrapper_hw_platform_0/ps7_init.tcl
targets -set -nocase -filter {name =~"APU*" && jtag_cable_name =~ "Digilent JTAG-SMT3 210357A7D00EA"} -index 0
loadhw -hw C:/Users/Admin/Desktop/VIVADO_Projects/PS/gpio_mio_interrupt/gpio_mio_interrupt.sdk/system_wrapper_hw_platform_0/system.hdf -mem-ranges [list {0x40000000 0xbfffffff}]
configparams force-mem-access 1
targets -set -nocase -filter {name =~"APU*" && jtag_cable_name =~ "Digilent JTAG-SMT3 210357A7D00EA"} -index 0
stop
ps7_init
ps7_post_config
targets -set -nocase -filter {name =~ "ARM*#0" && jtag_cable_name =~ "Digilent JTAG-SMT3 210357A7D00EA"} -index 0
rst -processor
targets -set -nocase -filter {name =~ "ARM*#0" && jtag_cable_name =~ "Digilent JTAG-SMT3 210357A7D00EA"} -index 0
dow C:/Users/Admin/Desktop/VIVADO_Projects/PS/gpio_mio_interrupt/gpio_mio_interrupt.sdk/gpio_mio_interrupt/Debug/gpio_mio_interrupt.elf
configparams force-mem-access 0
----------------End of Script----------------

16:55:00 INFO  : Context for processor 'ps7_cortexa9_0' is selected.
16:55:00 INFO  : 'con' command is executed.
16:55:00 INFO  : ----------------XSDB Script (After Launch)----------------
targets -set -nocase -filter {name =~ "ARM*#0" && jtag_cable_name =~ "Digilent JTAG-SMT3 210357A7D00EA"} -index 0
con
----------------End of Script----------------

16:55:00 INFO  : Launch script is exported to file 'C:\Users\Admin\Desktop\VIVADO_Projects\PS\gpio_mio_interrupt\gpio_mio_interrupt.sdk\.sdk\launch_scripts\xilinx_c-c++_application_(system_debugger)\system_debugger_using_debug_gpio_mio_interrupt.elf_on_local.tcl'
16:55:35 INFO  : Disconnected from the channel tcfchan#6.
16:55:36 INFO  : Connected to target on host '127.0.0.1' and port '3121'.
16:55:36 INFO  : Jtag cable 'Digilent JTAG-SMT3 210357A7D00EA' is selected.
16:55:36 INFO  : 'jtag frequency' command is executed.
16:55:36 INFO  : Sourcing of 'C:/Users/Admin/Desktop/VIVADO_Projects/PS/gpio_mio_interrupt/gpio_mio_interrupt.sdk/system_wrapper_hw_platform_0/ps7_init.tcl' is done.
16:55:36 INFO  : Context for 'APU' is selected.
16:55:37 INFO  : Hardware design information is loaded from 'C:/Users/Admin/Desktop/VIVADO_Projects/PS/gpio_mio_interrupt/gpio_mio_interrupt.sdk/system_wrapper_hw_platform_0/system.hdf'.
16:55:37 INFO  : 'configparams force-mem-access 1' command is executed.
16:55:37 INFO  : Context for 'APU' is selected.
16:55:37 INFO  : 'stop' command is executed.
16:55:37 INFO  : 'ps7_init' command is executed.
16:55:37 INFO  : 'ps7_post_config' command is executed.
16:55:37 INFO  : Context for processor 'ps7_cortexa9_0' is selected.
16:55:37 INFO  : Processor reset is completed for 'ps7_cortexa9_0'.
16:55:37 INFO  : Context for processor 'ps7_cortexa9_0' is selected.
16:55:37 INFO  : The application 'C:/Users/Admin/Desktop/VIVADO_Projects/PS/gpio_mio_interrupt/gpio_mio_interrupt.sdk/gpio_mio_interrupt/Debug/gpio_mio_interrupt.elf' is downloaded to processor 'ps7_cortexa9_0'.
16:55:37 INFO  : 'configparams force-mem-access 0' command is executed.
16:55:37 INFO  : ----------------XSDB Script----------------
connect -url tcp:127.0.0.1:3121
source C:/Users/Admin/Desktop/VIVADO_Projects/PS/gpio_mio_interrupt/gpio_mio_interrupt.sdk/system_wrapper_hw_platform_0/ps7_init.tcl
targets -set -nocase -filter {name =~"APU*" && jtag_cable_name =~ "Digilent JTAG-SMT3 210357A7D00EA"} -index 0
loadhw -hw C:/Users/Admin/Desktop/VIVADO_Projects/PS/gpio_mio_interrupt/gpio_mio_interrupt.sdk/system_wrapper_hw_platform_0/system.hdf -mem-ranges [list {0x40000000 0xbfffffff}]
configparams force-mem-access 1
targets -set -nocase -filter {name =~"APU*" && jtag_cable_name =~ "Digilent JTAG-SMT3 210357A7D00EA"} -index 0
stop
ps7_init
ps7_post_config
targets -set -nocase -filter {name =~ "ARM*#0" && jtag_cable_name =~ "Digilent JTAG-SMT3 210357A7D00EA"} -index 0
rst -processor
targets -set -nocase -filter {name =~ "ARM*#0" && jtag_cable_name =~ "Digilent JTAG-SMT3 210357A7D00EA"} -index 0
dow C:/Users/Admin/Desktop/VIVADO_Projects/PS/gpio_mio_interrupt/gpio_mio_interrupt.sdk/gpio_mio_interrupt/Debug/gpio_mio_interrupt.elf
configparams force-mem-access 0
----------------End of Script----------------

16:55:37 INFO  : Context for processor 'ps7_cortexa9_0' is selected.
16:55:37 INFO  : 'con' command is executed.
16:55:37 INFO  : ----------------XSDB Script (After Launch)----------------
targets -set -nocase -filter {name =~ "ARM*#0" && jtag_cable_name =~ "Digilent JTAG-SMT3 210357A7D00EA"} -index 0
con
----------------End of Script----------------

16:55:37 INFO  : Launch script is exported to file 'C:\Users\Admin\Desktop\VIVADO_Projects\PS\gpio_mio_interrupt\gpio_mio_interrupt.sdk\.sdk\launch_scripts\xilinx_c-c++_application_(system_debugger)\system_debugger_using_debug_gpio_mio_interrupt.elf_on_local.tcl'
17:01:01 INFO  : Disconnected from the channel tcfchan#7.
17:01:02 INFO  : Connected to target on host '127.0.0.1' and port '3121'.
17:01:03 INFO  : Jtag cable 'Digilent JTAG-SMT3 210357A7D00EA' is selected.
17:01:03 INFO  : 'jtag frequency' command is executed.
17:01:03 INFO  : Sourcing of 'C:/Users/Admin/Desktop/VIVADO_Projects/PS/gpio_mio_interrupt/gpio_mio_interrupt.sdk/system_wrapper_hw_platform_0/ps7_init.tcl' is done.
17:01:03 INFO  : Context for 'APU' is selected.
17:01:03 INFO  : Hardware design information is loaded from 'C:/Users/Admin/Desktop/VIVADO_Projects/PS/gpio_mio_interrupt/gpio_mio_interrupt.sdk/system_wrapper_hw_platform_0/system.hdf'.
17:01:03 INFO  : 'configparams force-mem-access 1' command is executed.
17:01:03 INFO  : Context for 'APU' is selected.
17:01:04 INFO  : 'stop' command is executed.
17:01:04 INFO  : 'ps7_init' command is executed.
17:01:04 INFO  : 'ps7_post_config' command is executed.
17:01:04 INFO  : Context for processor 'ps7_cortexa9_0' is selected.
17:01:04 INFO  : Processor reset is completed for 'ps7_cortexa9_0'.
17:01:04 INFO  : Context for processor 'ps7_cortexa9_0' is selected.
17:01:04 INFO  : The application 'C:/Users/Admin/Desktop/VIVADO_Projects/PS/gpio_mio_interrupt/gpio_mio_interrupt.sdk/gpio_mio_interrupt/Debug/gpio_mio_interrupt.elf' is downloaded to processor 'ps7_cortexa9_0'.
17:01:04 INFO  : 'configparams force-mem-access 0' command is executed.
17:01:04 INFO  : ----------------XSDB Script----------------
connect -url tcp:127.0.0.1:3121
source C:/Users/Admin/Desktop/VIVADO_Projects/PS/gpio_mio_interrupt/gpio_mio_interrupt.sdk/system_wrapper_hw_platform_0/ps7_init.tcl
targets -set -nocase -filter {name =~"APU*" && jtag_cable_name =~ "Digilent JTAG-SMT3 210357A7D00EA"} -index 0
loadhw -hw C:/Users/Admin/Desktop/VIVADO_Projects/PS/gpio_mio_interrupt/gpio_mio_interrupt.sdk/system_wrapper_hw_platform_0/system.hdf -mem-ranges [list {0x40000000 0xbfffffff}]
configparams force-mem-access 1
targets -set -nocase -filter {name =~"APU*" && jtag_cable_name =~ "Digilent JTAG-SMT3 210357A7D00EA"} -index 0
stop
ps7_init
ps7_post_config
targets -set -nocase -filter {name =~ "ARM*#0" && jtag_cable_name =~ "Digilent JTAG-SMT3 210357A7D00EA"} -index 0
rst -processor
targets -set -nocase -filter {name =~ "ARM*#0" && jtag_cable_name =~ "Digilent JTAG-SMT3 210357A7D00EA"} -index 0
dow C:/Users/Admin/Desktop/VIVADO_Projects/PS/gpio_mio_interrupt/gpio_mio_interrupt.sdk/gpio_mio_interrupt/Debug/gpio_mio_interrupt.elf
configparams force-mem-access 0
----------------End of Script----------------

17:01:04 INFO  : Context for processor 'ps7_cortexa9_0' is selected.
17:01:04 INFO  : 'con' command is executed.
17:01:04 INFO  : ----------------XSDB Script (After Launch)----------------
targets -set -nocase -filter {name =~ "ARM*#0" && jtag_cable_name =~ "Digilent JTAG-SMT3 210357A7D00EA"} -index 0
con
----------------End of Script----------------

17:01:04 INFO  : Launch script is exported to file 'C:\Users\Admin\Desktop\VIVADO_Projects\PS\gpio_mio_interrupt\gpio_mio_interrupt.sdk\.sdk\launch_scripts\xilinx_c-c++_application_(system_debugger)\system_debugger_using_debug_gpio_mio_interrupt.elf_on_local.tcl'
17:01:47 INFO  : Disconnected from the channel tcfchan#8.
17:01:48 INFO  : Connected to target on host '127.0.0.1' and port '3121'.
17:01:48 INFO  : Jtag cable 'Digilent JTAG-SMT3 210357A7D00EA' is selected.
17:01:48 INFO  : 'jtag frequency' command is executed.
17:01:48 INFO  : Sourcing of 'C:/Users/Admin/Desktop/VIVADO_Projects/PS/gpio_mio_interrupt/gpio_mio_interrupt.sdk/system_wrapper_hw_platform_0/ps7_init.tcl' is done.
17:01:48 INFO  : Context for 'APU' is selected.
17:01:49 INFO  : Hardware design information is loaded from 'C:/Users/Admin/Desktop/VIVADO_Projects/PS/gpio_mio_interrupt/gpio_mio_interrupt.sdk/system_wrapper_hw_platform_0/system.hdf'.
17:01:49 INFO  : 'configparams force-mem-access 1' command is executed.
17:01:49 INFO  : Context for 'APU' is selected.
17:01:49 INFO  : 'stop' command is executed.
17:01:49 INFO  : 'ps7_init' command is executed.
17:01:49 INFO  : 'ps7_post_config' command is executed.
17:01:49 INFO  : Context for processor 'ps7_cortexa9_0' is selected.
17:01:49 INFO  : Processor reset is completed for 'ps7_cortexa9_0'.
17:01:49 INFO  : Context for processor 'ps7_cortexa9_0' is selected.
17:01:50 INFO  : The application 'C:/Users/Admin/Desktop/VIVADO_Projects/PS/gpio_mio_interrupt/gpio_mio_interrupt.sdk/gpio_mio_interrupt/Debug/gpio_mio_interrupt.elf' is downloaded to processor 'ps7_cortexa9_0'.
17:01:50 INFO  : 'configparams force-mem-access 0' command is executed.
17:01:50 INFO  : ----------------XSDB Script----------------
connect -url tcp:127.0.0.1:3121
source C:/Users/Admin/Desktop/VIVADO_Projects/PS/gpio_mio_interrupt/gpio_mio_interrupt.sdk/system_wrapper_hw_platform_0/ps7_init.tcl
targets -set -nocase -filter {name =~"APU*" && jtag_cable_name =~ "Digilent JTAG-SMT3 210357A7D00EA"} -index 0
loadhw -hw C:/Users/Admin/Desktop/VIVADO_Projects/PS/gpio_mio_interrupt/gpio_mio_interrupt.sdk/system_wrapper_hw_platform_0/system.hdf -mem-ranges [list {0x40000000 0xbfffffff}]
configparams force-mem-access 1
targets -set -nocase -filter {name =~"APU*" && jtag_cable_name =~ "Digilent JTAG-SMT3 210357A7D00EA"} -index 0
stop
ps7_init
ps7_post_config
targets -set -nocase -filter {name =~ "ARM*#0" && jtag_cable_name =~ "Digilent JTAG-SMT3 210357A7D00EA"} -index 0
rst -processor
targets -set -nocase -filter {name =~ "ARM*#0" && jtag_cable_name =~ "Digilent JTAG-SMT3 210357A7D00EA"} -index 0
dow C:/Users/Admin/Desktop/VIVADO_Projects/PS/gpio_mio_interrupt/gpio_mio_interrupt.sdk/gpio_mio_interrupt/Debug/gpio_mio_interrupt.elf
configparams force-mem-access 0
----------------End of Script----------------

17:01:50 INFO  : Context for processor 'ps7_cortexa9_0' is selected.
17:01:50 INFO  : 'con' command is executed.
17:01:50 INFO  : ----------------XSDB Script (After Launch)----------------
targets -set -nocase -filter {name =~ "ARM*#0" && jtag_cable_name =~ "Digilent JTAG-SMT3 210357A7D00EA"} -index 0
con
----------------End of Script----------------

17:01:50 INFO  : Launch script is exported to file 'C:\Users\Admin\Desktop\VIVADO_Projects\PS\gpio_mio_interrupt\gpio_mio_interrupt.sdk\.sdk\launch_scripts\xilinx_c-c++_application_(system_debugger)\system_debugger_using_debug_gpio_mio_interrupt.elf_on_local.tcl'
17:02:36 INFO  : Disconnected from the channel tcfchan#9.
17:02:37 INFO  : Connected to target on host '127.0.0.1' and port '3121'.
17:02:37 INFO  : Jtag cable 'Digilent JTAG-SMT3 210357A7D00EA' is selected.
17:02:37 INFO  : 'jtag frequency' command is executed.
17:02:37 INFO  : Sourcing of 'C:/Users/Admin/Desktop/VIVADO_Projects/PS/gpio_mio_interrupt/gpio_mio_interrupt.sdk/system_wrapper_hw_platform_0/ps7_init.tcl' is done.
17:02:37 INFO  : Context for 'APU' is selected.
17:02:38 INFO  : Hardware design information is loaded from 'C:/Users/Admin/Desktop/VIVADO_Projects/PS/gpio_mio_interrupt/gpio_mio_interrupt.sdk/system_wrapper_hw_platform_0/system.hdf'.
17:02:38 INFO  : 'configparams force-mem-access 1' command is executed.
17:02:38 INFO  : Context for 'APU' is selected.
17:02:38 INFO  : 'stop' command is executed.
17:02:38 INFO  : 'ps7_init' command is executed.
17:02:38 INFO  : 'ps7_post_config' command is executed.
17:02:38 INFO  : Context for processor 'ps7_cortexa9_0' is selected.
17:02:38 INFO  : Processor reset is completed for 'ps7_cortexa9_0'.
17:02:38 INFO  : Context for processor 'ps7_cortexa9_0' is selected.
17:02:38 INFO  : The application 'C:/Users/Admin/Desktop/VIVADO_Projects/PS/gpio_mio_interrupt/gpio_mio_interrupt.sdk/gpio_mio_interrupt/Debug/gpio_mio_interrupt.elf' is downloaded to processor 'ps7_cortexa9_0'.
17:02:38 INFO  : 'configparams force-mem-access 0' command is executed.
17:02:38 INFO  : ----------------XSDB Script----------------
connect -url tcp:127.0.0.1:3121
source C:/Users/Admin/Desktop/VIVADO_Projects/PS/gpio_mio_interrupt/gpio_mio_interrupt.sdk/system_wrapper_hw_platform_0/ps7_init.tcl
targets -set -nocase -filter {name =~"APU*" && jtag_cable_name =~ "Digilent JTAG-SMT3 210357A7D00EA"} -index 0
loadhw -hw C:/Users/Admin/Desktop/VIVADO_Projects/PS/gpio_mio_interrupt/gpio_mio_interrupt.sdk/system_wrapper_hw_platform_0/system.hdf -mem-ranges [list {0x40000000 0xbfffffff}]
configparams force-mem-access 1
targets -set -nocase -filter {name =~"APU*" && jtag_cable_name =~ "Digilent JTAG-SMT3 210357A7D00EA"} -index 0
stop
ps7_init
ps7_post_config
targets -set -nocase -filter {name =~ "ARM*#0" && jtag_cable_name =~ "Digilent JTAG-SMT3 210357A7D00EA"} -index 0
rst -processor
targets -set -nocase -filter {name =~ "ARM*#0" && jtag_cable_name =~ "Digilent JTAG-SMT3 210357A7D00EA"} -index 0
dow C:/Users/Admin/Desktop/VIVADO_Projects/PS/gpio_mio_interrupt/gpio_mio_interrupt.sdk/gpio_mio_interrupt/Debug/gpio_mio_interrupt.elf
configparams force-mem-access 0
----------------End of Script----------------

17:02:38 INFO  : Context for processor 'ps7_cortexa9_0' is selected.
17:02:38 INFO  : 'con' command is executed.
17:02:38 INFO  : ----------------XSDB Script (After Launch)----------------
targets -set -nocase -filter {name =~ "ARM*#0" && jtag_cable_name =~ "Digilent JTAG-SMT3 210357A7D00EA"} -index 0
con
----------------End of Script----------------

17:02:38 INFO  : Launch script is exported to file 'C:\Users\Admin\Desktop\VIVADO_Projects\PS\gpio_mio_interrupt\gpio_mio_interrupt.sdk\.sdk\launch_scripts\xilinx_c-c++_application_(system_debugger)\system_debugger_using_debug_gpio_mio_interrupt.elf_on_local.tcl'
18:15:53 INFO  : Disconnected from the channel tcfchan#10.
18:15:54 INFO  : Connected to target on host '127.0.0.1' and port '3121'.
18:15:54 INFO  : Jtag cable 'Digilent JTAG-SMT3 210357A7D00EA' is selected.
18:15:54 INFO  : 'jtag frequency' command is executed.
18:15:54 INFO  : Sourcing of 'C:/Users/Admin/Desktop/VIVADO_Projects/PS/gpio_mio_interrupt/gpio_mio_interrupt.sdk/system_wrapper_hw_platform_0/ps7_init.tcl' is done.
18:15:54 INFO  : Context for 'APU' is selected.
18:15:55 INFO  : Hardware design information is loaded from 'C:/Users/Admin/Desktop/VIVADO_Projects/PS/gpio_mio_interrupt/gpio_mio_interrupt.sdk/system_wrapper_hw_platform_0/system.hdf'.
18:15:55 INFO  : 'configparams force-mem-access 1' command is executed.
18:15:55 INFO  : Context for 'APU' is selected.
18:15:55 INFO  : 'stop' command is executed.
18:15:55 INFO  : 'ps7_init' command is executed.
18:15:55 INFO  : 'ps7_post_config' command is executed.
18:15:55 INFO  : Context for processor 'ps7_cortexa9_0' is selected.
18:15:55 INFO  : Processor reset is completed for 'ps7_cortexa9_0'.
18:15:55 INFO  : Context for processor 'ps7_cortexa9_0' is selected.
18:15:56 INFO  : The application 'C:/Users/Admin/Desktop/VIVADO_Projects/PS/gpio_mio_interrupt/gpio_mio_interrupt.sdk/gpio_mio_interrupt/Debug/gpio_mio_interrupt.elf' is downloaded to processor 'ps7_cortexa9_0'.
18:15:56 INFO  : 'configparams force-mem-access 0' command is executed.
18:15:56 INFO  : ----------------XSDB Script----------------
connect -url tcp:127.0.0.1:3121
source C:/Users/Admin/Desktop/VIVADO_Projects/PS/gpio_mio_interrupt/gpio_mio_interrupt.sdk/system_wrapper_hw_platform_0/ps7_init.tcl
targets -set -nocase -filter {name =~"APU*" && jtag_cable_name =~ "Digilent JTAG-SMT3 210357A7D00EA"} -index 0
loadhw -hw C:/Users/Admin/Desktop/VIVADO_Projects/PS/gpio_mio_interrupt/gpio_mio_interrupt.sdk/system_wrapper_hw_platform_0/system.hdf -mem-ranges [list {0x40000000 0xbfffffff}]
configparams force-mem-access 1
targets -set -nocase -filter {name =~"APU*" && jtag_cable_name =~ "Digilent JTAG-SMT3 210357A7D00EA"} -index 0
stop
ps7_init
ps7_post_config
targets -set -nocase -filter {name =~ "ARM*#0" && jtag_cable_name =~ "Digilent JTAG-SMT3 210357A7D00EA"} -index 0
rst -processor
targets -set -nocase -filter {name =~ "ARM*#0" && jtag_cable_name =~ "Digilent JTAG-SMT3 210357A7D00EA"} -index 0
dow C:/Users/Admin/Desktop/VIVADO_Projects/PS/gpio_mio_interrupt/gpio_mio_interrupt.sdk/gpio_mio_interrupt/Debug/gpio_mio_interrupt.elf
configparams force-mem-access 0
----------------End of Script----------------

18:15:56 INFO  : Context for processor 'ps7_cortexa9_0' is selected.
18:15:56 INFO  : 'con' command is executed.
18:15:56 INFO  : ----------------XSDB Script (After Launch)----------------
targets -set -nocase -filter {name =~ "ARM*#0" && jtag_cable_name =~ "Digilent JTAG-SMT3 210357A7D00EA"} -index 0
con
----------------End of Script----------------

18:15:56 INFO  : Launch script is exported to file 'C:\Users\Admin\Desktop\VIVADO_Projects\PS\gpio_mio_interrupt\gpio_mio_interrupt.sdk\.sdk\launch_scripts\xilinx_c-c++_application_(system_debugger)\system_debugger_using_debug_gpio_mio_interrupt.elf_on_local.tcl'
18:17:03 INFO  : Disconnected from the channel tcfchan#11.
18:17:04 INFO  : Connected to target on host '127.0.0.1' and port '3121'.
18:17:04 INFO  : Jtag cable 'Digilent JTAG-SMT3 210357A7D00EA' is selected.
18:17:04 INFO  : 'jtag frequency' command is executed.
18:17:04 INFO  : Sourcing of 'C:/Users/Admin/Desktop/VIVADO_Projects/PS/gpio_mio_interrupt/gpio_mio_interrupt.sdk/system_wrapper_hw_platform_0/ps7_init.tcl' is done.
18:17:04 INFO  : Context for 'APU' is selected.
18:17:04 INFO  : Hardware design information is loaded from 'C:/Users/Admin/Desktop/VIVADO_Projects/PS/gpio_mio_interrupt/gpio_mio_interrupt.sdk/system_wrapper_hw_platform_0/system.hdf'.
18:17:04 INFO  : 'configparams force-mem-access 1' command is executed.
18:17:04 INFO  : Context for 'APU' is selected.
18:17:05 INFO  : 'stop' command is executed.
18:17:05 INFO  : 'ps7_init' command is executed.
18:17:05 INFO  : 'ps7_post_config' command is executed.
18:17:05 INFO  : Context for processor 'ps7_cortexa9_0' is selected.
18:17:05 INFO  : Processor reset is completed for 'ps7_cortexa9_0'.
18:17:05 INFO  : Context for processor 'ps7_cortexa9_0' is selected.
18:17:05 INFO  : The application 'C:/Users/Admin/Desktop/VIVADO_Projects/PS/gpio_mio_interrupt/gpio_mio_interrupt.sdk/gpio_mio_interrupt/Debug/gpio_mio_interrupt.elf' is downloaded to processor 'ps7_cortexa9_0'.
18:17:05 INFO  : 'configparams force-mem-access 0' command is executed.
18:17:05 INFO  : ----------------XSDB Script----------------
connect -url tcp:127.0.0.1:3121
source C:/Users/Admin/Desktop/VIVADO_Projects/PS/gpio_mio_interrupt/gpio_mio_interrupt.sdk/system_wrapper_hw_platform_0/ps7_init.tcl
targets -set -nocase -filter {name =~"APU*" && jtag_cable_name =~ "Digilent JTAG-SMT3 210357A7D00EA"} -index 0
loadhw -hw C:/Users/Admin/Desktop/VIVADO_Projects/PS/gpio_mio_interrupt/gpio_mio_interrupt.sdk/system_wrapper_hw_platform_0/system.hdf -mem-ranges [list {0x40000000 0xbfffffff}]
configparams force-mem-access 1
targets -set -nocase -filter {name =~"APU*" && jtag_cable_name =~ "Digilent JTAG-SMT3 210357A7D00EA"} -index 0
stop
ps7_init
ps7_post_config
targets -set -nocase -filter {name =~ "ARM*#0" && jtag_cable_name =~ "Digilent JTAG-SMT3 210357A7D00EA"} -index 0
rst -processor
targets -set -nocase -filter {name =~ "ARM*#0" && jtag_cable_name =~ "Digilent JTAG-SMT3 210357A7D00EA"} -index 0
dow C:/Users/Admin/Desktop/VIVADO_Projects/PS/gpio_mio_interrupt/gpio_mio_interrupt.sdk/gpio_mio_interrupt/Debug/gpio_mio_interrupt.elf
configparams force-mem-access 0
----------------End of Script----------------

18:17:05 INFO  : Context for processor 'ps7_cortexa9_0' is selected.
18:17:05 INFO  : 'con' command is executed.
18:17:05 INFO  : ----------------XSDB Script (After Launch)----------------
targets -set -nocase -filter {name =~ "ARM*#0" && jtag_cable_name =~ "Digilent JTAG-SMT3 210357A7D00EA"} -index 0
con
----------------End of Script----------------

18:17:05 INFO  : Launch script is exported to file 'C:\Users\Admin\Desktop\VIVADO_Projects\PS\gpio_mio_interrupt\gpio_mio_interrupt.sdk\.sdk\launch_scripts\xilinx_c-c++_application_(system_debugger)\system_debugger_using_debug_gpio_mio_interrupt.elf_on_local.tcl'
18:26:28 INFO  : Disconnected from the channel tcfchan#12.
18:26:29 INFO  : Connected to target on host '127.0.0.1' and port '3121'.
18:26:30 INFO  : Jtag cable 'Digilent JTAG-SMT3 210357A7D00EA' is selected.
18:26:30 INFO  : 'jtag frequency' command is executed.
18:26:30 INFO  : Sourcing of 'C:/Users/Admin/Desktop/VIVADO_Projects/PS/gpio_mio_interrupt/gpio_mio_interrupt.sdk/system_wrapper_hw_platform_0/ps7_init.tcl' is done.
18:26:30 INFO  : Context for 'APU' is selected.
18:26:30 INFO  : Hardware design information is loaded from 'C:/Users/Admin/Desktop/VIVADO_Projects/PS/gpio_mio_interrupt/gpio_mio_interrupt.sdk/system_wrapper_hw_platform_0/system.hdf'.
18:26:30 INFO  : 'configparams force-mem-access 1' command is executed.
18:26:30 INFO  : Context for 'APU' is selected.
18:26:30 INFO  : 'stop' command is executed.
18:26:31 INFO  : 'ps7_init' command is executed.
18:26:31 INFO  : 'ps7_post_config' command is executed.
18:26:31 INFO  : Context for processor 'ps7_cortexa9_0' is selected.
18:26:31 INFO  : Processor reset is completed for 'ps7_cortexa9_0'.
18:26:31 INFO  : Context for processor 'ps7_cortexa9_0' is selected.
18:26:31 INFO  : The application 'C:/Users/Admin/Desktop/VIVADO_Projects/PS/gpio_mio_interrupt/gpio_mio_interrupt.sdk/gpio_mio_interrupt/Debug/gpio_mio_interrupt.elf' is downloaded to processor 'ps7_cortexa9_0'.
18:26:31 INFO  : 'configparams force-mem-access 0' command is executed.
18:26:31 INFO  : ----------------XSDB Script----------------
connect -url tcp:127.0.0.1:3121
source C:/Users/Admin/Desktop/VIVADO_Projects/PS/gpio_mio_interrupt/gpio_mio_interrupt.sdk/system_wrapper_hw_platform_0/ps7_init.tcl
targets -set -nocase -filter {name =~"APU*" && jtag_cable_name =~ "Digilent JTAG-SMT3 210357A7D00EA"} -index 0
loadhw -hw C:/Users/Admin/Desktop/VIVADO_Projects/PS/gpio_mio_interrupt/gpio_mio_interrupt.sdk/system_wrapper_hw_platform_0/system.hdf -mem-ranges [list {0x40000000 0xbfffffff}]
configparams force-mem-access 1
targets -set -nocase -filter {name =~"APU*" && jtag_cable_name =~ "Digilent JTAG-SMT3 210357A7D00EA"} -index 0
stop
ps7_init
ps7_post_config
targets -set -nocase -filter {name =~ "ARM*#0" && jtag_cable_name =~ "Digilent JTAG-SMT3 210357A7D00EA"} -index 0
rst -processor
targets -set -nocase -filter {name =~ "ARM*#0" && jtag_cable_name =~ "Digilent JTAG-SMT3 210357A7D00EA"} -index 0
dow C:/Users/Admin/Desktop/VIVADO_Projects/PS/gpio_mio_interrupt/gpio_mio_interrupt.sdk/gpio_mio_interrupt/Debug/gpio_mio_interrupt.elf
configparams force-mem-access 0
----------------End of Script----------------

18:26:31 INFO  : Context for processor 'ps7_cortexa9_0' is selected.
18:26:31 INFO  : 'con' command is executed.
18:26:31 INFO  : ----------------XSDB Script (After Launch)----------------
targets -set -nocase -filter {name =~ "ARM*#0" && jtag_cable_name =~ "Digilent JTAG-SMT3 210357A7D00EA"} -index 0
con
----------------End of Script----------------

18:26:31 INFO  : Launch script is exported to file 'C:\Users\Admin\Desktop\VIVADO_Projects\PS\gpio_mio_interrupt\gpio_mio_interrupt.sdk\.sdk\launch_scripts\xilinx_c-c++_application_(system_debugger)\system_debugger_using_debug_gpio_mio_interrupt.elf_on_local.tcl'
18:27:38 INFO  : Disconnected from the channel tcfchan#13.
18:27:39 INFO  : Connected to target on host '127.0.0.1' and port '3121'.
18:27:39 INFO  : Jtag cable 'Digilent JTAG-SMT3 210357A7D00EA' is selected.
18:27:39 INFO  : 'jtag frequency' command is executed.
18:27:39 INFO  : Sourcing of 'C:/Users/Admin/Desktop/VIVADO_Projects/PS/gpio_mio_interrupt/gpio_mio_interrupt.sdk/system_wrapper_hw_platform_0/ps7_init.tcl' is done.
18:27:39 INFO  : Context for 'APU' is selected.
18:27:40 INFO  : Hardware design information is loaded from 'C:/Users/Admin/Desktop/VIVADO_Projects/PS/gpio_mio_interrupt/gpio_mio_interrupt.sdk/system_wrapper_hw_platform_0/system.hdf'.
18:27:40 INFO  : 'configparams force-mem-access 1' command is executed.
18:27:40 INFO  : Context for 'APU' is selected.
18:27:40 INFO  : 'stop' command is executed.
18:27:40 INFO  : 'ps7_init' command is executed.
18:27:40 INFO  : 'ps7_post_config' command is executed.
18:27:40 INFO  : Context for processor 'ps7_cortexa9_0' is selected.
18:27:40 INFO  : Processor reset is completed for 'ps7_cortexa9_0'.
18:27:40 INFO  : Context for processor 'ps7_cortexa9_0' is selected.
18:27:40 INFO  : The application 'C:/Users/Admin/Desktop/VIVADO_Projects/PS/gpio_mio_interrupt/gpio_mio_interrupt.sdk/gpio_mio_interrupt/Debug/gpio_mio_interrupt.elf' is downloaded to processor 'ps7_cortexa9_0'.
18:27:40 INFO  : 'configparams force-mem-access 0' command is executed.
18:27:40 INFO  : ----------------XSDB Script----------------
connect -url tcp:127.0.0.1:3121
source C:/Users/Admin/Desktop/VIVADO_Projects/PS/gpio_mio_interrupt/gpio_mio_interrupt.sdk/system_wrapper_hw_platform_0/ps7_init.tcl
targets -set -nocase -filter {name =~"APU*" && jtag_cable_name =~ "Digilent JTAG-SMT3 210357A7D00EA"} -index 0
loadhw -hw C:/Users/Admin/Desktop/VIVADO_Projects/PS/gpio_mio_interrupt/gpio_mio_interrupt.sdk/system_wrapper_hw_platform_0/system.hdf -mem-ranges [list {0x40000000 0xbfffffff}]
configparams force-mem-access 1
targets -set -nocase -filter {name =~"APU*" && jtag_cable_name =~ "Digilent JTAG-SMT3 210357A7D00EA"} -index 0
stop
ps7_init
ps7_post_config
targets -set -nocase -filter {name =~ "ARM*#0" && jtag_cable_name =~ "Digilent JTAG-SMT3 210357A7D00EA"} -index 0
rst -processor
targets -set -nocase -filter {name =~ "ARM*#0" && jtag_cable_name =~ "Digilent JTAG-SMT3 210357A7D00EA"} -index 0
dow C:/Users/Admin/Desktop/VIVADO_Projects/PS/gpio_mio_interrupt/gpio_mio_interrupt.sdk/gpio_mio_interrupt/Debug/gpio_mio_interrupt.elf
configparams force-mem-access 0
----------------End of Script----------------

18:27:40 INFO  : Context for processor 'ps7_cortexa9_0' is selected.
18:27:40 INFO  : 'con' command is executed.
18:27:40 INFO  : ----------------XSDB Script (After Launch)----------------
targets -set -nocase -filter {name =~ "ARM*#0" && jtag_cable_name =~ "Digilent JTAG-SMT3 210357A7D00EA"} -index 0
con
----------------End of Script----------------

18:27:40 INFO  : Launch script is exported to file 'C:\Users\Admin\Desktop\VIVADO_Projects\PS\gpio_mio_interrupt\gpio_mio_interrupt.sdk\.sdk\launch_scripts\xilinx_c-c++_application_(system_debugger)\system_debugger_using_debug_gpio_mio_interrupt.elf_on_local.tcl'
18:28:36 INFO  : Disconnected from the channel tcfchan#14.
18:28:37 INFO  : Connected to target on host '127.0.0.1' and port '3121'.
18:28:37 INFO  : Jtag cable 'Digilent JTAG-SMT3 210357A7D00EA' is selected.
18:28:37 INFO  : 'jtag frequency' command is executed.
18:28:37 INFO  : Sourcing of 'C:/Users/Admin/Desktop/VIVADO_Projects/PS/gpio_mio_interrupt/gpio_mio_interrupt.sdk/system_wrapper_hw_platform_0/ps7_init.tcl' is done.
18:28:37 INFO  : Context for 'APU' is selected.
18:28:38 INFO  : Hardware design information is loaded from 'C:/Users/Admin/Desktop/VIVADO_Projects/PS/gpio_mio_interrupt/gpio_mio_interrupt.sdk/system_wrapper_hw_platform_0/system.hdf'.
18:28:38 INFO  : 'configparams force-mem-access 1' command is executed.
18:28:38 INFO  : Context for 'APU' is selected.
18:28:38 INFO  : 'stop' command is executed.
18:28:38 INFO  : 'ps7_init' command is executed.
18:28:38 INFO  : 'ps7_post_config' command is executed.
18:28:38 INFO  : Context for processor 'ps7_cortexa9_0' is selected.
18:28:38 INFO  : Processor reset is completed for 'ps7_cortexa9_0'.
18:28:38 INFO  : Context for processor 'ps7_cortexa9_0' is selected.
18:28:38 INFO  : The application 'C:/Users/Admin/Desktop/VIVADO_Projects/PS/gpio_mio_interrupt/gpio_mio_interrupt.sdk/gpio_mio_interrupt/Debug/gpio_mio_interrupt.elf' is downloaded to processor 'ps7_cortexa9_0'.
18:28:38 INFO  : 'configparams force-mem-access 0' command is executed.
18:28:38 INFO  : ----------------XSDB Script----------------
connect -url tcp:127.0.0.1:3121
source C:/Users/Admin/Desktop/VIVADO_Projects/PS/gpio_mio_interrupt/gpio_mio_interrupt.sdk/system_wrapper_hw_platform_0/ps7_init.tcl
targets -set -nocase -filter {name =~"APU*" && jtag_cable_name =~ "Digilent JTAG-SMT3 210357A7D00EA"} -index 0
loadhw -hw C:/Users/Admin/Desktop/VIVADO_Projects/PS/gpio_mio_interrupt/gpio_mio_interrupt.sdk/system_wrapper_hw_platform_0/system.hdf -mem-ranges [list {0x40000000 0xbfffffff}]
configparams force-mem-access 1
targets -set -nocase -filter {name =~"APU*" && jtag_cable_name =~ "Digilent JTAG-SMT3 210357A7D00EA"} -index 0
stop
ps7_init
ps7_post_config
targets -set -nocase -filter {name =~ "ARM*#0" && jtag_cable_name =~ "Digilent JTAG-SMT3 210357A7D00EA"} -index 0
rst -processor
targets -set -nocase -filter {name =~ "ARM*#0" && jtag_cable_name =~ "Digilent JTAG-SMT3 210357A7D00EA"} -index 0
dow C:/Users/Admin/Desktop/VIVADO_Projects/PS/gpio_mio_interrupt/gpio_mio_interrupt.sdk/gpio_mio_interrupt/Debug/gpio_mio_interrupt.elf
configparams force-mem-access 0
----------------End of Script----------------

18:28:38 INFO  : Context for processor 'ps7_cortexa9_0' is selected.
18:28:38 INFO  : 'con' command is executed.
18:28:38 INFO  : ----------------XSDB Script (After Launch)----------------
targets -set -nocase -filter {name =~ "ARM*#0" && jtag_cable_name =~ "Digilent JTAG-SMT3 210357A7D00EA"} -index 0
con
----------------End of Script----------------

18:28:38 INFO  : Launch script is exported to file 'C:\Users\Admin\Desktop\VIVADO_Projects\PS\gpio_mio_interrupt\gpio_mio_interrupt.sdk\.sdk\launch_scripts\xilinx_c-c++_application_(system_debugger)\system_debugger_using_debug_gpio_mio_interrupt.elf_on_local.tcl'
18:29:04 INFO  : Disconnected from the channel tcfchan#15.
18:29:05 INFO  : Connected to target on host '127.0.0.1' and port '3121'.
18:29:05 INFO  : Jtag cable 'Digilent JTAG-SMT3 210357A7D00EA' is selected.
18:29:05 INFO  : 'jtag frequency' command is executed.
18:29:05 INFO  : Sourcing of 'C:/Users/Admin/Desktop/VIVADO_Projects/PS/gpio_mio_interrupt/gpio_mio_interrupt.sdk/system_wrapper_hw_platform_0/ps7_init.tcl' is done.
18:29:05 INFO  : Context for 'APU' is selected.
18:29:06 INFO  : Hardware design information is loaded from 'C:/Users/Admin/Desktop/VIVADO_Projects/PS/gpio_mio_interrupt/gpio_mio_interrupt.sdk/system_wrapper_hw_platform_0/system.hdf'.
18:29:06 INFO  : 'configparams force-mem-access 1' command is executed.
18:29:06 INFO  : Context for 'APU' is selected.
18:29:06 INFO  : 'stop' command is executed.
18:29:07 INFO  : 'ps7_init' command is executed.
18:29:07 INFO  : 'ps7_post_config' command is executed.
18:29:07 INFO  : Context for processor 'ps7_cortexa9_0' is selected.
18:29:07 INFO  : Processor reset is completed for 'ps7_cortexa9_0'.
18:29:07 INFO  : Context for processor 'ps7_cortexa9_0' is selected.
18:29:07 INFO  : The application 'C:/Users/Admin/Desktop/VIVADO_Projects/PS/gpio_mio_interrupt/gpio_mio_interrupt.sdk/gpio_mio_interrupt/Debug/gpio_mio_interrupt.elf' is downloaded to processor 'ps7_cortexa9_0'.
18:29:07 INFO  : 'configparams force-mem-access 0' command is executed.
18:29:07 INFO  : ----------------XSDB Script----------------
connect -url tcp:127.0.0.1:3121
source C:/Users/Admin/Desktop/VIVADO_Projects/PS/gpio_mio_interrupt/gpio_mio_interrupt.sdk/system_wrapper_hw_platform_0/ps7_init.tcl
targets -set -nocase -filter {name =~"APU*" && jtag_cable_name =~ "Digilent JTAG-SMT3 210357A7D00EA"} -index 0
loadhw -hw C:/Users/Admin/Desktop/VIVADO_Projects/PS/gpio_mio_interrupt/gpio_mio_interrupt.sdk/system_wrapper_hw_platform_0/system.hdf -mem-ranges [list {0x40000000 0xbfffffff}]
configparams force-mem-access 1
targets -set -nocase -filter {name =~"APU*" && jtag_cable_name =~ "Digilent JTAG-SMT3 210357A7D00EA"} -index 0
stop
ps7_init
ps7_post_config
targets -set -nocase -filter {name =~ "ARM*#0" && jtag_cable_name =~ "Digilent JTAG-SMT3 210357A7D00EA"} -index 0
rst -processor
targets -set -nocase -filter {name =~ "ARM*#0" && jtag_cable_name =~ "Digilent JTAG-SMT3 210357A7D00EA"} -index 0
dow C:/Users/Admin/Desktop/VIVADO_Projects/PS/gpio_mio_interrupt/gpio_mio_interrupt.sdk/gpio_mio_interrupt/Debug/gpio_mio_interrupt.elf
configparams force-mem-access 0
----------------End of Script----------------

18:29:07 INFO  : Context for processor 'ps7_cortexa9_0' is selected.
18:29:07 INFO  : 'con' command is executed.
18:29:07 INFO  : ----------------XSDB Script (After Launch)----------------
targets -set -nocase -filter {name =~ "ARM*#0" && jtag_cable_name =~ "Digilent JTAG-SMT3 210357A7D00EA"} -index 0
con
----------------End of Script----------------

18:29:07 INFO  : Launch script is exported to file 'C:\Users\Admin\Desktop\VIVADO_Projects\PS\gpio_mio_interrupt\gpio_mio_interrupt.sdk\.sdk\launch_scripts\xilinx_c-c++_application_(system_debugger)\system_debugger_using_debug_gpio_mio_interrupt.elf_on_local.tcl'
18:29:23 INFO  : Disconnected from the channel tcfchan#16.
18:29:24 INFO  : Connected to target on host '127.0.0.1' and port '3121'.
18:29:24 INFO  : Jtag cable 'Digilent JTAG-SMT3 210357A7D00EA' is selected.
18:29:24 INFO  : 'jtag frequency' command is executed.
18:29:24 INFO  : Sourcing of 'C:/Users/Admin/Desktop/VIVADO_Projects/PS/gpio_mio_interrupt/gpio_mio_interrupt.sdk/system_wrapper_hw_platform_0/ps7_init.tcl' is done.
18:29:24 INFO  : Context for 'APU' is selected.
18:29:25 INFO  : Hardware design information is loaded from 'C:/Users/Admin/Desktop/VIVADO_Projects/PS/gpio_mio_interrupt/gpio_mio_interrupt.sdk/system_wrapper_hw_platform_0/system.hdf'.
18:29:25 INFO  : 'configparams force-mem-access 1' command is executed.
18:29:25 INFO  : Context for 'APU' is selected.
18:29:25 INFO  : 'stop' command is executed.
18:29:25 INFO  : 'ps7_init' command is executed.
18:29:25 INFO  : 'ps7_post_config' command is executed.
18:29:25 INFO  : Context for processor 'ps7_cortexa9_0' is selected.
18:29:25 INFO  : Processor reset is completed for 'ps7_cortexa9_0'.
18:29:25 INFO  : Context for processor 'ps7_cortexa9_0' is selected.
18:29:26 INFO  : The application 'C:/Users/Admin/Desktop/VIVADO_Projects/PS/gpio_mio_interrupt/gpio_mio_interrupt.sdk/gpio_mio_interrupt/Debug/gpio_mio_interrupt.elf' is downloaded to processor 'ps7_cortexa9_0'.
18:29:26 INFO  : 'configparams force-mem-access 0' command is executed.
18:29:26 INFO  : ----------------XSDB Script----------------
connect -url tcp:127.0.0.1:3121
source C:/Users/Admin/Desktop/VIVADO_Projects/PS/gpio_mio_interrupt/gpio_mio_interrupt.sdk/system_wrapper_hw_platform_0/ps7_init.tcl
targets -set -nocase -filter {name =~"APU*" && jtag_cable_name =~ "Digilent JTAG-SMT3 210357A7D00EA"} -index 0
loadhw -hw C:/Users/Admin/Desktop/VIVADO_Projects/PS/gpio_mio_interrupt/gpio_mio_interrupt.sdk/system_wrapper_hw_platform_0/system.hdf -mem-ranges [list {0x40000000 0xbfffffff}]
configparams force-mem-access 1
targets -set -nocase -filter {name =~"APU*" && jtag_cable_name =~ "Digilent JTAG-SMT3 210357A7D00EA"} -index 0
stop
ps7_init
ps7_post_config
targets -set -nocase -filter {name =~ "ARM*#0" && jtag_cable_name =~ "Digilent JTAG-SMT3 210357A7D00EA"} -index 0
rst -processor
targets -set -nocase -filter {name =~ "ARM*#0" && jtag_cable_name =~ "Digilent JTAG-SMT3 210357A7D00EA"} -index 0
dow C:/Users/Admin/Desktop/VIVADO_Projects/PS/gpio_mio_interrupt/gpio_mio_interrupt.sdk/gpio_mio_interrupt/Debug/gpio_mio_interrupt.elf
configparams force-mem-access 0
----------------End of Script----------------

18:29:26 INFO  : Context for processor 'ps7_cortexa9_0' is selected.
18:29:26 INFO  : 'con' command is executed.
18:29:26 INFO  : ----------------XSDB Script (After Launch)----------------
targets -set -nocase -filter {name =~ "ARM*#0" && jtag_cable_name =~ "Digilent JTAG-SMT3 210357A7D00EA"} -index 0
con
----------------End of Script----------------

18:29:26 INFO  : Launch script is exported to file 'C:\Users\Admin\Desktop\VIVADO_Projects\PS\gpio_mio_interrupt\gpio_mio_interrupt.sdk\.sdk\launch_scripts\xilinx_c-c++_application_(system_debugger)\system_debugger_using_debug_gpio_mio_interrupt.elf_on_local.tcl'
18:29:49 INFO  : Disconnected from the channel tcfchan#17.
18:29:50 INFO  : Connected to target on host '127.0.0.1' and port '3121'.
18:29:50 INFO  : Jtag cable 'Digilent JTAG-SMT3 210357A7D00EA' is selected.
18:29:50 INFO  : 'jtag frequency' command is executed.
18:29:50 INFO  : Sourcing of 'C:/Users/Admin/Desktop/VIVADO_Projects/PS/gpio_mio_interrupt/gpio_mio_interrupt.sdk/system_wrapper_hw_platform_0/ps7_init.tcl' is done.
18:29:50 INFO  : Context for 'APU' is selected.
18:29:51 INFO  : Hardware design information is loaded from 'C:/Users/Admin/Desktop/VIVADO_Projects/PS/gpio_mio_interrupt/gpio_mio_interrupt.sdk/system_wrapper_hw_platform_0/system.hdf'.
18:29:51 INFO  : 'configparams force-mem-access 1' command is executed.
18:29:51 INFO  : Context for 'APU' is selected.
18:29:51 INFO  : 'stop' command is executed.
18:29:51 INFO  : 'ps7_init' command is executed.
18:29:51 INFO  : 'ps7_post_config' command is executed.
18:29:51 INFO  : Context for processor 'ps7_cortexa9_0' is selected.
18:29:51 INFO  : Processor reset is completed for 'ps7_cortexa9_0'.
18:29:51 INFO  : Context for processor 'ps7_cortexa9_0' is selected.
18:29:52 INFO  : The application 'C:/Users/Admin/Desktop/VIVADO_Projects/PS/gpio_mio_interrupt/gpio_mio_interrupt.sdk/gpio_mio_interrupt/Debug/gpio_mio_interrupt.elf' is downloaded to processor 'ps7_cortexa9_0'.
18:29:52 INFO  : 'configparams force-mem-access 0' command is executed.
18:29:52 INFO  : ----------------XSDB Script----------------
connect -url tcp:127.0.0.1:3121
source C:/Users/Admin/Desktop/VIVADO_Projects/PS/gpio_mio_interrupt/gpio_mio_interrupt.sdk/system_wrapper_hw_platform_0/ps7_init.tcl
targets -set -nocase -filter {name =~"APU*" && jtag_cable_name =~ "Digilent JTAG-SMT3 210357A7D00EA"} -index 0
loadhw -hw C:/Users/Admin/Desktop/VIVADO_Projects/PS/gpio_mio_interrupt/gpio_mio_interrupt.sdk/system_wrapper_hw_platform_0/system.hdf -mem-ranges [list {0x40000000 0xbfffffff}]
configparams force-mem-access 1
targets -set -nocase -filter {name =~"APU*" && jtag_cable_name =~ "Digilent JTAG-SMT3 210357A7D00EA"} -index 0
stop
ps7_init
ps7_post_config
targets -set -nocase -filter {name =~ "ARM*#0" && jtag_cable_name =~ "Digilent JTAG-SMT3 210357A7D00EA"} -index 0
rst -processor
targets -set -nocase -filter {name =~ "ARM*#0" && jtag_cable_name =~ "Digilent JTAG-SMT3 210357A7D00EA"} -index 0
dow C:/Users/Admin/Desktop/VIVADO_Projects/PS/gpio_mio_interrupt/gpio_mio_interrupt.sdk/gpio_mio_interrupt/Debug/gpio_mio_interrupt.elf
configparams force-mem-access 0
----------------End of Script----------------

18:29:52 INFO  : Context for processor 'ps7_cortexa9_0' is selected.
18:29:52 INFO  : 'con' command is executed.
18:29:52 INFO  : ----------------XSDB Script (After Launch)----------------
targets -set -nocase -filter {name =~ "ARM*#0" && jtag_cable_name =~ "Digilent JTAG-SMT3 210357A7D00EA"} -index 0
con
----------------End of Script----------------

18:29:52 INFO  : Launch script is exported to file 'C:\Users\Admin\Desktop\VIVADO_Projects\PS\gpio_mio_interrupt\gpio_mio_interrupt.sdk\.sdk\launch_scripts\xilinx_c-c++_application_(system_debugger)\system_debugger_using_debug_gpio_mio_interrupt.elf_on_local.tcl'
18:30:13 INFO  : Disconnected from the channel tcfchan#18.
18:30:14 INFO  : Connected to target on host '127.0.0.1' and port '3121'.
18:30:14 INFO  : Jtag cable 'Digilent JTAG-SMT3 210357A7D00EA' is selected.
18:30:14 INFO  : 'jtag frequency' command is executed.
18:30:14 INFO  : Sourcing of 'C:/Users/Admin/Desktop/VIVADO_Projects/PS/gpio_mio_interrupt/gpio_mio_interrupt.sdk/system_wrapper_hw_platform_0/ps7_init.tcl' is done.
18:30:14 INFO  : Context for 'APU' is selected.
18:30:15 INFO  : Hardware design information is loaded from 'C:/Users/Admin/Desktop/VIVADO_Projects/PS/gpio_mio_interrupt/gpio_mio_interrupt.sdk/system_wrapper_hw_platform_0/system.hdf'.
18:30:15 INFO  : 'configparams force-mem-access 1' command is executed.
18:30:15 INFO  : Context for 'APU' is selected.
18:30:15 INFO  : 'stop' command is executed.
18:30:15 INFO  : 'ps7_init' command is executed.
18:30:15 INFO  : 'ps7_post_config' command is executed.
18:30:15 INFO  : Context for processor 'ps7_cortexa9_0' is selected.
18:30:15 INFO  : Processor reset is completed for 'ps7_cortexa9_0'.
18:30:15 INFO  : Context for processor 'ps7_cortexa9_0' is selected.
18:30:15 INFO  : The application 'C:/Users/Admin/Desktop/VIVADO_Projects/PS/gpio_mio_interrupt/gpio_mio_interrupt.sdk/gpio_mio_interrupt/Debug/gpio_mio_interrupt.elf' is downloaded to processor 'ps7_cortexa9_0'.
18:30:15 INFO  : 'configparams force-mem-access 0' command is executed.
18:30:15 INFO  : ----------------XSDB Script----------------
connect -url tcp:127.0.0.1:3121
source C:/Users/Admin/Desktop/VIVADO_Projects/PS/gpio_mio_interrupt/gpio_mio_interrupt.sdk/system_wrapper_hw_platform_0/ps7_init.tcl
targets -set -nocase -filter {name =~"APU*" && jtag_cable_name =~ "Digilent JTAG-SMT3 210357A7D00EA"} -index 0
loadhw -hw C:/Users/Admin/Desktop/VIVADO_Projects/PS/gpio_mio_interrupt/gpio_mio_interrupt.sdk/system_wrapper_hw_platform_0/system.hdf -mem-ranges [list {0x40000000 0xbfffffff}]
configparams force-mem-access 1
targets -set -nocase -filter {name =~"APU*" && jtag_cable_name =~ "Digilent JTAG-SMT3 210357A7D00EA"} -index 0
stop
ps7_init
ps7_post_config
targets -set -nocase -filter {name =~ "ARM*#0" && jtag_cable_name =~ "Digilent JTAG-SMT3 210357A7D00EA"} -index 0
rst -processor
targets -set -nocase -filter {name =~ "ARM*#0" && jtag_cable_name =~ "Digilent JTAG-SMT3 210357A7D00EA"} -index 0
dow C:/Users/Admin/Desktop/VIVADO_Projects/PS/gpio_mio_interrupt/gpio_mio_interrupt.sdk/gpio_mio_interrupt/Debug/gpio_mio_interrupt.elf
configparams force-mem-access 0
----------------End of Script----------------

18:30:16 INFO  : Context for processor 'ps7_cortexa9_0' is selected.
18:30:16 INFO  : 'con' command is executed.
18:30:16 INFO  : ----------------XSDB Script (After Launch)----------------
targets -set -nocase -filter {name =~ "ARM*#0" && jtag_cable_name =~ "Digilent JTAG-SMT3 210357A7D00EA"} -index 0
con
----------------End of Script----------------

18:30:16 INFO  : Launch script is exported to file 'C:\Users\Admin\Desktop\VIVADO_Projects\PS\gpio_mio_interrupt\gpio_mio_interrupt.sdk\.sdk\launch_scripts\xilinx_c-c++_application_(system_debugger)\system_debugger_using_debug_gpio_mio_interrupt.elf_on_local.tcl'
18:30:57 INFO  : Disconnected from the channel tcfchan#19.
18:30:58 INFO  : Connected to target on host '127.0.0.1' and port '3121'.
18:30:59 INFO  : Jtag cable 'Digilent JTAG-SMT3 210357A7D00EA' is selected.
18:30:59 INFO  : 'jtag frequency' command is executed.
18:30:59 INFO  : Sourcing of 'C:/Users/Admin/Desktop/VIVADO_Projects/PS/gpio_mio_interrupt/gpio_mio_interrupt.sdk/system_wrapper_hw_platform_0/ps7_init.tcl' is done.
18:30:59 INFO  : Context for 'APU' is selected.
18:30:59 INFO  : Hardware design information is loaded from 'C:/Users/Admin/Desktop/VIVADO_Projects/PS/gpio_mio_interrupt/gpio_mio_interrupt.sdk/system_wrapper_hw_platform_0/system.hdf'.
18:30:59 INFO  : 'configparams force-mem-access 1' command is executed.
18:30:59 INFO  : Context for 'APU' is selected.
18:30:59 INFO  : 'stop' command is executed.
18:31:00 INFO  : 'ps7_init' command is executed.
18:31:00 INFO  : 'ps7_post_config' command is executed.
18:31:00 INFO  : Context for processor 'ps7_cortexa9_0' is selected.
18:31:00 INFO  : Processor reset is completed for 'ps7_cortexa9_0'.
18:31:00 INFO  : Context for processor 'ps7_cortexa9_0' is selected.
18:31:00 INFO  : The application 'C:/Users/Admin/Desktop/VIVADO_Projects/PS/gpio_mio_interrupt/gpio_mio_interrupt.sdk/gpio_mio_interrupt/Debug/gpio_mio_interrupt.elf' is downloaded to processor 'ps7_cortexa9_0'.
18:31:00 INFO  : 'configparams force-mem-access 0' command is executed.
18:31:00 INFO  : ----------------XSDB Script----------------
connect -url tcp:127.0.0.1:3121
source C:/Users/Admin/Desktop/VIVADO_Projects/PS/gpio_mio_interrupt/gpio_mio_interrupt.sdk/system_wrapper_hw_platform_0/ps7_init.tcl
targets -set -nocase -filter {name =~"APU*" && jtag_cable_name =~ "Digilent JTAG-SMT3 210357A7D00EA"} -index 0
loadhw -hw C:/Users/Admin/Desktop/VIVADO_Projects/PS/gpio_mio_interrupt/gpio_mio_interrupt.sdk/system_wrapper_hw_platform_0/system.hdf -mem-ranges [list {0x40000000 0xbfffffff}]
configparams force-mem-access 1
targets -set -nocase -filter {name =~"APU*" && jtag_cable_name =~ "Digilent JTAG-SMT3 210357A7D00EA"} -index 0
stop
ps7_init
ps7_post_config
targets -set -nocase -filter {name =~ "ARM*#0" && jtag_cable_name =~ "Digilent JTAG-SMT3 210357A7D00EA"} -index 0
rst -processor
targets -set -nocase -filter {name =~ "ARM*#0" && jtag_cable_name =~ "Digilent JTAG-SMT3 210357A7D00EA"} -index 0
dow C:/Users/Admin/Desktop/VIVADO_Projects/PS/gpio_mio_interrupt/gpio_mio_interrupt.sdk/gpio_mio_interrupt/Debug/gpio_mio_interrupt.elf
configparams force-mem-access 0
----------------End of Script----------------

18:31:00 INFO  : Context for processor 'ps7_cortexa9_0' is selected.
18:31:00 INFO  : 'con' command is executed.
18:31:00 INFO  : ----------------XSDB Script (After Launch)----------------
targets -set -nocase -filter {name =~ "ARM*#0" && jtag_cable_name =~ "Digilent JTAG-SMT3 210357A7D00EA"} -index 0
con
----------------End of Script----------------

18:31:00 INFO  : Launch script is exported to file 'C:\Users\Admin\Desktop\VIVADO_Projects\PS\gpio_mio_interrupt\gpio_mio_interrupt.sdk\.sdk\launch_scripts\xilinx_c-c++_application_(system_debugger)\system_debugger_using_debug_gpio_mio_interrupt.elf_on_local.tcl'
18:31:13 INFO  : Disconnected from the channel tcfchan#20.
18:31:14 INFO  : Connected to target on host '127.0.0.1' and port '3121'.
18:31:14 INFO  : Jtag cable 'Digilent JTAG-SMT3 210357A7D00EA' is selected.
18:31:14 INFO  : 'jtag frequency' command is executed.
18:31:14 INFO  : Sourcing of 'C:/Users/Admin/Desktop/VIVADO_Projects/PS/gpio_mio_interrupt/gpio_mio_interrupt.sdk/system_wrapper_hw_platform_0/ps7_init.tcl' is done.
18:31:14 INFO  : Context for 'APU' is selected.
18:31:15 INFO  : Hardware design information is loaded from 'C:/Users/Admin/Desktop/VIVADO_Projects/PS/gpio_mio_interrupt/gpio_mio_interrupt.sdk/system_wrapper_hw_platform_0/system.hdf'.
18:31:15 INFO  : 'configparams force-mem-access 1' command is executed.
18:31:15 INFO  : Context for 'APU' is selected.
18:31:15 INFO  : 'stop' command is executed.
18:31:15 INFO  : 'ps7_init' command is executed.
18:31:15 INFO  : 'ps7_post_config' command is executed.
18:31:15 INFO  : Context for processor 'ps7_cortexa9_0' is selected.
18:31:16 INFO  : Processor reset is completed for 'ps7_cortexa9_0'.
18:31:16 INFO  : Context for processor 'ps7_cortexa9_0' is selected.
18:31:16 INFO  : The application 'C:/Users/Admin/Desktop/VIVADO_Projects/PS/gpio_mio_interrupt/gpio_mio_interrupt.sdk/gpio_mio_interrupt/Debug/gpio_mio_interrupt.elf' is downloaded to processor 'ps7_cortexa9_0'.
18:31:16 INFO  : 'configparams force-mem-access 0' command is executed.
18:31:16 INFO  : ----------------XSDB Script----------------
connect -url tcp:127.0.0.1:3121
source C:/Users/Admin/Desktop/VIVADO_Projects/PS/gpio_mio_interrupt/gpio_mio_interrupt.sdk/system_wrapper_hw_platform_0/ps7_init.tcl
targets -set -nocase -filter {name =~"APU*" && jtag_cable_name =~ "Digilent JTAG-SMT3 210357A7D00EA"} -index 0
loadhw -hw C:/Users/Admin/Desktop/VIVADO_Projects/PS/gpio_mio_interrupt/gpio_mio_interrupt.sdk/system_wrapper_hw_platform_0/system.hdf -mem-ranges [list {0x40000000 0xbfffffff}]
configparams force-mem-access 1
targets -set -nocase -filter {name =~"APU*" && jtag_cable_name =~ "Digilent JTAG-SMT3 210357A7D00EA"} -index 0
stop
ps7_init
ps7_post_config
targets -set -nocase -filter {name =~ "ARM*#0" && jtag_cable_name =~ "Digilent JTAG-SMT3 210357A7D00EA"} -index 0
rst -processor
targets -set -nocase -filter {name =~ "ARM*#0" && jtag_cable_name =~ "Digilent JTAG-SMT3 210357A7D00EA"} -index 0
dow C:/Users/Admin/Desktop/VIVADO_Projects/PS/gpio_mio_interrupt/gpio_mio_interrupt.sdk/gpio_mio_interrupt/Debug/gpio_mio_interrupt.elf
configparams force-mem-access 0
----------------End of Script----------------

18:31:16 INFO  : Context for processor 'ps7_cortexa9_0' is selected.
18:31:16 INFO  : 'con' command is executed.
18:31:16 INFO  : ----------------XSDB Script (After Launch)----------------
targets -set -nocase -filter {name =~ "ARM*#0" && jtag_cable_name =~ "Digilent JTAG-SMT3 210357A7D00EA"} -index 0
con
----------------End of Script----------------

18:31:16 INFO  : Launch script is exported to file 'C:\Users\Admin\Desktop\VIVADO_Projects\PS\gpio_mio_interrupt\gpio_mio_interrupt.sdk\.sdk\launch_scripts\xilinx_c-c++_application_(system_debugger)\system_debugger_using_debug_gpio_mio_interrupt.elf_on_local.tcl'
18:32:49 INFO  : Disconnected from the channel tcfchan#21.
18:32:50 INFO  : Connected to target on host '127.0.0.1' and port '3121'.
18:32:50 INFO  : Jtag cable 'Digilent JTAG-SMT3 210357A7D00EA' is selected.
18:32:50 INFO  : 'jtag frequency' command is executed.
18:32:50 INFO  : Sourcing of 'C:/Users/Admin/Desktop/VIVADO_Projects/PS/gpio_mio_interrupt/gpio_mio_interrupt.sdk/system_wrapper_hw_platform_0/ps7_init.tcl' is done.
18:32:50 INFO  : Context for 'APU' is selected.
18:32:50 INFO  : Hardware design information is loaded from 'C:/Users/Admin/Desktop/VIVADO_Projects/PS/gpio_mio_interrupt/gpio_mio_interrupt.sdk/system_wrapper_hw_platform_0/system.hdf'.
18:32:50 INFO  : 'configparams force-mem-access 1' command is executed.
18:32:50 INFO  : Context for 'APU' is selected.
18:32:51 INFO  : 'stop' command is executed.
18:32:51 INFO  : 'ps7_init' command is executed.
18:32:51 INFO  : 'ps7_post_config' command is executed.
18:32:51 INFO  : Context for processor 'ps7_cortexa9_0' is selected.
18:32:51 INFO  : Processor reset is completed for 'ps7_cortexa9_0'.
18:32:51 INFO  : Context for processor 'ps7_cortexa9_0' is selected.
18:32:51 INFO  : The application 'C:/Users/Admin/Desktop/VIVADO_Projects/PS/gpio_mio_interrupt/gpio_mio_interrupt.sdk/gpio_mio_interrupt/Debug/gpio_mio_interrupt.elf' is downloaded to processor 'ps7_cortexa9_0'.
18:32:51 INFO  : 'configparams force-mem-access 0' command is executed.
18:32:51 INFO  : ----------------XSDB Script----------------
connect -url tcp:127.0.0.1:3121
source C:/Users/Admin/Desktop/VIVADO_Projects/PS/gpio_mio_interrupt/gpio_mio_interrupt.sdk/system_wrapper_hw_platform_0/ps7_init.tcl
targets -set -nocase -filter {name =~"APU*" && jtag_cable_name =~ "Digilent JTAG-SMT3 210357A7D00EA"} -index 0
loadhw -hw C:/Users/Admin/Desktop/VIVADO_Projects/PS/gpio_mio_interrupt/gpio_mio_interrupt.sdk/system_wrapper_hw_platform_0/system.hdf -mem-ranges [list {0x40000000 0xbfffffff}]
configparams force-mem-access 1
targets -set -nocase -filter {name =~"APU*" && jtag_cable_name =~ "Digilent JTAG-SMT3 210357A7D00EA"} -index 0
stop
ps7_init
ps7_post_config
targets -set -nocase -filter {name =~ "ARM*#0" && jtag_cable_name =~ "Digilent JTAG-SMT3 210357A7D00EA"} -index 0
rst -processor
targets -set -nocase -filter {name =~ "ARM*#0" && jtag_cable_name =~ "Digilent JTAG-SMT3 210357A7D00EA"} -index 0
dow C:/Users/Admin/Desktop/VIVADO_Projects/PS/gpio_mio_interrupt/gpio_mio_interrupt.sdk/gpio_mio_interrupt/Debug/gpio_mio_interrupt.elf
configparams force-mem-access 0
----------------End of Script----------------

18:32:51 INFO  : Context for processor 'ps7_cortexa9_0' is selected.
18:32:51 INFO  : 'con' command is executed.
18:32:51 INFO  : ----------------XSDB Script (After Launch)----------------
targets -set -nocase -filter {name =~ "ARM*#0" && jtag_cable_name =~ "Digilent JTAG-SMT3 210357A7D00EA"} -index 0
con
----------------End of Script----------------

18:32:51 INFO  : Launch script is exported to file 'C:\Users\Admin\Desktop\VIVADO_Projects\PS\gpio_mio_interrupt\gpio_mio_interrupt.sdk\.sdk\launch_scripts\xilinx_c-c++_application_(system_debugger)\system_debugger_using_debug_gpio_mio_interrupt.elf_on_local.tcl'
18:33:41 INFO  : Disconnected from the channel tcfchan#22.
18:33:42 INFO  : Connected to target on host '127.0.0.1' and port '3121'.
18:33:42 INFO  : Jtag cable 'Digilent JTAG-SMT3 210357A7D00EA' is selected.
18:33:42 INFO  : 'jtag frequency' command is executed.
18:33:43 INFO  : Sourcing of 'C:/Users/Admin/Desktop/VIVADO_Projects/PS/gpio_mio_interrupt/gpio_mio_interrupt.sdk/system_wrapper_hw_platform_0/ps7_init.tcl' is done.
18:33:43 INFO  : Context for 'APU' is selected.
18:33:43 INFO  : Hardware design information is loaded from 'C:/Users/Admin/Desktop/VIVADO_Projects/PS/gpio_mio_interrupt/gpio_mio_interrupt.sdk/system_wrapper_hw_platform_0/system.hdf'.
18:33:43 INFO  : 'configparams force-mem-access 1' command is executed.
18:33:43 INFO  : Context for 'APU' is selected.
18:33:43 INFO  : 'stop' command is executed.
18:33:44 INFO  : 'ps7_init' command is executed.
18:33:44 INFO  : 'ps7_post_config' command is executed.
18:33:44 INFO  : Context for processor 'ps7_cortexa9_0' is selected.
18:33:44 INFO  : Processor reset is completed for 'ps7_cortexa9_0'.
18:33:44 INFO  : Context for processor 'ps7_cortexa9_0' is selected.
18:33:44 INFO  : The application 'C:/Users/Admin/Desktop/VIVADO_Projects/PS/gpio_mio_interrupt/gpio_mio_interrupt.sdk/gpio_mio_interrupt/Debug/gpio_mio_interrupt.elf' is downloaded to processor 'ps7_cortexa9_0'.
18:33:44 INFO  : 'configparams force-mem-access 0' command is executed.
18:33:44 INFO  : ----------------XSDB Script----------------
connect -url tcp:127.0.0.1:3121
source C:/Users/Admin/Desktop/VIVADO_Projects/PS/gpio_mio_interrupt/gpio_mio_interrupt.sdk/system_wrapper_hw_platform_0/ps7_init.tcl
targets -set -nocase -filter {name =~"APU*" && jtag_cable_name =~ "Digilent JTAG-SMT3 210357A7D00EA"} -index 0
loadhw -hw C:/Users/Admin/Desktop/VIVADO_Projects/PS/gpio_mio_interrupt/gpio_mio_interrupt.sdk/system_wrapper_hw_platform_0/system.hdf -mem-ranges [list {0x40000000 0xbfffffff}]
configparams force-mem-access 1
targets -set -nocase -filter {name =~"APU*" && jtag_cable_name =~ "Digilent JTAG-SMT3 210357A7D00EA"} -index 0
stop
ps7_init
ps7_post_config
targets -set -nocase -filter {name =~ "ARM*#0" && jtag_cable_name =~ "Digilent JTAG-SMT3 210357A7D00EA"} -index 0
rst -processor
targets -set -nocase -filter {name =~ "ARM*#0" && jtag_cable_name =~ "Digilent JTAG-SMT3 210357A7D00EA"} -index 0
dow C:/Users/Admin/Desktop/VIVADO_Projects/PS/gpio_mio_interrupt/gpio_mio_interrupt.sdk/gpio_mio_interrupt/Debug/gpio_mio_interrupt.elf
configparams force-mem-access 0
----------------End of Script----------------

18:33:44 INFO  : Context for processor 'ps7_cortexa9_0' is selected.
18:33:44 INFO  : 'con' command is executed.
18:33:44 INFO  : ----------------XSDB Script (After Launch)----------------
targets -set -nocase -filter {name =~ "ARM*#0" && jtag_cable_name =~ "Digilent JTAG-SMT3 210357A7D00EA"} -index 0
con
----------------End of Script----------------

18:33:44 INFO  : Launch script is exported to file 'C:\Users\Admin\Desktop\VIVADO_Projects\PS\gpio_mio_interrupt\gpio_mio_interrupt.sdk\.sdk\launch_scripts\xilinx_c-c++_application_(system_debugger)\system_debugger_using_debug_gpio_mio_interrupt.elf_on_local.tcl'
18:35:09 INFO  : Disconnected from the channel tcfchan#23.
18:35:10 INFO  : Connected to target on host '127.0.0.1' and port '3121'.
18:35:11 INFO  : Jtag cable 'Digilent JTAG-SMT3 210357A7D00EA' is selected.
18:35:11 INFO  : 'jtag frequency' command is executed.
18:35:11 INFO  : Sourcing of 'C:/Users/Admin/Desktop/VIVADO_Projects/PS/gpio_mio_interrupt/gpio_mio_interrupt.sdk/system_wrapper_hw_platform_0/ps7_init.tcl' is done.
18:35:11 INFO  : Context for 'APU' is selected.
18:35:11 INFO  : Hardware design information is loaded from 'C:/Users/Admin/Desktop/VIVADO_Projects/PS/gpio_mio_interrupt/gpio_mio_interrupt.sdk/system_wrapper_hw_platform_0/system.hdf'.
18:35:11 INFO  : 'configparams force-mem-access 1' command is executed.
18:35:11 INFO  : Context for 'APU' is selected.
18:35:11 INFO  : 'stop' command is executed.
18:35:12 INFO  : 'ps7_init' command is executed.
18:35:12 INFO  : 'ps7_post_config' command is executed.
18:35:12 INFO  : Context for processor 'ps7_cortexa9_0' is selected.
18:35:12 INFO  : Processor reset is completed for 'ps7_cortexa9_0'.
18:35:12 INFO  : Context for processor 'ps7_cortexa9_0' is selected.
18:35:12 INFO  : The application 'C:/Users/Admin/Desktop/VIVADO_Projects/PS/gpio_mio_interrupt/gpio_mio_interrupt.sdk/gpio_mio_interrupt/Debug/gpio_mio_interrupt.elf' is downloaded to processor 'ps7_cortexa9_0'.
18:35:12 INFO  : 'configparams force-mem-access 0' command is executed.
18:35:12 INFO  : ----------------XSDB Script----------------
connect -url tcp:127.0.0.1:3121
source C:/Users/Admin/Desktop/VIVADO_Projects/PS/gpio_mio_interrupt/gpio_mio_interrupt.sdk/system_wrapper_hw_platform_0/ps7_init.tcl
targets -set -nocase -filter {name =~"APU*" && jtag_cable_name =~ "Digilent JTAG-SMT3 210357A7D00EA"} -index 0
loadhw -hw C:/Users/Admin/Desktop/VIVADO_Projects/PS/gpio_mio_interrupt/gpio_mio_interrupt.sdk/system_wrapper_hw_platform_0/system.hdf -mem-ranges [list {0x40000000 0xbfffffff}]
configparams force-mem-access 1
targets -set -nocase -filter {name =~"APU*" && jtag_cable_name =~ "Digilent JTAG-SMT3 210357A7D00EA"} -index 0
stop
ps7_init
ps7_post_config
targets -set -nocase -filter {name =~ "ARM*#0" && jtag_cable_name =~ "Digilent JTAG-SMT3 210357A7D00EA"} -index 0
rst -processor
targets -set -nocase -filter {name =~ "ARM*#0" && jtag_cable_name =~ "Digilent JTAG-SMT3 210357A7D00EA"} -index 0
dow C:/Users/Admin/Desktop/VIVADO_Projects/PS/gpio_mio_interrupt/gpio_mio_interrupt.sdk/gpio_mio_interrupt/Debug/gpio_mio_interrupt.elf
configparams force-mem-access 0
----------------End of Script----------------

18:35:12 INFO  : Context for processor 'ps7_cortexa9_0' is selected.
18:35:12 INFO  : 'con' command is executed.
18:35:12 INFO  : ----------------XSDB Script (After Launch)----------------
targets -set -nocase -filter {name =~ "ARM*#0" && jtag_cable_name =~ "Digilent JTAG-SMT3 210357A7D00EA"} -index 0
con
----------------End of Script----------------

18:35:12 INFO  : Launch script is exported to file 'C:\Users\Admin\Desktop\VIVADO_Projects\PS\gpio_mio_interrupt\gpio_mio_interrupt.sdk\.sdk\launch_scripts\xilinx_c-c++_application_(system_debugger)\system_debugger_using_debug_gpio_mio_interrupt.elf_on_local.tcl'
18:36:24 INFO  : Disconnected from the channel tcfchan#24.
18:36:25 INFO  : Connected to target on host '127.0.0.1' and port '3121'.
18:36:26 INFO  : Jtag cable 'Digilent JTAG-SMT3 210357A7D00EA' is selected.
18:36:26 INFO  : 'jtag frequency' command is executed.
18:36:26 INFO  : Sourcing of 'C:/Users/Admin/Desktop/VIVADO_Projects/PS/gpio_mio_interrupt/gpio_mio_interrupt.sdk/system_wrapper_hw_platform_0/ps7_init.tcl' is done.
18:36:26 INFO  : Context for 'APU' is selected.
18:36:27 INFO  : Hardware design information is loaded from 'C:/Users/Admin/Desktop/VIVADO_Projects/PS/gpio_mio_interrupt/gpio_mio_interrupt.sdk/system_wrapper_hw_platform_0/system.hdf'.
18:36:27 INFO  : 'configparams force-mem-access 1' command is executed.
18:36:27 INFO  : Context for 'APU' is selected.
18:36:27 INFO  : 'stop' command is executed.
18:36:27 INFO  : 'ps7_init' command is executed.
18:36:27 INFO  : 'ps7_post_config' command is executed.
18:36:27 INFO  : Context for processor 'ps7_cortexa9_0' is selected.
18:36:27 INFO  : Processor reset is completed for 'ps7_cortexa9_0'.
18:36:27 INFO  : Context for processor 'ps7_cortexa9_0' is selected.
18:36:27 INFO  : The application 'C:/Users/Admin/Desktop/VIVADO_Projects/PS/gpio_mio_interrupt/gpio_mio_interrupt.sdk/gpio_mio_interrupt/Debug/gpio_mio_interrupt.elf' is downloaded to processor 'ps7_cortexa9_0'.
18:36:27 INFO  : 'configparams force-mem-access 0' command is executed.
18:36:27 INFO  : ----------------XSDB Script----------------
connect -url tcp:127.0.0.1:3121
source C:/Users/Admin/Desktop/VIVADO_Projects/PS/gpio_mio_interrupt/gpio_mio_interrupt.sdk/system_wrapper_hw_platform_0/ps7_init.tcl
targets -set -nocase -filter {name =~"APU*" && jtag_cable_name =~ "Digilent JTAG-SMT3 210357A7D00EA"} -index 0
loadhw -hw C:/Users/Admin/Desktop/VIVADO_Projects/PS/gpio_mio_interrupt/gpio_mio_interrupt.sdk/system_wrapper_hw_platform_0/system.hdf -mem-ranges [list {0x40000000 0xbfffffff}]
configparams force-mem-access 1
targets -set -nocase -filter {name =~"APU*" && jtag_cable_name =~ "Digilent JTAG-SMT3 210357A7D00EA"} -index 0
stop
ps7_init
ps7_post_config
targets -set -nocase -filter {name =~ "ARM*#0" && jtag_cable_name =~ "Digilent JTAG-SMT3 210357A7D00EA"} -index 0
rst -processor
targets -set -nocase -filter {name =~ "ARM*#0" && jtag_cable_name =~ "Digilent JTAG-SMT3 210357A7D00EA"} -index 0
dow C:/Users/Admin/Desktop/VIVADO_Projects/PS/gpio_mio_interrupt/gpio_mio_interrupt.sdk/gpio_mio_interrupt/Debug/gpio_mio_interrupt.elf
configparams force-mem-access 0
----------------End of Script----------------

18:36:27 INFO  : Context for processor 'ps7_cortexa9_0' is selected.
18:36:27 INFO  : 'con' command is executed.
18:36:27 INFO  : ----------------XSDB Script (After Launch)----------------
targets -set -nocase -filter {name =~ "ARM*#0" && jtag_cable_name =~ "Digilent JTAG-SMT3 210357A7D00EA"} -index 0
con
----------------End of Script----------------

18:36:27 INFO  : Launch script is exported to file 'C:\Users\Admin\Desktop\VIVADO_Projects\PS\gpio_mio_interrupt\gpio_mio_interrupt.sdk\.sdk\launch_scripts\xilinx_c-c++_application_(system_debugger)\system_debugger_using_debug_gpio_mio_interrupt.elf_on_local.tcl'
18:36:51 INFO  : Disconnected from the channel tcfchan#25.
18:36:52 INFO  : Connected to target on host '127.0.0.1' and port '3121'.
18:36:52 INFO  : Jtag cable 'Digilent JTAG-SMT3 210357A7D00EA' is selected.
18:36:52 INFO  : 'jtag frequency' command is executed.
18:36:52 INFO  : Sourcing of 'C:/Users/Admin/Desktop/VIVADO_Projects/PS/gpio_mio_interrupt/gpio_mio_interrupt.sdk/system_wrapper_hw_platform_0/ps7_init.tcl' is done.
18:36:52 INFO  : Context for 'APU' is selected.
18:36:53 INFO  : Hardware design information is loaded from 'C:/Users/Admin/Desktop/VIVADO_Projects/PS/gpio_mio_interrupt/gpio_mio_interrupt.sdk/system_wrapper_hw_platform_0/system.hdf'.
18:36:53 INFO  : 'configparams force-mem-access 1' command is executed.
18:36:53 INFO  : Context for 'APU' is selected.
18:36:53 INFO  : 'stop' command is executed.
18:36:53 INFO  : 'ps7_init' command is executed.
18:36:53 INFO  : 'ps7_post_config' command is executed.
18:36:53 INFO  : Context for processor 'ps7_cortexa9_0' is selected.
18:36:53 INFO  : Processor reset is completed for 'ps7_cortexa9_0'.
18:36:53 INFO  : Context for processor 'ps7_cortexa9_0' is selected.
18:36:53 INFO  : The application 'C:/Users/Admin/Desktop/VIVADO_Projects/PS/gpio_mio_interrupt/gpio_mio_interrupt.sdk/gpio_mio_interrupt/Debug/gpio_mio_interrupt.elf' is downloaded to processor 'ps7_cortexa9_0'.
18:36:53 INFO  : 'configparams force-mem-access 0' command is executed.
18:36:53 INFO  : ----------------XSDB Script----------------
connect -url tcp:127.0.0.1:3121
source C:/Users/Admin/Desktop/VIVADO_Projects/PS/gpio_mio_interrupt/gpio_mio_interrupt.sdk/system_wrapper_hw_platform_0/ps7_init.tcl
targets -set -nocase -filter {name =~"APU*" && jtag_cable_name =~ "Digilent JTAG-SMT3 210357A7D00EA"} -index 0
loadhw -hw C:/Users/Admin/Desktop/VIVADO_Projects/PS/gpio_mio_interrupt/gpio_mio_interrupt.sdk/system_wrapper_hw_platform_0/system.hdf -mem-ranges [list {0x40000000 0xbfffffff}]
configparams force-mem-access 1
targets -set -nocase -filter {name =~"APU*" && jtag_cable_name =~ "Digilent JTAG-SMT3 210357A7D00EA"} -index 0
stop
ps7_init
ps7_post_config
targets -set -nocase -filter {name =~ "ARM*#0" && jtag_cable_name =~ "Digilent JTAG-SMT3 210357A7D00EA"} -index 0
rst -processor
targets -set -nocase -filter {name =~ "ARM*#0" && jtag_cable_name =~ "Digilent JTAG-SMT3 210357A7D00EA"} -index 0
dow C:/Users/Admin/Desktop/VIVADO_Projects/PS/gpio_mio_interrupt/gpio_mio_interrupt.sdk/gpio_mio_interrupt/Debug/gpio_mio_interrupt.elf
configparams force-mem-access 0
----------------End of Script----------------

18:36:54 INFO  : Context for processor 'ps7_cortexa9_0' is selected.
18:36:54 INFO  : 'con' command is executed.
18:36:54 INFO  : ----------------XSDB Script (After Launch)----------------
targets -set -nocase -filter {name =~ "ARM*#0" && jtag_cable_name =~ "Digilent JTAG-SMT3 210357A7D00EA"} -index 0
con
----------------End of Script----------------

18:36:54 INFO  : Launch script is exported to file 'C:\Users\Admin\Desktop\VIVADO_Projects\PS\gpio_mio_interrupt\gpio_mio_interrupt.sdk\.sdk\launch_scripts\xilinx_c-c++_application_(system_debugger)\system_debugger_using_debug_gpio_mio_interrupt.elf_on_local.tcl'
18:37:54 INFO  : Disconnected from the channel tcfchan#26.
18:37:55 INFO  : Connected to target on host '127.0.0.1' and port '3121'.
18:37:56 INFO  : Jtag cable 'Digilent JTAG-SMT3 210357A7D00EA' is selected.
18:37:56 INFO  : 'jtag frequency' command is executed.
18:37:56 INFO  : Sourcing of 'C:/Users/Admin/Desktop/VIVADO_Projects/PS/gpio_mio_interrupt/gpio_mio_interrupt.sdk/system_wrapper_hw_platform_0/ps7_init.tcl' is done.
18:37:56 INFO  : Context for 'APU' is selected.
18:37:56 INFO  : Hardware design information is loaded from 'C:/Users/Admin/Desktop/VIVADO_Projects/PS/gpio_mio_interrupt/gpio_mio_interrupt.sdk/system_wrapper_hw_platform_0/system.hdf'.
18:37:56 INFO  : 'configparams force-mem-access 1' command is executed.
18:37:56 INFO  : Context for 'APU' is selected.
18:37:56 INFO  : 'stop' command is executed.
18:37:57 INFO  : 'ps7_init' command is executed.
18:37:57 INFO  : 'ps7_post_config' command is executed.
18:37:57 INFO  : Context for processor 'ps7_cortexa9_0' is selected.
18:37:57 INFO  : Processor reset is completed for 'ps7_cortexa9_0'.
18:37:57 INFO  : Context for processor 'ps7_cortexa9_0' is selected.
18:37:57 INFO  : The application 'C:/Users/Admin/Desktop/VIVADO_Projects/PS/gpio_mio_interrupt/gpio_mio_interrupt.sdk/gpio_mio_interrupt/Debug/gpio_mio_interrupt.elf' is downloaded to processor 'ps7_cortexa9_0'.
18:37:57 INFO  : 'configparams force-mem-access 0' command is executed.
18:37:57 INFO  : ----------------XSDB Script----------------
connect -url tcp:127.0.0.1:3121
source C:/Users/Admin/Desktop/VIVADO_Projects/PS/gpio_mio_interrupt/gpio_mio_interrupt.sdk/system_wrapper_hw_platform_0/ps7_init.tcl
targets -set -nocase -filter {name =~"APU*" && jtag_cable_name =~ "Digilent JTAG-SMT3 210357A7D00EA"} -index 0
loadhw -hw C:/Users/Admin/Desktop/VIVADO_Projects/PS/gpio_mio_interrupt/gpio_mio_interrupt.sdk/system_wrapper_hw_platform_0/system.hdf -mem-ranges [list {0x40000000 0xbfffffff}]
configparams force-mem-access 1
targets -set -nocase -filter {name =~"APU*" && jtag_cable_name =~ "Digilent JTAG-SMT3 210357A7D00EA"} -index 0
stop
ps7_init
ps7_post_config
targets -set -nocase -filter {name =~ "ARM*#0" && jtag_cable_name =~ "Digilent JTAG-SMT3 210357A7D00EA"} -index 0
rst -processor
targets -set -nocase -filter {name =~ "ARM*#0" && jtag_cable_name =~ "Digilent JTAG-SMT3 210357A7D00EA"} -index 0
dow C:/Users/Admin/Desktop/VIVADO_Projects/PS/gpio_mio_interrupt/gpio_mio_interrupt.sdk/gpio_mio_interrupt/Debug/gpio_mio_interrupt.elf
configparams force-mem-access 0
----------------End of Script----------------

18:37:57 INFO  : Context for processor 'ps7_cortexa9_0' is selected.
18:37:57 INFO  : 'con' command is executed.
18:37:57 INFO  : ----------------XSDB Script (After Launch)----------------
targets -set -nocase -filter {name =~ "ARM*#0" && jtag_cable_name =~ "Digilent JTAG-SMT3 210357A7D00EA"} -index 0
con
----------------End of Script----------------

18:37:57 INFO  : Launch script is exported to file 'C:\Users\Admin\Desktop\VIVADO_Projects\PS\gpio_mio_interrupt\gpio_mio_interrupt.sdk\.sdk\launch_scripts\xilinx_c-c++_application_(system_debugger)\system_debugger_using_debug_gpio_mio_interrupt.elf_on_local.tcl'
18:50:49 INFO  : Disconnected from the channel tcfchan#27.
15:58:24 INFO  : Registering command handlers for SDK TCF services
15:58:24 INFO  : Launching XSCT server: xsct.bat -interactive C:\Users\Admin\Desktop\VIVADO_Projects\PS\gpio_mio_interrupt\gpio_mio_interrupt.sdk\temp_xsdb_launch_script.tcl
15:58:25 INFO  : XSCT server has started successfully.
15:58:25 INFO  : Successfully done setting XSCT server connection channel  
15:58:25 INFO  : Successfully done setting SDK workspace  
15:58:25 INFO  : Processing command line option -hwspec C:/Users/Admin/Desktop/VIVADO_Projects/PS/gpio_mio_interrupt/gpio_mio_interrupt.sdk/system_wrapper.hdf.
15:58:25 INFO  : Checking for hwspec changes in the project system_wrapper_hw_platform_0.
16:10:45 INFO  : Registering command handlers for SDK TCF services
16:10:46 INFO  : Launching XSCT server: xsct.bat -interactive C:\Users\Admin\Desktop\VIVADO_Projects\PS\gpio_mio_interrupt\gpio_mio_interrupt.sdk\temp_xsdb_launch_script.tcl
16:10:48 INFO  : XSCT server has started successfully.
16:10:48 INFO  : Successfully done setting XSCT server connection channel  
16:10:48 INFO  : Successfully done setting SDK workspace  
16:10:48 INFO  : Processing command line option -hwspec C:/Users/Admin/Desktop/VIVADO_Projects/PS/gpio_mio_interrupt/gpio_mio_interrupt.sdk/system_wrapper.hdf.
16:10:48 INFO  : Checking for hwspec changes in the project system_wrapper_hw_platform_0.
16:20:59 INFO  : Registering command handlers for SDK TCF services
16:21:00 INFO  : Launching XSCT server: xsct.bat -interactive C:\Users\Admin\Desktop\VIVADO_Projects\PS\gpio_mio_interrupt\gpio_mio_interrupt.sdk\temp_xsdb_launch_script.tcl
16:21:01 INFO  : XSCT server has started successfully.
16:21:01 INFO  : Successfully done setting XSCT server connection channel  
16:21:01 INFO  : Successfully done setting SDK workspace  
16:21:01 INFO  : Processing command line option -hwspec C:/Users/Admin/Desktop/VIVADO_Projects/PS/gpio_mio_interrupt/gpio_mio_interrupt.sdk/system_wrapper.hdf.
16:21:01 INFO  : Checking for hwspec changes in the project system_wrapper_hw_platform_0.
