#-----------------------------------------------------------
# Vivado v2018.3 (64-bit)
# SW Build 2405991 on Thu Dec  6 23:38:27 MST 2018
# IP Build 2404404 on Fri Dec  7 01:43:56 MST 2018
# Start of session at: Fri Nov 28 16:20:36 2025
# Process ID: 21344
# Current directory: C:/Users/Admin/Desktop/VIVADO_Projects/PS/gpio_mio_interrupt
# Command line: vivado.exe -gui_launcher_event rodinguilauncherevent14032 C:\Users\Admin\Desktop\VIVADO_Projects\PS\gpio_mio_interrupt\gpio_mio_interrupt.xpr
# Log file: C:/Users/Admin/Desktop/VIVADO_Projects/PS/gpio_mio_interrupt/vivado.log
# Journal file: C:/Users/Admin/Desktop/VIVADO_Projects/PS/gpio_mio_interrupt\vivado.jou
#-----------------------------------------------------------
start_gui
open_project C:/Users/Admin/Desktop/VIVADO_Projects/PS/gpio_mio_interrupt/gpio_mio_interrupt.xpr
Scanning sources...
Finished scanning sources
INFO: [IP_Flow 19-234] Refreshing IP repositories
INFO: [IP_Flow 19-1704] No user IP repositories specified
INFO: [IP_Flow 19-2313] Loaded Vivado IP repository 'D:/Xilinx/Vivado/2018.3/data/ip'.
launch_sdk -workspace C:/Users/Admin/Desktop/VIVADO_Projects/PS/gpio_mio_interrupt/gpio_mio_interrupt.sdk -hwspec C:/Users/Admin/Desktop/VIVADO_Projects/PS/gpio_mio_interrupt/gpio_mio_interrupt.sdk/system_wrapper.hdf
INFO: [Vivado 12-393] Launching SDK...
INFO: [Vivado 12-417] Running xsdk -workspace C:/Users/Admin/Desktop/VIVADO_Projects/PS/gpio_mio_interrupt/gpio_mio_interrupt.sdk -hwspec C:/Users/Admin/Desktop/VIVADO_Projects/PS/gpio_mio_interrupt/gpio_mio_interrupt.sdk/system_wrapper.hdf
INFO: [Vivado 12-3157] SDK launch initiated. Please check console for any further messages.
update_compile_order -fileset sources_1
exit
INFO: [Common 17-206] Exiting Vivado at Fri Nov 28 16:29:14 2025...
