#-----------------------------------------------------------
# Vivado v2018.3 (64-bit)
# SW Build 2405991 on Thu Dec  6 23:38:27 MST 2018
# IP Build 2404404 on Fri Dec  7 01:43:56 MST 2018
# Start of session at: Tue Oct 28 15:42:36 2025
# Process ID: 21828
# Current directory: E:/VIVADO_Projects/breath_led
# Command line: vivado.exe -gui_launcher_event rodinguilauncherevent14072 E:\VIVADO_Projects\breath_led\breath_led.xpr
# Log file: E:/VIVADO_Projects/breath_led/vivado.log
# Journal file: E:/VIVADO_Projects/breath_led\vivado.jou
#-----------------------------------------------------------
start_gui
open_project E:/VIVADO_Projects/breath_led/breath_led.xpr
Scanning sources...
Finished scanning sources
INFO: [IP_Flow 19-234] Refreshing IP repositories
INFO: [IP_Flow 19-1704] No user IP repositories specified
INFO: [IP_Flow 19-2313] Loaded Vivado IP repository 'D:/Xilinx/Vivado/2018.3/data/ip'.
update_compile_order -fileset sources_1
launch_simulation
INFO: [Vivado 12-5682] Launching behavioral simulation in 'E:/VIVADO_Projects/breath_led/breath_led.sim/sim_1/behav/xsim'
INFO: [SIM-utils-51] Simulation object is 'sim_1'
INFO: [SIM-utils-54] Inspecting design source files for 'breath_led_tb' in fileset 'sim_1'...
INFO: [USF-XSim-97] Finding global include files...
INFO: [USF-XSim-98] Fetching design files from 'sim_1'...
INFO: [USF-XSim-2] XSim::Compile design
INFO: [USF-XSim-61] Executing 'COMPILE and ANALYZE' step in 'E:/VIVADO_Projects/breath_led/breath_led.sim/sim_1/behav/xsim'
"xvlog --incr --relax -prj breath_led_tb_vlog.prj"
INFO: [VRFC 10-2263] Analyzing Verilog file "E:/VIVADO_Projects/breath_led/breath_led.srcs/sources_1/new/breath_led.v" into library xil_defaultlib
INFO: [VRFC 10-311] analyzing module breath_led
INFO: [VRFC 10-2263] Analyzing Verilog file "E:/VIVADO_Projects/breath_led/breath_led.srcs/sim_1/new/breath_led_tb.v" into library xil_defaultlib
INFO: [VRFC 10-311] analyzing module breath_led_tb
INFO: [VRFC 10-2263] Analyzing Verilog file "E:/VIVADO_Projects/breath_led/breath_led.sim/sim_1/behav/xsim/glbl.v" into library xil_defaultlib
INFO: [VRFC 10-311] analyzing module glbl
INFO: [USF-XSim-69] 'compile' step finished in '1' seconds
INFO: [USF-XSim-3] XSim::Elaborate design
INFO: [USF-XSim-61] Executing 'ELABORATE' step in 'E:/VIVADO_Projects/breath_led/breath_led.sim/sim_1/behav/xsim'
Vivado Simulator 2018.3
Copyright 1986-1999, 2001-2018 Xilinx, Inc. All Rights Reserved.
Running: D:/Xilinx/Vivado/2018.3/bin/unwrapped/win64.o/xelab.exe -wto c862475622f642bc80f29a1743fdc53d --incr --debug typical --relax --mt 2 -L xil_defaultlib -L unisims_ver -L unimacro_ver -L secureip --snapshot breath_led_tb_behav xil_defaultlib.breath_led_tb xil_defaultlib.glbl -log elaborate.log 
Using 2 slave threads.
Starting static elaboration
Completed static elaboration
Starting simulation data flow analysis
Completed simulation data flow analysis
Time Resolution for simulation is 1ps
Compiling module xil_defaultlib.breath_led
Compiling module xil_defaultlib.breath_led_tb
Compiling module xil_defaultlib.glbl
Built simulation snapshot breath_led_tb_behav

****** Webtalk v2018.3 (64-bit)
  **** SW Build 2405991 on Thu Dec  6 23:38:27 MST 2018
  **** IP Build 2404404 on Fri Dec  7 01:43:56 MST 2018
    ** Copyright 1986-2018 Xilinx, Inc. All Rights Reserved.

source E:/VIVADO_Projects/breath_led/breath_led.sim/sim_1/behav/xsim/xsim.dir/breath_led_tb_behav/webtalk/xsim_webtalk.tcl -notrace
INFO: [Common 17-206] Exiting Webtalk at Tue Oct 28 15:45:08 2025...
INFO: [USF-XSim-69] 'elaborate' step finished in '3' seconds
INFO: [USF-XSim-4] XSim::Simulate design
INFO: [USF-XSim-61] Executing 'SIMULATE' step in 'E:/VIVADO_Projects/breath_led/breath_led.sim/sim_1/behav/xsim'
INFO: [USF-XSim-98] *** Running xsim
   with args "breath_led_tb_behav -key {Behavioral:sim_1:Functional:breath_led_tb} -tclbatch {breath_led_tb.tcl} -log {simulate.log}"
INFO: [USF-XSim-8] Loading simulator feature
Vivado Simulator 2018.3
Time resolution is 1 ps
source breath_led_tb.tcl
# set curr_wave [current_wave_config]
# if { [string length $curr_wave] == 0 } {
#   if { [llength [get_objects]] > 0} {
#     add_wave /
#     set_property needs_save false [current_wave_config]
#   } else {
#      send_msg_id Add_Wave-1 WARNING "No top level signals found. Simulator will start without a wave window. If you want to open a wave window go to 'File->New Waveform Configuration' or type 'create_wave_config' in the TCL console."
#   }
# }
# run 1000ns
INFO: [USF-XSim-96] XSim completed. Design snapshot 'breath_led_tb_behav' loaded.
INFO: [USF-XSim-97] XSim simulation ran for 1000ns
launch_simulation: Time (s): cpu = 00:00:05 ; elapsed = 00:00:09 . Memory (MB): peak = 883.180 ; gain = 4.332
run all
run: Time (s): cpu = 00:00:14 ; elapsed = 00:00:11 . Memory (MB): peak = 887.715 ; gain = 0.000
reset_run synth_1
WARNING: [Vivado 12-1017] Problems encountered:
1. Failed to delete one or more files in run directory E:/VIVADO_Projects/breath_led/breath_led.runs/synth_1

launch_runs impl_1 -to_step write_bitstream -jobs 8
[Tue Oct 28 15:51:18 2025] Launched synth_1...
Run output will be captured here: E:/VIVADO_Projects/breath_led/breath_led.runs/synth_1/runme.log
[Tue Oct 28 15:51:18 2025] Launched impl_1...
Run output will be captured here: E:/VIVADO_Projects/breath_led/breath_led.runs/impl_1/runme.log
reset_run impl_1 -prev_step 
launch_runs impl_1 -to_step write_bitstream -jobs 8
WARNING: [Vivado 12-872] Run step 'Design Initialization' is out-of-date.
[Tue Oct 28 15:52:58 2025] Launched impl_1...
Run output will be captured here: E:/VIVADO_Projects/breath_led/breath_led.runs/impl_1/runme.log
open_hw
connect_hw_server
INFO: [Labtools 27-2285] Connecting to hw_server url TCP:localhost:3121
INFO: [Labtools 27-2222] Launching hw_server...
INFO: [Labtools 27-2221] Launch Output:

****** Xilinx hw_server v2018.3
  **** Build date : Dec  7 2018-00:40:27
    ** Copyright 1986-2018 Xilinx, Inc. All Rights Reserved.


open_hw_target
INFO: [Labtoolstcl 44-466] Opening hw_target localhost:3121/xilinx_tcf/Digilent/210357A7D00EA
set_property PROGRAM.FILE {E:/VIVADO_Projects/breath_led/breath_led.runs/impl_1/breath_led.bit} [get_hw_devices xc7z020_1]
current_hw_device [get_hw_devices xc7z020_1]
refresh_hw_device -update_hw_probes false [lindex [get_hw_devices xc7z020_1] 0]
INFO: [Labtools 27-1435] Device xc7z020 (JTAG device index = 1) is not programmed (DONE status = 0).
set_property PROBES.FILE {} [get_hw_devices xc7z020_1]
set_property FULL_PROBES.FILE {} [get_hw_devices xc7z020_1]
set_property PROGRAM.FILE {E:/VIVADO_Projects/breath_led/breath_led.runs/impl_1/breath_led.bit} [get_hw_devices xc7z020_1]
program_hw_devices [get_hw_devices xc7z020_1]
INFO: [Labtools 27-3164] End of startup status: HIGH
refresh_hw_device [lindex [get_hw_devices xc7z020_1] 0]
INFO: [Labtools 27-1434] Device xc7z020 (JTAG device index = 1) is programmed with a design that has no supported debug core(s) in it.
set_property PROBES.FILE {} [get_hw_devices xc7z020_1]
set_property FULL_PROBES.FILE {} [get_hw_devices xc7z020_1]
set_property PROGRAM.FILE {E:/VIVADO_Projects/breath_led/breath_led.runs/impl_1/breath_led.bit} [get_hw_devices xc7z020_1]
program_hw_devices [get_hw_devices xc7z020_1]
INFO: [Labtools 27-3164] End of startup status: HIGH
refresh_hw_device [lindex [get_hw_devices xc7z020_1] 0]
INFO: [Labtools 27-1434] Device xc7z020 (JTAG device index = 1) is programmed with a design that has no supported debug core(s) in it.
reset_run synth_1
WARNING: [Vivado 12-1017] Problems encountered:
1. Failed to delete one or more files in run directory E:/VIVADO_Projects/breath_led/breath_led.runs/synth_1

launch_runs impl_1 -to_step write_bitstream -jobs 8
[Tue Oct 28 15:58:59 2025] Launched synth_1...
Run output will be captured here: E:/VIVADO_Projects/breath_led/breath_led.runs/synth_1/runme.log
[Tue Oct 28 15:58:59 2025] Launched impl_1...
Run output will be captured here: E:/VIVADO_Projects/breath_led/breath_led.runs/impl_1/runme.log
set_property PROBES.FILE {} [get_hw_devices xc7z020_1]
set_property FULL_PROBES.FILE {} [get_hw_devices xc7z020_1]
set_property PROGRAM.FILE {E:/VIVADO_Projects/breath_led/breath_led.runs/impl_1/breath_led.bit} [get_hw_devices xc7z020_1]
program_hw_devices [get_hw_devices xc7z020_1]
INFO: [Labtools 27-3164] End of startup status: HIGH
refresh_hw_device [lindex [get_hw_devices xc7z020_1] 0]
INFO: [Labtools 27-1434] Device xc7z020 (JTAG device index = 1) is programmed with a design that has no supported debug core(s) in it.
reset_run impl_1 -prev_step 
launch_runs impl_1 -to_step write_bitstream -jobs 8
WARNING: [Vivado 12-872] Run step 'Design Initialization' is out-of-date.
[Tue Oct 28 16:06:09 2025] Launched impl_1...
Run output will be captured here: E:/VIVADO_Projects/breath_led/breath_led.runs/impl_1/runme.log
set_property PROBES.FILE {} [get_hw_devices xc7z020_1]
set_property FULL_PROBES.FILE {} [get_hw_devices xc7z020_1]
set_property PROGRAM.FILE {E:/VIVADO_Projects/breath_led/breath_led.runs/impl_1/breath_led.bit} [get_hw_devices xc7z020_1]
program_hw_devices [get_hw_devices xc7z020_1]
INFO: [Labtools 27-3164] End of startup status: HIGH
refresh_hw_device [lindex [get_hw_devices xc7z020_1] 0]
INFO: [Labtools 27-1434] Device xc7z020 (JTAG device index = 1) is programmed with a design that has no supported debug core(s) in it.
reset_run synth_1
WARNING: [Vivado 12-1017] Problems encountered:
1. Failed to delete one or more files in run directory E:/VIVADO_Projects/breath_led/breath_led.runs/synth_1

launch_runs impl_1 -to_step write_bitstream -jobs 8
[Tue Oct 28 16:14:43 2025] Launched synth_1...
Run output will be captured here: E:/VIVADO_Projects/breath_led/breath_led.runs/synth_1/runme.log
[Tue Oct 28 16:14:43 2025] Launched impl_1...
Run output will be captured here: E:/VIVADO_Projects/breath_led/breath_led.runs/impl_1/runme.log
open_run synth_1 -name synth_1
Design is defaulting to impl run constrset: constrs_1
Design is defaulting to synth run part: xc7z020clg484-2
INFO: [Netlist 29-17] Analyzing 10 Unisim elements for replacement
INFO: [Netlist 29-28] Unisim Transformation completed in 0 CPU seconds
INFO: [Project 1-479] Netlist was created with Vivado 2018.3
INFO: [Device 21-403] Loading part xc7z020clg484-2
INFO: [Project 1-570] Preparing netlist for logic optimization
Parsing XDC File [E:/VIVADO_Projects/breath_led/breath_led.srcs/constrs_1/new/breath_led.xdc]
CRITICAL WARNING: [Common 17-69] Command failed: Site cannot be assigned to more than one port [E:/VIVADO_Projects/breath_led/breath_led.srcs/constrs_1/new/breath_led.xdc:1]
Finished Parsing XDC File [E:/VIVADO_Projects/breath_led/breath_led.srcs/constrs_1/new/breath_led.xdc]
INFO: [Opt 31-138] Pushed 0 inverter(s) to 0 load pin(s).
Netlist sorting complete. Time (s): cpu = 00:00:00 ; elapsed = 00:00:00 . Memory (MB): peak = 2157.602 ; gain = 0.000
INFO: [Project 1-111] Unisim Transformation Summary:
No Unisim elements were transformed.

open_run: Time (s): cpu = 00:00:13 ; elapsed = 00:00:09 . Memory (MB): peak = 2345.559 ; gain = 477.301
reset_run impl_1
launch_runs impl_1 -to_step write_bitstream -jobs 8
Netlist sorting complete. Time (s): cpu = 00:00:00 ; elapsed = 00:00:00 . Memory (MB): peak = 2755.496 ; gain = 0.000
INFO: [Timing 38-480] Writing timing data to binary archive.
Writing placer database...
Writing XDEF routing.
Writing XDEF routing logical nets.
Writing XDEF routing special nets.
Write XDEF Complete: Time (s): cpu = 00:00:00 ; elapsed = 00:00:00.025 . Memory (MB): peak = 2758.340 ; gain = 2.844
Netlist sorting complete. Time (s): cpu = 00:00:00 ; elapsed = 00:00:00.001 . Memory (MB): peak = 2759.531 ; gain = 0.000
[Tue Oct 28 16:22:40 2025] Launched impl_1...
Run output will be captured here: E:/VIVADO_Projects/breath_led/breath_led.runs/impl_1/runme.log
reset_run impl_1
reset_run synth_1
WARNING: [Vivado 12-1017] Problems encountered:
1. Failed to delete one or more files in run directory E:/VIVADO_Projects/breath_led/breath_led.runs/synth_1

launch_runs impl_1 -to_step write_bitstream -jobs 8
WARNING: [Project 1-478] Design 'synth_1' is stale and will not be used when launching 'impl_1'
[Tue Oct 28 16:27:28 2025] Launched synth_1...
Run output will be captured here: E:/VIVADO_Projects/breath_led/breath_led.runs/synth_1/runme.log
[Tue Oct 28 16:27:28 2025] Launched impl_1...
Run output will be captured here: E:/VIVADO_Projects/breath_led/breath_led.runs/impl_1/runme.log
set_property PROBES.FILE {} [get_hw_devices xc7z020_1]
set_property FULL_PROBES.FILE {} [get_hw_devices xc7z020_1]
set_property PROGRAM.FILE {E:/VIVADO_Projects/breath_led/breath_led.runs/impl_1/breath_led.bit} [get_hw_devices xc7z020_1]
program_hw_devices [get_hw_devices xc7z020_1]
INFO: [Labtools 27-3164] End of startup status: HIGH
refresh_hw_device [lindex [get_hw_devices xc7z020_1] 0]
INFO: [Labtools 27-1434] Device xc7z020 (JTAG device index = 1) is programmed with a design that has no supported debug core(s) in it.
set_property PROBES.FILE {} [get_hw_devices xc7z020_1]
set_property FULL_PROBES.FILE {} [get_hw_devices xc7z020_1]
set_property PROGRAM.FILE {E:/VIVADO_Projects/breath_led/breath_led.runs/impl_1/breath_led.bit} [get_hw_devices xc7z020_1]
program_hw_devices [get_hw_devices xc7z020_1]
INFO: [Labtools 27-3164] End of startup status: HIGH
refresh_hw_device [lindex [get_hw_devices xc7z020_1] 0]
INFO: [Labtools 27-1434] Device xc7z020 (JTAG device index = 1) is programmed with a design that has no supported debug core(s) in it.
reset_run impl_1 -prev_step 
launch_runs impl_1 -to_step write_bitstream -jobs 8
WARNING: [Vivado 12-872] Run step 'Design Initialization' is out-of-date.
[Tue Oct 28 16:30:46 2025] Launched impl_1...
Run output will be captured here: E:/VIVADO_Projects/breath_led/breath_led.runs/impl_1/runme.log
set_property PROBES.FILE {} [get_hw_devices xc7z020_1]
set_property FULL_PROBES.FILE {} [get_hw_devices xc7z020_1]
set_property PROGRAM.FILE {E:/VIVADO_Projects/breath_led/breath_led.runs/impl_1/breath_led.bit} [get_hw_devices xc7z020_1]
program_hw_devices [get_hw_devices xc7z020_1]
INFO: [Labtools 27-3164] End of startup status: HIGH
refresh_hw_device [lindex [get_hw_devices xc7z020_1] 0]
INFO: [Labtools 27-1434] Device xc7z020 (JTAG device index = 1) is programmed with a design that has no supported debug core(s) in it.
reset_run synth_1
WARNING: [Vivado 12-1017] Problems encountered:
1. Failed to delete one or more files in run directory E:/VIVADO_Projects/breath_led/breath_led.runs/synth_1

launch_runs impl_1 -to_step write_bitstream -jobs 8
WARNING: [Project 1-478] Design 'synth_1' is stale and will not be used when launching 'impl_1'
[Tue Oct 28 16:37:37 2025] Launched synth_1...
Run output will be captured here: E:/VIVADO_Projects/breath_led/breath_led.runs/synth_1/runme.log
[Tue Oct 28 16:37:37 2025] Launched impl_1...
Run output will be captured here: E:/VIVADO_Projects/breath_led/breath_led.runs/impl_1/runme.log
reset_run impl_1
launch_runs impl_1 -to_step write_bitstream -jobs 8
WARNING: [Project 1-478] Design 'synth_1' is stale and will not be used when launching 'impl_1'
[Tue Oct 28 16:38:15 2025] Launched impl_1...
Run output will be captured here: E:/VIVADO_Projects/breath_led/breath_led.runs/impl_1/runme.log
reset_run impl_1
reset_run synth_1
WARNING: [Vivado 12-1017] Problems encountered:
1. Failed to delete one or more files in run directory E:/VIVADO_Projects/breath_led/breath_led.runs/synth_1

launch_runs impl_1 -to_step write_bitstream -jobs 8
WARNING: [Project 1-478] Design 'synth_1' is stale and will not be used when launching 'impl_1'
[Tue Oct 28 16:39:06 2025] Launched synth_1...
Run output will be captured here: E:/VIVADO_Projects/breath_led/breath_led.runs/synth_1/runme.log
[Tue Oct 28 16:39:06 2025] Launched impl_1...
Run output will be captured here: E:/VIVADO_Projects/breath_led/breath_led.runs/impl_1/runme.log
set_property PROBES.FILE {} [get_hw_devices xc7z020_1]
set_property FULL_PROBES.FILE {} [get_hw_devices xc7z020_1]
set_property PROGRAM.FILE {E:/VIVADO_Projects/breath_led/breath_led.runs/impl_1/breath_led.bit} [get_hw_devices xc7z020_1]
program_hw_devices [get_hw_devices xc7z020_1]
INFO: [Labtools 27-3164] End of startup status: HIGH
refresh_hw_device [lindex [get_hw_devices xc7z020_1] 0]
INFO: [Labtools 27-1434] Device xc7z020 (JTAG device index = 1) is programmed with a design that has no supported debug core(s) in it.
reset_run impl_1 -prev_step 
launch_runs impl_1 -to_step write_bitstream -jobs 8
WARNING: [Vivado 12-872] Run step 'Design Initialization' is out-of-date.
[Tue Oct 28 16:43:10 2025] Launched impl_1...
Run output will be captured here: E:/VIVADO_Projects/breath_led/breath_led.runs/impl_1/runme.log
set_property PROBES.FILE {} [get_hw_devices xc7z020_1]
set_property FULL_PROBES.FILE {} [get_hw_devices xc7z020_1]
set_property PROGRAM.FILE {E:/VIVADO_Projects/breath_led/breath_led.runs/impl_1/breath_led.bit} [get_hw_devices xc7z020_1]
program_hw_devices [get_hw_devices xc7z020_1]
INFO: [Labtools 27-3164] End of startup status: HIGH
refresh_hw_device [lindex [get_hw_devices xc7z020_1] 0]
INFO: [Labtools 27-1434] Device xc7z020 (JTAG device index = 1) is programmed with a design that has no supported debug core(s) in it.
reset_run synth_1
WARNING: [Vivado 12-1017] Problems encountered:
1. Failed to delete one or more files in run directory E:/VIVADO_Projects/breath_led/breath_led.runs/synth_1

launch_runs impl_1 -to_step write_bitstream -jobs 8
WARNING: [Project 1-478] Design 'synth_1' is stale and will not be used when launching 'impl_1'
[Tue Oct 28 16:44:56 2025] Launched synth_1...
Run output will be captured here: E:/VIVADO_Projects/breath_led/breath_led.runs/synth_1/runme.log
[Tue Oct 28 16:44:56 2025] Launched impl_1...
Run output will be captured here: E:/VIVADO_Projects/breath_led/breath_led.runs/impl_1/runme.log
reset_run impl_1
reset_run synth_1
WARNING: [Vivado 12-1017] Problems encountered:
1. Failed to delete one or more files in run directory E:/VIVADO_Projects/breath_led/breath_led.runs/synth_1

launch_runs impl_1 -to_step write_bitstream -jobs 8
WARNING: [Project 1-478] Design 'synth_1' is stale and will not be used when launching 'impl_1'
[Tue Oct 28 16:45:51 2025] Launched synth_1...
Run output will be captured here: E:/VIVADO_Projects/breath_led/breath_led.runs/synth_1/runme.log
[Tue Oct 28 16:45:51 2025] Launched impl_1...
Run output will be captured here: E:/VIVADO_Projects/breath_led/breath_led.runs/impl_1/runme.log
set_property PROBES.FILE {} [get_hw_devices xc7z020_1]
set_property FULL_PROBES.FILE {} [get_hw_devices xc7z020_1]
set_property PROGRAM.FILE {E:/VIVADO_Projects/breath_led/breath_led.runs/impl_1/breath_led.bit} [get_hw_devices xc7z020_1]
program_hw_devices [get_hw_devices xc7z020_1]
INFO: [Labtools 27-3164] End of startup status: HIGH
refresh_hw_device [lindex [get_hw_devices xc7z020_1] 0]
INFO: [Labtools 27-1434] Device xc7z020 (JTAG device index = 1) is programmed with a design that has no supported debug core(s) in it.
close_sim
INFO: [Simtcl 6-16] Simulation closed
exit
INFO: [Common 17-206] Exiting Vivado at Tue Oct 28 16:55:47 2025...
